[0.008s] Invoking command in '/home/ubuntu/GAZEBO_SIM/ssafy_ws/build/rosapi': AMENT_PREFIX_PATH=/home/ubuntu/GAZEBO_SIM/ssafy_ws/install/rosbridge_library:/home/ubuntu/GAZEBO_SIM/ssafy_ws/install/rosbridge_test_msgs:/home/ubuntu/GAZEBO_SIM/ssafy_ws/install/rosapi_msgs:${AMENT_PREFIX_PATH} CMAKE_PREFIX_PATH=/home/ubuntu/GAZEBO_SIM/ssafy_ws/install/rosbridge_library:/home/ubuntu/GAZEBO_SIM/ssafy_ws/install/rosbridge_test_msgs:/home/ubuntu/GAZEBO_SIM/ssafy_ws/install/rosapi_msgs:/home/ubuntu/GAZEBO_SIM/ssafy_ws/install/velodyne_simulator:/home/ubuntu/GAZEBO_SIM/ssafy_ws/install/velodyne_gazebo_plugins:/home/ubuntu/GAZEBO_SIM/ssafy_ws/install/turtlebot3_simulations:/home/ubuntu/GAZEBO_SIM/ssafy_ws/install/turtlebot3_gazebo:/home/ubuntu/GAZEBO_SIM/ssafy_ws/install/velodyne_description:/home/ubuntu/GAZEBO_SIM/ssafy_ws/install/turtlebot3_description:/home/ubuntu/GAZEBO_SIM/ssafy_ws/install/teleop_twist_keyboard:/opt/ros/humble LD_LIBRARY_PATH=/home/ubuntu/GAZEBO_SIM/ssafy_ws/install/rosbridge_test_msgs/lib:/home/ubuntu/GAZEBO_SIM/ssafy_ws/install/rosapi_msgs/lib:${LD_LIBRARY_PATH} PYTHONPATH=/home/ubuntu/GAZEBO_SIM/ssafy_ws/install/rosbridge_library/local/lib/python3.10/dist-packages:/home/ubuntu/GAZEBO_SIM/ssafy_ws/install/rosbridge_test_msgs/local/lib/python3.10/dist-packages:/home/ubuntu/GAZEBO_SIM/ssafy_ws/install/rosapi_msgs/local/lib/python3.10/dist-packages:${PYTHONPATH} /usr/bin/cmake /home/ubuntu/GAZEBO_SIM/ssafy_ws/src/rosbridge_suite/rosapi -DCMAKE_INSTALL_PREFIX=/home/ubuntu/GAZEBO_SIM/ssafy_ws/install/rosapi
[0.044s] -- The C compiler identification is GNU 11.4.0
[0.081s] -- The CXX compiler identification is GNU 11.4.0
[0.085s] -- Detecting C compiler ABI info
[0.132s] -- Detecting C compiler ABI info - done
[0.137s] -- Check for working C compiler: /usr/bin/cc - skipped
[0.137s] -- Detecting C compile features
[0.137s] -- Detecting C compile features - done
[0.139s] -- Detecting CXX compiler ABI info
[0.198s] -- Detecting CXX compiler ABI info - done
[0.203s] -- Check for working CXX compiler: /usr/bin/c++ - skipped
[0.203s] -- Detecting CXX compile features
[0.203s] -- Detecting CXX compile features - done
[0.205s] -- Found ament_cmake_ros: 0.10.0 (/opt/ros/humble/share/ament_cmake_ros/cmake)
[0.304s] -- Found Python3: /usr/bin/python3 (found version "3.10.12") found components: Interpreter 
[0.816s] -- Configuring done
[0.818s] -- Generating done
[0.819s] -- Build files have been written to: /home/ubuntu/GAZEBO_SIM/ssafy_ws/build/rosapi
[0.823s] Invoked command in '/home/ubuntu/GAZEBO_SIM/ssafy_ws/build/rosapi' returned '0': AMENT_PREFIX_PATH=/home/ubuntu/GAZEBO_SIM/ssafy_ws/install/rosbridge_library:/home/ubuntu/GAZEBO_SIM/ssafy_ws/install/rosbridge_test_msgs:/home/ubuntu/GAZEBO_SIM/ssafy_ws/install/rosapi_msgs:${AMENT_PREFIX_PATH} CMAKE_PREFIX_PATH=/home/ubuntu/GAZEBO_SIM/ssafy_ws/install/rosbridge_library:/home/ubuntu/GAZEBO_SIM/ssafy_ws/install/rosbridge_test_msgs:/home/ubuntu/GAZEBO_SIM/ssafy_ws/install/rosapi_msgs:/home/ubuntu/GAZEBO_SIM/ssafy_ws/install/velodyne_simulator:/home/ubuntu/GAZEBO_SIM/ssafy_ws/install/velodyne_gazebo_plugins:/home/ubuntu/GAZEBO_SIM/ssafy_ws/install/turtlebot3_simulations:/home/ubuntu/GAZEBO_SIM/ssafy_ws/install/turtlebot3_gazebo:/home/ubuntu/GAZEBO_SIM/ssafy_ws/install/velodyne_description:/home/ubuntu/GAZEBO_SIM/ssafy_ws/install/turtlebot3_description:/home/ubuntu/GAZEBO_SIM/ssafy_ws/install/teleop_twist_keyboard:/opt/ros/humble LD_LIBRARY_PATH=/home/ubuntu/GAZEBO_SIM/ssafy_ws/install/rosbridge_test_msgs/lib:/home/ubuntu/GAZEBO_SIM/ssafy_ws/install/rosapi_msgs/lib:${LD_LIBRARY_PATH} PYTHONPATH=/home/ubuntu/GAZEBO_SIM/ssafy_ws/install/rosbridge_library/local/lib/python3.10/dist-packages:/home/ubuntu/GAZEBO_SIM/ssafy_ws/install/rosbridge_test_msgs/local/lib/python3.10/dist-packages:/home/ubuntu/GAZEBO_SIM/ssafy_ws/install/rosapi_msgs/local/lib/python3.10/dist-packages:${PYTHONPATH} /usr/bin/cmake /home/ubuntu/GAZEBO_SIM/ssafy_ws/src/rosbridge_suite/rosapi -DCMAKE_INSTALL_PREFIX=/home/ubuntu/GAZEBO_SIM/ssafy_ws/install/rosapi
[0.823s] Invoking command in '/home/ubuntu/GAZEBO_SIM/ssafy_ws/build/rosapi': AMENT_PREFIX_PATH=/home/ubuntu/GAZEBO_SIM/ssafy_ws/install/rosbridge_library:/home/ubuntu/GAZEBO_SIM/ssafy_ws/install/rosbridge_test_msgs:/home/ubuntu/GAZEBO_SIM/ssafy_ws/install/rosapi_msgs:${AMENT_PREFIX_PATH} CMAKE_PREFIX_PATH=/home/ubuntu/GAZEBO_SIM/ssafy_ws/install/rosbridge_library:/home/ubuntu/GAZEBO_SIM/ssafy_ws/install/rosbridge_test_msgs:/home/ubuntu/GAZEBO_SIM/ssafy_ws/install/rosapi_msgs:/home/ubuntu/GAZEBO_SIM/ssafy_ws/install/velodyne_simulator:/home/ubuntu/GAZEBO_SIM/ssafy_ws/install/velodyne_gazebo_plugins:/home/ubuntu/GAZEBO_SIM/ssafy_ws/install/turtlebot3_simulations:/home/ubuntu/GAZEBO_SIM/ssafy_ws/install/turtlebot3_gazebo:/home/ubuntu/GAZEBO_SIM/ssafy_ws/install/velodyne_description:/home/ubuntu/GAZEBO_SIM/ssafy_ws/install/turtlebot3_description:/home/ubuntu/GAZEBO_SIM/ssafy_ws/install/teleop_twist_keyboard:/opt/ros/humble LD_LIBRARY_PATH=/home/ubuntu/GAZEBO_SIM/ssafy_ws/install/rosbridge_test_msgs/lib:/home/ubuntu/GAZEBO_SIM/ssafy_ws/install/rosapi_msgs/lib:${LD_LIBRARY_PATH} PYTHONPATH=/home/ubuntu/GAZEBO_SIM/ssafy_ws/install/rosbridge_library/local/lib/python3.10/dist-packages:/home/ubuntu/GAZEBO_SIM/ssafy_ws/install/rosbridge_test_msgs/local/lib/python3.10/dist-packages:/home/ubuntu/GAZEBO_SIM/ssafy_ws/install/rosapi_msgs/local/lib/python3.10/dist-packages:${PYTHONPATH} /usr/bin/cmake --build /home/ubuntu/GAZEBO_SIM/ssafy_ws/build/rosapi -- -j12 -l12
[0.862s] Built target ament_cmake_python_copy_rosapi
[1.016s] running egg_info
[1.016s] creating rosapi.egg-info
[1.016s] writing rosapi.egg-info/PKG-INFO
[1.017s] writing dependency_links to rosapi.egg-info/dependency_links.txt
[1.017s] writing top-level names to rosapi.egg-info/top_level.txt
[1.017s] writing manifest file 'rosapi.egg-info/SOURCES.txt'
[1.018s] reading manifest file 'rosapi.egg-info/SOURCES.txt'
[1.018s] writing manifest file 'rosapi.egg-info/SOURCES.txt'
[1.033s] Built target ament_cmake_python_build_rosapi_egg
[1.040s] Invoked command in '/home/ubuntu/GAZEBO_SIM/ssafy_ws/build/rosapi' returned '0': AMENT_PREFIX_PATH=/home/ubuntu/GAZEBO_SIM/ssafy_ws/install/rosbridge_library:/home/ubuntu/GAZEBO_SIM/ssafy_ws/install/rosbridge_test_msgs:/home/ubuntu/GAZEBO_SIM/ssafy_ws/install/rosapi_msgs:${AMENT_PREFIX_PATH} CMAKE_PREFIX_PATH=/home/ubuntu/GAZEBO_SIM/ssafy_ws/install/rosbridge_library:/home/ubuntu/GAZEBO_SIM/ssafy_ws/install/rosbridge_test_msgs:/home/ubuntu/GAZEBO_SIM/ssafy_ws/install/rosapi_msgs:/home/ubuntu/GAZEBO_SIM/ssafy_ws/install/velodyne_simulator:/home/ubuntu/GAZEBO_SIM/ssafy_ws/install/velodyne_gazebo_plugins:/home/ubuntu/GAZEBO_SIM/ssafy_ws/install/turtlebot3_simulations:/home/ubuntu/GAZEBO_SIM/ssafy_ws/install/turtlebot3_gazebo:/home/ubuntu/GAZEBO_SIM/ssafy_ws/install/velodyne_description:/home/ubuntu/GAZEBO_SIM/ssafy_ws/install/turtlebot3_description:/home/ubuntu/GAZEBO_SIM/ssafy_ws/install/teleop_twist_keyboard:/opt/ros/humble LD_LIBRARY_PATH=/home/ubuntu/GAZEBO_SIM/ssafy_ws/install/rosbridge_test_msgs/lib:/home/ubuntu/GAZEBO_SIM/ssafy_ws/install/rosapi_msgs/lib:${LD_LIBRARY_PATH} PYTHONPATH=/home/ubuntu/GAZEBO_SIM/ssafy_ws/install/rosbridge_library/local/lib/python3.10/dist-packages:/home/ubuntu/GAZEBO_SIM/ssafy_ws/install/rosbridge_test_msgs/local/lib/python3.10/dist-packages:/home/ubuntu/GAZEBO_SIM/ssafy_ws/install/rosapi_msgs/local/lib/python3.10/dist-packages:${PYTHONPATH} /usr/bin/cmake --build /home/ubuntu/GAZEBO_SIM/ssafy_ws/build/rosapi -- -j12 -l12
[1.040s] Invoking command in '/home/ubuntu/GAZEBO_SIM/ssafy_ws/build/rosapi': AMENT_PREFIX_PATH=/home/ubuntu/GAZEBO_SIM/ssafy_ws/install/rosbridge_library:/home/ubuntu/GAZEBO_SIM/ssafy_ws/install/rosbridge_test_msgs:/home/ubuntu/GAZEBO_SIM/ssafy_ws/install/rosapi_msgs:${AMENT_PREFIX_PATH} CMAKE_PREFIX_PATH=/home/ubuntu/GAZEBO_SIM/ssafy_ws/install/rosbridge_library:/home/ubuntu/GAZEBO_SIM/ssafy_ws/install/rosbridge_test_msgs:/home/ubuntu/GAZEBO_SIM/ssafy_ws/install/rosapi_msgs:/home/ubuntu/GAZEBO_SIM/ssafy_ws/install/velodyne_simulator:/home/ubuntu/GAZEBO_SIM/ssafy_ws/install/velodyne_gazebo_plugins:/home/ubuntu/GAZEBO_SIM/ssafy_ws/install/turtlebot3_simulations:/home/ubuntu/GAZEBO_SIM/ssafy_ws/install/turtlebot3_gazebo:/home/ubuntu/GAZEBO_SIM/ssafy_ws/install/velodyne_description:/home/ubuntu/GAZEBO_SIM/ssafy_ws/install/turtlebot3_description:/home/ubuntu/GAZEBO_SIM/ssafy_ws/install/teleop_twist_keyboard:/opt/ros/humble LD_LIBRARY_PATH=/home/ubuntu/GAZEBO_SIM/ssafy_ws/install/rosbridge_test_msgs/lib:/home/ubuntu/GAZEBO_SIM/ssafy_ws/install/rosapi_msgs/lib:${LD_LIBRARY_PATH} PYTHONPATH=/home/ubuntu/GAZEBO_SIM/ssafy_ws/install/rosbridge_library/local/lib/python3.10/dist-packages:/home/ubuntu/GAZEBO_SIM/ssafy_ws/install/rosbridge_test_msgs/local/lib/python3.10/dist-packages:/home/ubuntu/GAZEBO_SIM/ssafy_ws/install/rosapi_msgs/local/lib/python3.10/dist-packages:${PYTHONPATH} /usr/bin/cmake --install /home/ubuntu/GAZEBO_SIM/ssafy_ws/build/rosapi
[1.045s] -- Install configuration: ""
[1.045s] -- Installing: /home/ubuntu/GAZEBO_SIM/ssafy_ws/install/rosapi/share/rosapi/environment/pythonpath.sh
[1.045s] -- Installing: /home/ubuntu/GAZEBO_SIM/ssafy_ws/install/rosapi/share/rosapi/environment/pythonpath.dsv
[1.045s] -- Installing: /home/ubuntu/GAZEBO_SIM/ssafy_ws/install/rosapi/local/lib/python3.10/dist-packages/rosapi-2.0.0-py3.10.egg-info
[1.045s] -- Installing: /home/ubuntu/GAZEBO_SIM/ssafy_ws/install/rosapi/local/lib/python3.10/dist-packages/rosapi-2.0.0-py3.10.egg-info/dependency_links.txt
[1.045s] -- Installing: /home/ubuntu/GAZEBO_SIM/ssafy_ws/install/rosapi/local/lib/python3.10/dist-packages/rosapi-2.0.0-py3.10.egg-info/PKG-INFO
[1.045s] -- Installing: /home/ubuntu/GAZEBO_SIM/ssafy_ws/install/rosapi/local/lib/python3.10/dist-packages/rosapi-2.0.0-py3.10.egg-info/SOURCES.txt
[1.045s] -- Installing: /home/ubuntu/GAZEBO_SIM/ssafy_ws/install/rosapi/local/lib/python3.10/dist-packages/rosapi-2.0.0-py3.10.egg-info/top_level.txt
[1.045s] -- Installing: /home/ubuntu/GAZEBO_SIM/ssafy_ws/install/rosapi/local/lib/python3.10/dist-packages/rosapi
[1.045s] -- Installing: /home/ubuntu/GAZEBO_SIM/ssafy_ws/install/rosapi/local/lib/python3.10/dist-packages/rosapi/stringify_field_types.py
[1.045s] -- Installing: /home/ubuntu/GAZEBO_SIM/ssafy_ws/install/rosapi/local/lib/python3.10/dist-packages/rosapi/objectutils.py
[1.045s] -- Installing: /home/ubuntu/GAZEBO_SIM/ssafy_ws/install/rosapi/local/lib/python3.10/dist-packages/rosapi/__init__.py
[1.046s] -- Installing: /home/ubuntu/GAZEBO_SIM/ssafy_ws/install/rosapi/local/lib/python3.10/dist-packages/rosapi/proxy.py
[1.046s] -- Installing: /home/ubuntu/GAZEBO_SIM/ssafy_ws/install/rosapi/local/lib/python3.10/dist-packages/rosapi/glob_helper.py
[1.046s] -- Installing: /home/ubuntu/GAZEBO_SIM/ssafy_ws/install/rosapi/local/lib/python3.10/dist-packages/rosapi/params.py
[1.069s] Listing '/home/ubuntu/GAZEBO_SIM/ssafy_ws/install/rosapi/local/lib/python3.10/dist-packages/rosapi'...
[1.069s] Compiling '/home/ubuntu/GAZEBO_SIM/ssafy_ws/install/rosapi/local/lib/python3.10/dist-packages/rosapi/__init__.py'...
[1.069s] Compiling '/home/ubuntu/GAZEBO_SIM/ssafy_ws/install/rosapi/local/lib/python3.10/dist-packages/rosapi/glob_helper.py'...
[1.069s] Compiling '/home/ubuntu/GAZEBO_SIM/ssafy_ws/install/rosapi/local/lib/python3.10/dist-packages/rosapi/objectutils.py'...
[1.069s] Compiling '/home/ubuntu/GAZEBO_SIM/ssafy_ws/install/rosapi/local/lib/python3.10/dist-packages/rosapi/params.py'...
[1.069s] Compiling '/home/ubuntu/GAZEBO_SIM/ssafy_ws/install/rosapi/local/lib/python3.10/dist-packages/rosapi/proxy.py'...
[1.069s] Compiling '/home/ubuntu/GAZEBO_SIM/ssafy_ws/install/rosapi/local/lib/python3.10/dist-packages/rosapi/stringify_field_types.py'...
[1.072s] -- Installing: /home/ubuntu/GAZEBO_SIM/ssafy_ws/install/rosapi/share/ament_index/resource_index/package_run_dependencies/rosapi
[1.072s] -- Installing: /home/ubuntu/GAZEBO_SIM/ssafy_ws/install/rosapi/share/ament_index/resource_index/parent_prefix_path/rosapi
[1.072s] -- Installing: /home/ubuntu/GAZEBO_SIM/ssafy_ws/install/rosapi/share/rosapi/environment/ament_prefix_path.sh
[1.072s] -- Installing: /home/ubuntu/GAZEBO_SIM/ssafy_ws/install/rosapi/share/rosapi/environment/ament_prefix_path.dsv
[1.072s] -- Installing: /home/ubuntu/GAZEBO_SIM/ssafy_ws/install/rosapi/share/rosapi/environment/path.sh
[1.072s] -- Installing: /home/ubuntu/GAZEBO_SIM/ssafy_ws/install/rosapi/share/rosapi/environment/path.dsv
[1.072s] -- Installing: /home/ubuntu/GAZEBO_SIM/ssafy_ws/install/rosapi/share/rosapi/local_setup.bash
[1.072s] -- Installing: /home/ubuntu/GAZEBO_SIM/ssafy_ws/install/rosapi/share/rosapi/local_setup.sh
[1.072s] -- Installing: /home/ubuntu/GAZEBO_SIM/ssafy_ws/install/rosapi/share/rosapi/local_setup.zsh
[1.072s] -- Installing: /home/ubuntu/GAZEBO_SIM/ssafy_ws/install/rosapi/share/rosapi/local_setup.dsv
[1.072s] -- Installing: /home/ubuntu/GAZEBO_SIM/ssafy_ws/install/rosapi/share/rosapi/package.dsv
[1.072s] -- Installing: /home/ubuntu/GAZEBO_SIM/ssafy_ws/install/rosapi/share/ament_index/resource_index/packages/rosapi
[1.072s] -- Installing: /home/ubuntu/GAZEBO_SIM/ssafy_ws/install/rosapi/share/rosapi/cmake/rosapiConfig.cmake
[1.072s] -- Installing: /home/ubuntu/GAZEBO_SIM/ssafy_ws/install/rosapi/share/rosapi/cmake/rosapiConfig-version.cmake
[1.072s] -- Installing: /home/ubuntu/GAZEBO_SIM/ssafy_ws/install/rosapi/share/rosapi/package.xml
[1.073s] -- Installing: /home/ubuntu/GAZEBO_SIM/ssafy_ws/install/rosapi/lib/rosapi/rosapi_node
[1.073s] -- Installing: /home/ubuntu/GAZEBO_SIM/ssafy_ws/install/rosapi/share/rosapi/mapping_rules.yaml
[1.074s] Invoked command in '/home/ubuntu/GAZEBO_SIM/ssafy_ws/build/rosapi' returned '0': AMENT_PREFIX_PATH=/home/ubuntu/GAZEBO_SIM/ssafy_ws/install/rosbridge_library:/home/ubuntu/GAZEBO_SIM/ssafy_ws/install/rosbridge_test_msgs:/home/ubuntu/GAZEBO_SIM/ssafy_ws/install/rosapi_msgs:${AMENT_PREFIX_PATH} CMAKE_PREFIX_PATH=/home/ubuntu/GAZEBO_SIM/ssafy_ws/install/rosbridge_library:/home/ubuntu/GAZEBO_SIM/ssafy_ws/install/rosbridge_test_msgs:/home/ubuntu/GAZEBO_SIM/ssafy_ws/install/rosapi_msgs:/home/ubuntu/GAZEBO_SIM/ssafy_ws/install/velodyne_simulator:/home/ubuntu/GAZEBO_SIM/ssafy_ws/install/velodyne_gazebo_plugins:/home/ubuntu/GAZEBO_SIM/ssafy_ws/install/turtlebot3_simulations:/home/ubuntu/GAZEBO_SIM/ssafy_ws/install/turtlebot3_gazebo:/home/ubuntu/GAZEBO_SIM/ssafy_ws/install/velodyne_description:/home/ubuntu/GAZEBO_SIM/ssafy_ws/install/turtlebot3_description:/home/ubuntu/GAZEBO_SIM/ssafy_ws/install/teleop_twist_keyboard:/opt/ros/humble LD_LIBRARY_PATH=/home/ubuntu/GAZEBO_SIM/ssafy_ws/install/rosbridge_test_msgs/lib:/home/ubuntu/GAZEBO_SIM/ssafy_ws/install/rosapi_msgs/lib:${LD_LIBRARY_PATH} PYTHONPATH=/home/ubuntu/GAZEBO_SIM/ssafy_ws/install/rosbridge_library/local/lib/python3.10/dist-packages:/home/ubuntu/GAZEBO_SIM/ssafy_ws/install/rosbridge_test_msgs/local/lib/python3.10/dist-packages:/home/ubuntu/GAZEBO_SIM/ssafy_ws/install/rosapi_msgs/local/lib/python3.10/dist-packages:${PYTHONPATH} /usr/bin/cmake --install /home/ubuntu/GAZEBO_SIM/ssafy_ws/build/rosapi
