[0.056s] Invoking command in '/home/ubuntu/S12P11C101/SIMULATE/GAZEBO_SIM/ssafy_ws/build/robot_status_publisher': AMENT_PREFIX_PATH=/home/ubuntu/S12P11C101/SIMULATE/GAZEBO_SIM/ssafy_ws/install/robot_custom_interfaces:${AMENT_PREFIX_PATH} CMAKE_PREFIX_PATH=/home/ubuntu/S12P11C101/SIMULATE/GAZEBO_SIM/ssafy_ws/install/robot_custom_interfaces:/opt/ros/humble LD_LIBRARY_PATH=/home/ubuntu/S12P11C101/SIMULATE/GAZEBO_SIM/ssafy_ws/install/robot_custom_interfaces/lib:${LD_LIBRARY_PATH} PYTHONPATH=/home/ubuntu/S12P11C101/SIMULATE/GAZEBO_SIM/ssafy_ws/install/robot_custom_interfaces/local/lib/python3.10/dist-packages:${PYTHONPATH} /usr/bin/cmake --build /home/ubuntu/S12P11C101/SIMULATE/GAZEBO_SIM/ssafy_ws/build/robot_status_publisher -- -j12 -l12
[0.080s] -- Found ament_cmake: 1.3.11 (/opt/ros/humble/share/ament_cmake/cmake)
[0.218s] -- Found rclcpp: 16.0.11 (/opt/ros/humble/share/rclcpp/cmake)
[0.248s] -- Found rosidl_generator_c: 3.1.6 (/opt/ros/humble/share/rosidl_generator_c/cmake)
[0.250s] -- Found rosidl_adapter: 3.1.6 (/opt/ros/humble/share/rosidl_adapter/cmake)
[0.256s] -- Found rosidl_generator_cpp: 3.1.6 (/opt/ros/humble/share/rosidl_generator_cpp/cmake)
[0.264s] -- Using all available rosidl_typesupport_c: rosidl_typesupport_fastrtps_c;rosidl_typesupport_introspection_c
[0.277s] -- Using all available rosidl_typesupport_cpp: rosidl_typesupport_fastrtps_cpp;rosidl_typesupport_introspection_cpp
[0.309s] -- Found rmw_implementation_cmake: 6.1.2 (/opt/ros/humble/share/rmw_implementation_cmake/cmake)
[0.311s] -- Found rmw_cyclonedds_cpp: 1.3.4 (/opt/ros/humble/share/rmw_cyclonedds_cpp/cmake)
[0.327s] -- Using RMW implementation 'rmw_cyclonedds_cpp' as default
[0.377s] -- Found sensor_msgs: 4.2.4 (/opt/ros/humble/share/sensor_msgs/cmake)
[0.406s] -- Found robot_custom_interfaces: 0.0.0 (/home/ubuntu/S12P11C101/SIMULATE/GAZEBO_SIM/ssafy_ws/install/robot_custom_interfaces/share/robot_custom_interfaces/cmake)
[0.419s] [31mCMake Error at /opt/ros/humble/share/ament_cmake_target_dependencies/cmake/ament_target_dependencies.cmake:42 (message):
[0.419s]   ament_target_dependencies() the first argument must be a valid target name
[0.419s] Call Stack (most recent call first):
[0.419s]   CMakeLists.txt:18 (ament_target_dependencies)
[0.419s] 
[0.419s] [0m
[0.419s] -- Configuring incomplete, errors occurred!
[0.419s] See also "/home/ubuntu/S12P11C101/SIMULATE/GAZEBO_SIM/ssafy_ws/build/robot_status_publisher/CMakeFiles/CMakeOutput.log".
[0.424s] gmake: *** [Makefile:267: cmake_check_build_system] Error 1
[0.426s] Invoked command in '/home/ubuntu/S12P11C101/SIMULATE/GAZEBO_SIM/ssafy_ws/build/robot_status_publisher' returned '2': AMENT_PREFIX_PATH=/home/ubuntu/S12P11C101/SIMULATE/GAZEBO_SIM/ssafy_ws/install/robot_custom_interfaces:${AMENT_PREFIX_PATH} CMAKE_PREFIX_PATH=/home/ubuntu/S12P11C101/SIMULATE/GAZEBO_SIM/ssafy_ws/install/robot_custom_interfaces:/opt/ros/humble LD_LIBRARY_PATH=/home/ubuntu/S12P11C101/SIMULATE/GAZEBO_SIM/ssafy_ws/install/robot_custom_interfaces/lib:${LD_LIBRARY_PATH} PYTHONPATH=/home/ubuntu/S12P11C101/SIMULATE/GAZEBO_SIM/ssafy_ws/install/robot_custom_interfaces/local/lib/python3.10/dist-packages:${PYTHONPATH} /usr/bin/cmake --build /home/ubuntu/S12P11C101/SIMULATE/GAZEBO_SIM/ssafy_ws/build/robot_status_publisher -- -j12 -l12
