[0.005s] Invoking command in '/home/ubuntu/GAZEBO_SIM/ssafy_ws/build/turtlebot3_simulations': AMENT_PREFIX_PATH=/home/ubuntu/GAZEBO_SIM/ssafy_ws/install/turtlebot3_gazebo:/home/ubuntu/GAZEBO_SIM/ssafy_ws/install/velodyne_description:/home/ubuntu/GAZEBO_SIM/ssafy_ws/install/turtlebot3_description:${AMENT_PREFIX_PATH} CMAKE_PREFIX_PATH=/home/ubuntu/GAZEBO_SIM/ssafy_ws/install/turtlebot3_gazebo:/home/ubuntu/GAZEBO_SIM/ssafy_ws/install/velodyne_description:/home/ubuntu/GAZEBO_SIM/ssafy_ws/install/turtlebot3_description:/opt/ros/humble /usr/bin/cmake /home/ubuntu/GAZEBO_SIM/ssafy_ws/src/turtlebot3_simulations/turtlebot3_simulations -DCMAKE_INSTALL_PREFIX=/home/ubuntu/GAZEBO_SIM/ssafy_ws/install/turtlebot3_simulations
[0.038s] -- The C compiler identification is GNU 11.4.0
[0.071s] -- The CXX compiler identification is GNU 11.4.0
[0.075s] -- Detecting C compiler ABI info
[0.117s] -- Detecting C compiler ABI info - done
[0.122s] -- Check for working C compiler: /usr/bin/cc - skipped
[0.122s] -- Detecting C compile features
[0.122s] -- Detecting C compile features - done
[0.124s] -- Detecting CXX compiler ABI info
[0.170s] -- Detecting CXX compiler ABI info - done
[0.175s] -- Check for working CXX compiler: /usr/bin/c++ - skipped
[0.176s] -- Detecting CXX compile features
[0.176s] -- Detecting CXX compile features - done
[0.178s] -- Found ament_cmake: 1.3.11 (/opt/ros/humble/share/ament_cmake/cmake)
[0.268s] -- Found Python3: /usr/bin/python3 (found version "3.10.12") found components: Interpreter 
[0.358s] -- Configuring done
[0.359s] -- Generating done
[0.360s] -- Build files have been written to: /home/ubuntu/GAZEBO_SIM/ssafy_ws/build/turtlebot3_simulations
[0.363s] Invoked command in '/home/ubuntu/GAZEBO_SIM/ssafy_ws/build/turtlebot3_simulations' returned '0': AMENT_PREFIX_PATH=/home/ubuntu/GAZEBO_SIM/ssafy_ws/install/turtlebot3_gazebo:/home/ubuntu/GAZEBO_SIM/ssafy_ws/install/velodyne_description:/home/ubuntu/GAZEBO_SIM/ssafy_ws/install/turtlebot3_description:${AMENT_PREFIX_PATH} CMAKE_PREFIX_PATH=/home/ubuntu/GAZEBO_SIM/ssafy_ws/install/turtlebot3_gazebo:/home/ubuntu/GAZEBO_SIM/ssafy_ws/install/velodyne_description:/home/ubuntu/GAZEBO_SIM/ssafy_ws/install/turtlebot3_description:/opt/ros/humble /usr/bin/cmake /home/ubuntu/GAZEBO_SIM/ssafy_ws/src/turtlebot3_simulations/turtlebot3_simulations -DCMAKE_INSTALL_PREFIX=/home/ubuntu/GAZEBO_SIM/ssafy_ws/install/turtlebot3_simulations
[0.364s] Invoking command in '/home/ubuntu/GAZEBO_SIM/ssafy_ws/build/turtlebot3_simulations': AMENT_PREFIX_PATH=/home/ubuntu/GAZEBO_SIM/ssafy_ws/install/turtlebot3_gazebo:/home/ubuntu/GAZEBO_SIM/ssafy_ws/install/velodyne_description:/home/ubuntu/GAZEBO_SIM/ssafy_ws/install/turtlebot3_description:${AMENT_PREFIX_PATH} CMAKE_PREFIX_PATH=/home/ubuntu/GAZEBO_SIM/ssafy_ws/install/turtlebot3_gazebo:/home/ubuntu/GAZEBO_SIM/ssafy_ws/install/velodyne_description:/home/ubuntu/GAZEBO_SIM/ssafy_ws/install/turtlebot3_description:/opt/ros/humble /usr/bin/cmake --build /home/ubuntu/GAZEBO_SIM/ssafy_ws/build/turtlebot3_simulations -- -j12 -l12
[0.384s] Invoked command in '/home/ubuntu/GAZEBO_SIM/ssafy_ws/build/turtlebot3_simulations' returned '0': AMENT_PREFIX_PATH=/home/ubuntu/GAZEBO_SIM/ssafy_ws/install/turtlebot3_gazebo:/home/ubuntu/GAZEBO_SIM/ssafy_ws/install/velodyne_description:/home/ubuntu/GAZEBO_SIM/ssafy_ws/install/turtlebot3_description:${AMENT_PREFIX_PATH} CMAKE_PREFIX_PATH=/home/ubuntu/GAZEBO_SIM/ssafy_ws/install/turtlebot3_gazebo:/home/ubuntu/GAZEBO_SIM/ssafy_ws/install/velodyne_description:/home/ubuntu/GAZEBO_SIM/ssafy_ws/install/turtlebot3_description:/opt/ros/humble /usr/bin/cmake --build /home/ubuntu/GAZEBO_SIM/ssafy_ws/build/turtlebot3_simulations -- -j12 -l12
[0.385s] Invoking command in '/home/ubuntu/GAZEBO_SIM/ssafy_ws/build/turtlebot3_simulations': AMENT_PREFIX_PATH=/home/ubuntu/GAZEBO_SIM/ssafy_ws/install/turtlebot3_gazebo:/home/ubuntu/GAZEBO_SIM/ssafy_ws/install/velodyne_description:/home/ubuntu/GAZEBO_SIM/ssafy_ws/install/turtlebot3_description:${AMENT_PREFIX_PATH} CMAKE_PREFIX_PATH=/home/ubuntu/GAZEBO_SIM/ssafy_ws/install/turtlebot3_gazebo:/home/ubuntu/GAZEBO_SIM/ssafy_ws/install/velodyne_description:/home/ubuntu/GAZEBO_SIM/ssafy_ws/install/turtlebot3_description:/opt/ros/humble /usr/bin/cmake --install /home/ubuntu/GAZEBO_SIM/ssafy_ws/build/turtlebot3_simulations
[0.389s] -- Install configuration: ""
[0.389s] -- Installing: /home/ubuntu/GAZEBO_SIM/ssafy_ws/install/turtlebot3_simulations/share/ament_index/resource_index/package_run_dependencies/turtlebot3_simulations
[0.390s] -- Installing: /home/ubuntu/GAZEBO_SIM/ssafy_ws/install/turtlebot3_simulations/share/ament_index/resource_index/parent_prefix_path/turtlebot3_simulations
[0.390s] -- Installing: /home/ubuntu/GAZEBO_SIM/ssafy_ws/install/turtlebot3_simulations/share/turtlebot3_simulations/environment/ament_prefix_path.sh
[0.390s] -- Installing: /home/ubuntu/GAZEBO_SIM/ssafy_ws/install/turtlebot3_simulations/share/turtlebot3_simulations/environment/ament_prefix_path.dsv
[0.390s] -- Installing: /home/ubuntu/GAZEBO_SIM/ssafy_ws/install/turtlebot3_simulations/share/turtlebot3_simulations/environment/path.sh
[0.390s] -- Installing: /home/ubuntu/GAZEBO_SIM/ssafy_ws/install/turtlebot3_simulations/share/turtlebot3_simulations/environment/path.dsv
[0.390s] -- Installing: /home/ubuntu/GAZEBO_SIM/ssafy_ws/install/turtlebot3_simulations/share/turtlebot3_simulations/local_setup.bash
[0.390s] -- Installing: /home/ubuntu/GAZEBO_SIM/ssafy_ws/install/turtlebot3_simulations/share/turtlebot3_simulations/local_setup.sh
[0.390s] -- Installing: /home/ubuntu/GAZEBO_SIM/ssafy_ws/install/turtlebot3_simulations/share/turtlebot3_simulations/local_setup.zsh
[0.390s] -- Installing: /home/ubuntu/GAZEBO_SIM/ssafy_ws/install/turtlebot3_simulations/share/turtlebot3_simulations/local_setup.dsv
[0.390s] -- Installing: /home/ubuntu/GAZEBO_SIM/ssafy_ws/install/turtlebot3_simulations/share/turtlebot3_simulations/package.dsv
[0.390s] -- Installing: /home/ubuntu/GAZEBO_SIM/ssafy_ws/install/turtlebot3_simulations/share/ament_index/resource_index/packages/turtlebot3_simulations
[0.390s] -- Installing: /home/ubuntu/GAZEBO_SIM/ssafy_ws/install/turtlebot3_simulations/share/turtlebot3_simulations/cmake/turtlebot3_simulationsConfig.cmake
[0.390s] -- Installing: /home/ubuntu/GAZEBO_SIM/ssafy_ws/install/turtlebot3_simulations/share/turtlebot3_simulations/cmake/turtlebot3_simulationsConfig-version.cmake
[0.390s] -- Installing: /home/ubuntu/GAZEBO_SIM/ssafy_ws/install/turtlebot3_simulations/share/turtlebot3_simulations/package.xml
[0.392s] Invoked command in '/home/ubuntu/GAZEBO_SIM/ssafy_ws/build/turtlebot3_simulations' returned '0': AMENT_PREFIX_PATH=/home/ubuntu/GAZEBO_SIM/ssafy_ws/install/turtlebot3_gazebo:/home/ubuntu/GAZEBO_SIM/ssafy_ws/install/velodyne_description:/home/ubuntu/GAZEBO_SIM/ssafy_ws/install/turtlebot3_description:${AMENT_PREFIX_PATH} CMAKE_PREFIX_PATH=/home/ubuntu/GAZEBO_SIM/ssafy_ws/install/turtlebot3_gazebo:/home/ubuntu/GAZEBO_SIM/ssafy_ws/install/velodyne_description:/home/ubuntu/GAZEBO_SIM/ssafy_ws/install/turtlebot3_description:/opt/ros/humble /usr/bin/cmake --install /home/ubuntu/GAZEBO_SIM/ssafy_ws/build/turtlebot3_simulations
