[0.007s] Invoking command in '/home/ubuntu/GAZEBO_SIM/ssafy_ws/src/build/rosbridge_library': CMAKE_PREFIX_PATH=/home/ubuntu/GAZEBO_SIM/ssafy_ws/src/install/rosbridge_test_msgs:/home/ubuntu/GAZEBO_SIM/ssafy_ws/src/install/velodyne_simulator:/home/ubuntu/GAZEBO_SIM/ssafy_ws/src/install/velodyne_gazebo_plugins:/home/ubuntu/GAZEBO_SIM/ssafy_ws/src/install/turtlebot3_simulations:/home/ubuntu/GAZEBO_SIM/ssafy_ws/src/install/turtlebot3_gazebo:/home/ubuntu/GAZEBO_SIM/ssafy_ws/src/install/velodyne_description:/home/ubuntu/GAZEBO_SIM/ssafy_ws/src/install/turtlebot3_description:/home/ubuntu/GAZEBO_SIM/ssafy_ws/src/install/rosbridge_suite:/home/ubuntu/GAZEBO_SIM/ssafy_ws/src/install/rosbridge_server:/home/ubuntu/GAZEBO_SIM/ssafy_ws/src/install/rosbridge_msgs:/home/ubuntu/GAZEBO_SIM/ssafy_ws/src/install/rosapi:/home/ubuntu/GAZEBO_SIM/ssafy_ws/src/install/rosbridge_library:/home/ubuntu/GAZEBO_SIM/ssafy_ws/src/install/rosapi_msgs:/home/ubuntu/GAZEBO_SIM/ssafy_ws/install/velodyne_simulator:/home/ubuntu/GAZEBO_SIM/ssafy_ws/install/velodyne_gazebo_plugins:/home/ubuntu/GAZEBO_SIM/ssafy_ws/install/turtlebot3_simulations:/home/ubuntu/GAZEBO_SIM/ssafy_ws/install/turtlebot3_gazebo:/home/ubuntu/GAZEBO_SIM/ssafy_ws/install/velodyne_description:/home/ubuntu/GAZEBO_SIM/ssafy_ws/install/turtlebot3_description:/home/ubuntu/GAZEBO_SIM/ssafy_ws/src/install/teleop_twist_keyboard:/home/ubuntu/GAZEBO_SIM/ssafy_ws/install/teleop_twist_keyboard:/opt/ros/humble LD_LIBRARY_PATH=/home/ubuntu/GAZEBO_SIM/ssafy_ws/src/install/rosbridge_test_msgs/lib:/home/ubuntu/GAZEBO_SIM/ssafy_ws/src/install/velodyne_gazebo_plugins/lib:/home/ubuntu/GAZEBO_SIM/ssafy_ws/src/install/rosbridge_msgs/lib:/home/ubuntu/GAZEBO_SIM/ssafy_ws/src/install/rosapi_msgs/lib:/home/ubuntu/GAZEBO_SIM/ssafy_ws/install/velodyne_gazebo_plugins/lib:/usr/lib/x86_64-linux-gnu/gazebo-11/plugins:/opt/ros/humble/opt/rviz_ogre_vendor/lib:/opt/ros/humble/lib/x86_64-linux-gnu:/opt/ros/humble/lib /usr/bin/cmake /home/ubuntu/GAZEBO_SIM/ssafy_ws/src/rosbridge_suite/rosbridge_library -DCMAKE_INSTALL_PREFIX=/home/ubuntu/GAZEBO_SIM/ssafy_ws/src/install/rosbridge_library
[0.042s] -- The C compiler identification is GNU 11.4.0
[0.076s] -- The CXX compiler identification is GNU 11.4.0
[0.080s] -- Detecting C compiler ABI info
[0.122s] -- Detecting C compiler ABI info - done
[0.127s] -- Check for working C compiler: /usr/bin/cc - skipped
[0.127s] -- Detecting C compile features
[0.127s] -- Detecting C compile features - done
[0.129s] -- Detecting CXX compiler ABI info
[0.180s] -- Detecting CXX compiler ABI info - done
[0.185s] -- Check for working CXX compiler: /usr/bin/c++ - skipped
[0.185s] -- Detecting CXX compile features
[0.185s] -- Detecting CXX compile features - done
[0.188s] -- Found ament_cmake_ros: 0.10.0 (/opt/ros/humble/share/ament_cmake_ros/cmake)
[0.293s] -- Found Python3: /usr/bin/python3 (found version "3.10.12") found components: Interpreter 
[0.820s] -- Configuring done
[0.822s] -- Generating done
[0.823s] -- Build files have been written to: /home/ubuntu/GAZEBO_SIM/ssafy_ws/src/build/rosbridge_library
[0.826s] Invoked command in '/home/ubuntu/GAZEBO_SIM/ssafy_ws/src/build/rosbridge_library' returned '0': CMAKE_PREFIX_PATH=/home/ubuntu/GAZEBO_SIM/ssafy_ws/src/install/rosbridge_test_msgs:/home/ubuntu/GAZEBO_SIM/ssafy_ws/src/install/velodyne_simulator:/home/ubuntu/GAZEBO_SIM/ssafy_ws/src/install/velodyne_gazebo_plugins:/home/ubuntu/GAZEBO_SIM/ssafy_ws/src/install/turtlebot3_simulations:/home/ubuntu/GAZEBO_SIM/ssafy_ws/src/install/turtlebot3_gazebo:/home/ubuntu/GAZEBO_SIM/ssafy_ws/src/install/velodyne_description:/home/ubuntu/GAZEBO_SIM/ssafy_ws/src/install/turtlebot3_description:/home/ubuntu/GAZEBO_SIM/ssafy_ws/src/install/rosbridge_suite:/home/ubuntu/GAZEBO_SIM/ssafy_ws/src/install/rosbridge_server:/home/ubuntu/GAZEBO_SIM/ssafy_ws/src/install/rosbridge_msgs:/home/ubuntu/GAZEBO_SIM/ssafy_ws/src/install/rosapi:/home/ubuntu/GAZEBO_SIM/ssafy_ws/src/install/rosbridge_library:/home/ubuntu/GAZEBO_SIM/ssafy_ws/src/install/rosapi_msgs:/home/ubuntu/GAZEBO_SIM/ssafy_ws/install/velodyne_simulator:/home/ubuntu/GAZEBO_SIM/ssafy_ws/install/velodyne_gazebo_plugins:/home/ubuntu/GAZEBO_SIM/ssafy_ws/install/turtlebot3_simulations:/home/ubuntu/GAZEBO_SIM/ssafy_ws/install/turtlebot3_gazebo:/home/ubuntu/GAZEBO_SIM/ssafy_ws/install/velodyne_description:/home/ubuntu/GAZEBO_SIM/ssafy_ws/install/turtlebot3_description:/home/ubuntu/GAZEBO_SIM/ssafy_ws/src/install/teleop_twist_keyboard:/home/ubuntu/GAZEBO_SIM/ssafy_ws/install/teleop_twist_keyboard:/opt/ros/humble LD_LIBRARY_PATH=/home/ubuntu/GAZEBO_SIM/ssafy_ws/src/install/rosbridge_test_msgs/lib:/home/ubuntu/GAZEBO_SIM/ssafy_ws/src/install/velodyne_gazebo_plugins/lib:/home/ubuntu/GAZEBO_SIM/ssafy_ws/src/install/rosbridge_msgs/lib:/home/ubuntu/GAZEBO_SIM/ssafy_ws/src/install/rosapi_msgs/lib:/home/ubuntu/GAZEBO_SIM/ssafy_ws/install/velodyne_gazebo_plugins/lib:/usr/lib/x86_64-linux-gnu/gazebo-11/plugins:/opt/ros/humble/opt/rviz_ogre_vendor/lib:/opt/ros/humble/lib/x86_64-linux-gnu:/opt/ros/humble/lib /usr/bin/cmake /home/ubuntu/GAZEBO_SIM/ssafy_ws/src/rosbridge_suite/rosbridge_library -DCMAKE_INSTALL_PREFIX=/home/ubuntu/GAZEBO_SIM/ssafy_ws/src/install/rosbridge_library
[0.827s] Invoking command in '/home/ubuntu/GAZEBO_SIM/ssafy_ws/src/build/rosbridge_library': CMAKE_PREFIX_PATH=/home/ubuntu/GAZEBO_SIM/ssafy_ws/src/install/rosbridge_test_msgs:/home/ubuntu/GAZEBO_SIM/ssafy_ws/src/install/velodyne_simulator:/home/ubuntu/GAZEBO_SIM/ssafy_ws/src/install/velodyne_gazebo_plugins:/home/ubuntu/GAZEBO_SIM/ssafy_ws/src/install/turtlebot3_simulations:/home/ubuntu/GAZEBO_SIM/ssafy_ws/src/install/turtlebot3_gazebo:/home/ubuntu/GAZEBO_SIM/ssafy_ws/src/install/velodyne_description:/home/ubuntu/GAZEBO_SIM/ssafy_ws/src/install/turtlebot3_description:/home/ubuntu/GAZEBO_SIM/ssafy_ws/src/install/rosbridge_suite:/home/ubuntu/GAZEBO_SIM/ssafy_ws/src/install/rosbridge_server:/home/ubuntu/GAZEBO_SIM/ssafy_ws/src/install/rosbridge_msgs:/home/ubuntu/GAZEBO_SIM/ssafy_ws/src/install/rosapi:/home/ubuntu/GAZEBO_SIM/ssafy_ws/src/install/rosbridge_library:/home/ubuntu/GAZEBO_SIM/ssafy_ws/src/install/rosapi_msgs:/home/ubuntu/GAZEBO_SIM/ssafy_ws/install/velodyne_simulator:/home/ubuntu/GAZEBO_SIM/ssafy_ws/install/velodyne_gazebo_plugins:/home/ubuntu/GAZEBO_SIM/ssafy_ws/install/turtlebot3_simulations:/home/ubuntu/GAZEBO_SIM/ssafy_ws/install/turtlebot3_gazebo:/home/ubuntu/GAZEBO_SIM/ssafy_ws/install/velodyne_description:/home/ubuntu/GAZEBO_SIM/ssafy_ws/install/turtlebot3_description:/home/ubuntu/GAZEBO_SIM/ssafy_ws/src/install/teleop_twist_keyboard:/home/ubuntu/GAZEBO_SIM/ssafy_ws/install/teleop_twist_keyboard:/opt/ros/humble LD_LIBRARY_PATH=/home/ubuntu/GAZEBO_SIM/ssafy_ws/src/install/rosbridge_test_msgs/lib:/home/ubuntu/GAZEBO_SIM/ssafy_ws/src/install/velodyne_gazebo_plugins/lib:/home/ubuntu/GAZEBO_SIM/ssafy_ws/src/install/rosbridge_msgs/lib:/home/ubuntu/GAZEBO_SIM/ssafy_ws/src/install/rosapi_msgs/lib:/home/ubuntu/GAZEBO_SIM/ssafy_ws/install/velodyne_gazebo_plugins/lib:/usr/lib/x86_64-linux-gnu/gazebo-11/plugins:/opt/ros/humble/opt/rviz_ogre_vendor/lib:/opt/ros/humble/lib/x86_64-linux-gnu:/opt/ros/humble/lib /usr/bin/cmake --build /home/ubuntu/GAZEBO_SIM/ssafy_ws/src/build/rosbridge_library -- -j12 -l12
[0.862s] Built target ament_cmake_python_copy_rosbridge_library
[1.013s] running egg_info
[1.013s] creating rosbridge_library.egg-info
[1.013s] writing rosbridge_library.egg-info/PKG-INFO
[1.013s] writing dependency_links to rosbridge_library.egg-info/dependency_links.txt
[1.013s] writing top-level names to rosbridge_library.egg-info/top_level.txt
[1.014s] writing manifest file 'rosbridge_library.egg-info/SOURCES.txt'
[1.015s] reading manifest file 'rosbridge_library.egg-info/SOURCES.txt'
[1.016s] writing manifest file 'rosbridge_library.egg-info/SOURCES.txt'
[1.031s] Built target ament_cmake_python_build_rosbridge_library_egg
[1.038s] Invoked command in '/home/ubuntu/GAZEBO_SIM/ssafy_ws/src/build/rosbridge_library' returned '0': CMAKE_PREFIX_PATH=/home/ubuntu/GAZEBO_SIM/ssafy_ws/src/install/rosbridge_test_msgs:/home/ubuntu/GAZEBO_SIM/ssafy_ws/src/install/velodyne_simulator:/home/ubuntu/GAZEBO_SIM/ssafy_ws/src/install/velodyne_gazebo_plugins:/home/ubuntu/GAZEBO_SIM/ssafy_ws/src/install/turtlebot3_simulations:/home/ubuntu/GAZEBO_SIM/ssafy_ws/src/install/turtlebot3_gazebo:/home/ubuntu/GAZEBO_SIM/ssafy_ws/src/install/velodyne_description:/home/ubuntu/GAZEBO_SIM/ssafy_ws/src/install/turtlebot3_description:/home/ubuntu/GAZEBO_SIM/ssafy_ws/src/install/rosbridge_suite:/home/ubuntu/GAZEBO_SIM/ssafy_ws/src/install/rosbridge_server:/home/ubuntu/GAZEBO_SIM/ssafy_ws/src/install/rosbridge_msgs:/home/ubuntu/GAZEBO_SIM/ssafy_ws/src/install/rosapi:/home/ubuntu/GAZEBO_SIM/ssafy_ws/src/install/rosbridge_library:/home/ubuntu/GAZEBO_SIM/ssafy_ws/src/install/rosapi_msgs:/home/ubuntu/GAZEBO_SIM/ssafy_ws/install/velodyne_simulator:/home/ubuntu/GAZEBO_SIM/ssafy_ws/install/velodyne_gazebo_plugins:/home/ubuntu/GAZEBO_SIM/ssafy_ws/install/turtlebot3_simulations:/home/ubuntu/GAZEBO_SIM/ssafy_ws/install/turtlebot3_gazebo:/home/ubuntu/GAZEBO_SIM/ssafy_ws/install/velodyne_description:/home/ubuntu/GAZEBO_SIM/ssafy_ws/install/turtlebot3_description:/home/ubuntu/GAZEBO_SIM/ssafy_ws/src/install/teleop_twist_keyboard:/home/ubuntu/GAZEBO_SIM/ssafy_ws/install/teleop_twist_keyboard:/opt/ros/humble LD_LIBRARY_PATH=/home/ubuntu/GAZEBO_SIM/ssafy_ws/src/install/rosbridge_test_msgs/lib:/home/ubuntu/GAZEBO_SIM/ssafy_ws/src/install/velodyne_gazebo_plugins/lib:/home/ubuntu/GAZEBO_SIM/ssafy_ws/src/install/rosbridge_msgs/lib:/home/ubuntu/GAZEBO_SIM/ssafy_ws/src/install/rosapi_msgs/lib:/home/ubuntu/GAZEBO_SIM/ssafy_ws/install/velodyne_gazebo_plugins/lib:/usr/lib/x86_64-linux-gnu/gazebo-11/plugins:/opt/ros/humble/opt/rviz_ogre_vendor/lib:/opt/ros/humble/lib/x86_64-linux-gnu:/opt/ros/humble/lib /usr/bin/cmake --build /home/ubuntu/GAZEBO_SIM/ssafy_ws/src/build/rosbridge_library -- -j12 -l12
[1.038s] Invoking command in '/home/ubuntu/GAZEBO_SIM/ssafy_ws/src/build/rosbridge_library': CMAKE_PREFIX_PATH=/home/ubuntu/GAZEBO_SIM/ssafy_ws/src/install/rosbridge_test_msgs:/home/ubuntu/GAZEBO_SIM/ssafy_ws/src/install/velodyne_simulator:/home/ubuntu/GAZEBO_SIM/ssafy_ws/src/install/velodyne_gazebo_plugins:/home/ubuntu/GAZEBO_SIM/ssafy_ws/src/install/turtlebot3_simulations:/home/ubuntu/GAZEBO_SIM/ssafy_ws/src/install/turtlebot3_gazebo:/home/ubuntu/GAZEBO_SIM/ssafy_ws/src/install/velodyne_description:/home/ubuntu/GAZEBO_SIM/ssafy_ws/src/install/turtlebot3_description:/home/ubuntu/GAZEBO_SIM/ssafy_ws/src/install/rosbridge_suite:/home/ubuntu/GAZEBO_SIM/ssafy_ws/src/install/rosbridge_server:/home/ubuntu/GAZEBO_SIM/ssafy_ws/src/install/rosbridge_msgs:/home/ubuntu/GAZEBO_SIM/ssafy_ws/src/install/rosapi:/home/ubuntu/GAZEBO_SIM/ssafy_ws/src/install/rosbridge_library:/home/ubuntu/GAZEBO_SIM/ssafy_ws/src/install/rosapi_msgs:/home/ubuntu/GAZEBO_SIM/ssafy_ws/install/velodyne_simulator:/home/ubuntu/GAZEBO_SIM/ssafy_ws/install/velodyne_gazebo_plugins:/home/ubuntu/GAZEBO_SIM/ssafy_ws/install/turtlebot3_simulations:/home/ubuntu/GAZEBO_SIM/ssafy_ws/install/turtlebot3_gazebo:/home/ubuntu/GAZEBO_SIM/ssafy_ws/install/velodyne_description:/home/ubuntu/GAZEBO_SIM/ssafy_ws/install/turtlebot3_description:/home/ubuntu/GAZEBO_SIM/ssafy_ws/src/install/teleop_twist_keyboard:/home/ubuntu/GAZEBO_SIM/ssafy_ws/install/teleop_twist_keyboard:/opt/ros/humble LD_LIBRARY_PATH=/home/ubuntu/GAZEBO_SIM/ssafy_ws/src/install/rosbridge_test_msgs/lib:/home/ubuntu/GAZEBO_SIM/ssafy_ws/src/install/velodyne_gazebo_plugins/lib:/home/ubuntu/GAZEBO_SIM/ssafy_ws/src/install/rosbridge_msgs/lib:/home/ubuntu/GAZEBO_SIM/ssafy_ws/src/install/rosapi_msgs/lib:/home/ubuntu/GAZEBO_SIM/ssafy_ws/install/velodyne_gazebo_plugins/lib:/usr/lib/x86_64-linux-gnu/gazebo-11/plugins:/opt/ros/humble/opt/rviz_ogre_vendor/lib:/opt/ros/humble/lib/x86_64-linux-gnu:/opt/ros/humble/lib /usr/bin/cmake --install /home/ubuntu/GAZEBO_SIM/ssafy_ws/src/build/rosbridge_library
[1.043s] -- Install configuration: ""
[1.043s] -- Installing: /home/ubuntu/GAZEBO_SIM/ssafy_ws/src/install/rosbridge_library/share/rosbridge_library/environment/pythonpath.sh
[1.043s] -- Installing: /home/ubuntu/GAZEBO_SIM/ssafy_ws/src/install/rosbridge_library/share/rosbridge_library/environment/pythonpath.dsv
[1.043s] -- Installing: /home/ubuntu/GAZEBO_SIM/ssafy_ws/src/install/rosbridge_library/local/lib/python3.10/dist-packages/rosbridge_library-2.0.0-py3.10.egg-info
[1.043s] -- Installing: /home/ubuntu/GAZEBO_SIM/ssafy_ws/src/install/rosbridge_library/local/lib/python3.10/dist-packages/rosbridge_library-2.0.0-py3.10.egg-info/dependency_links.txt
[1.044s] -- Installing: /home/ubuntu/GAZEBO_SIM/ssafy_ws/src/install/rosbridge_library/local/lib/python3.10/dist-packages/rosbridge_library-2.0.0-py3.10.egg-info/PKG-INFO
[1.044s] -- Installing: /home/ubuntu/GAZEBO_SIM/ssafy_ws/src/install/rosbridge_library/local/lib/python3.10/dist-packages/rosbridge_library-2.0.0-py3.10.egg-info/SOURCES.txt
[1.044s] -- Installing: /home/ubuntu/GAZEBO_SIM/ssafy_ws/src/install/rosbridge_library/local/lib/python3.10/dist-packages/rosbridge_library-2.0.0-py3.10.egg-info/top_level.txt
[1.044s] -- Installing: /home/ubuntu/GAZEBO_SIM/ssafy_ws/src/install/rosbridge_library/local/lib/python3.10/dist-packages/rosbridge_library
[1.044s] -- Installing: /home/ubuntu/GAZEBO_SIM/ssafy_ws/src/install/rosbridge_library/local/lib/python3.10/dist-packages/rosbridge_library/internal
[1.044s] -- Installing: /home/ubuntu/GAZEBO_SIM/ssafy_ws/src/install/rosbridge_library/local/lib/python3.10/dist-packages/rosbridge_library/internal/subscribers.py
[1.044s] -- Installing: /home/ubuntu/GAZEBO_SIM/ssafy_ws/src/install/rosbridge_library/local/lib/python3.10/dist-packages/rosbridge_library/internal/ros_loader.py
[1.044s] -- Installing: /home/ubuntu/GAZEBO_SIM/ssafy_ws/src/install/rosbridge_library/local/lib/python3.10/dist-packages/rosbridge_library/internal/outgoing_message.py
[1.044s] -- Installing: /home/ubuntu/GAZEBO_SIM/ssafy_ws/src/install/rosbridge_library/local/lib/python3.10/dist-packages/rosbridge_library/internal/__init__.py
[1.044s] -- Installing: /home/ubuntu/GAZEBO_SIM/ssafy_ws/src/install/rosbridge_library/local/lib/python3.10/dist-packages/rosbridge_library/internal/publishers.py
[1.044s] -- Installing: /home/ubuntu/GAZEBO_SIM/ssafy_ws/src/install/rosbridge_library/local/lib/python3.10/dist-packages/rosbridge_library/internal/cbor_conversion.py
[1.044s] -- Installing: /home/ubuntu/GAZEBO_SIM/ssafy_ws/src/install/rosbridge_library/local/lib/python3.10/dist-packages/rosbridge_library/internal/pngcompression.py
[1.044s] -- Installing: /home/ubuntu/GAZEBO_SIM/ssafy_ws/src/install/rosbridge_library/local/lib/python3.10/dist-packages/rosbridge_library/internal/services.py
[1.044s] -- Installing: /home/ubuntu/GAZEBO_SIM/ssafy_ws/src/install/rosbridge_library/local/lib/python3.10/dist-packages/rosbridge_library/internal/subscription_modifiers.py
[1.044s] -- Installing: /home/ubuntu/GAZEBO_SIM/ssafy_ws/src/install/rosbridge_library/local/lib/python3.10/dist-packages/rosbridge_library/internal/message_conversion.py
[1.044s] -- Installing: /home/ubuntu/GAZEBO_SIM/ssafy_ws/src/install/rosbridge_library/local/lib/python3.10/dist-packages/rosbridge_library/internal/topics.py
[1.044s] -- Installing: /home/ubuntu/GAZEBO_SIM/ssafy_ws/src/install/rosbridge_library/local/lib/python3.10/dist-packages/rosbridge_library/internal/exceptions.py
[1.044s] -- Installing: /home/ubuntu/GAZEBO_SIM/ssafy_ws/src/install/rosbridge_library/local/lib/python3.10/dist-packages/rosbridge_library/internal/actions.py
[1.044s] -- Installing: /home/ubuntu/GAZEBO_SIM/ssafy_ws/src/install/rosbridge_library/local/lib/python3.10/dist-packages/rosbridge_library/__init__.py
[1.044s] -- Installing: /home/ubuntu/GAZEBO_SIM/ssafy_ws/src/install/rosbridge_library/local/lib/python3.10/dist-packages/rosbridge_library/rosbridge_protocol.py
[1.044s] -- Installing: /home/ubuntu/GAZEBO_SIM/ssafy_ws/src/install/rosbridge_library/local/lib/python3.10/dist-packages/rosbridge_library/capabilities
[1.045s] -- Installing: /home/ubuntu/GAZEBO_SIM/ssafy_ws/src/install/rosbridge_library/local/lib/python3.10/dist-packages/rosbridge_library/capabilities/unadvertise_service.py
[1.045s] -- Installing: /home/ubuntu/GAZEBO_SIM/ssafy_ws/src/install/rosbridge_library/local/lib/python3.10/dist-packages/rosbridge_library/capabilities/unadvertise_action.py
[1.045s] -- Installing: /home/ubuntu/GAZEBO_SIM/ssafy_ws/src/install/rosbridge_library/local/lib/python3.10/dist-packages/rosbridge_library/capabilities/subscribe.py
[1.045s] -- Installing: /home/ubuntu/GAZEBO_SIM/ssafy_ws/src/install/rosbridge_library/local/lib/python3.10/dist-packages/rosbridge_library/capabilities/fragmentation.py
[1.045s] -- Installing: /home/ubuntu/GAZEBO_SIM/ssafy_ws/src/install/rosbridge_library/local/lib/python3.10/dist-packages/rosbridge_library/capabilities/__init__.py
[1.045s] -- Installing: /home/ubuntu/GAZEBO_SIM/ssafy_ws/src/install/rosbridge_library/local/lib/python3.10/dist-packages/rosbridge_library/capabilities/action_result.py
[1.045s] -- Installing: /home/ubuntu/GAZEBO_SIM/ssafy_ws/src/install/rosbridge_library/local/lib/python3.10/dist-packages/rosbridge_library/capabilities/service_response.py
[1.045s] -- Installing: /home/ubuntu/GAZEBO_SIM/ssafy_ws/src/install/rosbridge_library/local/lib/python3.10/dist-packages/rosbridge_library/capabilities/advertise.py
[1.045s] -- Installing: /home/ubuntu/GAZEBO_SIM/ssafy_ws/src/install/rosbridge_library/local/lib/python3.10/dist-packages/rosbridge_library/capabilities/send_action_goal.py
[1.045s] -- Installing: /home/ubuntu/GAZEBO_SIM/ssafy_ws/src/install/rosbridge_library/local/lib/python3.10/dist-packages/rosbridge_library/capabilities/publish.py
[1.045s] -- Installing: /home/ubuntu/GAZEBO_SIM/ssafy_ws/src/install/rosbridge_library/local/lib/python3.10/dist-packages/rosbridge_library/capabilities/advertise_service.py
[1.045s] -- Installing: /home/ubuntu/GAZEBO_SIM/ssafy_ws/src/install/rosbridge_library/local/lib/python3.10/dist-packages/rosbridge_library/capabilities/action_feedback.py
[1.045s] -- Installing: /home/ubuntu/GAZEBO_SIM/ssafy_ws/src/install/rosbridge_library/local/lib/python3.10/dist-packages/rosbridge_library/capabilities/call_service.py
[1.045s] -- Installing: /home/ubuntu/GAZEBO_SIM/ssafy_ws/src/install/rosbridge_library/local/lib/python3.10/dist-packages/rosbridge_library/capabilities/advertise_action.py
[1.045s] -- Installing: /home/ubuntu/GAZEBO_SIM/ssafy_ws/src/install/rosbridge_library/local/lib/python3.10/dist-packages/rosbridge_library/capabilities/defragmentation.py
[1.045s] -- Installing: /home/ubuntu/GAZEBO_SIM/ssafy_ws/src/install/rosbridge_library/local/lib/python3.10/dist-packages/rosbridge_library/protocol.py
[1.045s] -- Installing: /home/ubuntu/GAZEBO_SIM/ssafy_ws/src/install/rosbridge_library/local/lib/python3.10/dist-packages/rosbridge_library/capability.py
[1.045s] -- Installing: /home/ubuntu/GAZEBO_SIM/ssafy_ws/src/install/rosbridge_library/local/lib/python3.10/dist-packages/rosbridge_library/util
[1.045s] -- Installing: /home/ubuntu/GAZEBO_SIM/ssafy_ws/src/install/rosbridge_library/local/lib/python3.10/dist-packages/rosbridge_library/util/__init__.py
[1.045s] -- Installing: /home/ubuntu/GAZEBO_SIM/ssafy_ws/src/install/rosbridge_library/local/lib/python3.10/dist-packages/rosbridge_library/util/cbor.py
[1.045s] -- Installing: /home/ubuntu/GAZEBO_SIM/ssafy_ws/src/install/rosbridge_library/local/lib/python3.10/dist-packages/rosbridge_library/util/ros.py
[1.082s] Listing '/home/ubuntu/GAZEBO_SIM/ssafy_ws/src/install/rosbridge_library/local/lib/python3.10/dist-packages/rosbridge_library'...
[1.082s] Compiling '/home/ubuntu/GAZEBO_SIM/ssafy_ws/src/install/rosbridge_library/local/lib/python3.10/dist-packages/rosbridge_library/__init__.py'...
[1.082s] Listing '/home/ubuntu/GAZEBO_SIM/ssafy_ws/src/install/rosbridge_library/local/lib/python3.10/dist-packages/rosbridge_library/capabilities'...
[1.082s] Compiling '/home/ubuntu/GAZEBO_SIM/ssafy_ws/src/install/rosbridge_library/local/lib/python3.10/dist-packages/rosbridge_library/capabilities/__init__.py'...
[1.082s] Compiling '/home/ubuntu/GAZEBO_SIM/ssafy_ws/src/install/rosbridge_library/local/lib/python3.10/dist-packages/rosbridge_library/capabilities/action_feedback.py'...
[1.082s] Compiling '/home/ubuntu/GAZEBO_SIM/ssafy_ws/src/install/rosbridge_library/local/lib/python3.10/dist-packages/rosbridge_library/capabilities/action_result.py'...
[1.083s] Compiling '/home/ubuntu/GAZEBO_SIM/ssafy_ws/src/install/rosbridge_library/local/lib/python3.10/dist-packages/rosbridge_library/capabilities/advertise.py'...
[1.083s] Compiling '/home/ubuntu/GAZEBO_SIM/ssafy_ws/src/install/rosbridge_library/local/lib/python3.10/dist-packages/rosbridge_library/capabilities/advertise_action.py'...
[1.083s] Compiling '/home/ubuntu/GAZEBO_SIM/ssafy_ws/src/install/rosbridge_library/local/lib/python3.10/dist-packages/rosbridge_library/capabilities/advertise_service.py'...
[1.083s] Compiling '/home/ubuntu/GAZEBO_SIM/ssafy_ws/src/install/rosbridge_library/local/lib/python3.10/dist-packages/rosbridge_library/capabilities/call_service.py'...
[1.083s] Compiling '/home/ubuntu/GAZEBO_SIM/ssafy_ws/src/install/rosbridge_library/local/lib/python3.10/dist-packages/rosbridge_library/capabilities/defragmentation.py'...
[1.083s] Compiling '/home/ubuntu/GAZEBO_SIM/ssafy_ws/src/install/rosbridge_library/local/lib/python3.10/dist-packages/rosbridge_library/capabilities/fragmentation.py'...
[1.083s] Compiling '/home/ubuntu/GAZEBO_SIM/ssafy_ws/src/install/rosbridge_library/local/lib/python3.10/dist-packages/rosbridge_library/capabilities/publish.py'...
[1.083s] Compiling '/home/ubuntu/GAZEBO_SIM/ssafy_ws/src/install/rosbridge_library/local/lib/python3.10/dist-packages/rosbridge_library/capabilities/send_action_goal.py'...
[1.083s] Compiling '/home/ubuntu/GAZEBO_SIM/ssafy_ws/src/install/rosbridge_library/local/lib/python3.10/dist-packages/rosbridge_library/capabilities/service_response.py'...
[1.083s] Compiling '/home/ubuntu/GAZEBO_SIM/ssafy_ws/src/install/rosbridge_library/local/lib/python3.10/dist-packages/rosbridge_library/capabilities/subscribe.py'...
[1.083s] Compiling '/home/ubuntu/GAZEBO_SIM/ssafy_ws/src/install/rosbridge_library/local/lib/python3.10/dist-packages/rosbridge_library/capabilities/unadvertise_action.py'...
[1.083s] Compiling '/home/ubuntu/GAZEBO_SIM/ssafy_ws/src/install/rosbridge_library/local/lib/python3.10/dist-packages/rosbridge_library/capabilities/unadvertise_service.py'...
[1.083s] Compiling '/home/ubuntu/GAZEBO_SIM/ssafy_ws/src/install/rosbridge_library/local/lib/python3.10/dist-packages/rosbridge_library/capability.py'...
[1.083s] Listing '/home/ubuntu/GAZEBO_SIM/ssafy_ws/src/install/rosbridge_library/local/lib/python3.10/dist-packages/rosbridge_library/internal'...
[1.083s] Compiling '/home/ubuntu/GAZEBO_SIM/ssafy_ws/src/install/rosbridge_library/local/lib/python3.10/dist-packages/rosbridge_library/internal/__init__.py'...
[1.083s] Compiling '/home/ubuntu/GAZEBO_SIM/ssafy_ws/src/install/rosbridge_library/local/lib/python3.10/dist-packages/rosbridge_library/internal/actions.py'...
[1.083s] Compiling '/home/ubuntu/GAZEBO_SIM/ssafy_ws/src/install/rosbridge_library/local/lib/python3.10/dist-packages/rosbridge_library/internal/cbor_conversion.py'...
[1.083s] Compiling '/home/ubuntu/GAZEBO_SIM/ssafy_ws/src/install/rosbridge_library/local/lib/python3.10/dist-packages/rosbridge_library/internal/exceptions.py'...
[1.083s] Compiling '/home/ubuntu/GAZEBO_SIM/ssafy_ws/src/install/rosbridge_library/local/lib/python3.10/dist-packages/rosbridge_library/internal/message_conversion.py'...
[1.083s] Compiling '/home/ubuntu/GAZEBO_SIM/ssafy_ws/src/install/rosbridge_library/local/lib/python3.10/dist-packages/rosbridge_library/internal/outgoing_message.py'...
[1.083s] Compiling '/home/ubuntu/GAZEBO_SIM/ssafy_ws/src/install/rosbridge_library/local/lib/python3.10/dist-packages/rosbridge_library/internal/pngcompression.py'...
[1.083s] Compiling '/home/ubuntu/GAZEBO_SIM/ssafy_ws/src/install/rosbridge_library/local/lib/python3.10/dist-packages/rosbridge_library/internal/publishers.py'...
[1.083s] Compiling '/home/ubuntu/GAZEBO_SIM/ssafy_ws/src/install/rosbridge_library/local/lib/python3.10/dist-packages/rosbridge_library/internal/ros_loader.py'...
[1.083s] Compiling '/home/ubuntu/GAZEBO_SIM/ssafy_ws/src/install/rosbridge_library/local/lib/python3.10/dist-packages/rosbridge_library/internal/services.py'...
[1.083s] Compiling '/home/ubuntu/GAZEBO_SIM/ssafy_ws/src/install/rosbridge_library/local/lib/python3.10/dist-packages/rosbridge_library/internal/subscribers.py'...
[1.083s] Compiling '/home/ubuntu/GAZEBO_SIM/ssafy_ws/src/install/rosbridge_library/local/lib/python3.10/dist-packages/rosbridge_library/internal/subscription_modifiers.py'...
[1.083s] Compiling '/home/ubuntu/GAZEBO_SIM/ssafy_ws/src/install/rosbridge_library/local/lib/python3.10/dist-packages/rosbridge_library/internal/topics.py'...
[1.083s] Compiling '/home/ubuntu/GAZEBO_SIM/ssafy_ws/src/install/rosbridge_library/local/lib/python3.10/dist-packages/rosbridge_library/protocol.py'...
[1.083s] Compiling '/home/ubuntu/GAZEBO_SIM/ssafy_ws/src/install/rosbridge_library/local/lib/python3.10/dist-packages/rosbridge_library/rosbridge_protocol.py'...
[1.083s] Listing '/home/ubuntu/GAZEBO_SIM/ssafy_ws/src/install/rosbridge_library/local/lib/python3.10/dist-packages/rosbridge_library/util'...
[1.083s] Compiling '/home/ubuntu/GAZEBO_SIM/ssafy_ws/src/install/rosbridge_library/local/lib/python3.10/dist-packages/rosbridge_library/util/__init__.py'...
[1.083s] Compiling '/home/ubuntu/GAZEBO_SIM/ssafy_ws/src/install/rosbridge_library/local/lib/python3.10/dist-packages/rosbridge_library/util/cbor.py'...
[1.083s] Compiling '/home/ubuntu/GAZEBO_SIM/ssafy_ws/src/install/rosbridge_library/local/lib/python3.10/dist-packages/rosbridge_library/util/ros.py'...
[1.085s] -- Installing: /home/ubuntu/GAZEBO_SIM/ssafy_ws/src/install/rosbridge_library/share/ament_index/resource_index/package_run_dependencies/rosbridge_library
[1.085s] -- Installing: /home/ubuntu/GAZEBO_SIM/ssafy_ws/src/install/rosbridge_library/share/ament_index/resource_index/parent_prefix_path/rosbridge_library
[1.085s] -- Installing: /home/ubuntu/GAZEBO_SIM/ssafy_ws/src/install/rosbridge_library/share/rosbridge_library/environment/ament_prefix_path.sh
[1.085s] -- Installing: /home/ubuntu/GAZEBO_SIM/ssafy_ws/src/install/rosbridge_library/share/rosbridge_library/environment/ament_prefix_path.dsv
[1.085s] -- Installing: /home/ubuntu/GAZEBO_SIM/ssafy_ws/src/install/rosbridge_library/share/rosbridge_library/environment/path.sh
[1.085s] -- Installing: /home/ubuntu/GAZEBO_SIM/ssafy_ws/src/install/rosbridge_library/share/rosbridge_library/environment/path.dsv
[1.085s] -- Installing: /home/ubuntu/GAZEBO_SIM/ssafy_ws/src/install/rosbridge_library/share/rosbridge_library/local_setup.bash
[1.085s] -- Installing: /home/ubuntu/GAZEBO_SIM/ssafy_ws/src/install/rosbridge_library/share/rosbridge_library/local_setup.sh
[1.085s] -- Installing: /home/ubuntu/GAZEBO_SIM/ssafy_ws/src/install/rosbridge_library/share/rosbridge_library/local_setup.zsh
[1.085s] -- Installing: /home/ubuntu/GAZEBO_SIM/ssafy_ws/src/install/rosbridge_library/share/rosbridge_library/local_setup.dsv
[1.085s] -- Installing: /home/ubuntu/GAZEBO_SIM/ssafy_ws/src/install/rosbridge_library/share/rosbridge_library/package.dsv
[1.085s] -- Installing: /home/ubuntu/GAZEBO_SIM/ssafy_ws/src/install/rosbridge_library/share/ament_index/resource_index/packages/rosbridge_library
[1.086s] -- Installing: /home/ubuntu/GAZEBO_SIM/ssafy_ws/src/install/rosbridge_library/share/rosbridge_library/cmake/rosbridge_libraryConfig.cmake
[1.086s] -- Installing: /home/ubuntu/GAZEBO_SIM/ssafy_ws/src/install/rosbridge_library/share/rosbridge_library/cmake/rosbridge_libraryConfig-version.cmake
[1.086s] -- Installing: /home/ubuntu/GAZEBO_SIM/ssafy_ws/src/install/rosbridge_library/share/rosbridge_library/package.xml
[1.087s] Invoked command in '/home/ubuntu/GAZEBO_SIM/ssafy_ws/src/build/rosbridge_library' returned '0': CMAKE_PREFIX_PATH=/home/ubuntu/GAZEBO_SIM/ssafy_ws/src/install/rosbridge_test_msgs:/home/ubuntu/GAZEBO_SIM/ssafy_ws/src/install/velodyne_simulator:/home/ubuntu/GAZEBO_SIM/ssafy_ws/src/install/velodyne_gazebo_plugins:/home/ubuntu/GAZEBO_SIM/ssafy_ws/src/install/turtlebot3_simulations:/home/ubuntu/GAZEBO_SIM/ssafy_ws/src/install/turtlebot3_gazebo:/home/ubuntu/GAZEBO_SIM/ssafy_ws/src/install/velodyne_description:/home/ubuntu/GAZEBO_SIM/ssafy_ws/src/install/turtlebot3_description:/home/ubuntu/GAZEBO_SIM/ssafy_ws/src/install/rosbridge_suite:/home/ubuntu/GAZEBO_SIM/ssafy_ws/src/install/rosbridge_server:/home/ubuntu/GAZEBO_SIM/ssafy_ws/src/install/rosbridge_msgs:/home/ubuntu/GAZEBO_SIM/ssafy_ws/src/install/rosapi:/home/ubuntu/GAZEBO_SIM/ssafy_ws/src/install/rosbridge_library:/home/ubuntu/GAZEBO_SIM/ssafy_ws/src/install/rosapi_msgs:/home/ubuntu/GAZEBO_SIM/ssafy_ws/install/velodyne_simulator:/home/ubuntu/GAZEBO_SIM/ssafy_ws/install/velodyne_gazebo_plugins:/home/ubuntu/GAZEBO_SIM/ssafy_ws/install/turtlebot3_simulations:/home/ubuntu/GAZEBO_SIM/ssafy_ws/install/turtlebot3_gazebo:/home/ubuntu/GAZEBO_SIM/ssafy_ws/install/velodyne_description:/home/ubuntu/GAZEBO_SIM/ssafy_ws/install/turtlebot3_description:/home/ubuntu/GAZEBO_SIM/ssafy_ws/src/install/teleop_twist_keyboard:/home/ubuntu/GAZEBO_SIM/ssafy_ws/install/teleop_twist_keyboard:/opt/ros/humble LD_LIBRARY_PATH=/home/ubuntu/GAZEBO_SIM/ssafy_ws/src/install/rosbridge_test_msgs/lib:/home/ubuntu/GAZEBO_SIM/ssafy_ws/src/install/velodyne_gazebo_plugins/lib:/home/ubuntu/GAZEBO_SIM/ssafy_ws/src/install/rosbridge_msgs/lib:/home/ubuntu/GAZEBO_SIM/ssafy_ws/src/install/rosapi_msgs/lib:/home/ubuntu/GAZEBO_SIM/ssafy_ws/install/velodyne_gazebo_plugins/lib:/usr/lib/x86_64-linux-gnu/gazebo-11/plugins:/opt/ros/humble/opt/rviz_ogre_vendor/lib:/opt/ros/humble/lib/x86_64-linux-gnu:/opt/ros/humble/lib /usr/bin/cmake --install /home/ubuntu/GAZEBO_SIM/ssafy_ws/src/build/rosbridge_library
