[0.237s] Invoking command in '/home/ubuntu/GAZEBO_SIM/ssafy_ws/build/turtlebot3_description': CMAKE_PREFIX_PATH=/opt/ros/humble /usr/bin/cmake /home/ubuntu/GAZEBO_SIM/ssafy_ws/src/turtlebot3_description -DCMAKE_INSTALL_PREFIX=/home/ubuntu/GAZEBO_SIM/ssafy_ws/install/turtlebot3_description
[0.283s] -- The C compiler identification is GNU 11.4.0
[0.338s] -- The CXX compiler identification is GNU 11.4.0
[0.348s] -- Detecting C compiler ABI info
[0.408s] -- Detecting C compiler ABI info - done
[0.415s] -- Check for working C compiler: /usr/bin/cc - skipped
[0.416s] -- Detecting C compile features
[0.416s] -- Detecting C compile features - done
[0.419s] -- Detecting CXX compiler ABI info
[0.493s] -- Detecting CXX compiler ABI info - done
[0.507s] -- Check for working CXX compiler: /usr/bin/c++ - skipped
[0.508s] -- Detecting CXX compile features
[0.508s] -- Detecting CXX compile features - done
[0.512s] -- Found ament_cmake: 1.3.11 (/opt/ros/humble/share/ament_cmake/cmake)
[0.660s] -- Found Python3: /usr/bin/python3 (found version "3.10.12") found components: Interpreter 
[0.745s] -- Found urdf: 2.6.1 (/opt/ros/humble/share/urdf/cmake)
[0.863s] -- Configuring done
[0.865s] -- Generating done
[0.866s] -- Build files have been written to: /home/ubuntu/GAZEBO_SIM/ssafy_ws/build/turtlebot3_description
[0.872s] Invoked command in '/home/ubuntu/GAZEBO_SIM/ssafy_ws/build/turtlebot3_description' returned '0': CMAKE_PREFIX_PATH=/opt/ros/humble /usr/bin/cmake /home/ubuntu/GAZEBO_SIM/ssafy_ws/src/turtlebot3_description -DCMAKE_INSTALL_PREFIX=/home/ubuntu/GAZEBO_SIM/ssafy_ws/install/turtlebot3_description
[0.873s] Invoking command in '/home/ubuntu/GAZEBO_SIM/ssafy_ws/build/turtlebot3_description': CMAKE_PREFIX_PATH=/opt/ros/humble /usr/bin/cmake --build /home/ubuntu/GAZEBO_SIM/ssafy_ws/build/turtlebot3_description -- -j12 -l12
[0.901s] Invoked command in '/home/ubuntu/GAZEBO_SIM/ssafy_ws/build/turtlebot3_description' returned '0': CMAKE_PREFIX_PATH=/opt/ros/humble /usr/bin/cmake --build /home/ubuntu/GAZEBO_SIM/ssafy_ws/build/turtlebot3_description -- -j12 -l12
[0.902s] Invoking command in '/home/ubuntu/GAZEBO_SIM/ssafy_ws/build/turtlebot3_description': CMAKE_PREFIX_PATH=/opt/ros/humble /usr/bin/cmake --install /home/ubuntu/GAZEBO_SIM/ssafy_ws/build/turtlebot3_description
[0.907s] -- Install configuration: ""
[0.907s] -- Installing: /home/ubuntu/GAZEBO_SIM/ssafy_ws/install/turtlebot3_description/share/turtlebot3_description/meshes
[0.907s] -- Installing: /home/ubuntu/GAZEBO_SIM/ssafy_ws/install/turtlebot3_description/share/turtlebot3_description/meshes/VLP16_base_2.stl
[0.908s] -- Installing: /home/ubuntu/GAZEBO_SIM/ssafy_ws/install/turtlebot3_description/share/turtlebot3_description/meshes/bases
[0.908s] -- Installing: /home/ubuntu/GAZEBO_SIM/ssafy_ws/install/turtlebot3_description/share/turtlebot3_description/meshes/bases/waffle_base.stl
[0.925s] -- Installing: /home/ubuntu/GAZEBO_SIM/ssafy_ws/install/turtlebot3_description/share/turtlebot3_description/meshes/bases/burger_base.stl
[0.930s] -- Installing: /home/ubuntu/GAZEBO_SIM/ssafy_ws/install/turtlebot3_description/share/turtlebot3_description/meshes/bases/waffle_pi_base.stl
[0.938s] -- Installing: /home/ubuntu/GAZEBO_SIM/ssafy_ws/install/turtlebot3_description/share/turtlebot3_description/meshes/VLP16_base_1.dae
[0.938s] -- Installing: /home/ubuntu/GAZEBO_SIM/ssafy_ws/install/turtlebot3_description/share/turtlebot3_description/meshes/HDL32E_scan.dae
[0.939s] -- Installing: /home/ubuntu/GAZEBO_SIM/ssafy_ws/install/turtlebot3_description/share/turtlebot3_description/meshes/VLP16_scan.dae
[0.939s] -- Installing: /home/ubuntu/GAZEBO_SIM/ssafy_ws/install/turtlebot3_description/share/turtlebot3_description/meshes/HDL32E_base.stl
[0.940s] -- Installing: /home/ubuntu/GAZEBO_SIM/ssafy_ws/install/turtlebot3_description/share/turtlebot3_description/meshes/HDL32E_base.dae
[0.941s] -- Installing: /home/ubuntu/GAZEBO_SIM/ssafy_ws/install/turtlebot3_description/share/turtlebot3_description/meshes/HDL32E_scan.stl
[0.941s] -- Installing: /home/ubuntu/GAZEBO_SIM/ssafy_ws/install/turtlebot3_description/share/turtlebot3_description/meshes/wheels
[0.941s] -- Installing: /home/ubuntu/GAZEBO_SIM/ssafy_ws/install/turtlebot3_description/share/turtlebot3_description/meshes/wheels/left_tire.stl
[0.943s] -- Installing: /home/ubuntu/GAZEBO_SIM/ssafy_ws/install/turtlebot3_description/share/turtlebot3_description/meshes/wheels/right_tire.stl
[0.944s] -- Installing: /home/ubuntu/GAZEBO_SIM/ssafy_ws/install/turtlebot3_description/share/turtlebot3_description/meshes/VLP16_base_2.dae
[0.945s] -- Installing: /home/ubuntu/GAZEBO_SIM/ssafy_ws/install/turtlebot3_description/share/turtlebot3_description/meshes/sensors
[0.945s] -- Installing: /home/ubuntu/GAZEBO_SIM/ssafy_ws/install/turtlebot3_description/share/turtlebot3_description/meshes/sensors/astra.jpg
[0.945s] -- Installing: /home/ubuntu/GAZEBO_SIM/ssafy_ws/install/turtlebot3_description/share/turtlebot3_description/meshes/sensors/lds.stl
[0.946s] -- Installing: /home/ubuntu/GAZEBO_SIM/ssafy_ws/install/turtlebot3_description/share/turtlebot3_description/meshes/sensors/r200.dae
[0.947s] -- Installing: /home/ubuntu/GAZEBO_SIM/ssafy_ws/install/turtlebot3_description/share/turtlebot3_description/meshes/sensors/r200.jpg
[0.947s] -- Installing: /home/ubuntu/GAZEBO_SIM/ssafy_ws/install/turtlebot3_description/share/turtlebot3_description/meshes/sensors/astra.dae
[0.956s] -- Installing: /home/ubuntu/GAZEBO_SIM/ssafy_ws/install/turtlebot3_description/share/turtlebot3_description/meshes/VLP16_scan.stl
[0.956s] -- Installing: /home/ubuntu/GAZEBO_SIM/ssafy_ws/install/turtlebot3_description/share/turtlebot3_description/meshes/VLP16_base_1.stl
[0.957s] -- Installing: /home/ubuntu/GAZEBO_SIM/ssafy_ws/install/turtlebot3_description/share/turtlebot3_description/rviz
[0.957s] -- Installing: /home/ubuntu/GAZEBO_SIM/ssafy_ws/install/turtlebot3_description/share/turtlebot3_description/rviz/model.rviz
[0.957s] -- Installing: /home/ubuntu/GAZEBO_SIM/ssafy_ws/install/turtlebot3_description/share/turtlebot3_description/rviz/example.rviz
[0.957s] -- Installing: /home/ubuntu/GAZEBO_SIM/ssafy_ws/install/turtlebot3_description/share/turtlebot3_description/urdf
[0.958s] -- Installing: /home/ubuntu/GAZEBO_SIM/ssafy_ws/install/turtlebot3_description/share/turtlebot3_description/urdf/turtlebot3_burger.urdf
[0.958s] -- Installing: /home/ubuntu/GAZEBO_SIM/ssafy_ws/install/turtlebot3_description/share/turtlebot3_description/urdf/turtlebot3_velodyne_burger.urdf
[0.958s] -- Installing: /home/ubuntu/GAZEBO_SIM/ssafy_ws/install/turtlebot3_description/share/turtlebot3_description/urdf/turtlebot3_waffle.urdf
[0.958s] -- Installing: /home/ubuntu/GAZEBO_SIM/ssafy_ws/install/turtlebot3_description/share/turtlebot3_description/urdf/common_properties.urdf
[0.958s] -- Installing: /home/ubuntu/GAZEBO_SIM/ssafy_ws/install/turtlebot3_description/share/turtlebot3_description/urdf/turtlebot3_waffle_pi.urdf
[0.958s] -- Installing: /home/ubuntu/GAZEBO_SIM/ssafy_ws/install/turtlebot3_description/share/turtlebot3_description/urdf/example.urdf.xacro
[0.959s] -- Installing: /home/ubuntu/GAZEBO_SIM/ssafy_ws/install/turtlebot3_description/share/turtlebot3_description/urdf/VLP-16.urdf.xacro
[0.959s] -- Installing: /home/ubuntu/GAZEBO_SIM/ssafy_ws/install/turtlebot3_description/share/turtlebot3_description/urdf/HDL-32E.urdf.xacro
[0.959s] -- Installing: /home/ubuntu/GAZEBO_SIM/ssafy_ws/install/turtlebot3_description/share/ament_index/resource_index/package_run_dependencies/turtlebot3_description
[0.959s] -- Installing: /home/ubuntu/GAZEBO_SIM/ssafy_ws/install/turtlebot3_description/share/ament_index/resource_index/parent_prefix_path/turtlebot3_description
[0.959s] -- Installing: /home/ubuntu/GAZEBO_SIM/ssafy_ws/install/turtlebot3_description/share/turtlebot3_description/environment/ament_prefix_path.sh
[0.959s] -- Installing: /home/ubuntu/GAZEBO_SIM/ssafy_ws/install/turtlebot3_description/share/turtlebot3_description/environment/ament_prefix_path.dsv
[0.959s] -- Installing: /home/ubuntu/GAZEBO_SIM/ssafy_ws/install/turtlebot3_description/share/turtlebot3_description/environment/path.sh
[0.959s] -- Installing: /home/ubuntu/GAZEBO_SIM/ssafy_ws/install/turtlebot3_description/share/turtlebot3_description/environment/path.dsv
[0.959s] -- Installing: /home/ubuntu/GAZEBO_SIM/ssafy_ws/install/turtlebot3_description/share/turtlebot3_description/local_setup.bash
[0.960s] -- Installing: /home/ubuntu/GAZEBO_SIM/ssafy_ws/install/turtlebot3_description/share/turtlebot3_description/local_setup.sh
[0.960s] -- Installing: /home/ubuntu/GAZEBO_SIM/ssafy_ws/install/turtlebot3_description/share/turtlebot3_description/local_setup.zsh
[0.960s] -- Installing: /home/ubuntu/GAZEBO_SIM/ssafy_ws/install/turtlebot3_description/share/turtlebot3_description/local_setup.dsv
[0.960s] -- Installing: /home/ubuntu/GAZEBO_SIM/ssafy_ws/install/turtlebot3_description/share/turtlebot3_description/package.dsv
[0.960s] -- Installing: /home/ubuntu/GAZEBO_SIM/ssafy_ws/install/turtlebot3_description/share/ament_index/resource_index/packages/turtlebot3_description
[0.960s] -- Installing: /home/ubuntu/GAZEBO_SIM/ssafy_ws/install/turtlebot3_description/share/turtlebot3_description/cmake/turtlebot3_descriptionConfig.cmake
[0.960s] -- Installing: /home/ubuntu/GAZEBO_SIM/ssafy_ws/install/turtlebot3_description/share/turtlebot3_description/cmake/turtlebot3_descriptionConfig-version.cmake
[0.960s] -- Installing: /home/ubuntu/GAZEBO_SIM/ssafy_ws/install/turtlebot3_description/share/turtlebot3_description/package.xml
[0.962s] Invoked command in '/home/ubuntu/GAZEBO_SIM/ssafy_ws/build/turtlebot3_description' returned '0': CMAKE_PREFIX_PATH=/opt/ros/humble /usr/bin/cmake --install /home/ubuntu/GAZEBO_SIM/ssafy_ws/build/turtlebot3_description
