[0.020s] Invoking command in '/home/ubuntu/GAZEBO_SIM/ssafy_ws/src/build/velodyne_gazebo_plugins': CMAKE_PREFIX_PATH=${CMAKE_PREFIX_PATH}:/home/ubuntu/GAZEBO_SIM/ssafy_ws/src/install/teleop_twist_keyboard:/home/ubuntu/GAZEBO_SIM/ssafy_ws/install/teleop_twist_keyboard:/opt/ros/humble /usr/bin/cmake /home/ubuntu/GAZEBO_SIM/ssafy_ws/src/velodyne_simulator/velodyne_gazebo_plugins -DCMAKE_INSTALL_PREFIX=/home/ubuntu/GAZEBO_SIM/ssafy_ws/src/install/velodyne_gazebo_plugins
[0.080s] -- The C compiler identification is GNU 11.4.0
[0.149s] -- The CXX compiler identification is GNU 11.4.0
[0.156s] -- Detecting C compiler ABI info
[0.225s] -- Detecting C compiler ABI info - done
[0.238s] -- Check for working C compiler: /usr/bin/cc - skipped
[0.238s] -- Detecting C compile features
[0.239s] -- Detecting C compile features - done
[0.243s] -- Detecting CXX compiler ABI info
[0.347s] -- Detecting CXX compiler ABI info - done
[0.355s] -- Check for working CXX compiler: /usr/bin/c++ - skipped
[0.355s] -- Detecting CXX compile features
[0.356s] -- Detecting CXX compile features - done
[0.359s] -- Found ament_cmake: 1.3.11 (/opt/ros/humble/share/ament_cmake/cmake)
[0.522s] -- Found Python3: /usr/bin/python3 (found version "3.10.12") found components: Interpreter 
[0.615s] -- Found gazebo_dev: 3.7.0 (/opt/ros/humble/share/gazebo_dev/cmake)
[0.622s] -- Found PkgConfig: /usr/bin/pkg-config (found version "0.29.2") 
[0.626s] -- Checking for module 'bullet>=2.82'
[0.637s] --   Found bullet, version 3.05
[0.731s] -- Found fcl: /usr/include (found suitable version "0.7.0", minimum required is "0.5.0") 
[0.774s] -- Found assimp: /usr/include (found version "5.2.0") 
[0.792s] -- Found DART: /usr/include (Required is at least version "6.6") found components: dart 
[0.962s] -- Found Boost: /usr/lib/x86_64-linux-gnu/cmake/Boost-1.74.0/BoostConfig.cmake (found suitable version "1.74.0", minimum required is "1.40.0") found components: thread system filesystem program_options regex iostreams date_time 
[0.981s] -- Found Protobuf: /usr/lib/x86_64-linux-gnu/libprotobuf.so (found version "3.12.4") 
[0.986s] -- Looking for ignition-math6 -- found version 6.15.1
[0.992s] -- Searching for dependencies of ignition-math6
[0.993s] -- Looking for OGRE...
[0.994s] -- OGRE_PREFIX_WATCH changed.
[0.999s] -- Checking for module 'OGRE'
[1.017s] --   Found OGRE, version 1.9.0
[1.048s] -- Found Ogre Ghadamon (1.9.0)
[1.062s] -- Found OGRE: optimized;/usr/lib/x86_64-linux-gnu/libOgreMain.so;debug;/usr/lib/x86_64-linux-gnu/libOgreMain.so
[1.070s] -- Looking for OGRE_Paging...
[1.077s] -- Found OGRE_Paging: optimized;/usr/lib/x86_64-linux-gnu/libOgrePaging.so;debug;/usr/lib/x86_64-linux-gnu/libOgrePaging.so
[1.077s] -- Looking for OGRE_Terrain...
[1.082s] -- Found OGRE_Terrain: optimized;/usr/lib/x86_64-linux-gnu/libOgreTerrain.so;debug;/usr/lib/x86_64-linux-gnu/libOgreTerrain.so
[1.083s] -- Looking for OGRE_Property...
[1.088s] -- Found OGRE_Property: optimized;/usr/lib/x86_64-linux-gnu/libOgreProperty.so;debug;/usr/lib/x86_64-linux-gnu/libOgreProperty.so
[1.088s] -- Looking for OGRE_RTShaderSystem...
[1.094s] -- Found OGRE_RTShaderSystem: optimized;/usr/lib/x86_64-linux-gnu/libOgreRTShaderSystem.so;debug;/usr/lib/x86_64-linux-gnu/libOgreRTShaderSystem.so
[1.094s] -- Looking for OGRE_Volume...
[1.101s] -- Found OGRE_Volume: optimized;/usr/lib/x86_64-linux-gnu/libOgreVolume.so;debug;/usr/lib/x86_64-linux-gnu/libOgreVolume.so
[1.101s] -- Looking for OGRE_Overlay...
[1.107s] -- Found OGRE_Overlay: optimized;/usr/lib/x86_64-linux-gnu/libOgreOverlay.so;debug;/usr/lib/x86_64-linux-gnu/libOgreOverlay.so
[1.243s] -- Looking for ignition-math6 -- found version 6.15.1
[1.245s] -- Looking for ignition-transport8 -- found version 8.2.1
[1.246s] -- Searching for dependencies of ignition-transport8
[1.262s] -- Found Protobuf: /usr/lib/x86_64-linux-gnu/libprotobuf.so (found suitable version "3.12.4", minimum required is "3") 
[1.272s] -- Config-file not installed for ZeroMQ -- checking for pkg-config
[1.276s] -- Checking for module 'libzmq >= 4'
[1.288s] --   Found libzmq , version 4.3.4
[1.320s] -- Found ZeroMQ: TRUE (Required is at least version "4") 
[1.325s] -- Checking for module 'uuid'
[1.336s] --   Found uuid, version 2.37.2
[1.373s] -- Found UUID: TRUE  
[1.373s] -- Looking for ignition-msgs5 -- found version 5.8.1
[1.374s] -- Searching for dependencies of ignition-msgs5
[1.401s] -- Looking for ignition-math6 -- found version 6.15.1
[1.409s] -- Checking for module 'tinyxml2'
[1.423s] --   Found tinyxml2, version 9.0.0
[1.452s] -- Looking for ignition-msgs5 -- found version 5.8.1
[1.455s] -- Looking for ignition-common3 -- found version 3.14.0
[1.455s] -- Searching for dependencies of ignition-common3
[1.456s] -- Looking for dlfcn.h - found
[1.457s] -- Looking for libdl - found
[1.458s] -- Found DL: TRUE  
[1.470s] -- Found tinyobjloader: /usr/lib/x86_64-linux-gnu/cmake/tinyobjloader/tinyobjloader-config.cmake (found version "2.0.0") 
[1.470s] -- Searching for <ignition-common3> component [graphics]
[1.473s] -- Looking for ignition-common3-graphics -- found version 3.14.0
[1.473s] -- Searching for dependencies of ignition-common3-graphics
[1.473s] -- Looking for ignition-math6 -- found version 6.15.1
[1.476s] -- Looking for ignition-fuel_tools4 -- found version 4.4.0
[1.477s] -- Searching for dependencies of ignition-fuel_tools4
[1.557s] -- Found CURL: /usr/lib/x86_64-linux-gnu/libcurl.so (found version "7.81.0")  
[1.565s] -- Checking for module 'jsoncpp'
[1.581s] --   Found jsoncpp, version 1.9.5
[1.611s] -- Found JSONCPP: TRUE  
[1.617s] -- Checking for module 'libzip'
[1.629s] --   Found libzip, version 1.7.3
[1.668s] -- Found ZIP: TRUE  
[1.668s] -- Looking for ignition-common3 -- found version 3.14.0
[1.669s] -- Looking for ignition-math6 -- found version 6.15.1
[1.669s] -- Looking for ignition-msgs5 -- found version 5.8.1
[1.673s] -- Gazebo version: 11.10
[1.674s] -- Checking for module 'tbb'
[1.689s] --   Found tbb, version 2021.5.0
[1.726s] -- Found gazebo_ros: 3.7.0 (/opt/ros/humble/share/gazebo_ros/cmake)
[1.779s] -- Found rosidl_generator_c: 3.1.6 (/opt/ros/humble/share/rosidl_generator_c/cmake)
[1.785s] -- Found rosidl_adapter: 3.1.6 (/opt/ros/humble/share/rosidl_adapter/cmake)
[1.794s] -- Found rosidl_generator_cpp: 3.1.6 (/opt/ros/humble/share/rosidl_generator_cpp/cmake)
[1.807s] -- Using all available rosidl_typesupport_c: rosidl_typesupport_fastrtps_c;rosidl_typesupport_introspection_c
[1.827s] -- Using all available rosidl_typesupport_cpp: rosidl_typesupport_fastrtps_cpp;rosidl_typesupport_introspection_cpp
[1.889s] -- Found rmw_implementation_cmake: 6.1.2 (/opt/ros/humble/share/rmw_implementation_cmake/cmake)
[1.894s] -- Found rmw_cyclonedds_cpp: 1.3.4 (/opt/ros/humble/share/rmw_cyclonedds_cpp/cmake)
[1.931s] -- Using RMW implementation 'rmw_cyclonedds_cpp' as default
[1.941s] -- Found Threads: TRUE  
[2.038s] -- Found gazebo_msgs: 3.7.0 (/opt/ros/humble/share/gazebo_msgs/cmake)
[2.132s] -- Found sensor_msgs: 4.2.4 (/opt/ros/humble/share/sensor_msgs/cmake)
[2.301s] -- Configuring done
[2.360s] -- Generating done
[2.384s] -- Build files have been written to: /home/ubuntu/GAZEBO_SIM/ssafy_ws/src/build/velodyne_gazebo_plugins
[2.425s] Invoked command in '/home/ubuntu/GAZEBO_SIM/ssafy_ws/src/build/velodyne_gazebo_plugins' returned '0': CMAKE_PREFIX_PATH=${CMAKE_PREFIX_PATH}:/home/ubuntu/GAZEBO_SIM/ssafy_ws/src/install/teleop_twist_keyboard:/home/ubuntu/GAZEBO_SIM/ssafy_ws/install/teleop_twist_keyboard:/opt/ros/humble /usr/bin/cmake /home/ubuntu/GAZEBO_SIM/ssafy_ws/src/velodyne_simulator/velodyne_gazebo_plugins -DCMAKE_INSTALL_PREFIX=/home/ubuntu/GAZEBO_SIM/ssafy_ws/src/install/velodyne_gazebo_plugins
[2.425s] Invoking command in '/home/ubuntu/GAZEBO_SIM/ssafy_ws/src/build/velodyne_gazebo_plugins': CMAKE_PREFIX_PATH=${CMAKE_PREFIX_PATH}:/home/ubuntu/GAZEBO_SIM/ssafy_ws/src/install/teleop_twist_keyboard:/home/ubuntu/GAZEBO_SIM/ssafy_ws/install/teleop_twist_keyboard:/opt/ros/humble /usr/bin/cmake --build /home/ubuntu/GAZEBO_SIM/ssafy_ws/src/build/velodyne_gazebo_plugins -- -j12 -l12
[2.578s] [ 50%] [32mBuilding CXX object CMakeFiles/gazebo_ros_velodyne_laser.dir/src/GazeboRosVelodyneLaser.cpp.o[0m
[32.425s] [100%] [32m[1mLinking CXX shared library libgazebo_ros_velodyne_laser.so[0m
[32.781s] [100%] Built target gazebo_ros_velodyne_laser
[32.792s] Invoked command in '/home/ubuntu/GAZEBO_SIM/ssafy_ws/src/build/velodyne_gazebo_plugins' returned '0': CMAKE_PREFIX_PATH=${CMAKE_PREFIX_PATH}:/home/ubuntu/GAZEBO_SIM/ssafy_ws/src/install/teleop_twist_keyboard:/home/ubuntu/GAZEBO_SIM/ssafy_ws/install/teleop_twist_keyboard:/opt/ros/humble /usr/bin/cmake --build /home/ubuntu/GAZEBO_SIM/ssafy_ws/src/build/velodyne_gazebo_plugins -- -j12 -l12
[32.792s] Invoking command in '/home/ubuntu/GAZEBO_SIM/ssafy_ws/src/build/velodyne_gazebo_plugins': CMAKE_PREFIX_PATH=${CMAKE_PREFIX_PATH}:/home/ubuntu/GAZEBO_SIM/ssafy_ws/src/install/teleop_twist_keyboard:/home/ubuntu/GAZEBO_SIM/ssafy_ws/install/teleop_twist_keyboard:/opt/ros/humble /usr/bin/cmake --install /home/ubuntu/GAZEBO_SIM/ssafy_ws/src/build/velodyne_gazebo_plugins
[32.798s] -- Install configuration: ""
[32.798s] -- Installing: /home/ubuntu/GAZEBO_SIM/ssafy_ws/src/install/velodyne_gazebo_plugins/lib/libgazebo_ros_velodyne_laser.so
[32.800s] -- Set runtime path of "/home/ubuntu/GAZEBO_SIM/ssafy_ws/src/install/velodyne_gazebo_plugins/lib/libgazebo_ros_velodyne_laser.so" to ""
[32.800s] -- Installing: /home/ubuntu/GAZEBO_SIM/ssafy_ws/src/install/velodyne_gazebo_plugins/include/velodyne_gazebo_plugins
[32.800s] -- Installing: /home/ubuntu/GAZEBO_SIM/ssafy_ws/src/install/velodyne_gazebo_plugins/include/velodyne_gazebo_plugins/GazeboRosVelodyneLaser.hpp
[32.800s] -- Installing: /home/ubuntu/GAZEBO_SIM/ssafy_ws/src/install/velodyne_gazebo_plugins/share/velodyne_gazebo_plugins/environment/library_path.sh
[32.800s] -- Installing: /home/ubuntu/GAZEBO_SIM/ssafy_ws/src/install/velodyne_gazebo_plugins/share/velodyne_gazebo_plugins/environment/library_path.dsv
[32.800s] -- Installing: /home/ubuntu/GAZEBO_SIM/ssafy_ws/src/install/velodyne_gazebo_plugins/share/ament_index/resource_index/package_run_dependencies/velodyne_gazebo_plugins
[32.800s] -- Installing: /home/ubuntu/GAZEBO_SIM/ssafy_ws/src/install/velodyne_gazebo_plugins/share/ament_index/resource_index/parent_prefix_path/velodyne_gazebo_plugins
[32.800s] -- Installing: /home/ubuntu/GAZEBO_SIM/ssafy_ws/src/install/velodyne_gazebo_plugins/share/velodyne_gazebo_plugins/environment/ament_prefix_path.sh
[32.800s] -- Installing: /home/ubuntu/GAZEBO_SIM/ssafy_ws/src/install/velodyne_gazebo_plugins/share/velodyne_gazebo_plugins/environment/ament_prefix_path.dsv
[32.800s] -- Installing: /home/ubuntu/GAZEBO_SIM/ssafy_ws/src/install/velodyne_gazebo_plugins/share/velodyne_gazebo_plugins/environment/path.sh
[32.800s] -- Installing: /home/ubuntu/GAZEBO_SIM/ssafy_ws/src/install/velodyne_gazebo_plugins/share/velodyne_gazebo_plugins/environment/path.dsv
[32.800s] -- Installing: /home/ubuntu/GAZEBO_SIM/ssafy_ws/src/install/velodyne_gazebo_plugins/share/velodyne_gazebo_plugins/local_setup.bash
[32.800s] -- Installing: /home/ubuntu/GAZEBO_SIM/ssafy_ws/src/install/velodyne_gazebo_plugins/share/velodyne_gazebo_plugins/local_setup.sh
[32.800s] -- Installing: /home/ubuntu/GAZEBO_SIM/ssafy_ws/src/install/velodyne_gazebo_plugins/share/velodyne_gazebo_plugins/local_setup.zsh
[32.800s] -- Installing: /home/ubuntu/GAZEBO_SIM/ssafy_ws/src/install/velodyne_gazebo_plugins/share/velodyne_gazebo_plugins/local_setup.dsv
[32.800s] -- Installing: /home/ubuntu/GAZEBO_SIM/ssafy_ws/src/install/velodyne_gazebo_plugins/share/velodyne_gazebo_plugins/package.dsv
[32.801s] -- Installing: /home/ubuntu/GAZEBO_SIM/ssafy_ws/src/install/velodyne_gazebo_plugins/share/ament_index/resource_index/packages/velodyne_gazebo_plugins
[32.801s] -- Installing: /home/ubuntu/GAZEBO_SIM/ssafy_ws/src/install/velodyne_gazebo_plugins/share/velodyne_gazebo_plugins/cmake/ament_cmake_export_include_directories-extras.cmake
[32.801s] -- Installing: /home/ubuntu/GAZEBO_SIM/ssafy_ws/src/install/velodyne_gazebo_plugins/share/velodyne_gazebo_plugins/cmake/ament_cmake_export_libraries-extras.cmake
[32.801s] -- Installing: /home/ubuntu/GAZEBO_SIM/ssafy_ws/src/install/velodyne_gazebo_plugins/share/velodyne_gazebo_plugins/cmake/ament_cmake_export_dependencies-extras.cmake
[32.801s] -- Installing: /home/ubuntu/GAZEBO_SIM/ssafy_ws/src/install/velodyne_gazebo_plugins/share/velodyne_gazebo_plugins/cmake/velodyne_gazebo_pluginsConfig.cmake
[32.801s] -- Installing: /home/ubuntu/GAZEBO_SIM/ssafy_ws/src/install/velodyne_gazebo_plugins/share/velodyne_gazebo_plugins/cmake/velodyne_gazebo_pluginsConfig-version.cmake
[32.801s] -- Installing: /home/ubuntu/GAZEBO_SIM/ssafy_ws/src/install/velodyne_gazebo_plugins/share/velodyne_gazebo_plugins/package.xml
[32.802s] Invoked command in '/home/ubuntu/GAZEBO_SIM/ssafy_ws/src/build/velodyne_gazebo_plugins' returned '0': CMAKE_PREFIX_PATH=${CMAKE_PREFIX_PATH}:/home/ubuntu/GAZEBO_SIM/ssafy_ws/src/install/teleop_twist_keyboard:/home/ubuntu/GAZEBO_SIM/ssafy_ws/install/teleop_twist_keyboard:/opt/ros/humble /usr/bin/cmake --install /home/ubuntu/GAZEBO_SIM/ssafy_ws/src/build/velodyne_gazebo_plugins
