[0.007s] Invoking command in '/home/ubuntu/GAZEBO_SIM/ssafy_ws/build/turtlebot3_gazebo': AMENT_PREFIX_PATH=/home/ubuntu/GAZEBO_SIM/ssafy_ws/install/velodyne_description:/home/ubuntu/GAZEBO_SIM/ssafy_ws/install/turtlebot3_description:${AMENT_PREFIX_PATH} CMAKE_PREFIX_PATH=/home/ubuntu/GAZEBO_SIM/ssafy_ws/install/velodyne_description:/home/ubuntu/GAZEBO_SIM/ssafy_ws/install/turtlebot3_description:/opt/ros/humble /usr/bin/cmake /home/ubuntu/GAZEBO_SIM/ssafy_ws/src/turtlebot3_simulations/turtlebot3_gazebo -DCMAKE_INSTALL_PREFIX=/home/ubuntu/GAZEBO_SIM/ssafy_ws/install/turtlebot3_gazebo
[0.083s] -- The C compiler identification is GNU 11.4.0
[0.144s] -- The CXX compiler identification is GNU 11.4.0
[0.149s] -- Detecting C compiler ABI info
[0.193s] -- Detecting C compiler ABI info - done
[0.200s] -- Check for working C compiler: /usr/bin/cc - skipped
[0.200s] -- Detecting C compile features
[0.201s] -- Detecting C compile features - done
[0.204s] -- Detecting CXX compiler ABI info
[0.258s] -- Detecting CXX compiler ABI info - done
[0.265s] -- Check for working CXX compiler: /usr/bin/c++ - skipped
[0.265s] -- Detecting CXX compile features
[0.266s] -- Detecting CXX compile features - done
[0.267s] -- Found ament_cmake: 1.3.11 (/opt/ros/humble/share/ament_cmake/cmake)
[0.372s] -- Found Python3: /usr/bin/python3 (found version "3.10.12") found components: Interpreter 
[0.452s] [33mCMake Warning (dev) at /usr/share/cmake-3.22/Modules/FindPackageHandleStandardArgs.cmake:438 (message):
[0.452s]   The package name passed to `find_package_handle_standard_args` (PkgConfig)
[0.452s]   does not match the name of the calling package (gazebo).  This can lead to
[0.452s]   problems in calling code that expects `find_package` result variables
[0.452s]   (e.g., `_FOUND`) to follow a certain pattern.
[0.452s] Call Stack (most recent call first):
[0.452s]   /usr/share/cmake-3.22/Modules/FindPkgConfig.cmake:99 (find_package_handle_standard_args)
[0.452s]   /usr/lib/x86_64-linux-gnu/cmake/gazebo/gazebo-config.cmake:72 (include)
[0.452s]   CMakeLists.txt:23 (find_package)
[0.452s] This warning is for project developers.  Use -Wno-dev to suppress it.
[0.453s] [0m
[0.453s] -- Found PkgConfig: /usr/bin/pkg-config (found version "0.29.2") 
[0.457s] -- Checking for module 'bullet>=2.82'
[0.465s] --   Found bullet, version 3.05
[0.527s] -- Found fcl: /usr/include (found suitable version "0.7.0", minimum required is "0.5.0") 
[0.553s] -- Found assimp: /usr/include (found version "5.2.0") 
[0.566s] -- Found DART: /usr/include (Required is at least version "6.6") found components: dart 
[0.674s] -- Found Boost: /usr/lib/x86_64-linux-gnu/cmake/Boost-1.74.0/BoostConfig.cmake (found suitable version "1.74.0", minimum required is "1.40.0") found components: thread system filesystem program_options regex iostreams date_time 
[0.685s] -- Found Protobuf: /usr/lib/x86_64-linux-gnu/libprotobuf.so (found version "3.12.4") 
[0.688s] -- Looking for ignition-math6 -- found version 6.15.1
[0.692s] -- Searching for dependencies of ignition-math6
[0.692s] -- Looking for OGRE...
[0.693s] -- OGRE_PREFIX_WATCH changed.
[0.696s] -- Checking for module 'OGRE'
[0.702s] --   Found OGRE, version 1.9.0
[0.719s] -- Found Ogre Ghadamon (1.9.0)
[0.726s] -- Found OGRE: optimized;/usr/lib/x86_64-linux-gnu/libOgreMain.so;debug;/usr/lib/x86_64-linux-gnu/libOgreMain.so
[0.732s] -- Looking for OGRE_Paging...
[0.735s] -- Found OGRE_Paging: optimized;/usr/lib/x86_64-linux-gnu/libOgrePaging.so;debug;/usr/lib/x86_64-linux-gnu/libOgrePaging.so
[0.735s] -- Looking for OGRE_Terrain...
[0.739s] -- Found OGRE_Terrain: optimized;/usr/lib/x86_64-linux-gnu/libOgreTerrain.so;debug;/usr/lib/x86_64-linux-gnu/libOgreTerrain.so
[0.739s] -- Looking for OGRE_Property...
[0.742s] -- Found OGRE_Property: optimized;/usr/lib/x86_64-linux-gnu/libOgreProperty.so;debug;/usr/lib/x86_64-linux-gnu/libOgreProperty.so
[0.742s] -- Looking for OGRE_RTShaderSystem...
[0.745s] -- Found OGRE_RTShaderSystem: optimized;/usr/lib/x86_64-linux-gnu/libOgreRTShaderSystem.so;debug;/usr/lib/x86_64-linux-gnu/libOgreRTShaderSystem.so
[0.745s] -- Looking for OGRE_Volume...
[0.749s] -- Found OGRE_Volume: optimized;/usr/lib/x86_64-linux-gnu/libOgreVolume.so;debug;/usr/lib/x86_64-linux-gnu/libOgreVolume.so
[0.749s] -- Looking for OGRE_Overlay...
[0.752s] -- Found OGRE_Overlay: optimized;/usr/lib/x86_64-linux-gnu/libOgreOverlay.so;debug;/usr/lib/x86_64-linux-gnu/libOgreOverlay.so
[0.818s] -- Looking for ignition-math6 -- found version 6.15.1
[0.820s] -- Looking for ignition-transport8 -- found version 8.2.1
[0.820s] -- Searching for dependencies of ignition-transport8
[0.831s] -- Found Protobuf: /usr/lib/x86_64-linux-gnu/libprotobuf.so (found suitable version "3.12.4", minimum required is "3") 
[0.838s] -- Config-file not installed for ZeroMQ -- checking for pkg-config
[0.841s] -- Checking for module 'libzmq >= 4'
[0.848s] --   Found libzmq , version 4.3.4
[0.866s] -- Found ZeroMQ: TRUE (Required is at least version "4") 
[0.870s] -- Checking for module 'uuid'
[0.876s] --   Found uuid, version 2.37.2
[0.893s] -- Found UUID: TRUE  
[0.894s] -- Looking for ignition-msgs5 -- found version 5.8.1
[0.895s] -- Searching for dependencies of ignition-msgs5
[0.906s] -- Looking for ignition-math6 -- found version 6.15.1
[0.909s] -- Checking for module 'tinyxml2'
[0.916s] --   Found tinyxml2, version 9.0.0
[0.934s] -- Looking for ignition-msgs5 -- found version 5.8.1
[0.936s] -- Looking for ignition-common3 -- found version 3.14.0
[0.936s] -- Searching for dependencies of ignition-common3
[0.937s] -- Looking for dlfcn.h - found
[0.937s] -- Looking for libdl - found
[0.938s] -- Found DL: TRUE  
[0.945s] -- Found tinyobjloader: /usr/lib/x86_64-linux-gnu/cmake/tinyobjloader/tinyobjloader-config.cmake (found version "2.0.0") 
[0.945s] -- Searching for <ignition-common3> component [graphics]
[0.946s] -- Looking for ignition-common3-graphics -- found version 3.14.0
[0.946s] -- Searching for dependencies of ignition-common3-graphics
[0.947s] -- Looking for ignition-math6 -- found version 6.15.1
[0.948s] -- Looking for ignition-fuel_tools4 -- found version 4.4.0
[0.949s] -- Searching for dependencies of ignition-fuel_tools4
[0.991s] -- Found CURL: /usr/lib/x86_64-linux-gnu/libcurl.so (found version "7.81.0")  
[0.996s] -- Checking for module 'jsoncpp'
[1.003s] --   Found jsoncpp, version 1.9.5
[1.020s] -- Found JSONCPP: TRUE  
[1.023s] -- Checking for module 'libzip'
[1.030s] --   Found libzip, version 1.7.3
[1.048s] -- Found ZIP: TRUE  
[1.048s] -- Looking for ignition-common3 -- found version 3.14.0
[1.048s] -- Looking for ignition-math6 -- found version 6.15.1
[1.048s] -- Looking for ignition-msgs5 -- found version 5.8.1
[1.052s] -- Found gazebo_ros_pkgs: 3.7.0 (/opt/ros/humble/share/gazebo_ros_pkgs/cmake)
[1.053s] -- Found geometry_msgs: 4.2.4 (/opt/ros/humble/share/geometry_msgs/cmake)
[1.072s] -- Found rosidl_generator_c: 3.1.6 (/opt/ros/humble/share/rosidl_generator_c/cmake)
[1.076s] -- Found rosidl_adapter: 3.1.6 (/opt/ros/humble/share/rosidl_adapter/cmake)
[1.081s] -- Found rosidl_generator_cpp: 3.1.6 (/opt/ros/humble/share/rosidl_generator_cpp/cmake)
[1.089s] -- Using all available rosidl_typesupport_c: rosidl_typesupport_fastrtps_c;rosidl_typesupport_introspection_c
[1.099s] -- Using all available rosidl_typesupport_cpp: rosidl_typesupport_fastrtps_cpp;rosidl_typesupport_introspection_cpp
[1.124s] -- Found nav_msgs: 4.2.4 (/opt/ros/humble/share/nav_msgs/cmake)
[1.139s] -- Found rclcpp: 16.0.11 (/opt/ros/humble/share/rclcpp/cmake)
[1.163s] -- Found rmw_implementation_cmake: 6.1.2 (/opt/ros/humble/share/rmw_implementation_cmake/cmake)
[1.165s] -- Found rmw_cyclonedds_cpp: 1.3.4 (/opt/ros/humble/share/rmw_cyclonedds_cpp/cmake)
[1.178s] -- Using RMW implementation 'rmw_cyclonedds_cpp' as default
[1.184s] -- Found Threads: TRUE  
[1.207s] -- Found sensor_msgs: 4.2.4 (/opt/ros/humble/share/sensor_msgs/cmake)
[1.220s] -- Found tf2: 0.25.9 (/opt/ros/humble/share/tf2/cmake)
[1.268s] -- Configuring done
[1.286s] -- Generating done
[1.291s] -- Build files have been written to: /home/ubuntu/GAZEBO_SIM/ssafy_ws/build/turtlebot3_gazebo
[1.299s] Invoked command in '/home/ubuntu/GAZEBO_SIM/ssafy_ws/build/turtlebot3_gazebo' returned '0': AMENT_PREFIX_PATH=/home/ubuntu/GAZEBO_SIM/ssafy_ws/install/velodyne_description:/home/ubuntu/GAZEBO_SIM/ssafy_ws/install/turtlebot3_description:${AMENT_PREFIX_PATH} CMAKE_PREFIX_PATH=/home/ubuntu/GAZEBO_SIM/ssafy_ws/install/velodyne_description:/home/ubuntu/GAZEBO_SIM/ssafy_ws/install/turtlebot3_description:/opt/ros/humble /usr/bin/cmake /home/ubuntu/GAZEBO_SIM/ssafy_ws/src/turtlebot3_simulations/turtlebot3_gazebo -DCMAKE_INSTALL_PREFIX=/home/ubuntu/GAZEBO_SIM/ssafy_ws/install/turtlebot3_gazebo
[1.300s] Invoking command in '/home/ubuntu/GAZEBO_SIM/ssafy_ws/build/turtlebot3_gazebo': AMENT_PREFIX_PATH=/home/ubuntu/GAZEBO_SIM/ssafy_ws/install/velodyne_description:/home/ubuntu/GAZEBO_SIM/ssafy_ws/install/turtlebot3_description:${AMENT_PREFIX_PATH} CMAKE_PREFIX_PATH=/home/ubuntu/GAZEBO_SIM/ssafy_ws/install/velodyne_description:/home/ubuntu/GAZEBO_SIM/ssafy_ws/install/turtlebot3_description:/opt/ros/humble /usr/bin/cmake --build /home/ubuntu/GAZEBO_SIM/ssafy_ws/build/turtlebot3_gazebo -- -j12 -l12
[1.332s] [ 50%] [32mBuilding CXX object CMakeFiles/turtlebot3_drive.dir/src/turtlebot3_drive.cpp.o[0m
[1.332s] [ 50%] [32mBuilding CXX object CMakeFiles/obstacles.dir/models/turtlebot3_dqn_world/obstacle_plugin/obstacles.cc.o[0m
[1.332s] [ 50%] [32mBuilding CXX object CMakeFiles/obstacle1.dir/models/turtlebot3_dqn_world/obstacle_plugin/obstacle1.cc.o[0m
[1.332s] [ 50%] [32mBuilding CXX object CMakeFiles/obstacle2.dir/models/turtlebot3_dqn_world/obstacle_plugin/obstacle2.cc.o[0m
[10.947s] [ 62%] [32m[1mLinking CXX shared library libobstacle1.so[0m
[11.002s] [ 75%] [32m[1mLinking CXX shared library libobstacles.so[0m
[11.062s] [ 87%] [32m[1mLinking CXX shared library libobstacle2.so[0m
[11.104s] [100%] [32m[1mLinking CXX executable turtlebot3_drive[0m
[11.199s] [100%] Built target obstacle1
[11.215s] [100%] Built target obstacles
[11.264s] [100%] Built target obstacle2
[11.523s] [100%] Built target turtlebot3_drive
[11.533s] Invoked command in '/home/ubuntu/GAZEBO_SIM/ssafy_ws/build/turtlebot3_gazebo' returned '0': AMENT_PREFIX_PATH=/home/ubuntu/GAZEBO_SIM/ssafy_ws/install/velodyne_description:/home/ubuntu/GAZEBO_SIM/ssafy_ws/install/turtlebot3_description:${AMENT_PREFIX_PATH} CMAKE_PREFIX_PATH=/home/ubuntu/GAZEBO_SIM/ssafy_ws/install/velodyne_description:/home/ubuntu/GAZEBO_SIM/ssafy_ws/install/turtlebot3_description:/opt/ros/humble /usr/bin/cmake --build /home/ubuntu/GAZEBO_SIM/ssafy_ws/build/turtlebot3_gazebo -- -j12 -l12
[11.534s] Invoking command in '/home/ubuntu/GAZEBO_SIM/ssafy_ws/build/turtlebot3_gazebo': AMENT_PREFIX_PATH=/home/ubuntu/GAZEBO_SIM/ssafy_ws/install/velodyne_description:/home/ubuntu/GAZEBO_SIM/ssafy_ws/install/turtlebot3_description:${AMENT_PREFIX_PATH} CMAKE_PREFIX_PATH=/home/ubuntu/GAZEBO_SIM/ssafy_ws/install/velodyne_description:/home/ubuntu/GAZEBO_SIM/ssafy_ws/install/turtlebot3_description:/opt/ros/humble /usr/bin/cmake --install /home/ubuntu/GAZEBO_SIM/ssafy_ws/build/turtlebot3_gazebo
[11.538s] -- Install configuration: ""
[11.538s] -- Installing: /home/ubuntu/GAZEBO_SIM/ssafy_ws/install/turtlebot3_gazebo/lib/turtlebot3_gazebo/turtlebot3_drive
[11.541s] -- Set runtime path of "/home/ubuntu/GAZEBO_SIM/ssafy_ws/install/turtlebot3_gazebo/lib/turtlebot3_gazebo/turtlebot3_drive" to ""
[11.541s] -- Installing: /home/ubuntu/GAZEBO_SIM/ssafy_ws/install/turtlebot3_gazebo/share/turtlebot3_gazebo//launch
[11.541s] -- Installing: /home/ubuntu/GAZEBO_SIM/ssafy_ws/install/turtlebot3_gazebo/share/turtlebot3_gazebo//launch/turtlebot3_burger.launch.py
[11.541s] -- Installing: /home/ubuntu/GAZEBO_SIM/ssafy_ws/install/turtlebot3_gazebo/share/turtlebot3_gazebo//launch/robot_state_publisher.launch.py
[11.541s] -- Installing: /home/ubuntu/GAZEBO_SIM/ssafy_ws/install/turtlebot3_gazebo/share/turtlebot3_gazebo//launch/multi_turtlebot3_velodyne_world.launch.py
[11.541s] -- Installing: /home/ubuntu/GAZEBO_SIM/ssafy_ws/install/turtlebot3_gazebo/share/turtlebot3_gazebo//launch/turtlebot3_velodyne_burger.launch.py
[11.541s] -- Installing: /home/ubuntu/GAZEBO_SIM/ssafy_ws/install/turtlebot3_gazebo/share/turtlebot3_gazebo//launch/multi_turtlebot3_world.launch.py
[11.541s] -- Installing: /home/ubuntu/GAZEBO_SIM/ssafy_ws/install/turtlebot3_gazebo/share/turtlebot3_gazebo//launch/tb3_imu_lidar_gps_burger.launch.py
[11.541s] -- Installing: /home/ubuntu/GAZEBO_SIM/ssafy_ws/install/turtlebot3_gazebo/share/turtlebot3_gazebo//models
[11.541s] -- Installing: /home/ubuntu/GAZEBO_SIM/ssafy_ws/install/turtlebot3_gazebo/share/turtlebot3_gazebo//models/turtlebot3_burger_velodyne_1
[11.541s] -- Installing: /home/ubuntu/GAZEBO_SIM/ssafy_ws/install/turtlebot3_gazebo/share/turtlebot3_gazebo//models/turtlebot3_burger_velodyne_1/model.config
[11.541s] -- Installing: /home/ubuntu/GAZEBO_SIM/ssafy_ws/install/turtlebot3_gazebo/share/turtlebot3_gazebo//models/turtlebot3_burger_velodyne_1/meshes_dae
[11.541s] -- Installing: /home/ubuntu/GAZEBO_SIM/ssafy_ws/install/turtlebot3_gazebo/share/turtlebot3_gazebo//models/turtlebot3_burger_velodyne_1/meshes_dae/left_tire.dae
[11.542s] -- Installing: /home/ubuntu/GAZEBO_SIM/ssafy_ws/install/turtlebot3_gazebo/share/turtlebot3_gazebo//models/turtlebot3_burger_velodyne_1/meshes_dae/burger_base.dae
[11.548s] -- Installing: /home/ubuntu/GAZEBO_SIM/ssafy_ws/install/turtlebot3_gazebo/share/turtlebot3_gazebo//models/turtlebot3_burger_velodyne_1/meshes_dae/lds.dae
[11.549s] -- Installing: /home/ubuntu/GAZEBO_SIM/ssafy_ws/install/turtlebot3_gazebo/share/turtlebot3_gazebo//models/turtlebot3_burger_velodyne_1/meshes_dae/right_tire.dae
[11.550s] -- Installing: /home/ubuntu/GAZEBO_SIM/ssafy_ws/install/turtlebot3_gazebo/share/turtlebot3_gazebo//models/turtlebot3_burger_velodyne_1/meshes
[11.550s] -- Installing: /home/ubuntu/GAZEBO_SIM/ssafy_ws/install/turtlebot3_gazebo/share/turtlebot3_gazebo//models/turtlebot3_burger_velodyne_1/meshes/lds.stl
[11.551s] -- Installing: /home/ubuntu/GAZEBO_SIM/ssafy_ws/install/turtlebot3_gazebo/share/turtlebot3_gazebo//models/turtlebot3_burger_velodyne_1/meshes/left_tire.stl
[11.551s] -- Installing: /home/ubuntu/GAZEBO_SIM/ssafy_ws/install/turtlebot3_gazebo/share/turtlebot3_gazebo//models/turtlebot3_burger_velodyne_1/meshes/right_tire.stl
[11.552s] -- Installing: /home/ubuntu/GAZEBO_SIM/ssafy_ws/install/turtlebot3_gazebo/share/turtlebot3_gazebo//models/turtlebot3_burger_velodyne_1/meshes/burger_base.stl
[11.554s] -- Installing: /home/ubuntu/GAZEBO_SIM/ssafy_ws/install/turtlebot3_gazebo/share/turtlebot3_gazebo//models/turtlebot3_burger_velodyne_1/model.sdf
[11.554s] -- Installing: /home/ubuntu/GAZEBO_SIM/ssafy_ws/install/turtlebot3_gazebo/share/turtlebot3_gazebo//models/turtlebot3_burger
[11.554s] -- Installing: /home/ubuntu/GAZEBO_SIM/ssafy_ws/install/turtlebot3_gazebo/share/turtlebot3_gazebo//models/turtlebot3_burger/model-1_4.sdf
[11.554s] -- Installing: /home/ubuntu/GAZEBO_SIM/ssafy_ws/install/turtlebot3_gazebo/share/turtlebot3_gazebo//models/turtlebot3_burger/model.config
[11.554s] -- Installing: /home/ubuntu/GAZEBO_SIM/ssafy_ws/install/turtlebot3_gazebo/share/turtlebot3_gazebo//models/turtlebot3_burger/meshes_dae
[11.554s] -- Installing: /home/ubuntu/GAZEBO_SIM/ssafy_ws/install/turtlebot3_gazebo/share/turtlebot3_gazebo//models/turtlebot3_burger/meshes_dae/left_tire.dae
[11.556s] -- Installing: /home/ubuntu/GAZEBO_SIM/ssafy_ws/install/turtlebot3_gazebo/share/turtlebot3_gazebo//models/turtlebot3_burger/meshes_dae/burger_base.dae
[11.561s] -- Installing: /home/ubuntu/GAZEBO_SIM/ssafy_ws/install/turtlebot3_gazebo/share/turtlebot3_gazebo//models/turtlebot3_burger/meshes_dae/lds.dae
[11.562s] -- Installing: /home/ubuntu/GAZEBO_SIM/ssafy_ws/install/turtlebot3_gazebo/share/turtlebot3_gazebo//models/turtlebot3_burger/meshes_dae/right_tire.dae
[11.563s] -- Installing: /home/ubuntu/GAZEBO_SIM/ssafy_ws/install/turtlebot3_gazebo/share/turtlebot3_gazebo//models/turtlebot3_burger/meshes
[11.563s] -- Installing: /home/ubuntu/GAZEBO_SIM/ssafy_ws/install/turtlebot3_gazebo/share/turtlebot3_gazebo//models/turtlebot3_burger/meshes/lds.stl
[11.563s] -- Installing: /home/ubuntu/GAZEBO_SIM/ssafy_ws/install/turtlebot3_gazebo/share/turtlebot3_gazebo//models/turtlebot3_burger/meshes/left_tire.stl
[11.564s] -- Installing: /home/ubuntu/GAZEBO_SIM/ssafy_ws/install/turtlebot3_gazebo/share/turtlebot3_gazebo//models/turtlebot3_burger/meshes/right_tire.stl
[11.565s] -- Installing: /home/ubuntu/GAZEBO_SIM/ssafy_ws/install/turtlebot3_gazebo/share/turtlebot3_gazebo//models/turtlebot3_burger/meshes/burger_base.stl
[11.567s] -- Installing: /home/ubuntu/GAZEBO_SIM/ssafy_ws/install/turtlebot3_gazebo/share/turtlebot3_gazebo//models/turtlebot3_burger/model.sdf
[11.567s] -- Installing: /home/ubuntu/GAZEBO_SIM/ssafy_ws/install/turtlebot3_gazebo/share/turtlebot3_gazebo//models/turtlebot3_burger_1
[11.567s] -- Installing: /home/ubuntu/GAZEBO_SIM/ssafy_ws/install/turtlebot3_gazebo/share/turtlebot3_gazebo//models/turtlebot3_burger_1/model.config
[11.567s] -- Installing: /home/ubuntu/GAZEBO_SIM/ssafy_ws/install/turtlebot3_gazebo/share/turtlebot3_gazebo//models/turtlebot3_burger_1/meshes_dae
[11.567s] -- Installing: /home/ubuntu/GAZEBO_SIM/ssafy_ws/install/turtlebot3_gazebo/share/turtlebot3_gazebo//models/turtlebot3_burger_1/meshes_dae/left_tire.dae
[11.568s] -- Installing: /home/ubuntu/GAZEBO_SIM/ssafy_ws/install/turtlebot3_gazebo/share/turtlebot3_gazebo//models/turtlebot3_burger_1/meshes_dae/burger_base.dae
[11.573s] -- Installing: /home/ubuntu/GAZEBO_SIM/ssafy_ws/install/turtlebot3_gazebo/share/turtlebot3_gazebo//models/turtlebot3_burger_1/meshes_dae/lds.dae
[11.574s] -- Installing: /home/ubuntu/GAZEBO_SIM/ssafy_ws/install/turtlebot3_gazebo/share/turtlebot3_gazebo//models/turtlebot3_burger_1/meshes_dae/right_tire.dae
[11.576s] -- Installing: /home/ubuntu/GAZEBO_SIM/ssafy_ws/install/turtlebot3_gazebo/share/turtlebot3_gazebo//models/turtlebot3_burger_1/meshes
[11.576s] -- Installing: /home/ubuntu/GAZEBO_SIM/ssafy_ws/install/turtlebot3_gazebo/share/turtlebot3_gazebo//models/turtlebot3_burger_1/meshes/lds.stl
[11.576s] -- Installing: /home/ubuntu/GAZEBO_SIM/ssafy_ws/install/turtlebot3_gazebo/share/turtlebot3_gazebo//models/turtlebot3_burger_1/meshes/left_tire.stl
[11.577s] -- Installing: /home/ubuntu/GAZEBO_SIM/ssafy_ws/install/turtlebot3_gazebo/share/turtlebot3_gazebo//models/turtlebot3_burger_1/meshes/right_tire.stl
[11.577s] -- Installing: /home/ubuntu/GAZEBO_SIM/ssafy_ws/install/turtlebot3_gazebo/share/turtlebot3_gazebo//models/turtlebot3_burger_1/meshes/burger_base.stl
[11.579s] -- Installing: /home/ubuntu/GAZEBO_SIM/ssafy_ws/install/turtlebot3_gazebo/share/turtlebot3_gazebo//models/turtlebot3_burger_1/model.sdf
[11.579s] -- Installing: /home/ubuntu/GAZEBO_SIM/ssafy_ws/install/turtlebot3_gazebo/share/turtlebot3_gazebo//models/turtlebot3_dqn_world
[11.580s] -- Installing: /home/ubuntu/GAZEBO_SIM/ssafy_ws/install/turtlebot3_gazebo/share/turtlebot3_gazebo//models/turtlebot3_dqn_world/model.config
[11.580s] -- Installing: /home/ubuntu/GAZEBO_SIM/ssafy_ws/install/turtlebot3_gazebo/share/turtlebot3_gazebo//models/turtlebot3_dqn_world/goal_box
[11.580s] -- Installing: /home/ubuntu/GAZEBO_SIM/ssafy_ws/install/turtlebot3_gazebo/share/turtlebot3_gazebo//models/turtlebot3_dqn_world/goal_box/model.config
[11.580s] -- Installing: /home/ubuntu/GAZEBO_SIM/ssafy_ws/install/turtlebot3_gazebo/share/turtlebot3_gazebo//models/turtlebot3_dqn_world/goal_box/model.sdf
[11.580s] -- Installing: /home/ubuntu/GAZEBO_SIM/ssafy_ws/install/turtlebot3_gazebo/share/turtlebot3_gazebo//models/turtlebot3_dqn_world/inner_walls
[11.580s] -- Installing: /home/ubuntu/GAZEBO_SIM/ssafy_ws/install/turtlebot3_gazebo/share/turtlebot3_gazebo//models/turtlebot3_dqn_world/inner_walls/model.config
[11.580s] -- Installing: /home/ubuntu/GAZEBO_SIM/ssafy_ws/install/turtlebot3_gazebo/share/turtlebot3_gazebo//models/turtlebot3_dqn_world/inner_walls/model.sdf
[11.580s] -- Installing: /home/ubuntu/GAZEBO_SIM/ssafy_ws/install/turtlebot3_gazebo/share/turtlebot3_gazebo//models/turtlebot3_dqn_world/obstacles
[11.580s] -- Installing: /home/ubuntu/GAZEBO_SIM/ssafy_ws/install/turtlebot3_gazebo/share/turtlebot3_gazebo//models/turtlebot3_dqn_world/obstacles/model.config
[11.580s] -- Installing: /home/ubuntu/GAZEBO_SIM/ssafy_ws/install/turtlebot3_gazebo/share/turtlebot3_gazebo//models/turtlebot3_dqn_world/obstacles/model.sdf
[11.580s] -- Installing: /home/ubuntu/GAZEBO_SIM/ssafy_ws/install/turtlebot3_gazebo/share/turtlebot3_gazebo//models/turtlebot3_dqn_world/obstacle_plugin
[11.580s] -- Installing: /home/ubuntu/GAZEBO_SIM/ssafy_ws/install/turtlebot3_gazebo/share/turtlebot3_gazebo//models/turtlebot3_dqn_world/obstacle_plugin/obstacle1.cc
[11.580s] -- Installing: /home/ubuntu/GAZEBO_SIM/ssafy_ws/install/turtlebot3_gazebo/share/turtlebot3_gazebo//models/turtlebot3_dqn_world/obstacle_plugin/CMakeLists.txt
[11.580s] -- Installing: /home/ubuntu/GAZEBO_SIM/ssafy_ws/install/turtlebot3_gazebo/share/turtlebot3_gazebo//models/turtlebot3_dqn_world/obstacle_plugin/obstacle2.cc
[11.580s] -- Installing: /home/ubuntu/GAZEBO_SIM/ssafy_ws/install/turtlebot3_gazebo/share/turtlebot3_gazebo//models/turtlebot3_dqn_world/obstacle_plugin/obstacles.cc
[11.580s] -- Installing: /home/ubuntu/GAZEBO_SIM/ssafy_ws/install/turtlebot3_gazebo/share/turtlebot3_gazebo//models/turtlebot3_dqn_world/obstacle2
[11.580s] -- Installing: /home/ubuntu/GAZEBO_SIM/ssafy_ws/install/turtlebot3_gazebo/share/turtlebot3_gazebo//models/turtlebot3_dqn_world/obstacle2/model.config
[11.580s] -- Installing: /home/ubuntu/GAZEBO_SIM/ssafy_ws/install/turtlebot3_gazebo/share/turtlebot3_gazebo//models/turtlebot3_dqn_world/obstacle2/model.sdf
[11.580s] -- Installing: /home/ubuntu/GAZEBO_SIM/ssafy_ws/install/turtlebot3_gazebo/share/turtlebot3_gazebo//models/turtlebot3_dqn_world/obstacle1
[11.580s] -- Installing: /home/ubuntu/GAZEBO_SIM/ssafy_ws/install/turtlebot3_gazebo/share/turtlebot3_gazebo//models/turtlebot3_dqn_world/obstacle1/model.config
[11.580s] -- Installing: /home/ubuntu/GAZEBO_SIM/ssafy_ws/install/turtlebot3_gazebo/share/turtlebot3_gazebo//models/turtlebot3_dqn_world/obstacle1/model.sdf
[11.580s] -- Installing: /home/ubuntu/GAZEBO_SIM/ssafy_ws/install/turtlebot3_gazebo/share/turtlebot3_gazebo//models/turtlebot3_dqn_world/model.sdf
[11.580s] -- Installing: /home/ubuntu/GAZEBO_SIM/ssafy_ws/install/turtlebot3_gazebo/share/turtlebot3_gazebo//models/turtlebot3_autorace
[11.580s] -- Installing: /home/ubuntu/GAZEBO_SIM/ssafy_ws/install/turtlebot3_gazebo/share/turtlebot3_gazebo//models/turtlebot3_autorace/tunnel_obstacles
[11.580s] -- Installing: /home/ubuntu/GAZEBO_SIM/ssafy_ws/install/turtlebot3_gazebo/share/turtlebot3_gazebo//models/turtlebot3_autorace/tunnel_obstacles/model.config
[11.581s] -- Installing: /home/ubuntu/GAZEBO_SIM/ssafy_ws/install/turtlebot3_gazebo/share/turtlebot3_gazebo//models/turtlebot3_autorace/tunnel_obstacles/model.sdf
[11.581s] -- Installing: /home/ubuntu/GAZEBO_SIM/ssafy_ws/install/turtlebot3_gazebo/share/turtlebot3_gazebo//models/turtlebot3_autorace/traffic_tunnel
[11.581s] -- Installing: /home/ubuntu/GAZEBO_SIM/ssafy_ws/install/turtlebot3_gazebo/share/turtlebot3_gazebo//models/turtlebot3_autorace/traffic_tunnel/model.config
[11.581s] -- Installing: /home/ubuntu/GAZEBO_SIM/ssafy_ws/install/turtlebot3_gazebo/share/turtlebot3_gazebo//models/turtlebot3_autorace/traffic_tunnel/materials
[11.581s] -- Installing: /home/ubuntu/GAZEBO_SIM/ssafy_ws/install/turtlebot3_gazebo/share/turtlebot3_gazebo//models/turtlebot3_autorace/traffic_tunnel/materials/scripts
[11.581s] -- Installing: /home/ubuntu/GAZEBO_SIM/ssafy_ws/install/turtlebot3_gazebo/share/turtlebot3_gazebo//models/turtlebot3_autorace/traffic_tunnel/materials/scripts/tunnel.material
[11.581s] -- Installing: /home/ubuntu/GAZEBO_SIM/ssafy_ws/install/turtlebot3_gazebo/share/turtlebot3_gazebo//models/turtlebot3_autorace/traffic_tunnel/materials/textures
[11.581s] -- Installing: /home/ubuntu/GAZEBO_SIM/ssafy_ws/install/turtlebot3_gazebo/share/turtlebot3_gazebo//models/turtlebot3_autorace/traffic_tunnel/materials/textures/tunnel.png
[11.581s] -- Installing: /home/ubuntu/GAZEBO_SIM/ssafy_ws/install/turtlebot3_gazebo/share/turtlebot3_gazebo//models/turtlebot3_autorace/traffic_tunnel/model.sdf
[11.581s] -- Installing: /home/ubuntu/GAZEBO_SIM/ssafy_ws/install/turtlebot3_gazebo/share/turtlebot3_gazebo//models/turtlebot3_autorace/model.config
[11.581s] -- Installing: /home/ubuntu/GAZEBO_SIM/ssafy_ws/install/turtlebot3_gazebo/share/turtlebot3_gazebo//models/turtlebot3_autorace/ground
[11.581s] -- Installing: /home/ubuntu/GAZEBO_SIM/ssafy_ws/install/turtlebot3_gazebo/share/turtlebot3_gazebo//models/turtlebot3_autorace/ground/model.config
[11.581s] -- Installing: /home/ubuntu/GAZEBO_SIM/ssafy_ws/install/turtlebot3_gazebo/share/turtlebot3_gazebo//models/turtlebot3_autorace/ground/model.sdf
[11.581s] -- Installing: /home/ubuntu/GAZEBO_SIM/ssafy_ws/install/turtlebot3_gazebo/share/turtlebot3_gazebo//models/turtlebot3_autorace/lights
[11.581s] -- Installing: /home/ubuntu/GAZEBO_SIM/ssafy_ws/install/turtlebot3_gazebo/share/turtlebot3_gazebo//models/turtlebot3_autorace/lights/model.config
[11.581s] -- Installing: /home/ubuntu/GAZEBO_SIM/ssafy_ws/install/turtlebot3_gazebo/share/turtlebot3_gazebo//models/turtlebot3_autorace/lights/model.sdf
[11.581s] -- Installing: /home/ubuntu/GAZEBO_SIM/ssafy_ws/install/turtlebot3_gazebo/share/turtlebot3_gazebo//models/turtlebot3_autorace/traffic_light_green
[11.581s] -- Installing: /home/ubuntu/GAZEBO_SIM/ssafy_ws/install/turtlebot3_gazebo/share/turtlebot3_gazebo//models/turtlebot3_autorace/traffic_light_green/model.config
[11.581s] -- Installing: /home/ubuntu/GAZEBO_SIM/ssafy_ws/install/turtlebot3_gazebo/share/turtlebot3_gazebo//models/turtlebot3_autorace/traffic_light_green/model.sdf
[11.581s] -- Installing: /home/ubuntu/GAZEBO_SIM/ssafy_ws/install/turtlebot3_gazebo/share/turtlebot3_gazebo//models/turtlebot3_autorace/tunnel_wall
[11.581s] -- Installing: /home/ubuntu/GAZEBO_SIM/ssafy_ws/install/turtlebot3_gazebo/share/turtlebot3_gazebo//models/turtlebot3_autorace/tunnel_wall/model.config
[11.581s] -- Installing: /home/ubuntu/GAZEBO_SIM/ssafy_ws/install/turtlebot3_gazebo/share/turtlebot3_gazebo//models/turtlebot3_autorace/tunnel_wall/model.sdf
[11.581s] -- Installing: /home/ubuntu/GAZEBO_SIM/ssafy_ws/install/turtlebot3_gazebo/share/turtlebot3_gazebo//models/turtlebot3_autorace/traffic_bar_down
[11.581s] -- Installing: /home/ubuntu/GAZEBO_SIM/ssafy_ws/install/turtlebot3_gazebo/share/turtlebot3_gazebo//models/turtlebot3_autorace/traffic_bar_down/model.config
[11.581s] -- Installing: /home/ubuntu/GAZEBO_SIM/ssafy_ws/install/turtlebot3_gazebo/share/turtlebot3_gazebo//models/turtlebot3_autorace/traffic_bar_down/materials
[11.581s] -- Installing: /home/ubuntu/GAZEBO_SIM/ssafy_ws/install/turtlebot3_gazebo/share/turtlebot3_gazebo//models/turtlebot3_autorace/traffic_bar_down/materials/scripts
[11.582s] -- Installing: /home/ubuntu/GAZEBO_SIM/ssafy_ws/install/turtlebot3_gazebo/share/turtlebot3_gazebo//models/turtlebot3_autorace/traffic_bar_down/materials/scripts/traffic_bar.material
[11.582s] -- Installing: /home/ubuntu/GAZEBO_SIM/ssafy_ws/install/turtlebot3_gazebo/share/turtlebot3_gazebo//models/turtlebot3_autorace/traffic_bar_down/materials/textures
[11.582s] -- Installing: /home/ubuntu/GAZEBO_SIM/ssafy_ws/install/turtlebot3_gazebo/share/turtlebot3_gazebo//models/turtlebot3_autorace/traffic_bar_down/materials/textures/traffic_bar.png
[11.582s] -- Installing: /home/ubuntu/GAZEBO_SIM/ssafy_ws/install/turtlebot3_gazebo/share/turtlebot3_gazebo//models/turtlebot3_autorace/traffic_bar_down/model.sdf
[11.582s] -- Installing: /home/ubuntu/GAZEBO_SIM/ssafy_ws/install/turtlebot3_gazebo/share/turtlebot3_gazebo//models/turtlebot3_autorace/course
[11.582s] -- Installing: /home/ubuntu/GAZEBO_SIM/ssafy_ws/install/turtlebot3_gazebo/share/turtlebot3_gazebo//models/turtlebot3_autorace/course/model.config
[11.582s] -- Installing: /home/ubuntu/GAZEBO_SIM/ssafy_ws/install/turtlebot3_gazebo/share/turtlebot3_gazebo//models/turtlebot3_autorace/course/materials
[11.582s] -- Installing: /home/ubuntu/GAZEBO_SIM/ssafy_ws/install/turtlebot3_gazebo/share/turtlebot3_gazebo//models/turtlebot3_autorace/course/materials/scripts
[11.582s] -- Installing: /home/ubuntu/GAZEBO_SIM/ssafy_ws/install/turtlebot3_gazebo/share/turtlebot3_gazebo//models/turtlebot3_autorace/course/materials/scripts/course.material
[11.582s] -- Installing: /home/ubuntu/GAZEBO_SIM/ssafy_ws/install/turtlebot3_gazebo/share/turtlebot3_gazebo//models/turtlebot3_autorace/course/materials/textures
[11.582s] -- Installing: /home/ubuntu/GAZEBO_SIM/ssafy_ws/install/turtlebot3_gazebo/share/turtlebot3_gazebo//models/turtlebot3_autorace/course/materials/textures/course.png
[11.582s] -- Installing: /home/ubuntu/GAZEBO_SIM/ssafy_ws/install/turtlebot3_gazebo/share/turtlebot3_gazebo//models/turtlebot3_autorace/course/model.sdf
[11.582s] -- Installing: /home/ubuntu/GAZEBO_SIM/ssafy_ws/install/turtlebot3_gazebo/share/turtlebot3_gazebo//models/turtlebot3_autorace/traffic_light_red
[11.582s] -- Installing: /home/ubuntu/GAZEBO_SIM/ssafy_ws/install/turtlebot3_gazebo/share/turtlebot3_gazebo//models/turtlebot3_autorace/traffic_light_red/model.config
[11.582s] -- Installing: /home/ubuntu/GAZEBO_SIM/ssafy_ws/install/turtlebot3_gazebo/share/turtlebot3_gazebo//models/turtlebot3_autorace/traffic_light_red/model.sdf
[11.583s] -- Installing: /home/ubuntu/GAZEBO_SIM/ssafy_ws/install/turtlebot3_gazebo/share/turtlebot3_gazebo//models/turtlebot3_autorace/traffic_bar_up
[11.583s] -- Installing: /home/ubuntu/GAZEBO_SIM/ssafy_ws/install/turtlebot3_gazebo/share/turtlebot3_gazebo//models/turtlebot3_autorace/traffic_bar_up/model.config
[11.583s] -- Installing: /home/ubuntu/GAZEBO_SIM/ssafy_ws/install/turtlebot3_gazebo/share/turtlebot3_gazebo//models/turtlebot3_autorace/traffic_bar_up/materials
[11.583s] -- Installing: /home/ubuntu/GAZEBO_SIM/ssafy_ws/install/turtlebot3_gazebo/share/turtlebot3_gazebo//models/turtlebot3_autorace/traffic_bar_up/materials/scripts
[11.583s] -- Installing: /home/ubuntu/GAZEBO_SIM/ssafy_ws/install/turtlebot3_gazebo/share/turtlebot3_gazebo//models/turtlebot3_autorace/traffic_bar_up/materials/scripts/traffic_bar.material
[11.583s] -- Installing: /home/ubuntu/GAZEBO_SIM/ssafy_ws/install/turtlebot3_gazebo/share/turtlebot3_gazebo//models/turtlebot3_autorace/traffic_bar_up/materials/textures
[11.583s] -- Installing: /home/ubuntu/GAZEBO_SIM/ssafy_ws/install/turtlebot3_gazebo/share/turtlebot3_gazebo//models/turtlebot3_autorace/traffic_bar_up/materials/textures/traffic_bar.png
[11.583s] -- Installing: /home/ubuntu/GAZEBO_SIM/ssafy_ws/install/turtlebot3_gazebo/share/turtlebot3_gazebo//models/turtlebot3_autorace/traffic_bar_up/model.sdf
[11.583s] -- Installing: /home/ubuntu/GAZEBO_SIM/ssafy_ws/install/turtlebot3_gazebo/share/turtlebot3_gazebo//models/turtlebot3_autorace/traffic_light_yellow
[11.583s] -- Installing: /home/ubuntu/GAZEBO_SIM/ssafy_ws/install/turtlebot3_gazebo/share/turtlebot3_gazebo//models/turtlebot3_autorace/traffic_light_yellow/model.config
[11.583s] -- Installing: /home/ubuntu/GAZEBO_SIM/ssafy_ws/install/turtlebot3_gazebo/share/turtlebot3_gazebo//models/turtlebot3_autorace/traffic_light_yellow/model.sdf
[11.583s] -- Installing: /home/ubuntu/GAZEBO_SIM/ssafy_ws/install/turtlebot3_gazebo/share/turtlebot3_gazebo//models/turtlebot3_autorace/traffic_stop
[11.583s] -- Installing: /home/ubuntu/GAZEBO_SIM/ssafy_ws/install/turtlebot3_gazebo/share/turtlebot3_gazebo//models/turtlebot3_autorace/traffic_stop/model.config
[11.583s] -- Installing: /home/ubuntu/GAZEBO_SIM/ssafy_ws/install/turtlebot3_gazebo/share/turtlebot3_gazebo//models/turtlebot3_autorace/traffic_stop/materials
[11.583s] -- Installing: /home/ubuntu/GAZEBO_SIM/ssafy_ws/install/turtlebot3_gazebo/share/turtlebot3_gazebo//models/turtlebot3_autorace/traffic_stop/materials/scripts
[11.583s] -- Installing: /home/ubuntu/GAZEBO_SIM/ssafy_ws/install/turtlebot3_gazebo/share/turtlebot3_gazebo//models/turtlebot3_autorace/traffic_stop/materials/scripts/traffic_stop.material
[11.583s] -- Installing: /home/ubuntu/GAZEBO_SIM/ssafy_ws/install/turtlebot3_gazebo/share/turtlebot3_gazebo//models/turtlebot3_autorace/traffic_stop/materials/textures
[11.584s] -- Installing: /home/ubuntu/GAZEBO_SIM/ssafy_ws/install/turtlebot3_gazebo/share/turtlebot3_gazebo//models/turtlebot3_autorace/traffic_stop/materials/textures/traffic_stop.png
[11.584s] -- Installing: /home/ubuntu/GAZEBO_SIM/ssafy_ws/install/turtlebot3_gazebo/share/turtlebot3_gazebo//models/turtlebot3_autorace/traffic_stop/model.sdf
[11.584s] -- Installing: /home/ubuntu/GAZEBO_SIM/ssafy_ws/install/turtlebot3_gazebo/share/turtlebot3_gazebo//models/turtlebot3_autorace/traffic_parking
[11.584s] -- Installing: /home/ubuntu/GAZEBO_SIM/ssafy_ws/install/turtlebot3_gazebo/share/turtlebot3_gazebo//models/turtlebot3_autorace/traffic_parking/model.config
[11.584s] -- Installing: /home/ubuntu/GAZEBO_SIM/ssafy_ws/install/turtlebot3_gazebo/share/turtlebot3_gazebo//models/turtlebot3_autorace/traffic_parking/materials
[11.584s] -- Installing: /home/ubuntu/GAZEBO_SIM/ssafy_ws/install/turtlebot3_gazebo/share/turtlebot3_gazebo//models/turtlebot3_autorace/traffic_parking/materials/scripts
[11.584s] -- Installing: /home/ubuntu/GAZEBO_SIM/ssafy_ws/install/turtlebot3_gazebo/share/turtlebot3_gazebo//models/turtlebot3_autorace/traffic_parking/materials/scripts/traffic_parking.material
[11.584s] -- Installing: /home/ubuntu/GAZEBO_SIM/ssafy_ws/install/turtlebot3_gazebo/share/turtlebot3_gazebo//models/turtlebot3_autorace/traffic_parking/materials/textures
[11.584s] -- Installing: /home/ubuntu/GAZEBO_SIM/ssafy_ws/install/turtlebot3_gazebo/share/turtlebot3_gazebo//models/turtlebot3_autorace/traffic_parking/materials/textures/traffic_parking.png
[11.584s] -- Installing: /home/ubuntu/GAZEBO_SIM/ssafy_ws/install/turtlebot3_gazebo/share/turtlebot3_gazebo//models/turtlebot3_autorace/traffic_parking/model.sdf
[11.584s] -- Installing: /home/ubuntu/GAZEBO_SIM/ssafy_ws/install/turtlebot3_gazebo/share/turtlebot3_gazebo//models/turtlebot3_house
[11.584s] -- Installing: /home/ubuntu/GAZEBO_SIM/ssafy_ws/install/turtlebot3_gazebo/share/turtlebot3_gazebo//models/turtlebot3_house/model.config
[11.584s] -- Installing: /home/ubuntu/GAZEBO_SIM/ssafy_ws/install/turtlebot3_gazebo/share/turtlebot3_gazebo//models/turtlebot3_house/model.sdf
[11.584s] -- Installing: /home/ubuntu/GAZEBO_SIM/ssafy_ws/install/turtlebot3_gazebo/share/turtlebot3_gazebo//models/turtlebot3_burger_velodyne_0
[11.584s] -- Installing: /home/ubuntu/GAZEBO_SIM/ssafy_ws/install/turtlebot3_gazebo/share/turtlebot3_gazebo//models/turtlebot3_burger_velodyne_0/model.config
[11.584s] -- Installing: /home/ubuntu/GAZEBO_SIM/ssafy_ws/install/turtlebot3_gazebo/share/turtlebot3_gazebo//models/turtlebot3_burger_velodyne_0/meshes_dae
[11.584s] -- Installing: /home/ubuntu/GAZEBO_SIM/ssafy_ws/install/turtlebot3_gazebo/share/turtlebot3_gazebo//models/turtlebot3_burger_velodyne_0/meshes_dae/left_tire.dae
[11.586s] -- Installing: /home/ubuntu/GAZEBO_SIM/ssafy_ws/install/turtlebot3_gazebo/share/turtlebot3_gazebo//models/turtlebot3_burger_velodyne_0/meshes_dae/burger_base.dae
[11.591s] -- Installing: /home/ubuntu/GAZEBO_SIM/ssafy_ws/install/turtlebot3_gazebo/share/turtlebot3_gazebo//models/turtlebot3_burger_velodyne_0/meshes_dae/lds.dae
[11.591s] -- Installing: /home/ubuntu/GAZEBO_SIM/ssafy_ws/install/turtlebot3_gazebo/share/turtlebot3_gazebo//models/turtlebot3_burger_velodyne_0/meshes_dae/right_tire.dae
[11.593s] -- Installing: /home/ubuntu/GAZEBO_SIM/ssafy_ws/install/turtlebot3_gazebo/share/turtlebot3_gazebo//models/turtlebot3_burger_velodyne_0/meshes
[11.593s] -- Installing: /home/ubuntu/GAZEBO_SIM/ssafy_ws/install/turtlebot3_gazebo/share/turtlebot3_gazebo//models/turtlebot3_burger_velodyne_0/meshes/lds.stl
[11.593s] -- Installing: /home/ubuntu/GAZEBO_SIM/ssafy_ws/install/turtlebot3_gazebo/share/turtlebot3_gazebo//models/turtlebot3_burger_velodyne_0/meshes/left_tire.stl
[11.594s] -- Installing: /home/ubuntu/GAZEBO_SIM/ssafy_ws/install/turtlebot3_gazebo/share/turtlebot3_gazebo//models/turtlebot3_burger_velodyne_0/meshes/right_tire.stl
[11.594s] -- Installing: /home/ubuntu/GAZEBO_SIM/ssafy_ws/install/turtlebot3_gazebo/share/turtlebot3_gazebo//models/turtlebot3_burger_velodyne_0/meshes/burger_base.stl
[11.597s] -- Installing: /home/ubuntu/GAZEBO_SIM/ssafy_ws/install/turtlebot3_gazebo/share/turtlebot3_gazebo//models/turtlebot3_burger_velodyne_0/model.sdf
[11.597s] -- Installing: /home/ubuntu/GAZEBO_SIM/ssafy_ws/install/turtlebot3_gazebo/share/turtlebot3_gazebo//models/ssafy_model
[11.597s] -- Installing: /home/ubuntu/GAZEBO_SIM/ssafy_ws/install/turtlebot3_gazebo/share/turtlebot3_gazebo//models/ssafy_model/model.config
[11.597s] -- Installing: /home/ubuntu/GAZEBO_SIM/ssafy_ws/install/turtlebot3_gazebo/share/turtlebot3_gazebo//models/ssafy_model/meshes_dae
[11.597s] -- Installing: /home/ubuntu/GAZEBO_SIM/ssafy_ws/install/turtlebot3_gazebo/share/turtlebot3_gazebo//models/ssafy_model/meshes_dae/left_tire.dae
[11.598s] -- Installing: /home/ubuntu/GAZEBO_SIM/ssafy_ws/install/turtlebot3_gazebo/share/turtlebot3_gazebo//models/ssafy_model/meshes_dae/burger_base.dae
[11.603s] -- Installing: /home/ubuntu/GAZEBO_SIM/ssafy_ws/install/turtlebot3_gazebo/share/turtlebot3_gazebo//models/ssafy_model/meshes_dae/lds.dae
[11.604s] -- Installing: /home/ubuntu/GAZEBO_SIM/ssafy_ws/install/turtlebot3_gazebo/share/turtlebot3_gazebo//models/ssafy_model/meshes_dae/right_tire.dae
[11.606s] -- Installing: /home/ubuntu/GAZEBO_SIM/ssafy_ws/install/turtlebot3_gazebo/share/turtlebot3_gazebo//models/ssafy_model/meshes
[11.606s] -- Installing: /home/ubuntu/GAZEBO_SIM/ssafy_ws/install/turtlebot3_gazebo/share/turtlebot3_gazebo//models/ssafy_model/meshes/lds.stl
[11.606s] -- Installing: /home/ubuntu/GAZEBO_SIM/ssafy_ws/install/turtlebot3_gazebo/share/turtlebot3_gazebo//models/ssafy_model/meshes/left_tire.stl
[11.607s] -- Installing: /home/ubuntu/GAZEBO_SIM/ssafy_ws/install/turtlebot3_gazebo/share/turtlebot3_gazebo//models/ssafy_model/meshes/right_tire.stl
[11.607s] -- Installing: /home/ubuntu/GAZEBO_SIM/ssafy_ws/install/turtlebot3_gazebo/share/turtlebot3_gazebo//models/ssafy_model/meshes/burger_base.stl
[11.609s] -- Installing: /home/ubuntu/GAZEBO_SIM/ssafy_ws/install/turtlebot3_gazebo/share/turtlebot3_gazebo//models/ssafy_model/model.sdf
[11.609s] -- Installing: /home/ubuntu/GAZEBO_SIM/ssafy_ws/install/turtlebot3_gazebo/share/turtlebot3_gazebo//models/turtlebot3_burger_0
[11.609s] -- Installing: /home/ubuntu/GAZEBO_SIM/ssafy_ws/install/turtlebot3_gazebo/share/turtlebot3_gazebo//models/turtlebot3_burger_0/model-1_4.sdf
[11.609s] -- Installing: /home/ubuntu/GAZEBO_SIM/ssafy_ws/install/turtlebot3_gazebo/share/turtlebot3_gazebo//models/turtlebot3_burger_0/model.config
[11.610s] -- Installing: /home/ubuntu/GAZEBO_SIM/ssafy_ws/install/turtlebot3_gazebo/share/turtlebot3_gazebo//models/turtlebot3_burger_0/meshes_dae
[11.610s] -- Installing: /home/ubuntu/GAZEBO_SIM/ssafy_ws/install/turtlebot3_gazebo/share/turtlebot3_gazebo//models/turtlebot3_burger_0/meshes_dae/left_tire.dae
[11.611s] -- Installing: /home/ubuntu/GAZEBO_SIM/ssafy_ws/install/turtlebot3_gazebo/share/turtlebot3_gazebo//models/turtlebot3_burger_0/meshes_dae/burger_base.dae
[11.616s] -- Installing: /home/ubuntu/GAZEBO_SIM/ssafy_ws/install/turtlebot3_gazebo/share/turtlebot3_gazebo//models/turtlebot3_burger_0/meshes_dae/lds.dae
[11.617s] -- Installing: /home/ubuntu/GAZEBO_SIM/ssafy_ws/install/turtlebot3_gazebo/share/turtlebot3_gazebo//models/turtlebot3_burger_0/meshes_dae/right_tire.dae
[11.618s] -- Installing: /home/ubuntu/GAZEBO_SIM/ssafy_ws/install/turtlebot3_gazebo/share/turtlebot3_gazebo//models/turtlebot3_burger_0/meshes
[11.618s] -- Installing: /home/ubuntu/GAZEBO_SIM/ssafy_ws/install/turtlebot3_gazebo/share/turtlebot3_gazebo//models/turtlebot3_burger_0/meshes/lds.stl
[11.619s] -- Installing: /home/ubuntu/GAZEBO_SIM/ssafy_ws/install/turtlebot3_gazebo/share/turtlebot3_gazebo//models/turtlebot3_burger_0/meshes/left_tire.stl
[11.619s] -- Installing: /home/ubuntu/GAZEBO_SIM/ssafy_ws/install/turtlebot3_gazebo/share/turtlebot3_gazebo//models/turtlebot3_burger_0/meshes/right_tire.stl
[11.620s] -- Installing: /home/ubuntu/GAZEBO_SIM/ssafy_ws/install/turtlebot3_gazebo/share/turtlebot3_gazebo//models/turtlebot3_burger_0/meshes/burger_base.stl
[11.622s] -- Installing: /home/ubuntu/GAZEBO_SIM/ssafy_ws/install/turtlebot3_gazebo/share/turtlebot3_gazebo//models/turtlebot3_burger_0/model.sdf
[11.622s] -- Installing: /home/ubuntu/GAZEBO_SIM/ssafy_ws/install/turtlebot3_gazebo/share/turtlebot3_gazebo//models/turtlebot3_waffle
[11.622s] -- Installing: /home/ubuntu/GAZEBO_SIM/ssafy_ws/install/turtlebot3_gazebo/share/turtlebot3_gazebo//models/turtlebot3_waffle/model-1_4.sdf
[11.622s] -- Installing: /home/ubuntu/GAZEBO_SIM/ssafy_ws/install/turtlebot3_gazebo/share/turtlebot3_gazebo//models/turtlebot3_waffle/model.config
[11.622s] -- Installing: /home/ubuntu/GAZEBO_SIM/ssafy_ws/install/turtlebot3_gazebo/share/turtlebot3_gazebo//models/turtlebot3_waffle/meshes
[11.622s] -- Installing: /home/ubuntu/GAZEBO_SIM/ssafy_ws/install/turtlebot3_gazebo/share/turtlebot3_gazebo//models/turtlebot3_waffle/meshes/r200.dae
[11.622s] -- Installing: /home/ubuntu/GAZEBO_SIM/ssafy_ws/install/turtlebot3_gazebo/share/turtlebot3_gazebo//models/turtlebot3_waffle/meshes/waffle_base.dae
[11.622s] -- Installing: /home/ubuntu/GAZEBO_SIM/ssafy_ws/install/turtlebot3_gazebo/share/turtlebot3_gazebo//models/turtlebot3_waffle/meshes/lds.dae
[11.622s] -- Installing: /home/ubuntu/GAZEBO_SIM/ssafy_ws/install/turtlebot3_gazebo/share/turtlebot3_gazebo//models/turtlebot3_waffle/meshes/tire.dae
[11.622s] -- Installing: /home/ubuntu/GAZEBO_SIM/ssafy_ws/install/turtlebot3_gazebo/share/turtlebot3_gazebo//models/turtlebot3_waffle/model.sdf
[11.622s] -- Installing: /home/ubuntu/GAZEBO_SIM/ssafy_ws/install/turtlebot3_gazebo/share/turtlebot3_gazebo//models/velodyne_description
[11.622s] -- Installing: /home/ubuntu/GAZEBO_SIM/ssafy_ws/install/turtlebot3_gazebo/share/turtlebot3_gazebo//models/velodyne_description/world
[11.622s] -- Installing: /home/ubuntu/GAZEBO_SIM/ssafy_ws/install/turtlebot3_gazebo/share/turtlebot3_gazebo//models/velodyne_description/world/example.world
[11.622s] -- Installing: /home/ubuntu/GAZEBO_SIM/ssafy_ws/install/turtlebot3_gazebo/share/turtlebot3_gazebo//models/velodyne_description/package.xml
[11.623s] -- Installing: /home/ubuntu/GAZEBO_SIM/ssafy_ws/install/turtlebot3_gazebo/share/turtlebot3_gazebo//models/velodyne_description/urdf
[11.623s] -- Installing: /home/ubuntu/GAZEBO_SIM/ssafy_ws/install/turtlebot3_gazebo/share/turtlebot3_gazebo//models/velodyne_description/urdf/example.urdf.xacro
[11.623s] -- Installing: /home/ubuntu/GAZEBO_SIM/ssafy_ws/install/turtlebot3_gazebo/share/turtlebot3_gazebo//models/velodyne_description/urdf/VLP-16.urdf.xacro
[11.623s] -- Installing: /home/ubuntu/GAZEBO_SIM/ssafy_ws/install/turtlebot3_gazebo/share/turtlebot3_gazebo//models/velodyne_description/urdf/HDL-32E.urdf.xacro
[11.623s] -- Installing: /home/ubuntu/GAZEBO_SIM/ssafy_ws/install/turtlebot3_gazebo/share/turtlebot3_gazebo//models/velodyne_description/CMakeLists.txt
[11.623s] -- Installing: /home/ubuntu/GAZEBO_SIM/ssafy_ws/install/turtlebot3_gazebo/share/turtlebot3_gazebo//models/velodyne_description/env-hooks
[11.623s] -- Installing: /home/ubuntu/GAZEBO_SIM/ssafy_ws/install/turtlebot3_gazebo/share/turtlebot3_gazebo//models/velodyne_description/env-hooks/velodyne_description.dsv.in
[11.623s] -- Installing: /home/ubuntu/GAZEBO_SIM/ssafy_ws/install/turtlebot3_gazebo/share/turtlebot3_gazebo//models/velodyne_description/launch
[11.623s] -- Installing: /home/ubuntu/GAZEBO_SIM/ssafy_ws/install/turtlebot3_gazebo/share/turtlebot3_gazebo//models/velodyne_description/launch/example.launch.py
[11.623s] -- Installing: /home/ubuntu/GAZEBO_SIM/ssafy_ws/install/turtlebot3_gazebo/share/turtlebot3_gazebo//models/velodyne_description/meshes
[11.623s] -- Installing: /home/ubuntu/GAZEBO_SIM/ssafy_ws/install/turtlebot3_gazebo/share/turtlebot3_gazebo//models/velodyne_description/meshes/VLP16_base_2.stl
[11.623s] -- Installing: /home/ubuntu/GAZEBO_SIM/ssafy_ws/install/turtlebot3_gazebo/share/turtlebot3_gazebo//models/velodyne_description/meshes/VLP16_base_1.dae
[11.623s] -- Installing: /home/ubuntu/GAZEBO_SIM/ssafy_ws/install/turtlebot3_gazebo/share/turtlebot3_gazebo//models/velodyne_description/meshes/HDL32E_scan.dae
[11.623s] -- Installing: /home/ubuntu/GAZEBO_SIM/ssafy_ws/install/turtlebot3_gazebo/share/turtlebot3_gazebo//models/velodyne_description/meshes/VLP16_scan.dae
[11.623s] -- Installing: /home/ubuntu/GAZEBO_SIM/ssafy_ws/install/turtlebot3_gazebo/share/turtlebot3_gazebo//models/velodyne_description/meshes/HDL32E_base.stl
[11.624s] -- Installing: /home/ubuntu/GAZEBO_SIM/ssafy_ws/install/turtlebot3_gazebo/share/turtlebot3_gazebo//models/velodyne_description/meshes/HDL32E_base.dae
[11.624s] -- Installing: /home/ubuntu/GAZEBO_SIM/ssafy_ws/install/turtlebot3_gazebo/share/turtlebot3_gazebo//models/velodyne_description/meshes/HDL32E_scan.stl
[11.624s] -- Installing: /home/ubuntu/GAZEBO_SIM/ssafy_ws/install/turtlebot3_gazebo/share/turtlebot3_gazebo//models/velodyne_description/meshes/VLP16_base_2.dae
[11.624s] -- Installing: /home/ubuntu/GAZEBO_SIM/ssafy_ws/install/turtlebot3_gazebo/share/turtlebot3_gazebo//models/velodyne_description/meshes/VLP16_scan.stl
[11.624s] -- Installing: /home/ubuntu/GAZEBO_SIM/ssafy_ws/install/turtlebot3_gazebo/share/turtlebot3_gazebo//models/velodyne_description/meshes/VLP16_base_1.stl
[11.624s] -- Installing: /home/ubuntu/GAZEBO_SIM/ssafy_ws/install/turtlebot3_gazebo/share/turtlebot3_gazebo//models/velodyne_description/rviz
[11.624s] -- Installing: /home/ubuntu/GAZEBO_SIM/ssafy_ws/install/turtlebot3_gazebo/share/turtlebot3_gazebo//models/velodyne_description/rviz/example.rviz
[11.624s] -- Installing: /home/ubuntu/GAZEBO_SIM/ssafy_ws/install/turtlebot3_gazebo/share/turtlebot3_gazebo//models/velodyne_description/CHANGELOG.rst
[11.624s] -- Installing: /home/ubuntu/GAZEBO_SIM/ssafy_ws/install/turtlebot3_gazebo/share/turtlebot3_gazebo//models/turtlebot3_waffle_pi
[11.625s] -- Installing: /home/ubuntu/GAZEBO_SIM/ssafy_ws/install/turtlebot3_gazebo/share/turtlebot3_gazebo//models/turtlebot3_waffle_pi/model.config
[11.625s] -- Installing: /home/ubuntu/GAZEBO_SIM/ssafy_ws/install/turtlebot3_gazebo/share/turtlebot3_gazebo//models/turtlebot3_waffle_pi/model-1_4_.sdf
[11.625s] -- Installing: /home/ubuntu/GAZEBO_SIM/ssafy_ws/install/turtlebot3_gazebo/share/turtlebot3_gazebo//models/turtlebot3_waffle_pi/meshes
[11.625s] -- Installing: /home/ubuntu/GAZEBO_SIM/ssafy_ws/install/turtlebot3_gazebo/share/turtlebot3_gazebo//models/turtlebot3_waffle_pi/meshes/lds.dae
[11.625s] -- Installing: /home/ubuntu/GAZEBO_SIM/ssafy_ws/install/turtlebot3_gazebo/share/turtlebot3_gazebo//models/turtlebot3_waffle_pi/meshes/tire.dae
[11.625s] -- Installing: /home/ubuntu/GAZEBO_SIM/ssafy_ws/install/turtlebot3_gazebo/share/turtlebot3_gazebo//models/turtlebot3_waffle_pi/meshes/waffle_pi_base.dae
[11.625s] -- Installing: /home/ubuntu/GAZEBO_SIM/ssafy_ws/install/turtlebot3_gazebo/share/turtlebot3_gazebo//models/turtlebot3_waffle_pi/model.sdf
[11.625s] -- Installing: /home/ubuntu/GAZEBO_SIM/ssafy_ws/install/turtlebot3_gazebo/share/turtlebot3_gazebo//models/turtlebot3_world
[11.625s] -- Installing: /home/ubuntu/GAZEBO_SIM/ssafy_ws/install/turtlebot3_gazebo/share/turtlebot3_gazebo//models/turtlebot3_world/model-1_4.sdf
[11.625s] -- Installing: /home/ubuntu/GAZEBO_SIM/ssafy_ws/install/turtlebot3_gazebo/share/turtlebot3_gazebo//models/turtlebot3_world/model.config
[11.625s] -- Installing: /home/ubuntu/GAZEBO_SIM/ssafy_ws/install/turtlebot3_gazebo/share/turtlebot3_gazebo//models/turtlebot3_world/meshes
[11.625s] -- Installing: /home/ubuntu/GAZEBO_SIM/ssafy_ws/install/turtlebot3_gazebo/share/turtlebot3_gazebo//models/turtlebot3_world/meshes/hexagon.dae
[11.625s] -- Installing: /home/ubuntu/GAZEBO_SIM/ssafy_ws/install/turtlebot3_gazebo/share/turtlebot3_gazebo//models/turtlebot3_world/meshes/wall.dae
[11.625s] -- Installing: /home/ubuntu/GAZEBO_SIM/ssafy_ws/install/turtlebot3_gazebo/share/turtlebot3_gazebo//models/turtlebot3_world/model.sdf
[11.625s] -- Installing: /home/ubuntu/GAZEBO_SIM/ssafy_ws/install/turtlebot3_gazebo/share/turtlebot3_gazebo//models/turtlebot3_room
[11.625s] -- Installing: /home/ubuntu/GAZEBO_SIM/ssafy_ws/install/turtlebot3_gazebo/share/turtlebot3_gazebo//models/turtlebot3_room/troom.blend1
[11.626s] -- Installing: /home/ubuntu/GAZEBO_SIM/ssafy_ws/install/turtlebot3_gazebo/share/turtlebot3_gazebo//models/turtlebot3_room/model.config
[11.626s] -- Installing: /home/ubuntu/GAZEBO_SIM/ssafy_ws/install/turtlebot3_gazebo/share/turtlebot3_gazebo//models/turtlebot3_room/troom.blend
[11.626s] -- Installing: /home/ubuntu/GAZEBO_SIM/ssafy_ws/install/turtlebot3_gazebo/share/turtlebot3_gazebo//models/turtlebot3_room/meshes
[11.626s] -- Installing: /home/ubuntu/GAZEBO_SIM/ssafy_ws/install/turtlebot3_gazebo/share/turtlebot3_gazebo//models/turtlebot3_room/meshes/hexagon.dae
[11.626s] -- Installing: /home/ubuntu/GAZEBO_SIM/ssafy_ws/install/turtlebot3_gazebo/share/turtlebot3_gazebo//models/turtlebot3_room/meshes/turtleroom.dae
[11.627s] -- Installing: /home/ubuntu/GAZEBO_SIM/ssafy_ws/install/turtlebot3_gazebo/share/turtlebot3_gazebo//models/turtlebot3_room/meshes/wall.dae
[11.627s] -- Installing: /home/ubuntu/GAZEBO_SIM/ssafy_ws/install/turtlebot3_gazebo/share/turtlebot3_gazebo//models/turtlebot3_room/model.sdf
[11.627s] -- Installing: /home/ubuntu/GAZEBO_SIM/ssafy_ws/install/turtlebot3_gazebo/share/turtlebot3_gazebo//models/turtlebot3_burger_velodyne
[11.627s] -- Installing: /home/ubuntu/GAZEBO_SIM/ssafy_ws/install/turtlebot3_gazebo/share/turtlebot3_gazebo//models/turtlebot3_burger_velodyne/model.config
[11.627s] -- Installing: /home/ubuntu/GAZEBO_SIM/ssafy_ws/install/turtlebot3_gazebo/share/turtlebot3_gazebo//models/turtlebot3_burger_velodyne/meshes_dae
[11.627s] -- Installing: /home/ubuntu/GAZEBO_SIM/ssafy_ws/install/turtlebot3_gazebo/share/turtlebot3_gazebo//models/turtlebot3_burger_velodyne/meshes_dae/left_tire.dae
[11.628s] -- Installing: /home/ubuntu/GAZEBO_SIM/ssafy_ws/install/turtlebot3_gazebo/share/turtlebot3_gazebo//models/turtlebot3_burger_velodyne/meshes_dae/burger_base.dae
[11.633s] -- Installing: /home/ubuntu/GAZEBO_SIM/ssafy_ws/install/turtlebot3_gazebo/share/turtlebot3_gazebo//models/turtlebot3_burger_velodyne/meshes_dae/lds.dae
[11.634s] -- Installing: /home/ubuntu/GAZEBO_SIM/ssafy_ws/install/turtlebot3_gazebo/share/turtlebot3_gazebo//models/turtlebot3_burger_velodyne/meshes_dae/right_tire.dae
[11.635s] -- Installing: /home/ubuntu/GAZEBO_SIM/ssafy_ws/install/turtlebot3_gazebo/share/turtlebot3_gazebo//models/turtlebot3_burger_velodyne/meshes
[11.636s] -- Installing: /home/ubuntu/GAZEBO_SIM/ssafy_ws/install/turtlebot3_gazebo/share/turtlebot3_gazebo//models/turtlebot3_burger_velodyne/meshes/lds.stl
[11.636s] -- Installing: /home/ubuntu/GAZEBO_SIM/ssafy_ws/install/turtlebot3_gazebo/share/turtlebot3_gazebo//models/turtlebot3_burger_velodyne/meshes/left_tire.stl
[11.636s] -- Installing: /home/ubuntu/GAZEBO_SIM/ssafy_ws/install/turtlebot3_gazebo/share/turtlebot3_gazebo//models/turtlebot3_burger_velodyne/meshes/right_tire.stl
[11.637s] -- Installing: /home/ubuntu/GAZEBO_SIM/ssafy_ws/install/turtlebot3_gazebo/share/turtlebot3_gazebo//models/turtlebot3_burger_velodyne/meshes/burger_base.stl
[11.639s] -- Installing: /home/ubuntu/GAZEBO_SIM/ssafy_ws/install/turtlebot3_gazebo/share/turtlebot3_gazebo//models/turtlebot3_burger_velodyne/model.sdf
[11.639s] -- Installing: /home/ubuntu/GAZEBO_SIM/ssafy_ws/install/turtlebot3_gazebo/share/turtlebot3_gazebo//rviz
[11.639s] -- Installing: /home/ubuntu/GAZEBO_SIM/ssafy_ws/install/turtlebot3_gazebo/share/turtlebot3_gazebo//rviz/tb3_gazebo.rviz
[11.639s] -- Installing: /home/ubuntu/GAZEBO_SIM/ssafy_ws/install/turtlebot3_gazebo/share/turtlebot3_gazebo//worlds
[11.639s] -- Installing: /home/ubuntu/GAZEBO_SIM/ssafy_ws/install/turtlebot3_gazebo/share/turtlebot3_gazebo//worlds/empty_worlds
[11.639s] -- Installing: /home/ubuntu/GAZEBO_SIM/ssafy_ws/install/turtlebot3_gazebo/share/turtlebot3_gazebo//worlds/empty_worlds/waffle_pi.model
[11.639s] -- Installing: /home/ubuntu/GAZEBO_SIM/ssafy_ws/install/turtlebot3_gazebo/share/turtlebot3_gazebo//worlds/empty_worlds/burger.model
[11.640s] -- Installing: /home/ubuntu/GAZEBO_SIM/ssafy_ws/install/turtlebot3_gazebo/share/turtlebot3_gazebo//worlds/empty_worlds/waffle.model
[11.640s] -- Installing: /home/ubuntu/GAZEBO_SIM/ssafy_ws/install/turtlebot3_gazebo/share/turtlebot3_gazebo//worlds/turtlebot3_velodyne_robots.world
[11.640s] -- Installing: /home/ubuntu/GAZEBO_SIM/ssafy_ws/install/turtlebot3_gazebo/share/turtlebot3_gazebo//worlds/turtlebot3_tc_robots.world
[11.640s] -- Installing: /home/ubuntu/GAZEBO_SIM/ssafy_ws/install/turtlebot3_gazebo/share/turtlebot3_gazebo//worlds/turtlebot3_dqn_stage1
[11.640s] -- Installing: /home/ubuntu/GAZEBO_SIM/ssafy_ws/install/turtlebot3_gazebo/share/turtlebot3_gazebo//worlds/turtlebot3_dqn_stage1/waffle_pi.model
[11.640s] -- Installing: /home/ubuntu/GAZEBO_SIM/ssafy_ws/install/turtlebot3_gazebo/share/turtlebot3_gazebo//worlds/turtlebot3_dqn_stage1/burger.model
[11.640s] -- Installing: /home/ubuntu/GAZEBO_SIM/ssafy_ws/install/turtlebot3_gazebo/share/turtlebot3_gazebo//worlds/turtlebot3_dqn_stage1/waffle.model
[11.640s] -- Installing: /home/ubuntu/GAZEBO_SIM/ssafy_ws/install/turtlebot3_gazebo/share/turtlebot3_gazebo//worlds/turtlebot3_houses
[11.640s] -- Installing: /home/ubuntu/GAZEBO_SIM/ssafy_ws/install/turtlebot3_gazebo/share/turtlebot3_gazebo//worlds/turtlebot3_houses/waffle_pi.model
[11.640s] -- Installing: /home/ubuntu/GAZEBO_SIM/ssafy_ws/install/turtlebot3_gazebo/share/turtlebot3_gazebo//worlds/turtlebot3_houses/burger.model
[11.640s] -- Installing: /home/ubuntu/GAZEBO_SIM/ssafy_ws/install/turtlebot3_gazebo/share/turtlebot3_gazebo//worlds/turtlebot3_houses/waffle.model
[11.640s] -- Installing: /home/ubuntu/GAZEBO_SIM/ssafy_ws/install/turtlebot3_gazebo/share/turtlebot3_gazebo//worlds/turtlebot3_worlds
[11.640s] -- Installing: /home/ubuntu/GAZEBO_SIM/ssafy_ws/install/turtlebot3_gazebo/share/turtlebot3_gazebo//worlds/turtlebot3_worlds/waffle_pi.model
[11.640s] -- Installing: /home/ubuntu/GAZEBO_SIM/ssafy_ws/install/turtlebot3_gazebo/share/turtlebot3_gazebo//worlds/turtlebot3_worlds/burger.model
[11.640s] -- Installing: /home/ubuntu/GAZEBO_SIM/ssafy_ws/install/turtlebot3_gazebo/share/turtlebot3_gazebo//worlds/turtlebot3_worlds/waffle.model
[11.640s] -- Installing: /home/ubuntu/GAZEBO_SIM/ssafy_ws/install/turtlebot3_gazebo/share/turtlebot3_gazebo//worlds/turtlebot3_autoraces
[11.640s] -- Installing: /home/ubuntu/GAZEBO_SIM/ssafy_ws/install/turtlebot3_gazebo/share/turtlebot3_gazebo//worlds/turtlebot3_autoraces/waffle_pi.model
[11.640s] -- Installing: /home/ubuntu/GAZEBO_SIM/ssafy_ws/install/turtlebot3_gazebo/share/turtlebot3_gazebo//worlds/turtlebot3_autoraces/burger.model
[11.640s] -- Installing: /home/ubuntu/GAZEBO_SIM/ssafy_ws/install/turtlebot3_gazebo/share/turtlebot3_gazebo//worlds/turtlebot3_autoraces/waffle.model
[11.640s] -- Installing: /home/ubuntu/GAZEBO_SIM/ssafy_ws/install/turtlebot3_gazebo/share/turtlebot3_gazebo//worlds/turtlebot3_dqn_stage3
[11.640s] -- Installing: /home/ubuntu/GAZEBO_SIM/ssafy_ws/install/turtlebot3_gazebo/share/turtlebot3_gazebo//worlds/turtlebot3_dqn_stage3/waffle_pi.model
[11.640s] -- Installing: /home/ubuntu/GAZEBO_SIM/ssafy_ws/install/turtlebot3_gazebo/share/turtlebot3_gazebo//worlds/turtlebot3_dqn_stage3/burger.model
[11.640s] -- Installing: /home/ubuntu/GAZEBO_SIM/ssafy_ws/install/turtlebot3_gazebo/share/turtlebot3_gazebo//worlds/turtlebot3_dqn_stage3/waffle.model
[11.640s] -- Installing: /home/ubuntu/GAZEBO_SIM/ssafy_ws/install/turtlebot3_gazebo/share/turtlebot3_gazebo//worlds/turtlebot3_tc_two_robots_velodyne.world
[11.641s] -- Installing: /home/ubuntu/GAZEBO_SIM/ssafy_ws/install/turtlebot3_gazebo/share/turtlebot3_gazebo//worlds/turtlebot3_tc_two_robots.world
[11.641s] -- Installing: /home/ubuntu/GAZEBO_SIM/ssafy_ws/install/turtlebot3_gazebo/share/turtlebot3_gazebo//worlds/example.world
[11.641s] -- Installing: /home/ubuntu/GAZEBO_SIM/ssafy_ws/install/turtlebot3_gazebo/share/turtlebot3_gazebo//worlds/turtlebot3_dqn_stage4
[11.641s] -- Installing: /home/ubuntu/GAZEBO_SIM/ssafy_ws/install/turtlebot3_gazebo/share/turtlebot3_gazebo//worlds/turtlebot3_dqn_stage4/waffle_pi.model
[11.641s] -- Installing: /home/ubuntu/GAZEBO_SIM/ssafy_ws/install/turtlebot3_gazebo/share/turtlebot3_gazebo//worlds/turtlebot3_dqn_stage4/burger.model
[11.641s] -- Installing: /home/ubuntu/GAZEBO_SIM/ssafy_ws/install/turtlebot3_gazebo/share/turtlebot3_gazebo//worlds/turtlebot3_dqn_stage4/waffle.model
[11.641s] -- Installing: /home/ubuntu/GAZEBO_SIM/ssafy_ws/install/turtlebot3_gazebo/share/turtlebot3_gazebo//worlds/turtlebot3_dqn_stage2
[11.641s] -- Installing: /home/ubuntu/GAZEBO_SIM/ssafy_ws/install/turtlebot3_gazebo/share/turtlebot3_gazebo//worlds/turtlebot3_dqn_stage2/waffle_pi.model
[11.641s] -- Installing: /home/ubuntu/GAZEBO_SIM/ssafy_ws/install/turtlebot3_gazebo/share/turtlebot3_gazebo//worlds/turtlebot3_dqn_stage2/burger.model
[11.641s] -- Installing: /home/ubuntu/GAZEBO_SIM/ssafy_ws/install/turtlebot3_gazebo/share/turtlebot3_gazebo//worlds/turtlebot3_dqn_stage2/waffle.model
[11.641s] -- Installing: /home/ubuntu/GAZEBO_SIM/ssafy_ws/install/turtlebot3_gazebo/share/turtlebot3_gazebo//urdf
[11.641s] -- Installing: /home/ubuntu/GAZEBO_SIM/ssafy_ws/install/turtlebot3_gazebo/share/turtlebot3_gazebo//urdf/turtlebot3_burger.urdf
[11.641s] -- Installing: /home/ubuntu/GAZEBO_SIM/ssafy_ws/install/turtlebot3_gazebo/share/turtlebot3_gazebo//urdf/turtlebot3_velodyne_burger.urdf
[11.641s] -- Installing: /home/ubuntu/GAZEBO_SIM/ssafy_ws/install/turtlebot3_gazebo/include/
[11.641s] -- Installing: /home/ubuntu/GAZEBO_SIM/ssafy_ws/install/turtlebot3_gazebo/include//turtlebot3_gazebo
[11.641s] -- Installing: /home/ubuntu/GAZEBO_SIM/ssafy_ws/install/turtlebot3_gazebo/include//turtlebot3_gazebo/turtlebot3_drive.hpp
[11.641s] -- Installing: /home/ubuntu/GAZEBO_SIM/ssafy_ws/install/turtlebot3_gazebo/share/ament_index/resource_index/package_run_dependencies/turtlebot3_gazebo
[11.641s] -- Installing: /home/ubuntu/GAZEBO_SIM/ssafy_ws/install/turtlebot3_gazebo/share/ament_index/resource_index/parent_prefix_path/turtlebot3_gazebo
[11.641s] -- Installing: /home/ubuntu/GAZEBO_SIM/ssafy_ws/install/turtlebot3_gazebo/share/turtlebot3_gazebo/environment/ament_prefix_path.sh
[11.642s] -- Installing: /home/ubuntu/GAZEBO_SIM/ssafy_ws/install/turtlebot3_gazebo/share/turtlebot3_gazebo/environment/ament_prefix_path.dsv
[11.642s] -- Installing: /home/ubuntu/GAZEBO_SIM/ssafy_ws/install/turtlebot3_gazebo/share/turtlebot3_gazebo/environment/path.sh
[11.642s] -- Installing: /home/ubuntu/GAZEBO_SIM/ssafy_ws/install/turtlebot3_gazebo/share/turtlebot3_gazebo/environment/path.dsv
[11.642s] -- Installing: /home/ubuntu/GAZEBO_SIM/ssafy_ws/install/turtlebot3_gazebo/share/turtlebot3_gazebo/local_setup.bash
[11.642s] -- Installing: /home/ubuntu/GAZEBO_SIM/ssafy_ws/install/turtlebot3_gazebo/share/turtlebot3_gazebo/local_setup.sh
[11.642s] -- Installing: /home/ubuntu/GAZEBO_SIM/ssafy_ws/install/turtlebot3_gazebo/share/turtlebot3_gazebo/local_setup.zsh
[11.642s] -- Installing: /home/ubuntu/GAZEBO_SIM/ssafy_ws/install/turtlebot3_gazebo/share/turtlebot3_gazebo/local_setup.dsv
[11.642s] -- Installing: /home/ubuntu/GAZEBO_SIM/ssafy_ws/install/turtlebot3_gazebo/share/turtlebot3_gazebo/package.dsv
[11.642s] -- Installing: /home/ubuntu/GAZEBO_SIM/ssafy_ws/install/turtlebot3_gazebo/share/ament_index/resource_index/packages/turtlebot3_gazebo
[11.642s] -- Installing: /home/ubuntu/GAZEBO_SIM/ssafy_ws/install/turtlebot3_gazebo/share/turtlebot3_gazebo/cmake/ament_cmake_export_include_directories-extras.cmake
[11.643s] -- Installing: /home/ubuntu/GAZEBO_SIM/ssafy_ws/install/turtlebot3_gazebo/share/turtlebot3_gazebo/cmake/ament_cmake_export_dependencies-extras.cmake
[11.643s] -- Installing: /home/ubuntu/GAZEBO_SIM/ssafy_ws/install/turtlebot3_gazebo/share/turtlebot3_gazebo/cmake/turtlebot3_gazeboConfig.cmake
[11.643s] -- Installing: /home/ubuntu/GAZEBO_SIM/ssafy_ws/install/turtlebot3_gazebo/share/turtlebot3_gazebo/cmake/turtlebot3_gazeboConfig-version.cmake
[11.643s] -- Installing: /home/ubuntu/GAZEBO_SIM/ssafy_ws/install/turtlebot3_gazebo/share/turtlebot3_gazebo/package.xml
[11.645s] Invoked command in '/home/ubuntu/GAZEBO_SIM/ssafy_ws/build/turtlebot3_gazebo' returned '0': AMENT_PREFIX_PATH=/home/ubuntu/GAZEBO_SIM/ssafy_ws/install/velodyne_description:/home/ubuntu/GAZEBO_SIM/ssafy_ws/install/turtlebot3_description:${AMENT_PREFIX_PATH} CMAKE_PREFIX_PATH=/home/ubuntu/GAZEBO_SIM/ssafy_ws/install/velodyne_description:/home/ubuntu/GAZEBO_SIM/ssafy_ws/install/turtlebot3_description:/opt/ros/humble /usr/bin/cmake --install /home/ubuntu/GAZEBO_SIM/ssafy_ws/build/turtlebot3_gazebo
