[0.013s] Invoking command in '/home/ubuntu/GAZEBO_SIM/ssafy_ws/build/velodyne_gazebo_plugins': CMAKE_PREFIX_PATH=/opt/ros/humble /usr/bin/cmake /home/ubuntu/GAZEBO_SIM/ssafy_ws/src/velodyne_simulator/velodyne_gazebo_plugins -DCMAKE_INSTALL_PREFIX=/home/ubuntu/GAZEBO_SIM/ssafy_ws/install/velodyne_gazebo_plugins
[0.239s] -- The C compiler identification is GNU 11.4.0
[0.239s] -- The CXX compiler identification is GNU 11.4.0
[0.239s] -- Detecting C compiler ABI info
[0.239s] -- Detecting C compiler ABI info - done
[0.240s] -- Check for working C compiler: /usr/bin/cc - skipped
[0.240s] -- Detecting C compile features
[0.240s] -- Detecting C compile features - done
[0.240s] -- Detecting CXX compiler ABI info
[0.296s] -- Detecting CXX compiler ABI info - done
[0.304s] -- Check for working CXX compiler: /usr/bin/c++ - skipped
[0.305s] -- Detecting CXX compile features
[0.305s] -- Detecting CXX compile features - done
[0.307s] -- Found ament_cmake: 1.3.11 (/opt/ros/humble/share/ament_cmake/cmake)
[0.459s] -- Found Python3: /usr/bin/python3 (found version "3.10.12") found components: Interpreter 
[0.559s] -- Found gazebo_dev: 3.7.0 (/opt/ros/humble/share/gazebo_dev/cmake)
[0.569s] -- Found PkgConfig: /usr/bin/pkg-config (found version "0.29.2") 
[0.573s] -- Checking for module 'bullet>=2.82'
[0.585s] --   Found bullet, version 3.05
[0.683s] -- Found fcl: /usr/include (found suitable version "0.7.0", minimum required is "0.5.0") 
[0.728s] -- Found assimp: /usr/include (found version "5.2.0") 
[0.755s] -- Found DART: /usr/include (Required is at least version "6.6") found components: dart 
[0.910s] -- Found Boost: /usr/lib/x86_64-linux-gnu/cmake/Boost-1.74.0/BoostConfig.cmake (found suitable version "1.74.0", minimum required is "1.40.0") found components: thread system filesystem program_options regex iostreams date_time 
[0.932s] -- Found Protobuf: /usr/lib/x86_64-linux-gnu/libprotobuf.so (found version "3.12.4") 
[0.937s] -- Looking for ignition-math6 -- found version 6.15.1
[0.945s] -- Searching for dependencies of ignition-math6
[0.947s] -- Looking for OGRE...
[0.947s] -- OGRE_PREFIX_WATCH changed.
[0.952s] -- Checking for module 'OGRE'
[0.960s] --   Found OGRE, version 1.9.0
[0.983s] -- Found Ogre Ghadamon (1.9.0)
[0.991s] -- Found OGRE: optimized;/usr/lib/x86_64-linux-gnu/libOgreMain.so;debug;/usr/lib/x86_64-linux-gnu/libOgreMain.so
[0.998s] -- Looking for OGRE_Paging...
[1.002s] -- Found OGRE_Paging: optimized;/usr/lib/x86_64-linux-gnu/libOgrePaging.so;debug;/usr/lib/x86_64-linux-gnu/libOgrePaging.so
[1.002s] -- Looking for OGRE_Terrain...
[1.005s] -- Found OGRE_Terrain: optimized;/usr/lib/x86_64-linux-gnu/libOgreTerrain.so;debug;/usr/lib/x86_64-linux-gnu/libOgreTerrain.so
[1.005s] -- Looking for OGRE_Property...
[1.009s] -- Found OGRE_Property: optimized;/usr/lib/x86_64-linux-gnu/libOgreProperty.so;debug;/usr/lib/x86_64-linux-gnu/libOgreProperty.so
[1.009s] -- Looking for OGRE_RTShaderSystem...
[1.014s] -- Found OGRE_RTShaderSystem: optimized;/usr/lib/x86_64-linux-gnu/libOgreRTShaderSystem.so;debug;/usr/lib/x86_64-linux-gnu/libOgreRTShaderSystem.so
[1.014s] -- Looking for OGRE_Volume...
[1.018s] -- Found OGRE_Volume: optimized;/usr/lib/x86_64-linux-gnu/libOgreVolume.so;debug;/usr/lib/x86_64-linux-gnu/libOgreVolume.so
[1.018s] -- Looking for OGRE_Overlay...
[1.022s] -- Found OGRE_Overlay: optimized;/usr/lib/x86_64-linux-gnu/libOgreOverlay.so;debug;/usr/lib/x86_64-linux-gnu/libOgreOverlay.so
[1.087s] -- Looking for ignition-math6 -- found version 6.15.1
[1.089s] -- Looking for ignition-transport8 -- found version 8.2.1
[1.090s] -- Searching for dependencies of ignition-transport8
[1.101s] -- Found Protobuf: /usr/lib/x86_64-linux-gnu/libprotobuf.so (found suitable version "3.12.4", minimum required is "3") 
[1.108s] -- Config-file not installed for ZeroMQ -- checking for pkg-config
[1.111s] -- Checking for module 'libzmq >= 4'
[1.120s] --   Found libzmq , version 4.3.4
[1.142s] -- Found ZeroMQ: TRUE (Required is at least version "4") 
[1.146s] -- Checking for module 'uuid'
[1.153s] --   Found uuid, version 2.37.2
[1.179s] -- Found UUID: TRUE  
[1.182s] -- Looking for ignition-msgs5 -- found version 5.8.1
[1.183s] -- Searching for dependencies of ignition-msgs5
[1.195s] -- Looking for ignition-math6 -- found version 6.15.1
[1.198s] -- Checking for module 'tinyxml2'
[1.205s] --   Found tinyxml2, version 9.0.0
[1.227s] -- Looking for ignition-msgs5 -- found version 5.8.1
[1.230s] -- Looking for ignition-common3 -- found version 3.14.0
[1.230s] -- Searching for dependencies of ignition-common3
[1.230s] -- Looking for dlfcn.h - found
[1.231s] -- Looking for libdl - found
[1.232s] -- Found DL: TRUE  
[1.240s] -- Found tinyobjloader: /usr/lib/x86_64-linux-gnu/cmake/tinyobjloader/tinyobjloader-config.cmake (found version "2.0.0") 
[1.240s] -- Searching for <ignition-common3> component [graphics]
[1.242s] -- Looking for ignition-common3-graphics -- found version 3.14.0
[1.242s] -- Searching for dependencies of ignition-common3-graphics
[1.242s] -- Looking for ignition-math6 -- found version 6.15.1
[1.244s] -- Looking for ignition-fuel_tools4 -- found version 4.4.0
[1.245s] -- Searching for dependencies of ignition-fuel_tools4
[1.288s] -- Found CURL: /usr/lib/x86_64-linux-gnu/libcurl.so (found version "7.81.0")  
[1.293s] -- Checking for module 'jsoncpp'
[1.300s] --   Found jsoncpp, version 1.9.5
[1.319s] -- Found JSONCPP: TRUE  
[1.325s] -- Checking for module 'libzip'
[1.332s] --   Found libzip, version 1.7.3
[1.357s] -- Found ZIP: TRUE  
[1.357s] -- Looking for ignition-common3 -- found version 3.14.0
[1.357s] -- Looking for ignition-math6 -- found version 6.15.1
[1.358s] -- Looking for ignition-msgs5 -- found version 5.8.1
[1.361s] -- Gazebo version: 11.10
[1.362s] -- Checking for module 'tbb'
[1.369s] --   Found tbb, version 2021.5.0
[1.400s] -- Found gazebo_ros: 3.7.0 (/opt/ros/humble/share/gazebo_ros/cmake)
[1.440s] -- Found rosidl_generator_c: 3.1.6 (/opt/ros/humble/share/rosidl_generator_c/cmake)
[1.444s] -- Found rosidl_adapter: 3.1.6 (/opt/ros/humble/share/rosidl_adapter/cmake)
[1.453s] -- Found rosidl_generator_cpp: 3.1.6 (/opt/ros/humble/share/rosidl_generator_cpp/cmake)
[1.464s] -- Using all available rosidl_typesupport_c: rosidl_typesupport_fastrtps_c;rosidl_typesupport_introspection_c
[1.477s] -- Using all available rosidl_typesupport_cpp: rosidl_typesupport_fastrtps_cpp;rosidl_typesupport_introspection_cpp
[1.514s] -- Found rmw_implementation_cmake: 6.1.2 (/opt/ros/humble/share/rmw_implementation_cmake/cmake)
[1.517s] -- Found rmw_cyclonedds_cpp: 1.3.4 (/opt/ros/humble/share/rmw_cyclonedds_cpp/cmake)
[1.539s] -- Using RMW implementation 'rmw_cyclonedds_cpp' as default
[1.546s] -- Found Threads: TRUE  
[1.591s] -- Found gazebo_msgs: 3.7.0 (/opt/ros/humble/share/gazebo_msgs/cmake)
[1.633s] -- Found sensor_msgs: 4.2.4 (/opt/ros/humble/share/sensor_msgs/cmake)
[1.692s] -- Configuring done
[1.734s] -- Generating done
[1.737s] -- Build files have been written to: /home/ubuntu/GAZEBO_SIM/ssafy_ws/build/velodyne_gazebo_plugins
[1.745s] Invoked command in '/home/ubuntu/GAZEBO_SIM/ssafy_ws/build/velodyne_gazebo_plugins' returned '0': CMAKE_PREFIX_PATH=/opt/ros/humble /usr/bin/cmake /home/ubuntu/GAZEBO_SIM/ssafy_ws/src/velodyne_simulator/velodyne_gazebo_plugins -DCMAKE_INSTALL_PREFIX=/home/ubuntu/GAZEBO_SIM/ssafy_ws/install/velodyne_gazebo_plugins
[1.747s] Invoking command in '/home/ubuntu/GAZEBO_SIM/ssafy_ws/build/velodyne_gazebo_plugins': CMAKE_PREFIX_PATH=/opt/ros/humble /usr/bin/cmake --build /home/ubuntu/GAZEBO_SIM/ssafy_ws/build/velodyne_gazebo_plugins -- -j12 -l12
[1.787s] [ 50%] [32mBuilding CXX object CMakeFiles/gazebo_ros_velodyne_laser.dir/src/GazeboRosVelodyneLaser.cpp.o[0m
[11.204s] [100%] [32m[1mLinking CXX shared library libgazebo_ros_velodyne_laser.so[0m
[11.630s] [100%] Built target gazebo_ros_velodyne_laser
[11.640s] Invoked command in '/home/ubuntu/GAZEBO_SIM/ssafy_ws/build/velodyne_gazebo_plugins' returned '0': CMAKE_PREFIX_PATH=/opt/ros/humble /usr/bin/cmake --build /home/ubuntu/GAZEBO_SIM/ssafy_ws/build/velodyne_gazebo_plugins -- -j12 -l12
[11.641s] Invoking command in '/home/ubuntu/GAZEBO_SIM/ssafy_ws/build/velodyne_gazebo_plugins': CMAKE_PREFIX_PATH=/opt/ros/humble /usr/bin/cmake --install /home/ubuntu/GAZEBO_SIM/ssafy_ws/build/velodyne_gazebo_plugins
[11.645s] -- Install configuration: ""
[11.645s] -- Installing: /home/ubuntu/GAZEBO_SIM/ssafy_ws/install/velodyne_gazebo_plugins/lib/libgazebo_ros_velodyne_laser.so
[11.646s] -- Set runtime path of "/home/ubuntu/GAZEBO_SIM/ssafy_ws/install/velodyne_gazebo_plugins/lib/libgazebo_ros_velodyne_laser.so" to ""
[11.646s] -- Installing: /home/ubuntu/GAZEBO_SIM/ssafy_ws/install/velodyne_gazebo_plugins/include/velodyne_gazebo_plugins
[11.647s] -- Installing: /home/ubuntu/GAZEBO_SIM/ssafy_ws/install/velodyne_gazebo_plugins/include/velodyne_gazebo_plugins/GazeboRosVelodyneLaser.hpp
[11.647s] -- Installing: /home/ubuntu/GAZEBO_SIM/ssafy_ws/install/velodyne_gazebo_plugins/share/velodyne_gazebo_plugins/environment/library_path.sh
[11.647s] -- Installing: /home/ubuntu/GAZEBO_SIM/ssafy_ws/install/velodyne_gazebo_plugins/share/velodyne_gazebo_plugins/environment/library_path.dsv
[11.647s] -- Installing: /home/ubuntu/GAZEBO_SIM/ssafy_ws/install/velodyne_gazebo_plugins/share/ament_index/resource_index/package_run_dependencies/velodyne_gazebo_plugins
[11.647s] -- Installing: /home/ubuntu/GAZEBO_SIM/ssafy_ws/install/velodyne_gazebo_plugins/share/ament_index/resource_index/parent_prefix_path/velodyne_gazebo_plugins
[11.647s] -- Installing: /home/ubuntu/GAZEBO_SIM/ssafy_ws/install/velodyne_gazebo_plugins/share/velodyne_gazebo_plugins/environment/ament_prefix_path.sh
[11.647s] -- Installing: /home/ubuntu/GAZEBO_SIM/ssafy_ws/install/velodyne_gazebo_plugins/share/velodyne_gazebo_plugins/environment/ament_prefix_path.dsv
[11.647s] -- Installing: /home/ubuntu/GAZEBO_SIM/ssafy_ws/install/velodyne_gazebo_plugins/share/velodyne_gazebo_plugins/environment/path.sh
[11.647s] -- Installing: /home/ubuntu/GAZEBO_SIM/ssafy_ws/install/velodyne_gazebo_plugins/share/velodyne_gazebo_plugins/environment/path.dsv
[11.647s] -- Installing: /home/ubuntu/GAZEBO_SIM/ssafy_ws/install/velodyne_gazebo_plugins/share/velodyne_gazebo_plugins/local_setup.bash
[11.647s] -- Installing: /home/ubuntu/GAZEBO_SIM/ssafy_ws/install/velodyne_gazebo_plugins/share/velodyne_gazebo_plugins/local_setup.sh
[11.647s] -- Installing: /home/ubuntu/GAZEBO_SIM/ssafy_ws/install/velodyne_gazebo_plugins/share/velodyne_gazebo_plugins/local_setup.zsh
[11.647s] -- Installing: /home/ubuntu/GAZEBO_SIM/ssafy_ws/install/velodyne_gazebo_plugins/share/velodyne_gazebo_plugins/local_setup.dsv
[11.647s] -- Installing: /home/ubuntu/GAZEBO_SIM/ssafy_ws/install/velodyne_gazebo_plugins/share/velodyne_gazebo_plugins/package.dsv
[11.647s] -- Installing: /home/ubuntu/GAZEBO_SIM/ssafy_ws/install/velodyne_gazebo_plugins/share/ament_index/resource_index/packages/velodyne_gazebo_plugins
[11.647s] -- Installing: /home/ubuntu/GAZEBO_SIM/ssafy_ws/install/velodyne_gazebo_plugins/share/velodyne_gazebo_plugins/cmake/ament_cmake_export_include_directories-extras.cmake
[11.647s] -- Installing: /home/ubuntu/GAZEBO_SIM/ssafy_ws/install/velodyne_gazebo_plugins/share/velodyne_gazebo_plugins/cmake/ament_cmake_export_libraries-extras.cmake
[11.648s] -- Installing: /home/ubuntu/GAZEBO_SIM/ssafy_ws/install/velodyne_gazebo_plugins/share/velodyne_gazebo_plugins/cmake/ament_cmake_export_dependencies-extras.cmake
[11.648s] -- Installing: /home/ubuntu/GAZEBO_SIM/ssafy_ws/install/velodyne_gazebo_plugins/share/velodyne_gazebo_plugins/cmake/velodyne_gazebo_pluginsConfig.cmake
[11.648s] -- Installing: /home/ubuntu/GAZEBO_SIM/ssafy_ws/install/velodyne_gazebo_plugins/share/velodyne_gazebo_plugins/cmake/velodyne_gazebo_pluginsConfig-version.cmake
[11.648s] -- Installing: /home/ubuntu/GAZEBO_SIM/ssafy_ws/install/velodyne_gazebo_plugins/share/velodyne_gazebo_plugins/package.xml
[11.649s] Invoked command in '/home/ubuntu/GAZEBO_SIM/ssafy_ws/build/velodyne_gazebo_plugins' returned '0': CMAKE_PREFIX_PATH=/opt/ros/humble /usr/bin/cmake --install /home/ubuntu/GAZEBO_SIM/ssafy_ws/build/velodyne_gazebo_plugins
