[0.036s] Invoking command in '/home/ubuntu/S12P11C101/SIMULATE/GAZEBO_SIM/ssafy_ws/build/rosbridge_msgs': CMAKE_PREFIX_PATH=${CMAKE_PREFIX_PATH}:/home/ubuntu/S12P11C101/SIMULATE/GAZEBO_SIM/ssafy_ws/install/teleop_twist_keyboard:/opt/ros/humble /usr/bin/cmake --build /home/ubuntu/S12P11C101/SIMULATE/GAZEBO_SIM/ssafy_ws/build/rosbridge_msgs -- -j12 -l12
[0.113s] [  2%] Built target rosbridge_msgs__cpp
[0.130s] [ 12%] Built target rosbridge_msgs__rosidl_generator_c
[0.134s] [ 12%] Built target ament_cmake_python_copy_rosbridge_msgs
[0.164s] [ 23%] Built target rosbridge_msgs__rosidl_typesupport_cpp
[0.191s] [ 33%] Built target rosbridge_msgs__rosidl_typesupport_fastrtps_cpp
[0.201s] [ 43%] Built target rosbridge_msgs__rosidl_typesupport_introspection_cpp
[0.215s] [ 53%] Built target rosbridge_msgs__rosidl_typesupport_introspection_c
[0.216s] [ 64%] Built target rosbridge_msgs__rosidl_typesupport_c
[0.220s] [ 74%] Built target rosbridge_msgs__rosidl_typesupport_fastrtps_c
[0.263s] [ 74%] Built target rosbridge_msgs
[0.298s] [ 76%] Built target rosbridge_msgs__py
[0.335s] [ 84%] Built target rosbridge_msgs__rosidl_generator_py
[0.375s] [ 89%] Built target rosbridge_msgs__rosidl_typesupport_introspection_c__pyext
[0.382s] [ 94%] Built target rosbridge_msgs__rosidl_typesupport_c__pyext
[0.386s] [100%] Built target rosbridge_msgs__rosidl_typesupport_fastrtps_c__pyext
[0.631s] running egg_info
[0.631s] writing rosbridge_msgs.egg-info/PKG-INFO
[0.631s] writing dependency_links to rosbridge_msgs.egg-info/dependency_links.txt
[0.631s] writing top-level names to rosbridge_msgs.egg-info/top_level.txt
[0.637s] reading manifest file 'rosbridge_msgs.egg-info/SOURCES.txt'
[0.637s] writing manifest file 'rosbridge_msgs.egg-info/SOURCES.txt'
[0.697s] [100%] Built target ament_cmake_python_build_rosbridge_msgs_egg
[0.853s] Invoked command in '/home/ubuntu/S12P11C101/SIMULATE/GAZEBO_SIM/ssafy_ws/build/rosbridge_msgs' returned '0': CMAKE_PREFIX_PATH=${CMAKE_PREFIX_PATH}:/home/ubuntu/S12P11C101/SIMULATE/GAZEBO_SIM/ssafy_ws/install/teleop_twist_keyboard:/opt/ros/humble /usr/bin/cmake --build /home/ubuntu/S12P11C101/SIMULATE/GAZEBO_SIM/ssafy_ws/build/rosbridge_msgs -- -j12 -l12
[0.856s] Invoking command in '/home/ubuntu/S12P11C101/SIMULATE/GAZEBO_SIM/ssafy_ws/build/rosbridge_msgs': CMAKE_PREFIX_PATH=${CMAKE_PREFIX_PATH}:/home/ubuntu/S12P11C101/SIMULATE/GAZEBO_SIM/ssafy_ws/install/teleop_twist_keyboard:/opt/ros/humble /usr/bin/cmake --install /home/ubuntu/S12P11C101/SIMULATE/GAZEBO_SIM/ssafy_ws/build/rosbridge_msgs
[0.889s] -- Install configuration: ""
[0.889s] -- Up-to-date: /home/ubuntu/S12P11C101/SIMULATE/GAZEBO_SIM/ssafy_ws/install/rosbridge_msgs/share/ament_index/resource_index/rosidl_interfaces/rosbridge_msgs
[0.889s] -- Up-to-date: /home/ubuntu/S12P11C101/SIMULATE/GAZEBO_SIM/ssafy_ws/install/rosbridge_msgs/include/rosbridge_msgs/rosbridge_msgs
[0.889s] -- Up-to-date: /home/ubuntu/S12P11C101/SIMULATE/GAZEBO_SIM/ssafy_ws/install/rosbridge_msgs/include/rosbridge_msgs/rosbridge_msgs/msg
[0.889s] -- Up-to-date: /home/ubuntu/S12P11C101/SIMULATE/GAZEBO_SIM/ssafy_ws/install/rosbridge_msgs/include/rosbridge_msgs/rosbridge_msgs/msg/connected_client.h
[0.889s] -- Up-to-date: /home/ubuntu/S12P11C101/SIMULATE/GAZEBO_SIM/ssafy_ws/install/rosbridge_msgs/include/rosbridge_msgs/rosbridge_msgs/msg/rosidl_generator_c__visibility_control.h
[0.889s] -- Up-to-date: /home/ubuntu/S12P11C101/SIMULATE/GAZEBO_SIM/ssafy_ws/install/rosbridge_msgs/include/rosbridge_msgs/rosbridge_msgs/msg/detail
[0.890s] -- Up-to-date: /home/ubuntu/S12P11C101/SIMULATE/GAZEBO_SIM/ssafy_ws/install/rosbridge_msgs/include/rosbridge_msgs/rosbridge_msgs/msg/detail/connected_client__functions.h
[0.890s] -- Up-to-date: /home/ubuntu/S12P11C101/SIMULATE/GAZEBO_SIM/ssafy_ws/install/rosbridge_msgs/include/rosbridge_msgs/rosbridge_msgs/msg/detail/connected_clients__functions.c
[0.890s] -- Up-to-date: /home/ubuntu/S12P11C101/SIMULATE/GAZEBO_SIM/ssafy_ws/install/rosbridge_msgs/include/rosbridge_msgs/rosbridge_msgs/msg/detail/connected_clients__struct.h
[0.890s] -- Up-to-date: /home/ubuntu/S12P11C101/SIMULATE/GAZEBO_SIM/ssafy_ws/install/rosbridge_msgs/include/rosbridge_msgs/rosbridge_msgs/msg/detail/connected_clients__functions.h
[0.891s] -- Up-to-date: /home/ubuntu/S12P11C101/SIMULATE/GAZEBO_SIM/ssafy_ws/install/rosbridge_msgs/include/rosbridge_msgs/rosbridge_msgs/msg/detail/connected_client__type_support.h
[0.891s] -- Up-to-date: /home/ubuntu/S12P11C101/SIMULATE/GAZEBO_SIM/ssafy_ws/install/rosbridge_msgs/include/rosbridge_msgs/rosbridge_msgs/msg/detail/connected_clients__type_support.h
[0.891s] -- Up-to-date: /home/ubuntu/S12P11C101/SIMULATE/GAZEBO_SIM/ssafy_ws/install/rosbridge_msgs/include/rosbridge_msgs/rosbridge_msgs/msg/detail/connected_client__functions.c
[0.892s] -- Up-to-date: /home/ubuntu/S12P11C101/SIMULATE/GAZEBO_SIM/ssafy_ws/install/rosbridge_msgs/include/rosbridge_msgs/rosbridge_msgs/msg/detail/connected_client__struct.h
[0.892s] -- Up-to-date: /home/ubuntu/S12P11C101/SIMULATE/GAZEBO_SIM/ssafy_ws/install/rosbridge_msgs/include/rosbridge_msgs/rosbridge_msgs/msg/connected_clients.h
[0.892s] -- Up-to-date: /home/ubuntu/S12P11C101/SIMULATE/GAZEBO_SIM/ssafy_ws/install/rosbridge_msgs/share/rosbridge_msgs/environment/library_path.sh
[0.892s] -- Up-to-date: /home/ubuntu/S12P11C101/SIMULATE/GAZEBO_SIM/ssafy_ws/install/rosbridge_msgs/share/rosbridge_msgs/environment/library_path.dsv
[0.892s] -- Up-to-date: /home/ubuntu/S12P11C101/SIMULATE/GAZEBO_SIM/ssafy_ws/install/rosbridge_msgs/lib/librosbridge_msgs__rosidl_generator_c.so
[0.893s] -- Up-to-date: /home/ubuntu/S12P11C101/SIMULATE/GAZEBO_SIM/ssafy_ws/install/rosbridge_msgs/include/rosbridge_msgs/rosbridge_msgs
[0.893s] -- Up-to-date: /home/ubuntu/S12P11C101/SIMULATE/GAZEBO_SIM/ssafy_ws/install/rosbridge_msgs/include/rosbridge_msgs/rosbridge_msgs/msg
[0.893s] -- Up-to-date: /home/ubuntu/S12P11C101/SIMULATE/GAZEBO_SIM/ssafy_ws/install/rosbridge_msgs/include/rosbridge_msgs/rosbridge_msgs/msg/detail
[0.893s] -- Up-to-date: /home/ubuntu/S12P11C101/SIMULATE/GAZEBO_SIM/ssafy_ws/install/rosbridge_msgs/include/rosbridge_msgs/rosbridge_msgs/msg/detail/connected_client__rosidl_typesupport_fastrtps_c.h
[0.893s] -- Up-to-date: /home/ubuntu/S12P11C101/SIMULATE/GAZEBO_SIM/ssafy_ws/install/rosbridge_msgs/include/rosbridge_msgs/rosbridge_msgs/msg/detail/connected_clients__rosidl_typesupport_fastrtps_c.h
[0.893s] -- Up-to-date: /home/ubuntu/S12P11C101/SIMULATE/GAZEBO_SIM/ssafy_ws/install/rosbridge_msgs/include/rosbridge_msgs/rosbridge_msgs/msg/rosidl_typesupport_fastrtps_c__visibility_control.h
[0.893s] -- Up-to-date: /home/ubuntu/S12P11C101/SIMULATE/GAZEBO_SIM/ssafy_ws/install/rosbridge_msgs/lib/librosbridge_msgs__rosidl_typesupport_fastrtps_c.so
[0.894s] -- Up-to-date: /home/ubuntu/S12P11C101/SIMULATE/GAZEBO_SIM/ssafy_ws/install/rosbridge_msgs/include/rosbridge_msgs/rosbridge_msgs
[0.894s] -- Up-to-date: /home/ubuntu/S12P11C101/SIMULATE/GAZEBO_SIM/ssafy_ws/install/rosbridge_msgs/include/rosbridge_msgs/rosbridge_msgs/msg
[0.894s] -- Up-to-date: /home/ubuntu/S12P11C101/SIMULATE/GAZEBO_SIM/ssafy_ws/install/rosbridge_msgs/include/rosbridge_msgs/rosbridge_msgs/msg/detail
[0.895s] -- Up-to-date: /home/ubuntu/S12P11C101/SIMULATE/GAZEBO_SIM/ssafy_ws/install/rosbridge_msgs/include/rosbridge_msgs/rosbridge_msgs/msg/detail/connected_clients__type_support.hpp
[0.895s] -- Up-to-date: /home/ubuntu/S12P11C101/SIMULATE/GAZEBO_SIM/ssafy_ws/install/rosbridge_msgs/include/rosbridge_msgs/rosbridge_msgs/msg/detail/connected_clients__struct.hpp
[0.895s] -- Up-to-date: /home/ubuntu/S12P11C101/SIMULATE/GAZEBO_SIM/ssafy_ws/install/rosbridge_msgs/include/rosbridge_msgs/rosbridge_msgs/msg/detail/connected_client__builder.hpp
[0.895s] -- Up-to-date: /home/ubuntu/S12P11C101/SIMULATE/GAZEBO_SIM/ssafy_ws/install/rosbridge_msgs/include/rosbridge_msgs/rosbridge_msgs/msg/detail/connected_client__struct.hpp
[0.895s] -- Up-to-date: /home/ubuntu/S12P11C101/SIMULATE/GAZEBO_SIM/ssafy_ws/install/rosbridge_msgs/include/rosbridge_msgs/rosbridge_msgs/msg/detail/connected_client__type_support.hpp
[0.895s] -- Up-to-date: /home/ubuntu/S12P11C101/SIMULATE/GAZEBO_SIM/ssafy_ws/install/rosbridge_msgs/include/rosbridge_msgs/rosbridge_msgs/msg/detail/connected_clients__traits.hpp
[0.895s] -- Up-to-date: /home/ubuntu/S12P11C101/SIMULATE/GAZEBO_SIM/ssafy_ws/install/rosbridge_msgs/include/rosbridge_msgs/rosbridge_msgs/msg/detail/connected_client__traits.hpp
[0.895s] -- Up-to-date: /home/ubuntu/S12P11C101/SIMULATE/GAZEBO_SIM/ssafy_ws/install/rosbridge_msgs/include/rosbridge_msgs/rosbridge_msgs/msg/detail/connected_clients__builder.hpp
[0.895s] -- Up-to-date: /home/ubuntu/S12P11C101/SIMULATE/GAZEBO_SIM/ssafy_ws/install/rosbridge_msgs/include/rosbridge_msgs/rosbridge_msgs/msg/rosidl_generator_cpp__visibility_control.hpp
[0.895s] -- Up-to-date: /home/ubuntu/S12P11C101/SIMULATE/GAZEBO_SIM/ssafy_ws/install/rosbridge_msgs/include/rosbridge_msgs/rosbridge_msgs/msg/connected_client.hpp
[0.895s] -- Up-to-date: /home/ubuntu/S12P11C101/SIMULATE/GAZEBO_SIM/ssafy_ws/install/rosbridge_msgs/include/rosbridge_msgs/rosbridge_msgs/msg/connected_clients.hpp
[0.895s] -- Up-to-date: /home/ubuntu/S12P11C101/SIMULATE/GAZEBO_SIM/ssafy_ws/install/rosbridge_msgs/include/rosbridge_msgs/rosbridge_msgs
[0.895s] -- Up-to-date: /home/ubuntu/S12P11C101/SIMULATE/GAZEBO_SIM/ssafy_ws/install/rosbridge_msgs/include/rosbridge_msgs/rosbridge_msgs/msg
[0.895s] -- Up-to-date: /home/ubuntu/S12P11C101/SIMULATE/GAZEBO_SIM/ssafy_ws/install/rosbridge_msgs/include/rosbridge_msgs/rosbridge_msgs/msg/detail
[0.895s] -- Up-to-date: /home/ubuntu/S12P11C101/SIMULATE/GAZEBO_SIM/ssafy_ws/install/rosbridge_msgs/include/rosbridge_msgs/rosbridge_msgs/msg/detail/connected_clients__rosidl_typesupport_fastrtps_cpp.hpp
[0.896s] -- Up-to-date: /home/ubuntu/S12P11C101/SIMULATE/GAZEBO_SIM/ssafy_ws/install/rosbridge_msgs/include/rosbridge_msgs/rosbridge_msgs/msg/detail/dds_fastrtps
[0.896s] -- Up-to-date: /home/ubuntu/S12P11C101/SIMULATE/GAZEBO_SIM/ssafy_ws/install/rosbridge_msgs/include/rosbridge_msgs/rosbridge_msgs/msg/detail/connected_client__rosidl_typesupport_fastrtps_cpp.hpp
[0.896s] -- Up-to-date: /home/ubuntu/S12P11C101/SIMULATE/GAZEBO_SIM/ssafy_ws/install/rosbridge_msgs/include/rosbridge_msgs/rosbridge_msgs/msg/rosidl_typesupport_fastrtps_cpp__visibility_control.h
[0.896s] -- Up-to-date: /home/ubuntu/S12P11C101/SIMULATE/GAZEBO_SIM/ssafy_ws/install/rosbridge_msgs/lib/librosbridge_msgs__rosidl_typesupport_fastrtps_cpp.so
[0.896s] -- Up-to-date: /home/ubuntu/S12P11C101/SIMULATE/GAZEBO_SIM/ssafy_ws/install/rosbridge_msgs/include/rosbridge_msgs/rosbridge_msgs
[0.896s] -- Up-to-date: /home/ubuntu/S12P11C101/SIMULATE/GAZEBO_SIM/ssafy_ws/install/rosbridge_msgs/include/rosbridge_msgs/rosbridge_msgs/msg
[0.896s] -- Up-to-date: /home/ubuntu/S12P11C101/SIMULATE/GAZEBO_SIM/ssafy_ws/install/rosbridge_msgs/include/rosbridge_msgs/rosbridge_msgs/msg/detail
[0.896s] -- Up-to-date: /home/ubuntu/S12P11C101/SIMULATE/GAZEBO_SIM/ssafy_ws/install/rosbridge_msgs/include/rosbridge_msgs/rosbridge_msgs/msg/detail/connected_clients__rosidl_typesupport_introspection_c.h
[0.896s] -- Up-to-date: /home/ubuntu/S12P11C101/SIMULATE/GAZEBO_SIM/ssafy_ws/install/rosbridge_msgs/include/rosbridge_msgs/rosbridge_msgs/msg/detail/connected_client__rosidl_typesupport_introspection_c.h
[0.896s] -- Up-to-date: /home/ubuntu/S12P11C101/SIMULATE/GAZEBO_SIM/ssafy_ws/install/rosbridge_msgs/include/rosbridge_msgs/rosbridge_msgs/msg/detail/connected_clients__type_support.c
[0.896s] -- Up-to-date: /home/ubuntu/S12P11C101/SIMULATE/GAZEBO_SIM/ssafy_ws/install/rosbridge_msgs/include/rosbridge_msgs/rosbridge_msgs/msg/detail/connected_client__type_support.c
[0.896s] -- Up-to-date: /home/ubuntu/S12P11C101/SIMULATE/GAZEBO_SIM/ssafy_ws/install/rosbridge_msgs/include/rosbridge_msgs/rosbridge_msgs/msg/rosidl_typesupport_introspection_c__visibility_control.h
[0.896s] -- Up-to-date: /home/ubuntu/S12P11C101/SIMULATE/GAZEBO_SIM/ssafy_ws/install/rosbridge_msgs/lib/librosbridge_msgs__rosidl_typesupport_introspection_c.so
[0.897s] -- Up-to-date: /home/ubuntu/S12P11C101/SIMULATE/GAZEBO_SIM/ssafy_ws/install/rosbridge_msgs/lib/librosbridge_msgs__rosidl_typesupport_c.so
[0.897s] -- Up-to-date: /home/ubuntu/S12P11C101/SIMULATE/GAZEBO_SIM/ssafy_ws/install/rosbridge_msgs/include/rosbridge_msgs/rosbridge_msgs
[0.897s] -- Up-to-date: /home/ubuntu/S12P11C101/SIMULATE/GAZEBO_SIM/ssafy_ws/install/rosbridge_msgs/include/rosbridge_msgs/rosbridge_msgs/msg
[0.897s] -- Up-to-date: /home/ubuntu/S12P11C101/SIMULATE/GAZEBO_SIM/ssafy_ws/install/rosbridge_msgs/include/rosbridge_msgs/rosbridge_msgs/msg/detail
[0.897s] -- Up-to-date: /home/ubuntu/S12P11C101/SIMULATE/GAZEBO_SIM/ssafy_ws/install/rosbridge_msgs/include/rosbridge_msgs/rosbridge_msgs/msg/detail/connected_clients__type_support.cpp
[0.897s] -- Up-to-date: /home/ubuntu/S12P11C101/SIMULATE/GAZEBO_SIM/ssafy_ws/install/rosbridge_msgs/include/rosbridge_msgs/rosbridge_msgs/msg/detail/connected_clients__rosidl_typesupport_introspection_cpp.hpp
[0.897s] -- Up-to-date: /home/ubuntu/S12P11C101/SIMULATE/GAZEBO_SIM/ssafy_ws/install/rosbridge_msgs/include/rosbridge_msgs/rosbridge_msgs/msg/detail/connected_client__rosidl_typesupport_introspection_cpp.hpp
[0.897s] -- Up-to-date: /home/ubuntu/S12P11C101/SIMULATE/GAZEBO_SIM/ssafy_ws/install/rosbridge_msgs/include/rosbridge_msgs/rosbridge_msgs/msg/detail/connected_client__type_support.cpp
[0.897s] -- Up-to-date: /home/ubuntu/S12P11C101/SIMULATE/GAZEBO_SIM/ssafy_ws/install/rosbridge_msgs/lib/librosbridge_msgs__rosidl_typesupport_introspection_cpp.so
[0.897s] -- Up-to-date: /home/ubuntu/S12P11C101/SIMULATE/GAZEBO_SIM/ssafy_ws/install/rosbridge_msgs/lib/librosbridge_msgs__rosidl_typesupport_cpp.so
[0.897s] -- Up-to-date: /home/ubuntu/S12P11C101/SIMULATE/GAZEBO_SIM/ssafy_ws/install/rosbridge_msgs/share/rosbridge_msgs/environment/pythonpath.sh
[0.897s] -- Up-to-date: /home/ubuntu/S12P11C101/SIMULATE/GAZEBO_SIM/ssafy_ws/install/rosbridge_msgs/share/rosbridge_msgs/environment/pythonpath.dsv
[0.897s] -- Up-to-date: /home/ubuntu/S12P11C101/SIMULATE/GAZEBO_SIM/ssafy_ws/install/rosbridge_msgs/local/lib/python3.10/dist-packages/rosbridge_msgs-2.0.0-py3.10.egg-info
[0.897s] -- Installing: /home/ubuntu/S12P11C101/SIMULATE/GAZEBO_SIM/ssafy_ws/install/rosbridge_msgs/local/lib/python3.10/dist-packages/rosbridge_msgs-2.0.0-py3.10.egg-info/dependency_links.txt
[0.898s] -- Installing: /home/ubuntu/S12P11C101/SIMULATE/GAZEBO_SIM/ssafy_ws/install/rosbridge_msgs/local/lib/python3.10/dist-packages/rosbridge_msgs-2.0.0-py3.10.egg-info/PKG-INFO
[0.898s] -- Installing: /home/ubuntu/S12P11C101/SIMULATE/GAZEBO_SIM/ssafy_ws/install/rosbridge_msgs/local/lib/python3.10/dist-packages/rosbridge_msgs-2.0.0-py3.10.egg-info/SOURCES.txt
[0.898s] -- Installing: /home/ubuntu/S12P11C101/SIMULATE/GAZEBO_SIM/ssafy_ws/install/rosbridge_msgs/local/lib/python3.10/dist-packages/rosbridge_msgs-2.0.0-py3.10.egg-info/top_level.txt
[0.898s] -- Up-to-date: /home/ubuntu/S12P11C101/SIMULATE/GAZEBO_SIM/ssafy_ws/install/rosbridge_msgs/local/lib/python3.10/dist-packages/rosbridge_msgs
[0.898s] -- Up-to-date: /home/ubuntu/S12P11C101/SIMULATE/GAZEBO_SIM/ssafy_ws/install/rosbridge_msgs/local/lib/python3.10/dist-packages/rosbridge_msgs/msg
[0.898s] -- Up-to-date: /home/ubuntu/S12P11C101/SIMULATE/GAZEBO_SIM/ssafy_ws/install/rosbridge_msgs/local/lib/python3.10/dist-packages/rosbridge_msgs/msg/_connected_client_s.c
[0.898s] -- Up-to-date: /home/ubuntu/S12P11C101/SIMULATE/GAZEBO_SIM/ssafy_ws/install/rosbridge_msgs/local/lib/python3.10/dist-packages/rosbridge_msgs/msg/_connected_client.py
[0.898s] -- Up-to-date: /home/ubuntu/S12P11C101/SIMULATE/GAZEBO_SIM/ssafy_ws/install/rosbridge_msgs/local/lib/python3.10/dist-packages/rosbridge_msgs/msg/_connected_clients_s.c
[0.898s] -- Up-to-date: /home/ubuntu/S12P11C101/SIMULATE/GAZEBO_SIM/ssafy_ws/install/rosbridge_msgs/local/lib/python3.10/dist-packages/rosbridge_msgs/msg/__init__.py
[0.898s] -- Up-to-date: /home/ubuntu/S12P11C101/SIMULATE/GAZEBO_SIM/ssafy_ws/install/rosbridge_msgs/local/lib/python3.10/dist-packages/rosbridge_msgs/msg/_connected_clients.py
[0.898s] -- Up-to-date: /home/ubuntu/S12P11C101/SIMULATE/GAZEBO_SIM/ssafy_ws/install/rosbridge_msgs/local/lib/python3.10/dist-packages/rosbridge_msgs/rosbridge_msgs_s__rosidl_typesupport_c.cpython-310-x86_64-linux-gnu.so
[0.898s] -- Up-to-date: /home/ubuntu/S12P11C101/SIMULATE/GAZEBO_SIM/ssafy_ws/install/rosbridge_msgs/local/lib/python3.10/dist-packages/rosbridge_msgs/__init__.py
[0.898s] -- Up-to-date: /home/ubuntu/S12P11C101/SIMULATE/GAZEBO_SIM/ssafy_ws/install/rosbridge_msgs/local/lib/python3.10/dist-packages/rosbridge_msgs/_rosbridge_msgs_s.ep.rosidl_typesupport_c.c
[0.898s] -- Up-to-date: /home/ubuntu/S12P11C101/SIMULATE/GAZEBO_SIM/ssafy_ws/install/rosbridge_msgs/local/lib/python3.10/dist-packages/rosbridge_msgs/_rosbridge_msgs_s.ep.rosidl_typesupport_fastrtps_c.c
[0.898s] -- Up-to-date: /home/ubuntu/S12P11C101/SIMULATE/GAZEBO_SIM/ssafy_ws/install/rosbridge_msgs/local/lib/python3.10/dist-packages/rosbridge_msgs/librosbridge_msgs__rosidl_generator_py.so
[0.898s] -- Up-to-date: /home/ubuntu/S12P11C101/SIMULATE/GAZEBO_SIM/ssafy_ws/install/rosbridge_msgs/local/lib/python3.10/dist-packages/rosbridge_msgs/rosbridge_msgs_s__rosidl_typesupport_fastrtps_c.cpython-310-x86_64-linux-gnu.so
[0.898s] -- Up-to-date: /home/ubuntu/S12P11C101/SIMULATE/GAZEBO_SIM/ssafy_ws/install/rosbridge_msgs/local/lib/python3.10/dist-packages/rosbridge_msgs/_rosbridge_msgs_s.ep.rosidl_typesupport_introspection_c.c
[0.899s] -- Up-to-date: /home/ubuntu/S12P11C101/SIMULATE/GAZEBO_SIM/ssafy_ws/install/rosbridge_msgs/local/lib/python3.10/dist-packages/rosbridge_msgs/rosbridge_msgs_s__rosidl_typesupport_introspection_c.cpython-310-x86_64-linux-gnu.so
[0.933s] Listing '/home/ubuntu/S12P11C101/SIMULATE/GAZEBO_SIM/ssafy_ws/install/rosbridge_msgs/local/lib/python3.10/dist-packages/rosbridge_msgs'...
[0.934s] Listing '/home/ubuntu/S12P11C101/SIMULATE/GAZEBO_SIM/ssafy_ws/install/rosbridge_msgs/local/lib/python3.10/dist-packages/rosbridge_msgs/msg'...
[0.942s] -- Up-to-date: /home/ubuntu/S12P11C101/SIMULATE/GAZEBO_SIM/ssafy_ws/install/rosbridge_msgs/local/lib/python3.10/dist-packages/rosbridge_msgs/rosbridge_msgs_s__rosidl_typesupport_fastrtps_c.cpython-310-x86_64-linux-gnu.so
[0.943s] -- Up-to-date: /home/ubuntu/S12P11C101/SIMULATE/GAZEBO_SIM/ssafy_ws/install/rosbridge_msgs/local/lib/python3.10/dist-packages/rosbridge_msgs/rosbridge_msgs_s__rosidl_typesupport_introspection_c.cpython-310-x86_64-linux-gnu.so
[0.943s] -- Up-to-date: /home/ubuntu/S12P11C101/SIMULATE/GAZEBO_SIM/ssafy_ws/install/rosbridge_msgs/local/lib/python3.10/dist-packages/rosbridge_msgs/rosbridge_msgs_s__rosidl_typesupport_c.cpython-310-x86_64-linux-gnu.so
[0.944s] -- Up-to-date: /home/ubuntu/S12P11C101/SIMULATE/GAZEBO_SIM/ssafy_ws/install/rosbridge_msgs/lib/librosbridge_msgs__rosidl_generator_py.so
[0.944s] -- Up-to-date: /home/ubuntu/S12P11C101/SIMULATE/GAZEBO_SIM/ssafy_ws/install/rosbridge_msgs/share/rosbridge_msgs/msg/ConnectedClient.idl
[0.944s] -- Up-to-date: /home/ubuntu/S12P11C101/SIMULATE/GAZEBO_SIM/ssafy_ws/install/rosbridge_msgs/share/rosbridge_msgs/msg/ConnectedClients.idl
[0.944s] -- Up-to-date: /home/ubuntu/S12P11C101/SIMULATE/GAZEBO_SIM/ssafy_ws/install/rosbridge_msgs/share/rosbridge_msgs/msg/ConnectedClient.msg
[0.944s] -- Up-to-date: /home/ubuntu/S12P11C101/SIMULATE/GAZEBO_SIM/ssafy_ws/install/rosbridge_msgs/share/rosbridge_msgs/msg/ConnectedClients.msg
[0.945s] -- Up-to-date: /home/ubuntu/S12P11C101/SIMULATE/GAZEBO_SIM/ssafy_ws/install/rosbridge_msgs/share/ament_index/resource_index/package_run_dependencies/rosbridge_msgs
[0.945s] -- Up-to-date: /home/ubuntu/S12P11C101/SIMULATE/GAZEBO_SIM/ssafy_ws/install/rosbridge_msgs/share/ament_index/resource_index/parent_prefix_path/rosbridge_msgs
[0.945s] -- Up-to-date: /home/ubuntu/S12P11C101/SIMULATE/GAZEBO_SIM/ssafy_ws/install/rosbridge_msgs/share/rosbridge_msgs/environment/ament_prefix_path.sh
[0.945s] -- Up-to-date: /home/ubuntu/S12P11C101/SIMULATE/GAZEBO_SIM/ssafy_ws/install/rosbridge_msgs/share/rosbridge_msgs/environment/ament_prefix_path.dsv
[0.945s] -- Up-to-date: /home/ubuntu/S12P11C101/SIMULATE/GAZEBO_SIM/ssafy_ws/install/rosbridge_msgs/share/rosbridge_msgs/environment/path.sh
[0.946s] -- Up-to-date: /home/ubuntu/S12P11C101/SIMULATE/GAZEBO_SIM/ssafy_ws/install/rosbridge_msgs/share/rosbridge_msgs/environment/path.dsv
[0.946s] -- Up-to-date: /home/ubuntu/S12P11C101/SIMULATE/GAZEBO_SIM/ssafy_ws/install/rosbridge_msgs/share/rosbridge_msgs/local_setup.bash
[0.948s] -- Up-to-date: /home/ubuntu/S12P11C101/SIMULATE/GAZEBO_SIM/ssafy_ws/install/rosbridge_msgs/share/rosbridge_msgs/local_setup.sh
[0.948s] -- Up-to-date: /home/ubuntu/S12P11C101/SIMULATE/GAZEBO_SIM/ssafy_ws/install/rosbridge_msgs/share/rosbridge_msgs/local_setup.zsh
[0.948s] -- Up-to-date: /home/ubuntu/S12P11C101/SIMULATE/GAZEBO_SIM/ssafy_ws/install/rosbridge_msgs/share/rosbridge_msgs/local_setup.dsv
[0.948s] -- Installing: /home/ubuntu/S12P11C101/SIMULATE/GAZEBO_SIM/ssafy_ws/install/rosbridge_msgs/share/rosbridge_msgs/package.dsv
[0.949s] -- Up-to-date: /home/ubuntu/S12P11C101/SIMULATE/GAZEBO_SIM/ssafy_ws/install/rosbridge_msgs/share/ament_index/resource_index/packages/rosbridge_msgs
[0.949s] -- Up-to-date: /home/ubuntu/S12P11C101/SIMULATE/GAZEBO_SIM/ssafy_ws/install/rosbridge_msgs/share/rosbridge_msgs/cmake/export_rosbridge_msgs__rosidl_generator_cExport.cmake
[0.949s] -- Up-to-date: /home/ubuntu/S12P11C101/SIMULATE/GAZEBO_SIM/ssafy_ws/install/rosbridge_msgs/share/rosbridge_msgs/cmake/export_rosbridge_msgs__rosidl_generator_cExport-noconfig.cmake
[0.949s] -- Up-to-date: /home/ubuntu/S12P11C101/SIMULATE/GAZEBO_SIM/ssafy_ws/install/rosbridge_msgs/share/rosbridge_msgs/cmake/export_rosbridge_msgs__rosidl_typesupport_fastrtps_cExport.cmake
[0.949s] -- Up-to-date: /home/ubuntu/S12P11C101/SIMULATE/GAZEBO_SIM/ssafy_ws/install/rosbridge_msgs/share/rosbridge_msgs/cmake/export_rosbridge_msgs__rosidl_typesupport_fastrtps_cExport-noconfig.cmake
[0.949s] -- Up-to-date: /home/ubuntu/S12P11C101/SIMULATE/GAZEBO_SIM/ssafy_ws/install/rosbridge_msgs/share/rosbridge_msgs/cmake/export_rosbridge_msgs__rosidl_generator_cppExport.cmake
[0.949s] -- Up-to-date: /home/ubuntu/S12P11C101/SIMULATE/GAZEBO_SIM/ssafy_ws/install/rosbridge_msgs/share/rosbridge_msgs/cmake/export_rosbridge_msgs__rosidl_typesupport_fastrtps_cppExport.cmake
[0.950s] -- Up-to-date: /home/ubuntu/S12P11C101/SIMULATE/GAZEBO_SIM/ssafy_ws/install/rosbridge_msgs/share/rosbridge_msgs/cmake/export_rosbridge_msgs__rosidl_typesupport_fastrtps_cppExport-noconfig.cmake
[0.950s] -- Up-to-date: /home/ubuntu/S12P11C101/SIMULATE/GAZEBO_SIM/ssafy_ws/install/rosbridge_msgs/share/rosbridge_msgs/cmake/rosbridge_msgs__rosidl_typesupport_introspection_cExport.cmake
[0.950s] -- Up-to-date: /home/ubuntu/S12P11C101/SIMULATE/GAZEBO_SIM/ssafy_ws/install/rosbridge_msgs/share/rosbridge_msgs/cmake/rosbridge_msgs__rosidl_typesupport_introspection_cExport-noconfig.cmake
[0.951s] -- Up-to-date: /home/ubuntu/S12P11C101/SIMULATE/GAZEBO_SIM/ssafy_ws/install/rosbridge_msgs/share/rosbridge_msgs/cmake/rosbridge_msgs__rosidl_typesupport_cExport.cmake
[0.951s] -- Up-to-date: /home/ubuntu/S12P11C101/SIMULATE/GAZEBO_SIM/ssafy_ws/install/rosbridge_msgs/share/rosbridge_msgs/cmake/rosbridge_msgs__rosidl_typesupport_cExport-noconfig.cmake
[0.951s] -- Up-to-date: /home/ubuntu/S12P11C101/SIMULATE/GAZEBO_SIM/ssafy_ws/install/rosbridge_msgs/share/rosbridge_msgs/cmake/rosbridge_msgs__rosidl_typesupport_introspection_cppExport.cmake
[0.951s] -- Up-to-date: /home/ubuntu/S12P11C101/SIMULATE/GAZEBO_SIM/ssafy_ws/install/rosbridge_msgs/share/rosbridge_msgs/cmake/rosbridge_msgs__rosidl_typesupport_introspection_cppExport-noconfig.cmake
[0.953s] -- Up-to-date: /home/ubuntu/S12P11C101/SIMULATE/GAZEBO_SIM/ssafy_ws/install/rosbridge_msgs/share/rosbridge_msgs/cmake/rosbridge_msgs__rosidl_typesupport_cppExport.cmake
[0.953s] -- Up-to-date: /home/ubuntu/S12P11C101/SIMULATE/GAZEBO_SIM/ssafy_ws/install/rosbridge_msgs/share/rosbridge_msgs/cmake/rosbridge_msgs__rosidl_typesupport_cppExport-noconfig.cmake
[0.953s] -- Up-to-date: /home/ubuntu/S12P11C101/SIMULATE/GAZEBO_SIM/ssafy_ws/install/rosbridge_msgs/share/rosbridge_msgs/cmake/export_rosbridge_msgs__rosidl_generator_pyExport.cmake
[0.954s] -- Up-to-date: /home/ubuntu/S12P11C101/SIMULATE/GAZEBO_SIM/ssafy_ws/install/rosbridge_msgs/share/rosbridge_msgs/cmake/export_rosbridge_msgs__rosidl_generator_pyExport-noconfig.cmake
[0.954s] -- Up-to-date: /home/ubuntu/S12P11C101/SIMULATE/GAZEBO_SIM/ssafy_ws/install/rosbridge_msgs/share/rosbridge_msgs/cmake/rosidl_cmake-extras.cmake
[0.954s] -- Up-to-date: /home/ubuntu/S12P11C101/SIMULATE/GAZEBO_SIM/ssafy_ws/install/rosbridge_msgs/share/rosbridge_msgs/cmake/ament_cmake_export_dependencies-extras.cmake
[0.956s] -- Up-to-date: /home/ubuntu/S12P11C101/SIMULATE/GAZEBO_SIM/ssafy_ws/install/rosbridge_msgs/share/rosbridge_msgs/cmake/ament_cmake_export_include_directories-extras.cmake
[0.956s] -- Up-to-date: /home/ubuntu/S12P11C101/SIMULATE/GAZEBO_SIM/ssafy_ws/install/rosbridge_msgs/share/rosbridge_msgs/cmake/ament_cmake_export_libraries-extras.cmake
[0.956s] -- Up-to-date: /home/ubuntu/S12P11C101/SIMULATE/GAZEBO_SIM/ssafy_ws/install/rosbridge_msgs/share/rosbridge_msgs/cmake/ament_cmake_export_targets-extras.cmake
[0.956s] -- Up-to-date: /home/ubuntu/S12P11C101/SIMULATE/GAZEBO_SIM/ssafy_ws/install/rosbridge_msgs/share/rosbridge_msgs/cmake/rosidl_cmake_export_typesupport_targets-extras.cmake
[0.956s] -- Up-to-date: /home/ubuntu/S12P11C101/SIMULATE/GAZEBO_SIM/ssafy_ws/install/rosbridge_msgs/share/rosbridge_msgs/cmake/rosidl_cmake_export_typesupport_libraries-extras.cmake
[0.957s] -- Up-to-date: /home/ubuntu/S12P11C101/SIMULATE/GAZEBO_SIM/ssafy_ws/install/rosbridge_msgs/share/rosbridge_msgs/cmake/rosbridge_msgsConfig.cmake
[0.957s] -- Up-to-date: /home/ubuntu/S12P11C101/SIMULATE/GAZEBO_SIM/ssafy_ws/install/rosbridge_msgs/share/rosbridge_msgs/cmake/rosbridge_msgsConfig-version.cmake
[0.957s] -- Up-to-date: /home/ubuntu/S12P11C101/SIMULATE/GAZEBO_SIM/ssafy_ws/install/rosbridge_msgs/share/rosbridge_msgs/package.xml
[0.979s] Invoked command in '/home/ubuntu/S12P11C101/SIMULATE/GAZEBO_SIM/ssafy_ws/build/rosbridge_msgs' returned '0': CMAKE_PREFIX_PATH=${CMAKE_PREFIX_PATH}:/home/ubuntu/S12P11C101/SIMULATE/GAZEBO_SIM/ssafy_ws/install/teleop_twist_keyboard:/opt/ros/humble /usr/bin/cmake --install /home/ubuntu/S12P11C101/SIMULATE/GAZEBO_SIM/ssafy_ws/build/rosbridge_msgs
