[0.009s] Invoking command in '/home/ubuntu/GAZEBO_SIM/ssafy_ws/src/build/rosapi': CMAKE_PREFIX_PATH=/home/ubuntu/GAZEBO_SIM/ssafy_ws/src/install/rosbridge_library:/home/ubuntu/GAZEBO_SIM/ssafy_ws/src/install/rosbridge_test_msgs:/home/ubuntu/GAZEBO_SIM/ssafy_ws/src/install/rosapi_msgs:/home/ubuntu/GAZEBO_SIM/ssafy_ws/src/install/velodyne_simulator:/home/ubuntu/GAZEBO_SIM/ssafy_ws/src/install/velodyne_gazebo_plugins:/home/ubuntu/GAZEBO_SIM/ssafy_ws/src/install/turtlebot3_simulations:/home/ubuntu/GAZEBO_SIM/ssafy_ws/src/install/turtlebot3_gazebo:/home/ubuntu/GAZEBO_SIM/ssafy_ws/src/install/velodyne_description:/home/ubuntu/GAZEBO_SIM/ssafy_ws/src/install/turtlebot3_description:/home/ubuntu/GAZEBO_SIM/ssafy_ws/src/install/rosbridge_suite:/home/ubuntu/GAZEBO_SIM/ssafy_ws/src/install/rosbridge_server:/home/ubuntu/GAZEBO_SIM/ssafy_ws/src/install/rosbridge_msgs:/home/ubuntu/GAZEBO_SIM/ssafy_ws/src/install/rosapi:/home/ubuntu/GAZEBO_SIM/ssafy_ws/install/velodyne_simulator:/home/ubuntu/GAZEBO_SIM/ssafy_ws/install/velodyne_gazebo_plugins:/home/ubuntu/GAZEBO_SIM/ssafy_ws/install/turtlebot3_simulations:/home/ubuntu/GAZEBO_SIM/ssafy_ws/install/turtlebot3_gazebo:/home/ubuntu/GAZEBO_SIM/ssafy_ws/install/velodyne_description:/home/ubuntu/GAZEBO_SIM/ssafy_ws/install/turtlebot3_description:/home/ubuntu/GAZEBO_SIM/ssafy_ws/src/install/teleop_twist_keyboard:/home/ubuntu/GAZEBO_SIM/ssafy_ws/install/teleop_twist_keyboard:/opt/ros/humble LD_LIBRARY_PATH=/home/ubuntu/GAZEBO_SIM/ssafy_ws/src/install/rosbridge_test_msgs/lib:/home/ubuntu/GAZEBO_SIM/ssafy_ws/src/install/rosapi_msgs/lib:/home/ubuntu/GAZEBO_SIM/ssafy_ws/src/install/velodyne_gazebo_plugins/lib:/home/ubuntu/GAZEBO_SIM/ssafy_ws/src/install/rosbridge_msgs/lib:/home/ubuntu/GAZEBO_SIM/ssafy_ws/install/velodyne_gazebo_plugins/lib:/usr/lib/x86_64-linux-gnu/gazebo-11/plugins:/opt/ros/humble/opt/rviz_ogre_vendor/lib:/opt/ros/humble/lib/x86_64-linux-gnu:/opt/ros/humble/lib /usr/bin/cmake /home/ubuntu/GAZEBO_SIM/ssafy_ws/src/rosbridge_suite/rosapi -DCMAKE_INSTALL_PREFIX=/home/ubuntu/GAZEBO_SIM/ssafy_ws/src/install/rosapi
[0.057s] -- The C compiler identification is GNU 11.4.0
[0.107s] -- The CXX compiler identification is GNU 11.4.0
[0.112s] -- Detecting C compiler ABI info
[0.164s] -- Detecting C compiler ABI info - done
[0.168s] -- Check for working C compiler: /usr/bin/cc - skipped
[0.168s] -- Detecting C compile features
[0.169s] -- Detecting C compile features - done
[0.171s] -- Detecting CXX compiler ABI info
[0.245s] -- Detecting CXX compiler ABI info - done
[0.249s] -- Check for working CXX compiler: /usr/bin/c++ - skipped
[0.250s] -- Detecting CXX compile features
[0.250s] -- Detecting CXX compile features - done
[0.252s] -- Found ament_cmake_ros: 0.10.0 (/opt/ros/humble/share/ament_cmake_ros/cmake)
[0.361s] -- Found Python3: /usr/bin/python3 (found version "3.10.12") found components: Interpreter 
[0.898s] -- Configuring done
[0.901s] -- Generating done
[0.903s] -- Build files have been written to: /home/ubuntu/GAZEBO_SIM/ssafy_ws/src/build/rosapi
[0.907s] Invoked command in '/home/ubuntu/GAZEBO_SIM/ssafy_ws/src/build/rosapi' returned '0': CMAKE_PREFIX_PATH=/home/ubuntu/GAZEBO_SIM/ssafy_ws/src/install/rosbridge_library:/home/ubuntu/GAZEBO_SIM/ssafy_ws/src/install/rosbridge_test_msgs:/home/ubuntu/GAZEBO_SIM/ssafy_ws/src/install/rosapi_msgs:/home/ubuntu/GAZEBO_SIM/ssafy_ws/src/install/velodyne_simulator:/home/ubuntu/GAZEBO_SIM/ssafy_ws/src/install/velodyne_gazebo_plugins:/home/ubuntu/GAZEBO_SIM/ssafy_ws/src/install/turtlebot3_simulations:/home/ubuntu/GAZEBO_SIM/ssafy_ws/src/install/turtlebot3_gazebo:/home/ubuntu/GAZEBO_SIM/ssafy_ws/src/install/velodyne_description:/home/ubuntu/GAZEBO_SIM/ssafy_ws/src/install/turtlebot3_description:/home/ubuntu/GAZEBO_SIM/ssafy_ws/src/install/rosbridge_suite:/home/ubuntu/GAZEBO_SIM/ssafy_ws/src/install/rosbridge_server:/home/ubuntu/GAZEBO_SIM/ssafy_ws/src/install/rosbridge_msgs:/home/ubuntu/GAZEBO_SIM/ssafy_ws/src/install/rosapi:/home/ubuntu/GAZEBO_SIM/ssafy_ws/install/velodyne_simulator:/home/ubuntu/GAZEBO_SIM/ssafy_ws/install/velodyne_gazebo_plugins:/home/ubuntu/GAZEBO_SIM/ssafy_ws/install/turtlebot3_simulations:/home/ubuntu/GAZEBO_SIM/ssafy_ws/install/turtlebot3_gazebo:/home/ubuntu/GAZEBO_SIM/ssafy_ws/install/velodyne_description:/home/ubuntu/GAZEBO_SIM/ssafy_ws/install/turtlebot3_description:/home/ubuntu/GAZEBO_SIM/ssafy_ws/src/install/teleop_twist_keyboard:/home/ubuntu/GAZEBO_SIM/ssafy_ws/install/teleop_twist_keyboard:/opt/ros/humble LD_LIBRARY_PATH=/home/ubuntu/GAZEBO_SIM/ssafy_ws/src/install/rosbridge_test_msgs/lib:/home/ubuntu/GAZEBO_SIM/ssafy_ws/src/install/rosapi_msgs/lib:/home/ubuntu/GAZEBO_SIM/ssafy_ws/src/install/velodyne_gazebo_plugins/lib:/home/ubuntu/GAZEBO_SIM/ssafy_ws/src/install/rosbridge_msgs/lib:/home/ubuntu/GAZEBO_SIM/ssafy_ws/install/velodyne_gazebo_plugins/lib:/usr/lib/x86_64-linux-gnu/gazebo-11/plugins:/opt/ros/humble/opt/rviz_ogre_vendor/lib:/opt/ros/humble/lib/x86_64-linux-gnu:/opt/ros/humble/lib /usr/bin/cmake /home/ubuntu/GAZEBO_SIM/ssafy_ws/src/rosbridge_suite/rosapi -DCMAKE_INSTALL_PREFIX=/home/ubuntu/GAZEBO_SIM/ssafy_ws/src/install/rosapi
[0.908s] Invoking command in '/home/ubuntu/GAZEBO_SIM/ssafy_ws/src/build/rosapi': CMAKE_PREFIX_PATH=/home/ubuntu/GAZEBO_SIM/ssafy_ws/src/install/rosbridge_library:/home/ubuntu/GAZEBO_SIM/ssafy_ws/src/install/rosbridge_test_msgs:/home/ubuntu/GAZEBO_SIM/ssafy_ws/src/install/rosapi_msgs:/home/ubuntu/GAZEBO_SIM/ssafy_ws/src/install/velodyne_simulator:/home/ubuntu/GAZEBO_SIM/ssafy_ws/src/install/velodyne_gazebo_plugins:/home/ubuntu/GAZEBO_SIM/ssafy_ws/src/install/turtlebot3_simulations:/home/ubuntu/GAZEBO_SIM/ssafy_ws/src/install/turtlebot3_gazebo:/home/ubuntu/GAZEBO_SIM/ssafy_ws/src/install/velodyne_description:/home/ubuntu/GAZEBO_SIM/ssafy_ws/src/install/turtlebot3_description:/home/ubuntu/GAZEBO_SIM/ssafy_ws/src/install/rosbridge_suite:/home/ubuntu/GAZEBO_SIM/ssafy_ws/src/install/rosbridge_server:/home/ubuntu/GAZEBO_SIM/ssafy_ws/src/install/rosbridge_msgs:/home/ubuntu/GAZEBO_SIM/ssafy_ws/src/install/rosapi:/home/ubuntu/GAZEBO_SIM/ssafy_ws/install/velodyne_simulator:/home/ubuntu/GAZEBO_SIM/ssafy_ws/install/velodyne_gazebo_plugins:/home/ubuntu/GAZEBO_SIM/ssafy_ws/install/turtlebot3_simulations:/home/ubuntu/GAZEBO_SIM/ssafy_ws/install/turtlebot3_gazebo:/home/ubuntu/GAZEBO_SIM/ssafy_ws/install/velodyne_description:/home/ubuntu/GAZEBO_SIM/ssafy_ws/install/turtlebot3_description:/home/ubuntu/GAZEBO_SIM/ssafy_ws/src/install/teleop_twist_keyboard:/home/ubuntu/GAZEBO_SIM/ssafy_ws/install/teleop_twist_keyboard:/opt/ros/humble LD_LIBRARY_PATH=/home/ubuntu/GAZEBO_SIM/ssafy_ws/src/install/rosbridge_test_msgs/lib:/home/ubuntu/GAZEBO_SIM/ssafy_ws/src/install/rosapi_msgs/lib:/home/ubuntu/GAZEBO_SIM/ssafy_ws/src/install/velodyne_gazebo_plugins/lib:/home/ubuntu/GAZEBO_SIM/ssafy_ws/src/install/rosbridge_msgs/lib:/home/ubuntu/GAZEBO_SIM/ssafy_ws/install/velodyne_gazebo_plugins/lib:/usr/lib/x86_64-linux-gnu/gazebo-11/plugins:/opt/ros/humble/opt/rviz_ogre_vendor/lib:/opt/ros/humble/lib/x86_64-linux-gnu:/opt/ros/humble/lib /usr/bin/cmake --build /home/ubuntu/GAZEBO_SIM/ssafy_ws/src/build/rosapi -- -j12 -l12
[0.956s] Built target ament_cmake_python_copy_rosapi
[1.123s] running egg_info
[1.123s] creating rosapi.egg-info
[1.123s] writing rosapi.egg-info/PKG-INFO
[1.123s] writing dependency_links to rosapi.egg-info/dependency_links.txt
[1.123s] writing top-level names to rosapi.egg-info/top_level.txt
[1.123s] writing manifest file 'rosapi.egg-info/SOURCES.txt'
[1.125s] reading manifest file 'rosapi.egg-info/SOURCES.txt'
[1.125s] writing manifest file 'rosapi.egg-info/SOURCES.txt'
[1.140s] Built target ament_cmake_python_build_rosapi_egg
[1.147s] Invoked command in '/home/ubuntu/GAZEBO_SIM/ssafy_ws/src/build/rosapi' returned '0': CMAKE_PREFIX_PATH=/home/ubuntu/GAZEBO_SIM/ssafy_ws/src/install/rosbridge_library:/home/ubuntu/GAZEBO_SIM/ssafy_ws/src/install/rosbridge_test_msgs:/home/ubuntu/GAZEBO_SIM/ssafy_ws/src/install/rosapi_msgs:/home/ubuntu/GAZEBO_SIM/ssafy_ws/src/install/velodyne_simulator:/home/ubuntu/GAZEBO_SIM/ssafy_ws/src/install/velodyne_gazebo_plugins:/home/ubuntu/GAZEBO_SIM/ssafy_ws/src/install/turtlebot3_simulations:/home/ubuntu/GAZEBO_SIM/ssafy_ws/src/install/turtlebot3_gazebo:/home/ubuntu/GAZEBO_SIM/ssafy_ws/src/install/velodyne_description:/home/ubuntu/GAZEBO_SIM/ssafy_ws/src/install/turtlebot3_description:/home/ubuntu/GAZEBO_SIM/ssafy_ws/src/install/rosbridge_suite:/home/ubuntu/GAZEBO_SIM/ssafy_ws/src/install/rosbridge_server:/home/ubuntu/GAZEBO_SIM/ssafy_ws/src/install/rosbridge_msgs:/home/ubuntu/GAZEBO_SIM/ssafy_ws/src/install/rosapi:/home/ubuntu/GAZEBO_SIM/ssafy_ws/install/velodyne_simulator:/home/ubuntu/GAZEBO_SIM/ssafy_ws/install/velodyne_gazebo_plugins:/home/ubuntu/GAZEBO_SIM/ssafy_ws/install/turtlebot3_simulations:/home/ubuntu/GAZEBO_SIM/ssafy_ws/install/turtlebot3_gazebo:/home/ubuntu/GAZEBO_SIM/ssafy_ws/install/velodyne_description:/home/ubuntu/GAZEBO_SIM/ssafy_ws/install/turtlebot3_description:/home/ubuntu/GAZEBO_SIM/ssafy_ws/src/install/teleop_twist_keyboard:/home/ubuntu/GAZEBO_SIM/ssafy_ws/install/teleop_twist_keyboard:/opt/ros/humble LD_LIBRARY_PATH=/home/ubuntu/GAZEBO_SIM/ssafy_ws/src/install/rosbridge_test_msgs/lib:/home/ubuntu/GAZEBO_SIM/ssafy_ws/src/install/rosapi_msgs/lib:/home/ubuntu/GAZEBO_SIM/ssafy_ws/src/install/velodyne_gazebo_plugins/lib:/home/ubuntu/GAZEBO_SIM/ssafy_ws/src/install/rosbridge_msgs/lib:/home/ubuntu/GAZEBO_SIM/ssafy_ws/install/velodyne_gazebo_plugins/lib:/usr/lib/x86_64-linux-gnu/gazebo-11/plugins:/opt/ros/humble/opt/rviz_ogre_vendor/lib:/opt/ros/humble/lib/x86_64-linux-gnu:/opt/ros/humble/lib /usr/bin/cmake --build /home/ubuntu/GAZEBO_SIM/ssafy_ws/src/build/rosapi -- -j12 -l12
[1.148s] Invoking command in '/home/ubuntu/GAZEBO_SIM/ssafy_ws/src/build/rosapi': CMAKE_PREFIX_PATH=/home/ubuntu/GAZEBO_SIM/ssafy_ws/src/install/rosbridge_library:/home/ubuntu/GAZEBO_SIM/ssafy_ws/src/install/rosbridge_test_msgs:/home/ubuntu/GAZEBO_SIM/ssafy_ws/src/install/rosapi_msgs:/home/ubuntu/GAZEBO_SIM/ssafy_ws/src/install/velodyne_simulator:/home/ubuntu/GAZEBO_SIM/ssafy_ws/src/install/velodyne_gazebo_plugins:/home/ubuntu/GAZEBO_SIM/ssafy_ws/src/install/turtlebot3_simulations:/home/ubuntu/GAZEBO_SIM/ssafy_ws/src/install/turtlebot3_gazebo:/home/ubuntu/GAZEBO_SIM/ssafy_ws/src/install/velodyne_description:/home/ubuntu/GAZEBO_SIM/ssafy_ws/src/install/turtlebot3_description:/home/ubuntu/GAZEBO_SIM/ssafy_ws/src/install/rosbridge_suite:/home/ubuntu/GAZEBO_SIM/ssafy_ws/src/install/rosbridge_server:/home/ubuntu/GAZEBO_SIM/ssafy_ws/src/install/rosbridge_msgs:/home/ubuntu/GAZEBO_SIM/ssafy_ws/src/install/rosapi:/home/ubuntu/GAZEBO_SIM/ssafy_ws/install/velodyne_simulator:/home/ubuntu/GAZEBO_SIM/ssafy_ws/install/velodyne_gazebo_plugins:/home/ubuntu/GAZEBO_SIM/ssafy_ws/install/turtlebot3_simulations:/home/ubuntu/GAZEBO_SIM/ssafy_ws/install/turtlebot3_gazebo:/home/ubuntu/GAZEBO_SIM/ssafy_ws/install/velodyne_description:/home/ubuntu/GAZEBO_SIM/ssafy_ws/install/turtlebot3_description:/home/ubuntu/GAZEBO_SIM/ssafy_ws/src/install/teleop_twist_keyboard:/home/ubuntu/GAZEBO_SIM/ssafy_ws/install/teleop_twist_keyboard:/opt/ros/humble LD_LIBRARY_PATH=/home/ubuntu/GAZEBO_SIM/ssafy_ws/src/install/rosbridge_test_msgs/lib:/home/ubuntu/GAZEBO_SIM/ssafy_ws/src/install/rosapi_msgs/lib:/home/ubuntu/GAZEBO_SIM/ssafy_ws/src/install/velodyne_gazebo_plugins/lib:/home/ubuntu/GAZEBO_SIM/ssafy_ws/src/install/rosbridge_msgs/lib:/home/ubuntu/GAZEBO_SIM/ssafy_ws/install/velodyne_gazebo_plugins/lib:/usr/lib/x86_64-linux-gnu/gazebo-11/plugins:/opt/ros/humble/opt/rviz_ogre_vendor/lib:/opt/ros/humble/lib/x86_64-linux-gnu:/opt/ros/humble/lib /usr/bin/cmake --install /home/ubuntu/GAZEBO_SIM/ssafy_ws/src/build/rosapi
[1.153s] -- Install configuration: ""
[1.153s] -- Installing: /home/ubuntu/GAZEBO_SIM/ssafy_ws/src/install/rosapi/share/rosapi/environment/pythonpath.sh
[1.153s] -- Installing: /home/ubuntu/GAZEBO_SIM/ssafy_ws/src/install/rosapi/share/rosapi/environment/pythonpath.dsv
[1.153s] -- Installing: /home/ubuntu/GAZEBO_SIM/ssafy_ws/src/install/rosapi/local/lib/python3.10/dist-packages/rosapi-2.0.0-py3.10.egg-info
[1.153s] -- Installing: /home/ubuntu/GAZEBO_SIM/ssafy_ws/src/install/rosapi/local/lib/python3.10/dist-packages/rosapi-2.0.0-py3.10.egg-info/dependency_links.txt
[1.153s] -- Installing: /home/ubuntu/GAZEBO_SIM/ssafy_ws/src/install/rosapi/local/lib/python3.10/dist-packages/rosapi-2.0.0-py3.10.egg-info/PKG-INFO
[1.153s] -- Installing: /home/ubuntu/GAZEBO_SIM/ssafy_ws/src/install/rosapi/local/lib/python3.10/dist-packages/rosapi-2.0.0-py3.10.egg-info/SOURCES.txt
[1.153s] -- Installing: /home/ubuntu/GAZEBO_SIM/ssafy_ws/src/install/rosapi/local/lib/python3.10/dist-packages/rosapi-2.0.0-py3.10.egg-info/top_level.txt
[1.153s] -- Installing: /home/ubuntu/GAZEBO_SIM/ssafy_ws/src/install/rosapi/local/lib/python3.10/dist-packages/rosapi
[1.153s] -- Installing: /home/ubuntu/GAZEBO_SIM/ssafy_ws/src/install/rosapi/local/lib/python3.10/dist-packages/rosapi/stringify_field_types.py
[1.153s] -- Installing: /home/ubuntu/GAZEBO_SIM/ssafy_ws/src/install/rosapi/local/lib/python3.10/dist-packages/rosapi/objectutils.py
[1.153s] -- Installing: /home/ubuntu/GAZEBO_SIM/ssafy_ws/src/install/rosapi/local/lib/python3.10/dist-packages/rosapi/__init__.py
[1.153s] -- Installing: /home/ubuntu/GAZEBO_SIM/ssafy_ws/src/install/rosapi/local/lib/python3.10/dist-packages/rosapi/proxy.py
[1.153s] -- Installing: /home/ubuntu/GAZEBO_SIM/ssafy_ws/src/install/rosapi/local/lib/python3.10/dist-packages/rosapi/glob_helper.py
[1.153s] -- Installing: /home/ubuntu/GAZEBO_SIM/ssafy_ws/src/install/rosapi/local/lib/python3.10/dist-packages/rosapi/params.py
[1.178s] Listing '/home/ubuntu/GAZEBO_SIM/ssafy_ws/src/install/rosapi/local/lib/python3.10/dist-packages/rosapi'...
[1.178s] Compiling '/home/ubuntu/GAZEBO_SIM/ssafy_ws/src/install/rosapi/local/lib/python3.10/dist-packages/rosapi/__init__.py'...
[1.178s] Compiling '/home/ubuntu/GAZEBO_SIM/ssafy_ws/src/install/rosapi/local/lib/python3.10/dist-packages/rosapi/glob_helper.py'...
[1.178s] Compiling '/home/ubuntu/GAZEBO_SIM/ssafy_ws/src/install/rosapi/local/lib/python3.10/dist-packages/rosapi/objectutils.py'...
[1.178s] Compiling '/home/ubuntu/GAZEBO_SIM/ssafy_ws/src/install/rosapi/local/lib/python3.10/dist-packages/rosapi/params.py'...
[1.178s] Compiling '/home/ubuntu/GAZEBO_SIM/ssafy_ws/src/install/rosapi/local/lib/python3.10/dist-packages/rosapi/proxy.py'...
[1.178s] Compiling '/home/ubuntu/GAZEBO_SIM/ssafy_ws/src/install/rosapi/local/lib/python3.10/dist-packages/rosapi/stringify_field_types.py'...
[1.180s] -- Installing: /home/ubuntu/GAZEBO_SIM/ssafy_ws/src/install/rosapi/share/ament_index/resource_index/package_run_dependencies/rosapi
[1.180s] -- Installing: /home/ubuntu/GAZEBO_SIM/ssafy_ws/src/install/rosapi/share/ament_index/resource_index/parent_prefix_path/rosapi
[1.180s] -- Installing: /home/ubuntu/GAZEBO_SIM/ssafy_ws/src/install/rosapi/share/rosapi/environment/ament_prefix_path.sh
[1.180s] -- Installing: /home/ubuntu/GAZEBO_SIM/ssafy_ws/src/install/rosapi/share/rosapi/environment/ament_prefix_path.dsv
[1.180s] -- Installing: /home/ubuntu/GAZEBO_SIM/ssafy_ws/src/install/rosapi/share/rosapi/environment/path.sh
[1.181s] -- Installing: /home/ubuntu/GAZEBO_SIM/ssafy_ws/src/install/rosapi/share/rosapi/environment/path.dsv
[1.181s] -- Installing: /home/ubuntu/GAZEBO_SIM/ssafy_ws/src/install/rosapi/share/rosapi/local_setup.bash
[1.181s] -- Installing: /home/ubuntu/GAZEBO_SIM/ssafy_ws/src/install/rosapi/share/rosapi/local_setup.sh
[1.181s] -- Installing: /home/ubuntu/GAZEBO_SIM/ssafy_ws/src/install/rosapi/share/rosapi/local_setup.zsh
[1.181s] -- Installing: /home/ubuntu/GAZEBO_SIM/ssafy_ws/src/install/rosapi/share/rosapi/local_setup.dsv
[1.181s] -- Installing: /home/ubuntu/GAZEBO_SIM/ssafy_ws/src/install/rosapi/share/rosapi/package.dsv
[1.181s] -- Installing: /home/ubuntu/GAZEBO_SIM/ssafy_ws/src/install/rosapi/share/ament_index/resource_index/packages/rosapi
[1.181s] -- Installing: /home/ubuntu/GAZEBO_SIM/ssafy_ws/src/install/rosapi/share/rosapi/cmake/rosapiConfig.cmake
[1.181s] -- Installing: /home/ubuntu/GAZEBO_SIM/ssafy_ws/src/install/rosapi/share/rosapi/cmake/rosapiConfig-version.cmake
[1.181s] -- Installing: /home/ubuntu/GAZEBO_SIM/ssafy_ws/src/install/rosapi/share/rosapi/package.xml
[1.181s] -- Installing: /home/ubuntu/GAZEBO_SIM/ssafy_ws/src/install/rosapi/lib/rosapi/rosapi_node
[1.181s] -- Installing: /home/ubuntu/GAZEBO_SIM/ssafy_ws/src/install/rosapi/share/rosapi/mapping_rules.yaml
[1.183s] Invoked command in '/home/ubuntu/GAZEBO_SIM/ssafy_ws/src/build/rosapi' returned '0': CMAKE_PREFIX_PATH=/home/ubuntu/GAZEBO_SIM/ssafy_ws/src/install/rosbridge_library:/home/ubuntu/GAZEBO_SIM/ssafy_ws/src/install/rosbridge_test_msgs:/home/ubuntu/GAZEBO_SIM/ssafy_ws/src/install/rosapi_msgs:/home/ubuntu/GAZEBO_SIM/ssafy_ws/src/install/velodyne_simulator:/home/ubuntu/GAZEBO_SIM/ssafy_ws/src/install/velodyne_gazebo_plugins:/home/ubuntu/GAZEBO_SIM/ssafy_ws/src/install/turtlebot3_simulations:/home/ubuntu/GAZEBO_SIM/ssafy_ws/src/install/turtlebot3_gazebo:/home/ubuntu/GAZEBO_SIM/ssafy_ws/src/install/velodyne_description:/home/ubuntu/GAZEBO_SIM/ssafy_ws/src/install/turtlebot3_description:/home/ubuntu/GAZEBO_SIM/ssafy_ws/src/install/rosbridge_suite:/home/ubuntu/GAZEBO_SIM/ssafy_ws/src/install/rosbridge_server:/home/ubuntu/GAZEBO_SIM/ssafy_ws/src/install/rosbridge_msgs:/home/ubuntu/GAZEBO_SIM/ssafy_ws/src/install/rosapi:/home/ubuntu/GAZEBO_SIM/ssafy_ws/install/velodyne_simulator:/home/ubuntu/GAZEBO_SIM/ssafy_ws/install/velodyne_gazebo_plugins:/home/ubuntu/GAZEBO_SIM/ssafy_ws/install/turtlebot3_simulations:/home/ubuntu/GAZEBO_SIM/ssafy_ws/install/turtlebot3_gazebo:/home/ubuntu/GAZEBO_SIM/ssafy_ws/install/velodyne_description:/home/ubuntu/GAZEBO_SIM/ssafy_ws/install/turtlebot3_description:/home/ubuntu/GAZEBO_SIM/ssafy_ws/src/install/teleop_twist_keyboard:/home/ubuntu/GAZEBO_SIM/ssafy_ws/install/teleop_twist_keyboard:/opt/ros/humble LD_LIBRARY_PATH=/home/ubuntu/GAZEBO_SIM/ssafy_ws/src/install/rosbridge_test_msgs/lib:/home/ubuntu/GAZEBO_SIM/ssafy_ws/src/install/rosapi_msgs/lib:/home/ubuntu/GAZEBO_SIM/ssafy_ws/src/install/velodyne_gazebo_plugins/lib:/home/ubuntu/GAZEBO_SIM/ssafy_ws/src/install/rosbridge_msgs/lib:/home/ubuntu/GAZEBO_SIM/ssafy_ws/install/velodyne_gazebo_plugins/lib:/usr/lib/x86_64-linux-gnu/gazebo-11/plugins:/opt/ros/humble/opt/rviz_ogre_vendor/lib:/opt/ros/humble/lib/x86_64-linux-gnu:/opt/ros/humble/lib /usr/bin/cmake --install /home/ubuntu/GAZEBO_SIM/ssafy_ws/src/build/rosapi
