[0.011s] Invoking command in '/home/ubuntu/GAZEBO_SIM/ssafy_ws/build/rosbridge_server': AMENT_PREFIX_PATH=/home/ubuntu/GAZEBO_SIM/ssafy_ws/install/rosapi:/home/ubuntu/GAZEBO_SIM/ssafy_ws/install/rosbridge_library:/home/ubuntu/GAZEBO_SIM/ssafy_ws/install/rosbridge_test_msgs:/home/ubuntu/GAZEBO_SIM/ssafy_ws/install/rosbridge_msgs:/home/ubuntu/GAZEBO_SIM/ssafy_ws/install/rosapi_msgs:${AMENT_PREFIX_PATH} CMAKE_PREFIX_PATH=/home/ubuntu/GAZEBO_SIM/ssafy_ws/install/rosapi:/home/ubuntu/GAZEBO_SIM/ssafy_ws/install/rosbridge_library:/home/ubuntu/GAZEBO_SIM/ssafy_ws/install/rosbridge_test_msgs:/home/ubuntu/GAZEBO_SIM/ssafy_ws/install/rosbridge_msgs:/home/ubuntu/GAZEBO_SIM/ssafy_ws/install/rosapi_msgs:/home/ubuntu/GAZEBO_SIM/ssafy_ws/install/velodyne_simulator:/home/ubuntu/GAZEBO_SIM/ssafy_ws/install/velodyne_gazebo_plugins:/home/ubuntu/GAZEBO_SIM/ssafy_ws/install/turtlebot3_simulations:/home/ubuntu/GAZEBO_SIM/ssafy_ws/install/turtlebot3_gazebo:/home/ubuntu/GAZEBO_SIM/ssafy_ws/install/velodyne_description:/home/ubuntu/GAZEBO_SIM/ssafy_ws/install/turtlebot3_description:/home/ubuntu/GAZEBO_SIM/ssafy_ws/install/teleop_twist_keyboard:/opt/ros/humble LD_LIBRARY_PATH=/home/ubuntu/GAZEBO_SIM/ssafy_ws/install/rosbridge_test_msgs/lib:/home/ubuntu/GAZEBO_SIM/ssafy_ws/install/rosbridge_msgs/lib:/home/ubuntu/GAZEBO_SIM/ssafy_ws/install/rosapi_msgs/lib:${LD_LIBRARY_PATH} PYTHONPATH=/home/ubuntu/GAZEBO_SIM/ssafy_ws/install/rosapi/local/lib/python3.10/dist-packages:/home/ubuntu/GAZEBO_SIM/ssafy_ws/install/rosbridge_library/local/lib/python3.10/dist-packages:/home/ubuntu/GAZEBO_SIM/ssafy_ws/install/rosbridge_test_msgs/local/lib/python3.10/dist-packages:/home/ubuntu/GAZEBO_SIM/ssafy_ws/install/rosbridge_msgs/local/lib/python3.10/dist-packages:/home/ubuntu/GAZEBO_SIM/ssafy_ws/install/rosapi_msgs/local/lib/python3.10/dist-packages:${PYTHONPATH} /usr/bin/cmake /home/ubuntu/GAZEBO_SIM/ssafy_ws/src/rosbridge_suite/rosbridge_server -DCMAKE_INSTALL_PREFIX=/home/ubuntu/GAZEBO_SIM/ssafy_ws/install/rosbridge_server
[0.053s] -- The C compiler identification is GNU 11.4.0
[0.099s] -- The CXX compiler identification is GNU 11.4.0
[0.104s] -- Detecting C compiler ABI info
[0.173s] -- Detecting C compiler ABI info - done
[0.180s] -- Check for working C compiler: /usr/bin/cc - skipped
[0.180s] -- Detecting C compile features
[0.181s] -- Detecting C compile features - done
[0.184s] -- Detecting CXX compiler ABI info
[0.248s] -- Detecting CXX compiler ABI info - done
[0.252s] -- Check for working CXX compiler: /usr/bin/c++ - skipped
[0.252s] -- Detecting CXX compile features
[0.253s] -- Detecting CXX compile features - done
[0.254s] -- Found ament_cmake_ros: 0.10.0 (/opt/ros/humble/share/ament_cmake_ros/cmake)
[0.366s] -- Found Python3: /usr/bin/python3 (found version "3.10.12") found components: Interpreter 
[0.524s] -- Found launch_testing_ament_cmake: 1.0.7 (/opt/ros/humble/share/launch_testing_ament_cmake/cmake)
[0.526s] -- Found python_cmake_module: 0.10.0 (/opt/ros/humble/share/python_cmake_module/cmake)
[0.539s] -- Found PythonInterp: /usr/bin/python3 (found suitable version "3.10.12", minimum required is "3.6") 
[0.547s] -- Found PythonLibs: /usr/lib/x86_64-linux-gnu/libpython3.10.so (found suitable version "3.10.12", minimum required is "3.5") 
[0.547s] -- Using PYTHON_EXECUTABLE: /usr/bin/python3
[0.547s] -- Using PYTHON_INCLUDE_DIRS: /usr/include/python3.10
[0.547s] -- Using PYTHON_LIBRARIES: /usr/lib/x86_64-linux-gnu/libpython3.10.so
[0.560s] -- Found PythonExtra: .so  
[0.562s] -- Configuring done
[0.564s] -- Generating done
[0.565s] -- Build files have been written to: /home/ubuntu/GAZEBO_SIM/ssafy_ws/build/rosbridge_server
[0.570s] Invoked command in '/home/ubuntu/GAZEBO_SIM/ssafy_ws/build/rosbridge_server' returned '0': AMENT_PREFIX_PATH=/home/ubuntu/GAZEBO_SIM/ssafy_ws/install/rosapi:/home/ubuntu/GAZEBO_SIM/ssafy_ws/install/rosbridge_library:/home/ubuntu/GAZEBO_SIM/ssafy_ws/install/rosbridge_test_msgs:/home/ubuntu/GAZEBO_SIM/ssafy_ws/install/rosbridge_msgs:/home/ubuntu/GAZEBO_SIM/ssafy_ws/install/rosapi_msgs:${AMENT_PREFIX_PATH} CMAKE_PREFIX_PATH=/home/ubuntu/GAZEBO_SIM/ssafy_ws/install/rosapi:/home/ubuntu/GAZEBO_SIM/ssafy_ws/install/rosbridge_library:/home/ubuntu/GAZEBO_SIM/ssafy_ws/install/rosbridge_test_msgs:/home/ubuntu/GAZEBO_SIM/ssafy_ws/install/rosbridge_msgs:/home/ubuntu/GAZEBO_SIM/ssafy_ws/install/rosapi_msgs:/home/ubuntu/GAZEBO_SIM/ssafy_ws/install/velodyne_simulator:/home/ubuntu/GAZEBO_SIM/ssafy_ws/install/velodyne_gazebo_plugins:/home/ubuntu/GAZEBO_SIM/ssafy_ws/install/turtlebot3_simulations:/home/ubuntu/GAZEBO_SIM/ssafy_ws/install/turtlebot3_gazebo:/home/ubuntu/GAZEBO_SIM/ssafy_ws/install/velodyne_description:/home/ubuntu/GAZEBO_SIM/ssafy_ws/install/turtlebot3_description:/home/ubuntu/GAZEBO_SIM/ssafy_ws/install/teleop_twist_keyboard:/opt/ros/humble LD_LIBRARY_PATH=/home/ubuntu/GAZEBO_SIM/ssafy_ws/install/rosbridge_test_msgs/lib:/home/ubuntu/GAZEBO_SIM/ssafy_ws/install/rosbridge_msgs/lib:/home/ubuntu/GAZEBO_SIM/ssafy_ws/install/rosapi_msgs/lib:${LD_LIBRARY_PATH} PYTHONPATH=/home/ubuntu/GAZEBO_SIM/ssafy_ws/install/rosapi/local/lib/python3.10/dist-packages:/home/ubuntu/GAZEBO_SIM/ssafy_ws/install/rosbridge_library/local/lib/python3.10/dist-packages:/home/ubuntu/GAZEBO_SIM/ssafy_ws/install/rosbridge_test_msgs/local/lib/python3.10/dist-packages:/home/ubuntu/GAZEBO_SIM/ssafy_ws/install/rosbridge_msgs/local/lib/python3.10/dist-packages:/home/ubuntu/GAZEBO_SIM/ssafy_ws/install/rosapi_msgs/local/lib/python3.10/dist-packages:${PYTHONPATH} /usr/bin/cmake /home/ubuntu/GAZEBO_SIM/ssafy_ws/src/rosbridge_suite/rosbridge_server -DCMAKE_INSTALL_PREFIX=/home/ubuntu/GAZEBO_SIM/ssafy_ws/install/rosbridge_server
[0.570s] Invoking command in '/home/ubuntu/GAZEBO_SIM/ssafy_ws/build/rosbridge_server': AMENT_PREFIX_PATH=/home/ubuntu/GAZEBO_SIM/ssafy_ws/install/rosapi:/home/ubuntu/GAZEBO_SIM/ssafy_ws/install/rosbridge_library:/home/ubuntu/GAZEBO_SIM/ssafy_ws/install/rosbridge_test_msgs:/home/ubuntu/GAZEBO_SIM/ssafy_ws/install/rosbridge_msgs:/home/ubuntu/GAZEBO_SIM/ssafy_ws/install/rosapi_msgs:${AMENT_PREFIX_PATH} CMAKE_PREFIX_PATH=/home/ubuntu/GAZEBO_SIM/ssafy_ws/install/rosapi:/home/ubuntu/GAZEBO_SIM/ssafy_ws/install/rosbridge_library:/home/ubuntu/GAZEBO_SIM/ssafy_ws/install/rosbridge_test_msgs:/home/ubuntu/GAZEBO_SIM/ssafy_ws/install/rosbridge_msgs:/home/ubuntu/GAZEBO_SIM/ssafy_ws/install/rosapi_msgs:/home/ubuntu/GAZEBO_SIM/ssafy_ws/install/velodyne_simulator:/home/ubuntu/GAZEBO_SIM/ssafy_ws/install/velodyne_gazebo_plugins:/home/ubuntu/GAZEBO_SIM/ssafy_ws/install/turtlebot3_simulations:/home/ubuntu/GAZEBO_SIM/ssafy_ws/install/turtlebot3_gazebo:/home/ubuntu/GAZEBO_SIM/ssafy_ws/install/velodyne_description:/home/ubuntu/GAZEBO_SIM/ssafy_ws/install/turtlebot3_description:/home/ubuntu/GAZEBO_SIM/ssafy_ws/install/teleop_twist_keyboard:/opt/ros/humble LD_LIBRARY_PATH=/home/ubuntu/GAZEBO_SIM/ssafy_ws/install/rosbridge_test_msgs/lib:/home/ubuntu/GAZEBO_SIM/ssafy_ws/install/rosbridge_msgs/lib:/home/ubuntu/GAZEBO_SIM/ssafy_ws/install/rosapi_msgs/lib:${LD_LIBRARY_PATH} PYTHONPATH=/home/ubuntu/GAZEBO_SIM/ssafy_ws/install/rosapi/local/lib/python3.10/dist-packages:/home/ubuntu/GAZEBO_SIM/ssafy_ws/install/rosbridge_library/local/lib/python3.10/dist-packages:/home/ubuntu/GAZEBO_SIM/ssafy_ws/install/rosbridge_test_msgs/local/lib/python3.10/dist-packages:/home/ubuntu/GAZEBO_SIM/ssafy_ws/install/rosbridge_msgs/local/lib/python3.10/dist-packages:/home/ubuntu/GAZEBO_SIM/ssafy_ws/install/rosapi_msgs/local/lib/python3.10/dist-packages:${PYTHONPATH} /usr/bin/cmake --build /home/ubuntu/GAZEBO_SIM/ssafy_ws/build/rosbridge_server -- -j12 -l12
[0.623s] Built target ament_cmake_python_copy_rosbridge_server
[0.777s] running egg_info
[0.778s] creating rosbridge_server.egg-info
[0.778s] writing rosbridge_server.egg-info/PKG-INFO
[0.778s] writing dependency_links to rosbridge_server.egg-info/dependency_links.txt
[0.778s] writing top-level names to rosbridge_server.egg-info/top_level.txt
[0.778s] writing manifest file 'rosbridge_server.egg-info/SOURCES.txt'
[0.779s] reading manifest file 'rosbridge_server.egg-info/SOURCES.txt'
[0.780s] writing manifest file 'rosbridge_server.egg-info/SOURCES.txt'
[0.795s] Built target ament_cmake_python_build_rosbridge_server_egg
[0.802s] Invoked command in '/home/ubuntu/GAZEBO_SIM/ssafy_ws/build/rosbridge_server' returned '0': AMENT_PREFIX_PATH=/home/ubuntu/GAZEBO_SIM/ssafy_ws/install/rosapi:/home/ubuntu/GAZEBO_SIM/ssafy_ws/install/rosbridge_library:/home/ubuntu/GAZEBO_SIM/ssafy_ws/install/rosbridge_test_msgs:/home/ubuntu/GAZEBO_SIM/ssafy_ws/install/rosbridge_msgs:/home/ubuntu/GAZEBO_SIM/ssafy_ws/install/rosapi_msgs:${AMENT_PREFIX_PATH} CMAKE_PREFIX_PATH=/home/ubuntu/GAZEBO_SIM/ssafy_ws/install/rosapi:/home/ubuntu/GAZEBO_SIM/ssafy_ws/install/rosbridge_library:/home/ubuntu/GAZEBO_SIM/ssafy_ws/install/rosbridge_test_msgs:/home/ubuntu/GAZEBO_SIM/ssafy_ws/install/rosbridge_msgs:/home/ubuntu/GAZEBO_SIM/ssafy_ws/install/rosapi_msgs:/home/ubuntu/GAZEBO_SIM/ssafy_ws/install/velodyne_simulator:/home/ubuntu/GAZEBO_SIM/ssafy_ws/install/velodyne_gazebo_plugins:/home/ubuntu/GAZEBO_SIM/ssafy_ws/install/turtlebot3_simulations:/home/ubuntu/GAZEBO_SIM/ssafy_ws/install/turtlebot3_gazebo:/home/ubuntu/GAZEBO_SIM/ssafy_ws/install/velodyne_description:/home/ubuntu/GAZEBO_SIM/ssafy_ws/install/turtlebot3_description:/home/ubuntu/GAZEBO_SIM/ssafy_ws/install/teleop_twist_keyboard:/opt/ros/humble LD_LIBRARY_PATH=/home/ubuntu/GAZEBO_SIM/ssafy_ws/install/rosbridge_test_msgs/lib:/home/ubuntu/GAZEBO_SIM/ssafy_ws/install/rosbridge_msgs/lib:/home/ubuntu/GAZEBO_SIM/ssafy_ws/install/rosapi_msgs/lib:${LD_LIBRARY_PATH} PYTHONPATH=/home/ubuntu/GAZEBO_SIM/ssafy_ws/install/rosapi/local/lib/python3.10/dist-packages:/home/ubuntu/GAZEBO_SIM/ssafy_ws/install/rosbridge_library/local/lib/python3.10/dist-packages:/home/ubuntu/GAZEBO_SIM/ssafy_ws/install/rosbridge_test_msgs/local/lib/python3.10/dist-packages:/home/ubuntu/GAZEBO_SIM/ssafy_ws/install/rosbridge_msgs/local/lib/python3.10/dist-packages:/home/ubuntu/GAZEBO_SIM/ssafy_ws/install/rosapi_msgs/local/lib/python3.10/dist-packages:${PYTHONPATH} /usr/bin/cmake --build /home/ubuntu/GAZEBO_SIM/ssafy_ws/build/rosbridge_server -- -j12 -l12
[0.802s] Invoking command in '/home/ubuntu/GAZEBO_SIM/ssafy_ws/build/rosbridge_server': AMENT_PREFIX_PATH=/home/ubuntu/GAZEBO_SIM/ssafy_ws/install/rosapi:/home/ubuntu/GAZEBO_SIM/ssafy_ws/install/rosbridge_library:/home/ubuntu/GAZEBO_SIM/ssafy_ws/install/rosbridge_test_msgs:/home/ubuntu/GAZEBO_SIM/ssafy_ws/install/rosbridge_msgs:/home/ubuntu/GAZEBO_SIM/ssafy_ws/install/rosapi_msgs:${AMENT_PREFIX_PATH} CMAKE_PREFIX_PATH=/home/ubuntu/GAZEBO_SIM/ssafy_ws/install/rosapi:/home/ubuntu/GAZEBO_SIM/ssafy_ws/install/rosbridge_library:/home/ubuntu/GAZEBO_SIM/ssafy_ws/install/rosbridge_test_msgs:/home/ubuntu/GAZEBO_SIM/ssafy_ws/install/rosbridge_msgs:/home/ubuntu/GAZEBO_SIM/ssafy_ws/install/rosapi_msgs:/home/ubuntu/GAZEBO_SIM/ssafy_ws/install/velodyne_simulator:/home/ubuntu/GAZEBO_SIM/ssafy_ws/install/velodyne_gazebo_plugins:/home/ubuntu/GAZEBO_SIM/ssafy_ws/install/turtlebot3_simulations:/home/ubuntu/GAZEBO_SIM/ssafy_ws/install/turtlebot3_gazebo:/home/ubuntu/GAZEBO_SIM/ssafy_ws/install/velodyne_description:/home/ubuntu/GAZEBO_SIM/ssafy_ws/install/turtlebot3_description:/home/ubuntu/GAZEBO_SIM/ssafy_ws/install/teleop_twist_keyboard:/opt/ros/humble LD_LIBRARY_PATH=/home/ubuntu/GAZEBO_SIM/ssafy_ws/install/rosbridge_test_msgs/lib:/home/ubuntu/GAZEBO_SIM/ssafy_ws/install/rosbridge_msgs/lib:/home/ubuntu/GAZEBO_SIM/ssafy_ws/install/rosapi_msgs/lib:${LD_LIBRARY_PATH} PYTHONPATH=/home/ubuntu/GAZEBO_SIM/ssafy_ws/install/rosapi/local/lib/python3.10/dist-packages:/home/ubuntu/GAZEBO_SIM/ssafy_ws/install/rosbridge_library/local/lib/python3.10/dist-packages:/home/ubuntu/GAZEBO_SIM/ssafy_ws/install/rosbridge_test_msgs/local/lib/python3.10/dist-packages:/home/ubuntu/GAZEBO_SIM/ssafy_ws/install/rosbridge_msgs/local/lib/python3.10/dist-packages:/home/ubuntu/GAZEBO_SIM/ssafy_ws/install/rosapi_msgs/local/lib/python3.10/dist-packages:${PYTHONPATH} /usr/bin/cmake --install /home/ubuntu/GAZEBO_SIM/ssafy_ws/build/rosbridge_server
[0.806s] -- Install configuration: ""
[0.806s] -- Installing: /home/ubuntu/GAZEBO_SIM/ssafy_ws/install/rosbridge_server/share/rosbridge_server/environment/pythonpath.sh
[0.806s] -- Installing: /home/ubuntu/GAZEBO_SIM/ssafy_ws/install/rosbridge_server/share/rosbridge_server/environment/pythonpath.dsv
[0.806s] -- Installing: /home/ubuntu/GAZEBO_SIM/ssafy_ws/install/rosbridge_server/local/lib/python3.10/dist-packages/rosbridge_server-2.0.0-py3.10.egg-info
[0.806s] -- Installing: /home/ubuntu/GAZEBO_SIM/ssafy_ws/install/rosbridge_server/local/lib/python3.10/dist-packages/rosbridge_server-2.0.0-py3.10.egg-info/dependency_links.txt
[0.806s] -- Installing: /home/ubuntu/GAZEBO_SIM/ssafy_ws/install/rosbridge_server/local/lib/python3.10/dist-packages/rosbridge_server-2.0.0-py3.10.egg-info/PKG-INFO
[0.806s] -- Installing: /home/ubuntu/GAZEBO_SIM/ssafy_ws/install/rosbridge_server/local/lib/python3.10/dist-packages/rosbridge_server-2.0.0-py3.10.egg-info/SOURCES.txt
[0.806s] -- Installing: /home/ubuntu/GAZEBO_SIM/ssafy_ws/install/rosbridge_server/local/lib/python3.10/dist-packages/rosbridge_server-2.0.0-py3.10.egg-info/top_level.txt
[0.806s] -- Installing: /home/ubuntu/GAZEBO_SIM/ssafy_ws/install/rosbridge_server/local/lib/python3.10/dist-packages/rosbridge_server
[0.806s] -- Installing: /home/ubuntu/GAZEBO_SIM/ssafy_ws/install/rosbridge_server/local/lib/python3.10/dist-packages/rosbridge_server/__init__.py
[0.807s] -- Installing: /home/ubuntu/GAZEBO_SIM/ssafy_ws/install/rosbridge_server/local/lib/python3.10/dist-packages/rosbridge_server/client_manager.py
[0.807s] -- Installing: /home/ubuntu/GAZEBO_SIM/ssafy_ws/install/rosbridge_server/local/lib/python3.10/dist-packages/rosbridge_server/websocket_handler.py
[0.830s] Listing '/home/ubuntu/GAZEBO_SIM/ssafy_ws/install/rosbridge_server/local/lib/python3.10/dist-packages/rosbridge_server'...
[0.830s] Compiling '/home/ubuntu/GAZEBO_SIM/ssafy_ws/install/rosbridge_server/local/lib/python3.10/dist-packages/rosbridge_server/__init__.py'...
[0.830s] Compiling '/home/ubuntu/GAZEBO_SIM/ssafy_ws/install/rosbridge_server/local/lib/python3.10/dist-packages/rosbridge_server/client_manager.py'...
[0.830s] Compiling '/home/ubuntu/GAZEBO_SIM/ssafy_ws/install/rosbridge_server/local/lib/python3.10/dist-packages/rosbridge_server/websocket_handler.py'...
[0.833s] -- Installing: /home/ubuntu/GAZEBO_SIM/ssafy_ws/install/rosbridge_server/share/ament_index/resource_index/package_run_dependencies/rosbridge_server
[0.833s] -- Installing: /home/ubuntu/GAZEBO_SIM/ssafy_ws/install/rosbridge_server/share/ament_index/resource_index/parent_prefix_path/rosbridge_server
[0.833s] -- Installing: /home/ubuntu/GAZEBO_SIM/ssafy_ws/install/rosbridge_server/share/rosbridge_server/environment/ament_prefix_path.sh
[0.833s] -- Installing: /home/ubuntu/GAZEBO_SIM/ssafy_ws/install/rosbridge_server/share/rosbridge_server/environment/ament_prefix_path.dsv
[0.833s] -- Installing: /home/ubuntu/GAZEBO_SIM/ssafy_ws/install/rosbridge_server/share/rosbridge_server/environment/path.sh
[0.833s] -- Installing: /home/ubuntu/GAZEBO_SIM/ssafy_ws/install/rosbridge_server/share/rosbridge_server/environment/path.dsv
[0.833s] -- Installing: /home/ubuntu/GAZEBO_SIM/ssafy_ws/install/rosbridge_server/share/rosbridge_server/local_setup.bash
[0.833s] -- Installing: /home/ubuntu/GAZEBO_SIM/ssafy_ws/install/rosbridge_server/share/rosbridge_server/local_setup.sh
[0.833s] -- Installing: /home/ubuntu/GAZEBO_SIM/ssafy_ws/install/rosbridge_server/share/rosbridge_server/local_setup.zsh
[0.833s] -- Installing: /home/ubuntu/GAZEBO_SIM/ssafy_ws/install/rosbridge_server/share/rosbridge_server/local_setup.dsv
[0.833s] -- Installing: /home/ubuntu/GAZEBO_SIM/ssafy_ws/install/rosbridge_server/share/rosbridge_server/package.dsv
[0.833s] -- Installing: /home/ubuntu/GAZEBO_SIM/ssafy_ws/install/rosbridge_server/share/ament_index/resource_index/packages/rosbridge_server
[0.833s] -- Installing: /home/ubuntu/GAZEBO_SIM/ssafy_ws/install/rosbridge_server/share/rosbridge_server/cmake/rosbridge_serverConfig.cmake
[0.833s] -- Installing: /home/ubuntu/GAZEBO_SIM/ssafy_ws/install/rosbridge_server/share/rosbridge_server/cmake/rosbridge_serverConfig-version.cmake
[0.833s] -- Installing: /home/ubuntu/GAZEBO_SIM/ssafy_ws/install/rosbridge_server/share/rosbridge_server/package.xml
[0.833s] -- Installing: /home/ubuntu/GAZEBO_SIM/ssafy_ws/install/rosbridge_server/lib/rosbridge_server/rosbridge_websocket.py
[0.833s] -- Installing: /home/ubuntu/GAZEBO_SIM/ssafy_ws/install/rosbridge_server/lib/rosbridge_server/rosbridge_websocket
[0.834s] -- Installing: /home/ubuntu/GAZEBO_SIM/ssafy_ws/install/rosbridge_server/share/rosbridge_server/launch/rosbridge_websocket_launch.xml
[0.835s] Invoked command in '/home/ubuntu/GAZEBO_SIM/ssafy_ws/build/rosbridge_server' returned '0': AMENT_PREFIX_PATH=/home/ubuntu/GAZEBO_SIM/ssafy_ws/install/rosapi:/home/ubuntu/GAZEBO_SIM/ssafy_ws/install/rosbridge_library:/home/ubuntu/GAZEBO_SIM/ssafy_ws/install/rosbridge_test_msgs:/home/ubuntu/GAZEBO_SIM/ssafy_ws/install/rosbridge_msgs:/home/ubuntu/GAZEBO_SIM/ssafy_ws/install/rosapi_msgs:${AMENT_PREFIX_PATH} CMAKE_PREFIX_PATH=/home/ubuntu/GAZEBO_SIM/ssafy_ws/install/rosapi:/home/ubuntu/GAZEBO_SIM/ssafy_ws/install/rosbridge_library:/home/ubuntu/GAZEBO_SIM/ssafy_ws/install/rosbridge_test_msgs:/home/ubuntu/GAZEBO_SIM/ssafy_ws/install/rosbridge_msgs:/home/ubuntu/GAZEBO_SIM/ssafy_ws/install/rosapi_msgs:/home/ubuntu/GAZEBO_SIM/ssafy_ws/install/velodyne_simulator:/home/ubuntu/GAZEBO_SIM/ssafy_ws/install/velodyne_gazebo_plugins:/home/ubuntu/GAZEBO_SIM/ssafy_ws/install/turtlebot3_simulations:/home/ubuntu/GAZEBO_SIM/ssafy_ws/install/turtlebot3_gazebo:/home/ubuntu/GAZEBO_SIM/ssafy_ws/install/velodyne_description:/home/ubuntu/GAZEBO_SIM/ssafy_ws/install/turtlebot3_description:/home/ubuntu/GAZEBO_SIM/ssafy_ws/install/teleop_twist_keyboard:/opt/ros/humble LD_LIBRARY_PATH=/home/ubuntu/GAZEBO_SIM/ssafy_ws/install/rosbridge_test_msgs/lib:/home/ubuntu/GAZEBO_SIM/ssafy_ws/install/rosbridge_msgs/lib:/home/ubuntu/GAZEBO_SIM/ssafy_ws/install/rosapi_msgs/lib:${LD_LIBRARY_PATH} PYTHONPATH=/home/ubuntu/GAZEBO_SIM/ssafy_ws/install/rosapi/local/lib/python3.10/dist-packages:/home/ubuntu/GAZEBO_SIM/ssafy_ws/install/rosbridge_library/local/lib/python3.10/dist-packages:/home/ubuntu/GAZEBO_SIM/ssafy_ws/install/rosbridge_test_msgs/local/lib/python3.10/dist-packages:/home/ubuntu/GAZEBO_SIM/ssafy_ws/install/rosbridge_msgs/local/lib/python3.10/dist-packages:/home/ubuntu/GAZEBO_SIM/ssafy_ws/install/rosapi_msgs/local/lib/python3.10/dist-packages:${PYTHONPATH} /usr/bin/cmake --install /home/ubuntu/GAZEBO_SIM/ssafy_ws/build/rosbridge_server
