[0.025s] Invoking command in '/home/ubuntu/S12P11C101/SIMULATE/GAZEBO_SIM/ssafy_ws/build/velodyne_gazebo_plugins': CMAKE_PREFIX_PATH=/opt/ros/humble /usr/bin/cmake /home/ubuntu/S12P11C101/SIMULATE/GAZEBO_SIM/ssafy_ws/src/velodyne_simulator/velodyne_gazebo_plugins -DCMAKE_INSTALL_PREFIX=/home/ubuntu/S12P11C101/SIMULATE/GAZEBO_SIM/ssafy_ws/install/velodyne_gazebo_plugins
[0.376s] -- The C compiler identification is GNU 11.4.0
[0.376s] -- The CXX compiler identification is GNU 11.4.0
[0.376s] -- Detecting C compiler ABI info
[0.376s] -- Detecting C compiler ABI info - done
[0.376s] -- Check for working C compiler: /usr/bin/cc - skipped
[0.376s] -- Detecting C compile features
[0.376s] -- Detecting C compile features - done
[0.376s] -- Detecting CXX compiler ABI info
[0.379s] -- Detecting CXX compiler ABI info - done
[0.393s] -- Check for working CXX compiler: /usr/bin/c++ - skipped
[0.393s] -- Detecting CXX compile features
[0.394s] -- Detecting CXX compile features - done
[0.397s] -- Found ament_cmake: 1.3.11 (/opt/ros/humble/share/ament_cmake/cmake)
[0.608s] -- Found Python3: /usr/bin/python3 (found version "3.10.12") found components: Interpreter 
[0.728s] -- Found gazebo_dev: 3.7.0 (/opt/ros/humble/share/gazebo_dev/cmake)
[0.736s] -- Found PkgConfig: /usr/bin/pkg-config (found version "0.29.2") 
[0.743s] -- Checking for module 'bullet>=2.82'
[0.754s] --   Found bullet, version 3.05
[0.882s] -- Found fcl: /usr/include (found suitable version "0.7.0", minimum required is "0.5.0") 
[0.945s] -- Found assimp: /usr/include (found version "5.2.0") 
[0.970s] -- Found DART: /usr/include (Required is at least version "6.6") found components: dart 
[1.153s] -- Found Boost: /usr/lib/x86_64-linux-gnu/cmake/Boost-1.74.0/BoostConfig.cmake (found suitable version "1.74.0", minimum required is "1.40.0") found components: thread system filesystem program_options regex iostreams date_time 
[1.179s] -- Found Protobuf: /usr/lib/x86_64-linux-gnu/libprotobuf.so (found version "3.12.4") 
[1.186s] -- Looking for ignition-math6 -- found version 6.15.1
[1.194s] -- Searching for dependencies of ignition-math6
[1.196s] -- Looking for OGRE...
[1.197s] -- OGRE_PREFIX_WATCH changed.
[1.204s] -- Checking for module 'OGRE'
[1.221s] --   Found OGRE, version 1.9.0
[1.262s] -- Found Ogre Ghadamon (1.9.0)
[1.274s] -- Found OGRE: optimized;/usr/lib/x86_64-linux-gnu/libOgreMain.so;debug;/usr/lib/x86_64-linux-gnu/libOgreMain.so
[1.286s] -- Looking for OGRE_Paging...
[1.296s] -- Found OGRE_Paging: optimized;/usr/lib/x86_64-linux-gnu/libOgrePaging.so;debug;/usr/lib/x86_64-linux-gnu/libOgrePaging.so
[1.296s] -- Looking for OGRE_Terrain...
[1.304s] -- Found OGRE_Terrain: optimized;/usr/lib/x86_64-linux-gnu/libOgreTerrain.so;debug;/usr/lib/x86_64-linux-gnu/libOgreTerrain.so
[1.304s] -- Looking for OGRE_Property...
[1.307s] -- Found OGRE_Property: optimized;/usr/lib/x86_64-linux-gnu/libOgreProperty.so;debug;/usr/lib/x86_64-linux-gnu/libOgreProperty.so
[1.308s] -- Looking for OGRE_RTShaderSystem...
[1.314s] -- Found OGRE_RTShaderSystem: optimized;/usr/lib/x86_64-linux-gnu/libOgreRTShaderSystem.so;debug;/usr/lib/x86_64-linux-gnu/libOgreRTShaderSystem.so
[1.314s] -- Looking for OGRE_Volume...
[1.320s] -- Found OGRE_Volume: optimized;/usr/lib/x86_64-linux-gnu/libOgreVolume.so;debug;/usr/lib/x86_64-linux-gnu/libOgreVolume.so
[1.322s] -- Looking for OGRE_Overlay...
[1.327s] -- Found OGRE_Overlay: optimized;/usr/lib/x86_64-linux-gnu/libOgreOverlay.so;debug;/usr/lib/x86_64-linux-gnu/libOgreOverlay.so
[1.447s] -- Looking for ignition-math6 -- found version 6.15.1
[1.449s] -- Looking for ignition-transport8 -- found version 8.2.1
[1.450s] -- Searching for dependencies of ignition-transport8
[1.467s] -- Found Protobuf: /usr/lib/x86_64-linux-gnu/libprotobuf.so (found suitable version "3.12.4", minimum required is "3") 
[1.478s] -- Config-file not installed for ZeroMQ -- checking for pkg-config
[1.483s] -- Checking for module 'libzmq >= 4'
[1.498s] --   Found libzmq , version 4.3.4
[1.532s] -- Found ZeroMQ: TRUE (Required is at least version "4") 
[1.539s] -- Checking for module 'uuid'
[1.551s] --   Found uuid, version 2.37.2
[1.580s] -- Found UUID: TRUE  
[1.583s] -- Looking for ignition-msgs5 -- found version 5.8.1
[1.583s] -- Searching for dependencies of ignition-msgs5
[1.605s] -- Looking for ignition-math6 -- found version 6.15.1
[1.610s] -- Checking for module 'tinyxml2'
[1.620s] --   Found tinyxml2, version 9.0.0
[1.648s] -- Looking for ignition-msgs5 -- found version 5.8.1
[1.651s] -- Looking for ignition-common3 -- found version 3.14.0
[1.651s] -- Searching for dependencies of ignition-common3
[1.651s] -- Looking for dlfcn.h - found
[1.653s] -- Looking for libdl - found
[1.655s] -- Found DL: TRUE  
[1.671s] -- Found tinyobjloader: /usr/lib/x86_64-linux-gnu/cmake/tinyobjloader/tinyobjloader-config.cmake (found version "2.0.0") 
[1.671s] -- Searching for <ignition-common3> component [graphics]
[1.673s] -- Looking for ignition-common3-graphics -- found version 3.14.0
[1.673s] -- Searching for dependencies of ignition-common3-graphics
[1.673s] -- Looking for ignition-math6 -- found version 6.15.1
[1.676s] -- Looking for ignition-fuel_tools4 -- found version 4.4.0
[1.676s] -- Searching for dependencies of ignition-fuel_tools4
[1.753s] -- Found CURL: /usr/lib/x86_64-linux-gnu/libcurl.so (found version "7.81.0")  
[1.763s] -- Checking for module 'jsoncpp'
[1.773s] --   Found jsoncpp, version 1.9.5
[1.807s] -- Found JSONCPP: TRUE  
[1.815s] -- Checking for module 'libzip'
[1.831s] --   Found libzip, version 1.7.3
[1.861s] -- Found ZIP: TRUE  
[1.862s] -- Looking for ignition-common3 -- found version 3.14.0
[1.862s] -- Looking for ignition-math6 -- found version 6.15.1
[1.863s] -- Looking for ignition-msgs5 -- found version 5.8.1
[1.867s] -- Gazebo version: 11.10
[1.867s] -- Checking for module 'tbb'
[1.883s] --   Found tbb, version 2021.5.0
[1.918s] -- Found gazebo_ros: 3.7.0 (/opt/ros/humble/share/gazebo_ros/cmake)
[1.969s] -- Found rosidl_generator_c: 3.1.6 (/opt/ros/humble/share/rosidl_generator_c/cmake)
[1.974s] -- Found rosidl_adapter: 3.1.6 (/opt/ros/humble/share/rosidl_adapter/cmake)
[1.988s] -- Found rosidl_generator_cpp: 3.1.6 (/opt/ros/humble/share/rosidl_generator_cpp/cmake)
[2.008s] -- Using all available rosidl_typesupport_c: rosidl_typesupport_fastrtps_c;rosidl_typesupport_introspection_c
[2.037s] -- Using all available rosidl_typesupport_cpp: rosidl_typesupport_fastrtps_cpp;rosidl_typesupport_introspection_cpp
[2.094s] -- Found rmw_implementation_cmake: 6.1.2 (/opt/ros/humble/share/rmw_implementation_cmake/cmake)
[2.099s] -- Found rmw_cyclonedds_cpp: 1.3.4 (/opt/ros/humble/share/rmw_cyclonedds_cpp/cmake)
[2.129s] -- Using RMW implementation 'rmw_cyclonedds_cpp' as default
[2.141s] -- Found Threads: TRUE  
[2.220s] -- Found gazebo_msgs: 3.7.0 (/opt/ros/humble/share/gazebo_msgs/cmake)
[2.304s] -- Found sensor_msgs: 4.2.4 (/opt/ros/humble/share/sensor_msgs/cmake)
[2.432s] -- Configuring done
[2.469s] -- Generating done
[2.479s] -- Build files have been written to: /home/ubuntu/S12P11C101/SIMULATE/GAZEBO_SIM/ssafy_ws/build/velodyne_gazebo_plugins
[2.503s] Invoked command in '/home/ubuntu/S12P11C101/SIMULATE/GAZEBO_SIM/ssafy_ws/build/velodyne_gazebo_plugins' returned '0': CMAKE_PREFIX_PATH=/opt/ros/humble /usr/bin/cmake /home/ubuntu/S12P11C101/SIMULATE/GAZEBO_SIM/ssafy_ws/src/velodyne_simulator/velodyne_gazebo_plugins -DCMAKE_INSTALL_PREFIX=/home/ubuntu/S12P11C101/SIMULATE/GAZEBO_SIM/ssafy_ws/install/velodyne_gazebo_plugins
[2.505s] Invoking command in '/home/ubuntu/S12P11C101/SIMULATE/GAZEBO_SIM/ssafy_ws/build/velodyne_gazebo_plugins': CMAKE_PREFIX_PATH=/opt/ros/humble /usr/bin/cmake --build /home/ubuntu/S12P11C101/SIMULATE/GAZEBO_SIM/ssafy_ws/build/velodyne_gazebo_plugins -- -j12 -l12
[2.594s] [ 50%] [32mBuilding CXX object CMakeFiles/gazebo_ros_velodyne_laser.dir/src/GazeboRosVelodyneLaser.cpp.o[0m
[34.450s] [100%] [32m[1mLinking CXX shared library libgazebo_ros_velodyne_laser.so[0m
[34.803s] [100%] Built target gazebo_ros_velodyne_laser
[34.813s] Invoked command in '/home/ubuntu/S12P11C101/SIMULATE/GAZEBO_SIM/ssafy_ws/build/velodyne_gazebo_plugins' returned '0': CMAKE_PREFIX_PATH=/opt/ros/humble /usr/bin/cmake --build /home/ubuntu/S12P11C101/SIMULATE/GAZEBO_SIM/ssafy_ws/build/velodyne_gazebo_plugins -- -j12 -l12
[34.814s] Invoking command in '/home/ubuntu/S12P11C101/SIMULATE/GAZEBO_SIM/ssafy_ws/build/velodyne_gazebo_plugins': CMAKE_PREFIX_PATH=/opt/ros/humble /usr/bin/cmake --install /home/ubuntu/S12P11C101/SIMULATE/GAZEBO_SIM/ssafy_ws/build/velodyne_gazebo_plugins
[34.818s] -- Install configuration: ""
[34.818s] -- Installing: /home/ubuntu/S12P11C101/SIMULATE/GAZEBO_SIM/ssafy_ws/install/velodyne_gazebo_plugins/lib/libgazebo_ros_velodyne_laser.so
[34.820s] -- Set runtime path of "/home/ubuntu/S12P11C101/SIMULATE/GAZEBO_SIM/ssafy_ws/install/velodyne_gazebo_plugins/lib/libgazebo_ros_velodyne_laser.so" to ""
[34.820s] -- Installing: /home/ubuntu/S12P11C101/SIMULATE/GAZEBO_SIM/ssafy_ws/install/velodyne_gazebo_plugins/include/velodyne_gazebo_plugins
[34.820s] -- Installing: /home/ubuntu/S12P11C101/SIMULATE/GAZEBO_SIM/ssafy_ws/install/velodyne_gazebo_plugins/include/velodyne_gazebo_plugins/GazeboRosVelodyneLaser.hpp
[34.820s] -- Installing: /home/ubuntu/S12P11C101/SIMULATE/GAZEBO_SIM/ssafy_ws/install/velodyne_gazebo_plugins/share/velodyne_gazebo_plugins/environment/library_path.sh
[34.820s] -- Installing: /home/ubuntu/S12P11C101/SIMULATE/GAZEBO_SIM/ssafy_ws/install/velodyne_gazebo_plugins/share/velodyne_gazebo_plugins/environment/library_path.dsv
[34.821s] -- Installing: /home/ubuntu/S12P11C101/SIMULATE/GAZEBO_SIM/ssafy_ws/install/velodyne_gazebo_plugins/share/ament_index/resource_index/package_run_dependencies/velodyne_gazebo_plugins
[34.821s] -- Installing: /home/ubuntu/S12P11C101/SIMULATE/GAZEBO_SIM/ssafy_ws/install/velodyne_gazebo_plugins/share/ament_index/resource_index/parent_prefix_path/velodyne_gazebo_plugins
[34.821s] -- Installing: /home/ubuntu/S12P11C101/SIMULATE/GAZEBO_SIM/ssafy_ws/install/velodyne_gazebo_plugins/share/velodyne_gazebo_plugins/environment/ament_prefix_path.sh
[34.821s] -- Installing: /home/ubuntu/S12P11C101/SIMULATE/GAZEBO_SIM/ssafy_ws/install/velodyne_gazebo_plugins/share/velodyne_gazebo_plugins/environment/ament_prefix_path.dsv
[34.821s] -- Installing: /home/ubuntu/S12P11C101/SIMULATE/GAZEBO_SIM/ssafy_ws/install/velodyne_gazebo_plugins/share/velodyne_gazebo_plugins/environment/path.sh
[34.821s] -- Installing: /home/ubuntu/S12P11C101/SIMULATE/GAZEBO_SIM/ssafy_ws/install/velodyne_gazebo_plugins/share/velodyne_gazebo_plugins/environment/path.dsv
[34.821s] -- Installing: /home/ubuntu/S12P11C101/SIMULATE/GAZEBO_SIM/ssafy_ws/install/velodyne_gazebo_plugins/share/velodyne_gazebo_plugins/local_setup.bash
[34.821s] -- Installing: /home/ubuntu/S12P11C101/SIMULATE/GAZEBO_SIM/ssafy_ws/install/velodyne_gazebo_plugins/share/velodyne_gazebo_plugins/local_setup.sh
[34.821s] -- Installing: /home/ubuntu/S12P11C101/SIMULATE/GAZEBO_SIM/ssafy_ws/install/velodyne_gazebo_plugins/share/velodyne_gazebo_plugins/local_setup.zsh
[34.821s] -- Installing: /home/ubuntu/S12P11C101/SIMULATE/GAZEBO_SIM/ssafy_ws/install/velodyne_gazebo_plugins/share/velodyne_gazebo_plugins/local_setup.dsv
[34.821s] -- Installing: /home/ubuntu/S12P11C101/SIMULATE/GAZEBO_SIM/ssafy_ws/install/velodyne_gazebo_plugins/share/velodyne_gazebo_plugins/package.dsv
[34.821s] -- Installing: /home/ubuntu/S12P11C101/SIMULATE/GAZEBO_SIM/ssafy_ws/install/velodyne_gazebo_plugins/share/ament_index/resource_index/packages/velodyne_gazebo_plugins
[34.821s] -- Installing: /home/ubuntu/S12P11C101/SIMULATE/GAZEBO_SIM/ssafy_ws/install/velodyne_gazebo_plugins/share/velodyne_gazebo_plugins/cmake/ament_cmake_export_include_directories-extras.cmake
[34.821s] -- Installing: /home/ubuntu/S12P11C101/SIMULATE/GAZEBO_SIM/ssafy_ws/install/velodyne_gazebo_plugins/share/velodyne_gazebo_plugins/cmake/ament_cmake_export_libraries-extras.cmake
[34.821s] -- Installing: /home/ubuntu/S12P11C101/SIMULATE/GAZEBO_SIM/ssafy_ws/install/velodyne_gazebo_plugins/share/velodyne_gazebo_plugins/cmake/ament_cmake_export_dependencies-extras.cmake
[34.821s] -- Installing: /home/ubuntu/S12P11C101/SIMULATE/GAZEBO_SIM/ssafy_ws/install/velodyne_gazebo_plugins/share/velodyne_gazebo_plugins/cmake/velodyne_gazebo_pluginsConfig.cmake
[34.822s] -- Installing: /home/ubuntu/S12P11C101/SIMULATE/GAZEBO_SIM/ssafy_ws/install/velodyne_gazebo_plugins/share/velodyne_gazebo_plugins/cmake/velodyne_gazebo_pluginsConfig-version.cmake
[34.822s] -- Installing: /home/ubuntu/S12P11C101/SIMULATE/GAZEBO_SIM/ssafy_ws/install/velodyne_gazebo_plugins/share/velodyne_gazebo_plugins/package.xml
[34.823s] Invoked command in '/home/ubuntu/S12P11C101/SIMULATE/GAZEBO_SIM/ssafy_ws/build/velodyne_gazebo_plugins' returned '0': CMAKE_PREFIX_PATH=/opt/ros/humble /usr/bin/cmake --install /home/ubuntu/S12P11C101/SIMULATE/GAZEBO_SIM/ssafy_ws/build/velodyne_gazebo_plugins
