[0.028s] Invoking command in '/home/ubuntu/GAZEBO_SIM/ssafy_ws/build/turtlebot3_gazebo': CMAKE_PREFIX_PATH=/home/ubuntu/GAZEBO_SIM/ssafy_ws/install/velodyne_description:/home/ubuntu/GAZEBO_SIM/ssafy_ws/install/turtlebot3_description:/home/ubuntu/GAZEBO_SIM/ssafy_ws/install/velodyne_simulator:/home/ubuntu/GAZEBO_SIM/ssafy_ws/install/velodyne_gazebo_plugins:/home/ubuntu/GAZEBO_SIM/ssafy_ws/install/turtlebot3_simulations:/home/ubuntu/GAZEBO_SIM/ssafy_ws/install/turtlebot3_gazebo:/home/ubuntu/GAZEBO_SIM/ssafy_ws/install/teleop_twist_keyboard:/opt/ros/humble /usr/bin/cmake --build /home/ubuntu/GAZEBO_SIM/ssafy_ws/build/turtlebot3_gazebo -- -j12 -l12
[0.081s] [ 25%] Built target turtlebot3_drive
[0.091s] [100%] Built target obstacle1
[0.091s] [100%] Built target obstacle2
[0.091s] [100%] Built target obstacles
[0.100s] Invoked command in '/home/ubuntu/GAZEBO_SIM/ssafy_ws/build/turtlebot3_gazebo' returned '0': CMAKE_PREFIX_PATH=/home/ubuntu/GAZEBO_SIM/ssafy_ws/install/velodyne_description:/home/ubuntu/GAZEBO_SIM/ssafy_ws/install/turtlebot3_description:/home/ubuntu/GAZEBO_SIM/ssafy_ws/install/velodyne_simulator:/home/ubuntu/GAZEBO_SIM/ssafy_ws/install/velodyne_gazebo_plugins:/home/ubuntu/GAZEBO_SIM/ssafy_ws/install/turtlebot3_simulations:/home/ubuntu/GAZEBO_SIM/ssafy_ws/install/turtlebot3_gazebo:/home/ubuntu/GAZEBO_SIM/ssafy_ws/install/teleop_twist_keyboard:/opt/ros/humble /usr/bin/cmake --build /home/ubuntu/GAZEBO_SIM/ssafy_ws/build/turtlebot3_gazebo -- -j12 -l12
[0.102s] Invoking command in '/home/ubuntu/GAZEBO_SIM/ssafy_ws/build/turtlebot3_gazebo': CMAKE_PREFIX_PATH=/home/ubuntu/GAZEBO_SIM/ssafy_ws/install/velodyne_description:/home/ubuntu/GAZEBO_SIM/ssafy_ws/install/turtlebot3_description:/home/ubuntu/GAZEBO_SIM/ssafy_ws/install/velodyne_simulator:/home/ubuntu/GAZEBO_SIM/ssafy_ws/install/velodyne_gazebo_plugins:/home/ubuntu/GAZEBO_SIM/ssafy_ws/install/turtlebot3_simulations:/home/ubuntu/GAZEBO_SIM/ssafy_ws/install/turtlebot3_gazebo:/home/ubuntu/GAZEBO_SIM/ssafy_ws/install/teleop_twist_keyboard:/opt/ros/humble /usr/bin/cmake --install /home/ubuntu/GAZEBO_SIM/ssafy_ws/build/turtlebot3_gazebo
[0.109s] -- Install configuration: ""
[0.110s] -- Up-to-date: /home/ubuntu/GAZEBO_SIM/ssafy_ws/install/turtlebot3_gazebo/lib/turtlebot3_gazebo/turtlebot3_drive
[0.110s] -- Up-to-date: /home/ubuntu/GAZEBO_SIM/ssafy_ws/install/turtlebot3_gazebo/share/turtlebot3_gazebo//launch
[0.111s] -- Up-to-date: /home/ubuntu/GAZEBO_SIM/ssafy_ws/install/turtlebot3_gazebo/share/turtlebot3_gazebo//launch/turtlebot3_burger.launch.py
[0.111s] -- Up-to-date: /home/ubuntu/GAZEBO_SIM/ssafy_ws/install/turtlebot3_gazebo/share/turtlebot3_gazebo//launch/robot_state_publisher.launch.py
[0.111s] -- Up-to-date: /home/ubuntu/GAZEBO_SIM/ssafy_ws/install/turtlebot3_gazebo/share/turtlebot3_gazebo//launch/multi_turtlebot3_velodyne_world.launch.py
[0.111s] -- Up-to-date: /home/ubuntu/GAZEBO_SIM/ssafy_ws/install/turtlebot3_gazebo/share/turtlebot3_gazebo//launch/turtlebot3_velodyne_burger.launch.py
[0.111s] -- Up-to-date: /home/ubuntu/GAZEBO_SIM/ssafy_ws/install/turtlebot3_gazebo/share/turtlebot3_gazebo//launch/multi_turtlebot3_world.launch.py
[0.112s] -- Up-to-date: /home/ubuntu/GAZEBO_SIM/ssafy_ws/install/turtlebot3_gazebo/share/turtlebot3_gazebo//launch/tb3_imu_lidar_gps_burger.launch.py
[0.112s] -- Up-to-date: /home/ubuntu/GAZEBO_SIM/ssafy_ws/install/turtlebot3_gazebo/share/turtlebot3_gazebo//models
[0.112s] -- Up-to-date: /home/ubuntu/GAZEBO_SIM/ssafy_ws/install/turtlebot3_gazebo/share/turtlebot3_gazebo//models/turtlebot3_burger_velodyne_1
[0.112s] -- Up-to-date: /home/ubuntu/GAZEBO_SIM/ssafy_ws/install/turtlebot3_gazebo/share/turtlebot3_gazebo//models/turtlebot3_burger_velodyne_1/model.config
[0.112s] -- Up-to-date: /home/ubuntu/GAZEBO_SIM/ssafy_ws/install/turtlebot3_gazebo/share/turtlebot3_gazebo//models/turtlebot3_burger_velodyne_1/meshes_dae
[0.112s] -- Up-to-date: /home/ubuntu/GAZEBO_SIM/ssafy_ws/install/turtlebot3_gazebo/share/turtlebot3_gazebo//models/turtlebot3_burger_velodyne_1/meshes_dae/left_tire.dae
[0.112s] -- Up-to-date: /home/ubuntu/GAZEBO_SIM/ssafy_ws/install/turtlebot3_gazebo/share/turtlebot3_gazebo//models/turtlebot3_burger_velodyne_1/meshes_dae/burger_base.dae
[0.112s] -- Up-to-date: /home/ubuntu/GAZEBO_SIM/ssafy_ws/install/turtlebot3_gazebo/share/turtlebot3_gazebo//models/turtlebot3_burger_velodyne_1/meshes_dae/lds.dae
[0.113s] -- Up-to-date: /home/ubuntu/GAZEBO_SIM/ssafy_ws/install/turtlebot3_gazebo/share/turtlebot3_gazebo//models/turtlebot3_burger_velodyne_1/meshes_dae/right_tire.dae
[0.113s] -- Up-to-date: /home/ubuntu/GAZEBO_SIM/ssafy_ws/install/turtlebot3_gazebo/share/turtlebot3_gazebo//models/turtlebot3_burger_velodyne_1/meshes
[0.113s] -- Up-to-date: /home/ubuntu/GAZEBO_SIM/ssafy_ws/install/turtlebot3_gazebo/share/turtlebot3_gazebo//models/turtlebot3_burger_velodyne_1/meshes/lds.stl
[0.113s] -- Up-to-date: /home/ubuntu/GAZEBO_SIM/ssafy_ws/install/turtlebot3_gazebo/share/turtlebot3_gazebo//models/turtlebot3_burger_velodyne_1/meshes/left_tire.stl
[0.114s] -- Up-to-date: /home/ubuntu/GAZEBO_SIM/ssafy_ws/install/turtlebot3_gazebo/share/turtlebot3_gazebo//models/turtlebot3_burger_velodyne_1/meshes/right_tire.stl
[0.114s] -- Up-to-date: /home/ubuntu/GAZEBO_SIM/ssafy_ws/install/turtlebot3_gazebo/share/turtlebot3_gazebo//models/turtlebot3_burger_velodyne_1/meshes/burger_base.stl
[0.114s] -- Up-to-date: /home/ubuntu/GAZEBO_SIM/ssafy_ws/install/turtlebot3_gazebo/share/turtlebot3_gazebo//models/turtlebot3_burger_velodyne_1/model.sdf
[0.114s] -- Up-to-date: /home/ubuntu/GAZEBO_SIM/ssafy_ws/install/turtlebot3_gazebo/share/turtlebot3_gazebo//models/turtlebot3_burger
[0.114s] -- Up-to-date: /home/ubuntu/GAZEBO_SIM/ssafy_ws/install/turtlebot3_gazebo/share/turtlebot3_gazebo//models/turtlebot3_burger/model-1_4.sdf
[0.114s] -- Up-to-date: /home/ubuntu/GAZEBO_SIM/ssafy_ws/install/turtlebot3_gazebo/share/turtlebot3_gazebo//models/turtlebot3_burger/model.config
[0.114s] -- Up-to-date: /home/ubuntu/GAZEBO_SIM/ssafy_ws/install/turtlebot3_gazebo/share/turtlebot3_gazebo//models/turtlebot3_burger/meshes_dae
[0.115s] -- Up-to-date: /home/ubuntu/GAZEBO_SIM/ssafy_ws/install/turtlebot3_gazebo/share/turtlebot3_gazebo//models/turtlebot3_burger/meshes_dae/left_tire.dae
[0.115s] -- Up-to-date: /home/ubuntu/GAZEBO_SIM/ssafy_ws/install/turtlebot3_gazebo/share/turtlebot3_gazebo//models/turtlebot3_burger/meshes_dae/burger_base.dae
[0.115s] -- Up-to-date: /home/ubuntu/GAZEBO_SIM/ssafy_ws/install/turtlebot3_gazebo/share/turtlebot3_gazebo//models/turtlebot3_burger/meshes_dae/lds.dae
[0.115s] -- Up-to-date: /home/ubuntu/GAZEBO_SIM/ssafy_ws/install/turtlebot3_gazebo/share/turtlebot3_gazebo//models/turtlebot3_burger/meshes_dae/right_tire.dae
[0.115s] -- Up-to-date: /home/ubuntu/GAZEBO_SIM/ssafy_ws/install/turtlebot3_gazebo/share/turtlebot3_gazebo//models/turtlebot3_burger/meshes
[0.115s] -- Up-to-date: /home/ubuntu/GAZEBO_SIM/ssafy_ws/install/turtlebot3_gazebo/share/turtlebot3_gazebo//models/turtlebot3_burger/meshes/lds.stl
[0.115s] -- Up-to-date: /home/ubuntu/GAZEBO_SIM/ssafy_ws/install/turtlebot3_gazebo/share/turtlebot3_gazebo//models/turtlebot3_burger/meshes/left_tire.stl
[0.115s] -- Up-to-date: /home/ubuntu/GAZEBO_SIM/ssafy_ws/install/turtlebot3_gazebo/share/turtlebot3_gazebo//models/turtlebot3_burger/meshes/right_tire.stl
[0.116s] -- Up-to-date: /home/ubuntu/GAZEBO_SIM/ssafy_ws/install/turtlebot3_gazebo/share/turtlebot3_gazebo//models/turtlebot3_burger/meshes/burger_base.stl
[0.116s] -- Up-to-date: /home/ubuntu/GAZEBO_SIM/ssafy_ws/install/turtlebot3_gazebo/share/turtlebot3_gazebo//models/turtlebot3_burger/model.sdf
[0.116s] -- Up-to-date: /home/ubuntu/GAZEBO_SIM/ssafy_ws/install/turtlebot3_gazebo/share/turtlebot3_gazebo//models/turtlebot3_burger_1
[0.116s] -- Up-to-date: /home/ubuntu/GAZEBO_SIM/ssafy_ws/install/turtlebot3_gazebo/share/turtlebot3_gazebo//models/turtlebot3_burger_1/model.config
[0.116s] -- Up-to-date: /home/ubuntu/GAZEBO_SIM/ssafy_ws/install/turtlebot3_gazebo/share/turtlebot3_gazebo//models/turtlebot3_burger_1/meshes_dae
[0.116s] -- Up-to-date: /home/ubuntu/GAZEBO_SIM/ssafy_ws/install/turtlebot3_gazebo/share/turtlebot3_gazebo//models/turtlebot3_burger_1/meshes_dae/left_tire.dae
[0.116s] -- Up-to-date: /home/ubuntu/GAZEBO_SIM/ssafy_ws/install/turtlebot3_gazebo/share/turtlebot3_gazebo//models/turtlebot3_burger_1/meshes_dae/burger_base.dae
[0.116s] -- Up-to-date: /home/ubuntu/GAZEBO_SIM/ssafy_ws/install/turtlebot3_gazebo/share/turtlebot3_gazebo//models/turtlebot3_burger_1/meshes_dae/lds.dae
[0.117s] -- Up-to-date: /home/ubuntu/GAZEBO_SIM/ssafy_ws/install/turtlebot3_gazebo/share/turtlebot3_gazebo//models/turtlebot3_burger_1/meshes_dae/right_tire.dae
[0.117s] -- Up-to-date: /home/ubuntu/GAZEBO_SIM/ssafy_ws/install/turtlebot3_gazebo/share/turtlebot3_gazebo//models/turtlebot3_burger_1/meshes
[0.117s] -- Up-to-date: /home/ubuntu/GAZEBO_SIM/ssafy_ws/install/turtlebot3_gazebo/share/turtlebot3_gazebo//models/turtlebot3_burger_1/meshes/lds.stl
[0.117s] -- Up-to-date: /home/ubuntu/GAZEBO_SIM/ssafy_ws/install/turtlebot3_gazebo/share/turtlebot3_gazebo//models/turtlebot3_burger_1/meshes/left_tire.stl
[0.117s] -- Up-to-date: /home/ubuntu/GAZEBO_SIM/ssafy_ws/install/turtlebot3_gazebo/share/turtlebot3_gazebo//models/turtlebot3_burger_1/meshes/right_tire.stl
[0.117s] -- Up-to-date: /home/ubuntu/GAZEBO_SIM/ssafy_ws/install/turtlebot3_gazebo/share/turtlebot3_gazebo//models/turtlebot3_burger_1/meshes/burger_base.stl
[0.117s] -- Up-to-date: /home/ubuntu/GAZEBO_SIM/ssafy_ws/install/turtlebot3_gazebo/share/turtlebot3_gazebo//models/turtlebot3_burger_1/model.sdf
[0.117s] -- Up-to-date: /home/ubuntu/GAZEBO_SIM/ssafy_ws/install/turtlebot3_gazebo/share/turtlebot3_gazebo//models/turtlebot3_dqn_world
[0.118s] -- Up-to-date: /home/ubuntu/GAZEBO_SIM/ssafy_ws/install/turtlebot3_gazebo/share/turtlebot3_gazebo//models/turtlebot3_dqn_world/model.config
[0.118s] -- Up-to-date: /home/ubuntu/GAZEBO_SIM/ssafy_ws/install/turtlebot3_gazebo/share/turtlebot3_gazebo//models/turtlebot3_dqn_world/goal_box
[0.118s] -- Up-to-date: /home/ubuntu/GAZEBO_SIM/ssafy_ws/install/turtlebot3_gazebo/share/turtlebot3_gazebo//models/turtlebot3_dqn_world/goal_box/model.config
[0.118s] -- Up-to-date: /home/ubuntu/GAZEBO_SIM/ssafy_ws/install/turtlebot3_gazebo/share/turtlebot3_gazebo//models/turtlebot3_dqn_world/goal_box/model.sdf
[0.118s] -- Up-to-date: /home/ubuntu/GAZEBO_SIM/ssafy_ws/install/turtlebot3_gazebo/share/turtlebot3_gazebo//models/turtlebot3_dqn_world/inner_walls
[0.118s] -- Up-to-date: /home/ubuntu/GAZEBO_SIM/ssafy_ws/install/turtlebot3_gazebo/share/turtlebot3_gazebo//models/turtlebot3_dqn_world/inner_walls/model.config
[0.118s] -- Up-to-date: /home/ubuntu/GAZEBO_SIM/ssafy_ws/install/turtlebot3_gazebo/share/turtlebot3_gazebo//models/turtlebot3_dqn_world/inner_walls/model.sdf
[0.118s] -- Up-to-date: /home/ubuntu/GAZEBO_SIM/ssafy_ws/install/turtlebot3_gazebo/share/turtlebot3_gazebo//models/turtlebot3_dqn_world/obstacles
[0.118s] -- Up-to-date: /home/ubuntu/GAZEBO_SIM/ssafy_ws/install/turtlebot3_gazebo/share/turtlebot3_gazebo//models/turtlebot3_dqn_world/obstacles/model.config
[0.118s] -- Up-to-date: /home/ubuntu/GAZEBO_SIM/ssafy_ws/install/turtlebot3_gazebo/share/turtlebot3_gazebo//models/turtlebot3_dqn_world/obstacles/model.sdf
[0.119s] -- Up-to-date: /home/ubuntu/GAZEBO_SIM/ssafy_ws/install/turtlebot3_gazebo/share/turtlebot3_gazebo//models/turtlebot3_dqn_world/obstacle_plugin
[0.119s] -- Up-to-date: /home/ubuntu/GAZEBO_SIM/ssafy_ws/install/turtlebot3_gazebo/share/turtlebot3_gazebo//models/turtlebot3_dqn_world/obstacle_plugin/obstacle1.cc
[0.119s] -- Up-to-date: /home/ubuntu/GAZEBO_SIM/ssafy_ws/install/turtlebot3_gazebo/share/turtlebot3_gazebo//models/turtlebot3_dqn_world/obstacle_plugin/CMakeLists.txt
[0.119s] -- Up-to-date: /home/ubuntu/GAZEBO_SIM/ssafy_ws/install/turtlebot3_gazebo/share/turtlebot3_gazebo//models/turtlebot3_dqn_world/obstacle_plugin/obstacle2.cc
[0.119s] -- Up-to-date: /home/ubuntu/GAZEBO_SIM/ssafy_ws/install/turtlebot3_gazebo/share/turtlebot3_gazebo//models/turtlebot3_dqn_world/obstacle_plugin/obstacles.cc
[0.119s] -- Up-to-date: /home/ubuntu/GAZEBO_SIM/ssafy_ws/install/turtlebot3_gazebo/share/turtlebot3_gazebo//models/turtlebot3_dqn_world/obstacle2
[0.119s] -- Up-to-date: /home/ubuntu/GAZEBO_SIM/ssafy_ws/install/turtlebot3_gazebo/share/turtlebot3_gazebo//models/turtlebot3_dqn_world/obstacle2/model.config
[0.119s] -- Up-to-date: /home/ubuntu/GAZEBO_SIM/ssafy_ws/install/turtlebot3_gazebo/share/turtlebot3_gazebo//models/turtlebot3_dqn_world/obstacle2/model.sdf
[0.120s] -- Up-to-date: /home/ubuntu/GAZEBO_SIM/ssafy_ws/install/turtlebot3_gazebo/share/turtlebot3_gazebo//models/turtlebot3_dqn_world/obstacle1
[0.120s] -- Up-to-date: /home/ubuntu/GAZEBO_SIM/ssafy_ws/install/turtlebot3_gazebo/share/turtlebot3_gazebo//models/turtlebot3_dqn_world/obstacle1/model.config
[0.121s] -- Up-to-date: /home/ubuntu/GAZEBO_SIM/ssafy_ws/install/turtlebot3_gazebo/share/turtlebot3_gazebo//models/turtlebot3_dqn_world/obstacle1/model.sdf
[0.121s] -- Up-to-date: /home/ubuntu/GAZEBO_SIM/ssafy_ws/install/turtlebot3_gazebo/share/turtlebot3_gazebo//models/turtlebot3_dqn_world/model.sdf
[0.121s] -- Up-to-date: /home/ubuntu/GAZEBO_SIM/ssafy_ws/install/turtlebot3_gazebo/share/turtlebot3_gazebo//models/turtlebot3_autorace
[0.121s] -- Up-to-date: /home/ubuntu/GAZEBO_SIM/ssafy_ws/install/turtlebot3_gazebo/share/turtlebot3_gazebo//models/turtlebot3_autorace/tunnel_obstacles
[0.121s] -- Up-to-date: /home/ubuntu/GAZEBO_SIM/ssafy_ws/install/turtlebot3_gazebo/share/turtlebot3_gazebo//models/turtlebot3_autorace/tunnel_obstacles/model.config
[0.121s] -- Up-to-date: /home/ubuntu/GAZEBO_SIM/ssafy_ws/install/turtlebot3_gazebo/share/turtlebot3_gazebo//models/turtlebot3_autorace/tunnel_obstacles/model.sdf
[0.122s] -- Up-to-date: /home/ubuntu/GAZEBO_SIM/ssafy_ws/install/turtlebot3_gazebo/share/turtlebot3_gazebo//models/turtlebot3_autorace/traffic_tunnel
[0.122s] -- Up-to-date: /home/ubuntu/GAZEBO_SIM/ssafy_ws/install/turtlebot3_gazebo/share/turtlebot3_gazebo//models/turtlebot3_autorace/traffic_tunnel/model.config
[0.122s] -- Up-to-date: /home/ubuntu/GAZEBO_SIM/ssafy_ws/install/turtlebot3_gazebo/share/turtlebot3_gazebo//models/turtlebot3_autorace/traffic_tunnel/materials
[0.122s] -- Up-to-date: /home/ubuntu/GAZEBO_SIM/ssafy_ws/install/turtlebot3_gazebo/share/turtlebot3_gazebo//models/turtlebot3_autorace/traffic_tunnel/materials/scripts
[0.122s] -- Up-to-date: /home/ubuntu/GAZEBO_SIM/ssafy_ws/install/turtlebot3_gazebo/share/turtlebot3_gazebo//models/turtlebot3_autorace/traffic_tunnel/materials/scripts/tunnel.material
[0.122s] -- Up-to-date: /home/ubuntu/GAZEBO_SIM/ssafy_ws/install/turtlebot3_gazebo/share/turtlebot3_gazebo//models/turtlebot3_autorace/traffic_tunnel/materials/textures
[0.122s] -- Up-to-date: /home/ubuntu/GAZEBO_SIM/ssafy_ws/install/turtlebot3_gazebo/share/turtlebot3_gazebo//models/turtlebot3_autorace/traffic_tunnel/materials/textures/tunnel.png
[0.123s] -- Up-to-date: /home/ubuntu/GAZEBO_SIM/ssafy_ws/install/turtlebot3_gazebo/share/turtlebot3_gazebo//models/turtlebot3_autorace/traffic_tunnel/model.sdf
[0.123s] -- Up-to-date: /home/ubuntu/GAZEBO_SIM/ssafy_ws/install/turtlebot3_gazebo/share/turtlebot3_gazebo//models/turtlebot3_autorace/model.config
[0.123s] -- Up-to-date: /home/ubuntu/GAZEBO_SIM/ssafy_ws/install/turtlebot3_gazebo/share/turtlebot3_gazebo//models/turtlebot3_autorace/ground
[0.123s] -- Up-to-date: /home/ubuntu/GAZEBO_SIM/ssafy_ws/install/turtlebot3_gazebo/share/turtlebot3_gazebo//models/turtlebot3_autorace/ground/model.config
[0.123s] -- Up-to-date: /home/ubuntu/GAZEBO_SIM/ssafy_ws/install/turtlebot3_gazebo/share/turtlebot3_gazebo//models/turtlebot3_autorace/ground/model.sdf
[0.123s] -- Up-to-date: /home/ubuntu/GAZEBO_SIM/ssafy_ws/install/turtlebot3_gazebo/share/turtlebot3_gazebo//models/turtlebot3_autorace/lights
[0.123s] -- Up-to-date: /home/ubuntu/GAZEBO_SIM/ssafy_ws/install/turtlebot3_gazebo/share/turtlebot3_gazebo//models/turtlebot3_autorace/lights/model.config
[0.123s] -- Up-to-date: /home/ubuntu/GAZEBO_SIM/ssafy_ws/install/turtlebot3_gazebo/share/turtlebot3_gazebo//models/turtlebot3_autorace/lights/model.sdf
[0.124s] -- Up-to-date: /home/ubuntu/GAZEBO_SIM/ssafy_ws/install/turtlebot3_gazebo/share/turtlebot3_gazebo//models/turtlebot3_autorace/traffic_light_green
[0.124s] -- Up-to-date: /home/ubuntu/GAZEBO_SIM/ssafy_ws/install/turtlebot3_gazebo/share/turtlebot3_gazebo//models/turtlebot3_autorace/traffic_light_green/model.config
[0.124s] -- Up-to-date: /home/ubuntu/GAZEBO_SIM/ssafy_ws/install/turtlebot3_gazebo/share/turtlebot3_gazebo//models/turtlebot3_autorace/traffic_light_green/model.sdf
[0.124s] -- Up-to-date: /home/ubuntu/GAZEBO_SIM/ssafy_ws/install/turtlebot3_gazebo/share/turtlebot3_gazebo//models/turtlebot3_autorace/tunnel_wall
[0.124s] -- Up-to-date: /home/ubuntu/GAZEBO_SIM/ssafy_ws/install/turtlebot3_gazebo/share/turtlebot3_gazebo//models/turtlebot3_autorace/tunnel_wall/model.config
[0.124s] -- Up-to-date: /home/ubuntu/GAZEBO_SIM/ssafy_ws/install/turtlebot3_gazebo/share/turtlebot3_gazebo//models/turtlebot3_autorace/tunnel_wall/model.sdf
[0.124s] -- Up-to-date: /home/ubuntu/GAZEBO_SIM/ssafy_ws/install/turtlebot3_gazebo/share/turtlebot3_gazebo//models/turtlebot3_autorace/traffic_bar_down
[0.124s] -- Up-to-date: /home/ubuntu/GAZEBO_SIM/ssafy_ws/install/turtlebot3_gazebo/share/turtlebot3_gazebo//models/turtlebot3_autorace/traffic_bar_down/model.config
[0.125s] -- Up-to-date: /home/ubuntu/GAZEBO_SIM/ssafy_ws/install/turtlebot3_gazebo/share/turtlebot3_gazebo//models/turtlebot3_autorace/traffic_bar_down/materials
[0.125s] -- Up-to-date: /home/ubuntu/GAZEBO_SIM/ssafy_ws/install/turtlebot3_gazebo/share/turtlebot3_gazebo//models/turtlebot3_autorace/traffic_bar_down/materials/scripts
[0.125s] -- Up-to-date: /home/ubuntu/GAZEBO_SIM/ssafy_ws/install/turtlebot3_gazebo/share/turtlebot3_gazebo//models/turtlebot3_autorace/traffic_bar_down/materials/scripts/traffic_bar.material
[0.125s] -- Up-to-date: /home/ubuntu/GAZEBO_SIM/ssafy_ws/install/turtlebot3_gazebo/share/turtlebot3_gazebo//models/turtlebot3_autorace/traffic_bar_down/materials/textures
[0.125s] -- Up-to-date: /home/ubuntu/GAZEBO_SIM/ssafy_ws/install/turtlebot3_gazebo/share/turtlebot3_gazebo//models/turtlebot3_autorace/traffic_bar_down/materials/textures/traffic_bar.png
[0.125s] -- Up-to-date: /home/ubuntu/GAZEBO_SIM/ssafy_ws/install/turtlebot3_gazebo/share/turtlebot3_gazebo//models/turtlebot3_autorace/traffic_bar_down/model.sdf
[0.125s] -- Up-to-date: /home/ubuntu/GAZEBO_SIM/ssafy_ws/install/turtlebot3_gazebo/share/turtlebot3_gazebo//models/turtlebot3_autorace/course
[0.125s] -- Up-to-date: /home/ubuntu/GAZEBO_SIM/ssafy_ws/install/turtlebot3_gazebo/share/turtlebot3_gazebo//models/turtlebot3_autorace/course/model.config
[0.125s] -- Up-to-date: /home/ubuntu/GAZEBO_SIM/ssafy_ws/install/turtlebot3_gazebo/share/turtlebot3_gazebo//models/turtlebot3_autorace/course/materials
[0.125s] -- Up-to-date: /home/ubuntu/GAZEBO_SIM/ssafy_ws/install/turtlebot3_gazebo/share/turtlebot3_gazebo//models/turtlebot3_autorace/course/materials/scripts
[0.126s] -- Up-to-date: /home/ubuntu/GAZEBO_SIM/ssafy_ws/install/turtlebot3_gazebo/share/turtlebot3_gazebo//models/turtlebot3_autorace/course/materials/scripts/course.material
[0.126s] -- Up-to-date: /home/ubuntu/GAZEBO_SIM/ssafy_ws/install/turtlebot3_gazebo/share/turtlebot3_gazebo//models/turtlebot3_autorace/course/materials/textures
[0.126s] -- Up-to-date: /home/ubuntu/GAZEBO_SIM/ssafy_ws/install/turtlebot3_gazebo/share/turtlebot3_gazebo//models/turtlebot3_autorace/course/materials/textures/course.png
[0.126s] -- Up-to-date: /home/ubuntu/GAZEBO_SIM/ssafy_ws/install/turtlebot3_gazebo/share/turtlebot3_gazebo//models/turtlebot3_autorace/course/model.sdf
[0.126s] -- Up-to-date: /home/ubuntu/GAZEBO_SIM/ssafy_ws/install/turtlebot3_gazebo/share/turtlebot3_gazebo//models/turtlebot3_autorace/traffic_light_red
[0.126s] -- Up-to-date: /home/ubuntu/GAZEBO_SIM/ssafy_ws/install/turtlebot3_gazebo/share/turtlebot3_gazebo//models/turtlebot3_autorace/traffic_light_red/model.config
[0.126s] -- Up-to-date: /home/ubuntu/GAZEBO_SIM/ssafy_ws/install/turtlebot3_gazebo/share/turtlebot3_gazebo//models/turtlebot3_autorace/traffic_light_red/model.sdf
[0.126s] -- Up-to-date: /home/ubuntu/GAZEBO_SIM/ssafy_ws/install/turtlebot3_gazebo/share/turtlebot3_gazebo//models/turtlebot3_autorace/traffic_bar_up
[0.126s] -- Up-to-date: /home/ubuntu/GAZEBO_SIM/ssafy_ws/install/turtlebot3_gazebo/share/turtlebot3_gazebo//models/turtlebot3_autorace/traffic_bar_up/model.config
[0.127s] -- Up-to-date: /home/ubuntu/GAZEBO_SIM/ssafy_ws/install/turtlebot3_gazebo/share/turtlebot3_gazebo//models/turtlebot3_autorace/traffic_bar_up/materials
[0.127s] -- Up-to-date: /home/ubuntu/GAZEBO_SIM/ssafy_ws/install/turtlebot3_gazebo/share/turtlebot3_gazebo//models/turtlebot3_autorace/traffic_bar_up/materials/scripts
[0.127s] -- Up-to-date: /home/ubuntu/GAZEBO_SIM/ssafy_ws/install/turtlebot3_gazebo/share/turtlebot3_gazebo//models/turtlebot3_autorace/traffic_bar_up/materials/scripts/traffic_bar.material
[0.127s] -- Up-to-date: /home/ubuntu/GAZEBO_SIM/ssafy_ws/install/turtlebot3_gazebo/share/turtlebot3_gazebo//models/turtlebot3_autorace/traffic_bar_up/materials/textures
[0.127s] -- Up-to-date: /home/ubuntu/GAZEBO_SIM/ssafy_ws/install/turtlebot3_gazebo/share/turtlebot3_gazebo//models/turtlebot3_autorace/traffic_bar_up/materials/textures/traffic_bar.png
[0.127s] -- Up-to-date: /home/ubuntu/GAZEBO_SIM/ssafy_ws/install/turtlebot3_gazebo/share/turtlebot3_gazebo//models/turtlebot3_autorace/traffic_bar_up/model.sdf
[0.127s] -- Up-to-date: /home/ubuntu/GAZEBO_SIM/ssafy_ws/install/turtlebot3_gazebo/share/turtlebot3_gazebo//models/turtlebot3_autorace/traffic_light_yellow
[0.127s] -- Up-to-date: /home/ubuntu/GAZEBO_SIM/ssafy_ws/install/turtlebot3_gazebo/share/turtlebot3_gazebo//models/turtlebot3_autorace/traffic_light_yellow/model.config
[0.127s] -- Up-to-date: /home/ubuntu/GAZEBO_SIM/ssafy_ws/install/turtlebot3_gazebo/share/turtlebot3_gazebo//models/turtlebot3_autorace/traffic_light_yellow/model.sdf
[0.128s] -- Up-to-date: /home/ubuntu/GAZEBO_SIM/ssafy_ws/install/turtlebot3_gazebo/share/turtlebot3_gazebo//models/turtlebot3_autorace/traffic_stop
[0.128s] -- Up-to-date: /home/ubuntu/GAZEBO_SIM/ssafy_ws/install/turtlebot3_gazebo/share/turtlebot3_gazebo//models/turtlebot3_autorace/traffic_stop/model.config
[0.128s] -- Up-to-date: /home/ubuntu/GAZEBO_SIM/ssafy_ws/install/turtlebot3_gazebo/share/turtlebot3_gazebo//models/turtlebot3_autorace/traffic_stop/materials
[0.128s] -- Up-to-date: /home/ubuntu/GAZEBO_SIM/ssafy_ws/install/turtlebot3_gazebo/share/turtlebot3_gazebo//models/turtlebot3_autorace/traffic_stop/materials/scripts
[0.128s] -- Up-to-date: /home/ubuntu/GAZEBO_SIM/ssafy_ws/install/turtlebot3_gazebo/share/turtlebot3_gazebo//models/turtlebot3_autorace/traffic_stop/materials/scripts/traffic_stop.material
[0.128s] -- Up-to-date: /home/ubuntu/GAZEBO_SIM/ssafy_ws/install/turtlebot3_gazebo/share/turtlebot3_gazebo//models/turtlebot3_autorace/traffic_stop/materials/textures
[0.128s] -- Up-to-date: /home/ubuntu/GAZEBO_SIM/ssafy_ws/install/turtlebot3_gazebo/share/turtlebot3_gazebo//models/turtlebot3_autorace/traffic_stop/materials/textures/traffic_stop.png
[0.128s] -- Up-to-date: /home/ubuntu/GAZEBO_SIM/ssafy_ws/install/turtlebot3_gazebo/share/turtlebot3_gazebo//models/turtlebot3_autorace/traffic_stop/model.sdf
[0.128s] -- Up-to-date: /home/ubuntu/GAZEBO_SIM/ssafy_ws/install/turtlebot3_gazebo/share/turtlebot3_gazebo//models/turtlebot3_autorace/traffic_parking
[0.129s] -- Up-to-date: /home/ubuntu/GAZEBO_SIM/ssafy_ws/install/turtlebot3_gazebo/share/turtlebot3_gazebo//models/turtlebot3_autorace/traffic_parking/model.config
[0.129s] -- Up-to-date: /home/ubuntu/GAZEBO_SIM/ssafy_ws/install/turtlebot3_gazebo/share/turtlebot3_gazebo//models/turtlebot3_autorace/traffic_parking/materials
[0.129s] -- Up-to-date: /home/ubuntu/GAZEBO_SIM/ssafy_ws/install/turtlebot3_gazebo/share/turtlebot3_gazebo//models/turtlebot3_autorace/traffic_parking/materials/scripts
[0.129s] -- Up-to-date: /home/ubuntu/GAZEBO_SIM/ssafy_ws/install/turtlebot3_gazebo/share/turtlebot3_gazebo//models/turtlebot3_autorace/traffic_parking/materials/scripts/traffic_parking.material
[0.129s] -- Up-to-date: /home/ubuntu/GAZEBO_SIM/ssafy_ws/install/turtlebot3_gazebo/share/turtlebot3_gazebo//models/turtlebot3_autorace/traffic_parking/materials/textures
[0.129s] -- Up-to-date: /home/ubuntu/GAZEBO_SIM/ssafy_ws/install/turtlebot3_gazebo/share/turtlebot3_gazebo//models/turtlebot3_autorace/traffic_parking/materials/textures/traffic_parking.png
[0.129s] -- Up-to-date: /home/ubuntu/GAZEBO_SIM/ssafy_ws/install/turtlebot3_gazebo/share/turtlebot3_gazebo//models/turtlebot3_autorace/traffic_parking/model.sdf
[0.129s] -- Up-to-date: /home/ubuntu/GAZEBO_SIM/ssafy_ws/install/turtlebot3_gazebo/share/turtlebot3_gazebo//models/turtlebot3_house
[0.129s] -- Up-to-date: /home/ubuntu/GAZEBO_SIM/ssafy_ws/install/turtlebot3_gazebo/share/turtlebot3_gazebo//models/turtlebot3_house/model.config
[0.130s] -- Up-to-date: /home/ubuntu/GAZEBO_SIM/ssafy_ws/install/turtlebot3_gazebo/share/turtlebot3_gazebo//models/turtlebot3_house/model.sdf
[0.130s] -- Up-to-date: /home/ubuntu/GAZEBO_SIM/ssafy_ws/install/turtlebot3_gazebo/share/turtlebot3_gazebo//models/turtlebot3_burger_velodyne_0
[0.130s] -- Up-to-date: /home/ubuntu/GAZEBO_SIM/ssafy_ws/install/turtlebot3_gazebo/share/turtlebot3_gazebo//models/turtlebot3_burger_velodyne_0/model.config
[0.130s] -- Up-to-date: /home/ubuntu/GAZEBO_SIM/ssafy_ws/install/turtlebot3_gazebo/share/turtlebot3_gazebo//models/turtlebot3_burger_velodyne_0/meshes_dae
[0.130s] -- Up-to-date: /home/ubuntu/GAZEBO_SIM/ssafy_ws/install/turtlebot3_gazebo/share/turtlebot3_gazebo//models/turtlebot3_burger_velodyne_0/meshes_dae/left_tire.dae
[0.130s] -- Up-to-date: /home/ubuntu/GAZEBO_SIM/ssafy_ws/install/turtlebot3_gazebo/share/turtlebot3_gazebo//models/turtlebot3_burger_velodyne_0/meshes_dae/burger_base.dae
[0.130s] -- Up-to-date: /home/ubuntu/GAZEBO_SIM/ssafy_ws/install/turtlebot3_gazebo/share/turtlebot3_gazebo//models/turtlebot3_burger_velodyne_0/meshes_dae/lds.dae
[0.130s] -- Up-to-date: /home/ubuntu/GAZEBO_SIM/ssafy_ws/install/turtlebot3_gazebo/share/turtlebot3_gazebo//models/turtlebot3_burger_velodyne_0/meshes_dae/right_tire.dae
[0.131s] -- Up-to-date: /home/ubuntu/GAZEBO_SIM/ssafy_ws/install/turtlebot3_gazebo/share/turtlebot3_gazebo//models/turtlebot3_burger_velodyne_0/meshes
[0.131s] -- Up-to-date: /home/ubuntu/GAZEBO_SIM/ssafy_ws/install/turtlebot3_gazebo/share/turtlebot3_gazebo//models/turtlebot3_burger_velodyne_0/meshes/lds.stl
[0.131s] -- Up-to-date: /home/ubuntu/GAZEBO_SIM/ssafy_ws/install/turtlebot3_gazebo/share/turtlebot3_gazebo//models/turtlebot3_burger_velodyne_0/meshes/left_tire.stl
[0.131s] -- Up-to-date: /home/ubuntu/GAZEBO_SIM/ssafy_ws/install/turtlebot3_gazebo/share/turtlebot3_gazebo//models/turtlebot3_burger_velodyne_0/meshes/right_tire.stl
[0.131s] -- Up-to-date: /home/ubuntu/GAZEBO_SIM/ssafy_ws/install/turtlebot3_gazebo/share/turtlebot3_gazebo//models/turtlebot3_burger_velodyne_0/meshes/burger_base.stl
[0.131s] -- Up-to-date: /home/ubuntu/GAZEBO_SIM/ssafy_ws/install/turtlebot3_gazebo/share/turtlebot3_gazebo//models/turtlebot3_burger_velodyne_0/model.sdf
[0.131s] -- Up-to-date: /home/ubuntu/GAZEBO_SIM/ssafy_ws/install/turtlebot3_gazebo/share/turtlebot3_gazebo//models/ssafy_model
[0.131s] -- Up-to-date: /home/ubuntu/GAZEBO_SIM/ssafy_ws/install/turtlebot3_gazebo/share/turtlebot3_gazebo//models/ssafy_model/model.config
[0.131s] -- Up-to-date: /home/ubuntu/GAZEBO_SIM/ssafy_ws/install/turtlebot3_gazebo/share/turtlebot3_gazebo//models/ssafy_model/meshes_dae
[0.131s] -- Up-to-date: /home/ubuntu/GAZEBO_SIM/ssafy_ws/install/turtlebot3_gazebo/share/turtlebot3_gazebo//models/ssafy_model/meshes_dae/left_tire.dae
[0.131s] -- Up-to-date: /home/ubuntu/GAZEBO_SIM/ssafy_ws/install/turtlebot3_gazebo/share/turtlebot3_gazebo//models/ssafy_model/meshes_dae/burger_base.dae
[0.132s] -- Up-to-date: /home/ubuntu/GAZEBO_SIM/ssafy_ws/install/turtlebot3_gazebo/share/turtlebot3_gazebo//models/ssafy_model/meshes_dae/lds.dae
[0.132s] -- Up-to-date: /home/ubuntu/GAZEBO_SIM/ssafy_ws/install/turtlebot3_gazebo/share/turtlebot3_gazebo//models/ssafy_model/meshes_dae/right_tire.dae
[0.132s] -- Up-to-date: /home/ubuntu/GAZEBO_SIM/ssafy_ws/install/turtlebot3_gazebo/share/turtlebot3_gazebo//models/ssafy_model/meshes
[0.132s] -- Up-to-date: /home/ubuntu/GAZEBO_SIM/ssafy_ws/install/turtlebot3_gazebo/share/turtlebot3_gazebo//models/ssafy_model/meshes/lds.stl
[0.132s] -- Up-to-date: /home/ubuntu/GAZEBO_SIM/ssafy_ws/install/turtlebot3_gazebo/share/turtlebot3_gazebo//models/ssafy_model/meshes/left_tire.stl
[0.132s] -- Up-to-date: /home/ubuntu/GAZEBO_SIM/ssafy_ws/install/turtlebot3_gazebo/share/turtlebot3_gazebo//models/ssafy_model/meshes/right_tire.stl
[0.132s] -- Up-to-date: /home/ubuntu/GAZEBO_SIM/ssafy_ws/install/turtlebot3_gazebo/share/turtlebot3_gazebo//models/ssafy_model/meshes/burger_base.stl
[0.132s] -- Installing: /home/ubuntu/GAZEBO_SIM/ssafy_ws/install/turtlebot3_gazebo/share/turtlebot3_gazebo//models/ssafy_model/model.sdf
[0.132s] -- Up-to-date: /home/ubuntu/GAZEBO_SIM/ssafy_ws/install/turtlebot3_gazebo/share/turtlebot3_gazebo//models/turtlebot3_burger_0
[0.133s] -- Up-to-date: /home/ubuntu/GAZEBO_SIM/ssafy_ws/install/turtlebot3_gazebo/share/turtlebot3_gazebo//models/turtlebot3_burger_0/model-1_4.sdf
[0.133s] -- Up-to-date: /home/ubuntu/GAZEBO_SIM/ssafy_ws/install/turtlebot3_gazebo/share/turtlebot3_gazebo//models/turtlebot3_burger_0/model.config
[0.133s] -- Up-to-date: /home/ubuntu/GAZEBO_SIM/ssafy_ws/install/turtlebot3_gazebo/share/turtlebot3_gazebo//models/turtlebot3_burger_0/meshes_dae
[0.133s] -- Up-to-date: /home/ubuntu/GAZEBO_SIM/ssafy_ws/install/turtlebot3_gazebo/share/turtlebot3_gazebo//models/turtlebot3_burger_0/meshes_dae/left_tire.dae
[0.133s] -- Up-to-date: /home/ubuntu/GAZEBO_SIM/ssafy_ws/install/turtlebot3_gazebo/share/turtlebot3_gazebo//models/turtlebot3_burger_0/meshes_dae/burger_base.dae
[0.133s] -- Up-to-date: /home/ubuntu/GAZEBO_SIM/ssafy_ws/install/turtlebot3_gazebo/share/turtlebot3_gazebo//models/turtlebot3_burger_0/meshes_dae/lds.dae
[0.133s] -- Up-to-date: /home/ubuntu/GAZEBO_SIM/ssafy_ws/install/turtlebot3_gazebo/share/turtlebot3_gazebo//models/turtlebot3_burger_0/meshes_dae/right_tire.dae
[0.133s] -- Up-to-date: /home/ubuntu/GAZEBO_SIM/ssafy_ws/install/turtlebot3_gazebo/share/turtlebot3_gazebo//models/turtlebot3_burger_0/meshes
[0.133s] -- Up-to-date: /home/ubuntu/GAZEBO_SIM/ssafy_ws/install/turtlebot3_gazebo/share/turtlebot3_gazebo//models/turtlebot3_burger_0/meshes/lds.stl
[0.134s] -- Up-to-date: /home/ubuntu/GAZEBO_SIM/ssafy_ws/install/turtlebot3_gazebo/share/turtlebot3_gazebo//models/turtlebot3_burger_0/meshes/left_tire.stl
[0.134s] -- Up-to-date: /home/ubuntu/GAZEBO_SIM/ssafy_ws/install/turtlebot3_gazebo/share/turtlebot3_gazebo//models/turtlebot3_burger_0/meshes/right_tire.stl
[0.134s] -- Up-to-date: /home/ubuntu/GAZEBO_SIM/ssafy_ws/install/turtlebot3_gazebo/share/turtlebot3_gazebo//models/turtlebot3_burger_0/meshes/burger_base.stl
[0.134s] -- Up-to-date: /home/ubuntu/GAZEBO_SIM/ssafy_ws/install/turtlebot3_gazebo/share/turtlebot3_gazebo//models/turtlebot3_burger_0/model.sdf
[0.134s] -- Up-to-date: /home/ubuntu/GAZEBO_SIM/ssafy_ws/install/turtlebot3_gazebo/share/turtlebot3_gazebo//models/turtlebot3_waffle
[0.134s] -- Up-to-date: /home/ubuntu/GAZEBO_SIM/ssafy_ws/install/turtlebot3_gazebo/share/turtlebot3_gazebo//models/turtlebot3_waffle/model-1_4.sdf
[0.134s] -- Up-to-date: /home/ubuntu/GAZEBO_SIM/ssafy_ws/install/turtlebot3_gazebo/share/turtlebot3_gazebo//models/turtlebot3_waffle/model.config
[0.134s] -- Up-to-date: /home/ubuntu/GAZEBO_SIM/ssafy_ws/install/turtlebot3_gazebo/share/turtlebot3_gazebo//models/turtlebot3_waffle/meshes
[0.135s] -- Up-to-date: /home/ubuntu/GAZEBO_SIM/ssafy_ws/install/turtlebot3_gazebo/share/turtlebot3_gazebo//models/turtlebot3_waffle/meshes/r200.dae
[0.135s] -- Up-to-date: /home/ubuntu/GAZEBO_SIM/ssafy_ws/install/turtlebot3_gazebo/share/turtlebot3_gazebo//models/turtlebot3_waffle/meshes/waffle_base.dae
[0.135s] -- Up-to-date: /home/ubuntu/GAZEBO_SIM/ssafy_ws/install/turtlebot3_gazebo/share/turtlebot3_gazebo//models/turtlebot3_waffle/meshes/lds.dae
[0.135s] -- Up-to-date: /home/ubuntu/GAZEBO_SIM/ssafy_ws/install/turtlebot3_gazebo/share/turtlebot3_gazebo//models/turtlebot3_waffle/meshes/tire.dae
[0.135s] -- Up-to-date: /home/ubuntu/GAZEBO_SIM/ssafy_ws/install/turtlebot3_gazebo/share/turtlebot3_gazebo//models/turtlebot3_waffle/model.sdf
[0.135s] -- Up-to-date: /home/ubuntu/GAZEBO_SIM/ssafy_ws/install/turtlebot3_gazebo/share/turtlebot3_gazebo//models/velodyne_description
[0.135s] -- Up-to-date: /home/ubuntu/GAZEBO_SIM/ssafy_ws/install/turtlebot3_gazebo/share/turtlebot3_gazebo//models/velodyne_description/world
[0.135s] -- Up-to-date: /home/ubuntu/GAZEBO_SIM/ssafy_ws/install/turtlebot3_gazebo/share/turtlebot3_gazebo//models/velodyne_description/world/example.world
[0.135s] -- Up-to-date: /home/ubuntu/GAZEBO_SIM/ssafy_ws/install/turtlebot3_gazebo/share/turtlebot3_gazebo//models/velodyne_description/package.xml
[0.136s] -- Up-to-date: /home/ubuntu/GAZEBO_SIM/ssafy_ws/install/turtlebot3_gazebo/share/turtlebot3_gazebo//models/velodyne_description/urdf
[0.136s] -- Up-to-date: /home/ubuntu/GAZEBO_SIM/ssafy_ws/install/turtlebot3_gazebo/share/turtlebot3_gazebo//models/velodyne_description/urdf/example.urdf.xacro
[0.136s] -- Up-to-date: /home/ubuntu/GAZEBO_SIM/ssafy_ws/install/turtlebot3_gazebo/share/turtlebot3_gazebo//models/velodyne_description/urdf/VLP-16.urdf.xacro
[0.136s] -- Up-to-date: /home/ubuntu/GAZEBO_SIM/ssafy_ws/install/turtlebot3_gazebo/share/turtlebot3_gazebo//models/velodyne_description/urdf/HDL-32E.urdf.xacro
[0.136s] -- Up-to-date: /home/ubuntu/GAZEBO_SIM/ssafy_ws/install/turtlebot3_gazebo/share/turtlebot3_gazebo//models/velodyne_description/CMakeLists.txt
[0.136s] -- Up-to-date: /home/ubuntu/GAZEBO_SIM/ssafy_ws/install/turtlebot3_gazebo/share/turtlebot3_gazebo//models/velodyne_description/env-hooks
[0.136s] -- Up-to-date: /home/ubuntu/GAZEBO_SIM/ssafy_ws/install/turtlebot3_gazebo/share/turtlebot3_gazebo//models/velodyne_description/env-hooks/velodyne_description.dsv.in
[0.136s] -- Up-to-date: /home/ubuntu/GAZEBO_SIM/ssafy_ws/install/turtlebot3_gazebo/share/turtlebot3_gazebo//models/velodyne_description/launch
[0.136s] -- Up-to-date: /home/ubuntu/GAZEBO_SIM/ssafy_ws/install/turtlebot3_gazebo/share/turtlebot3_gazebo//models/velodyne_description/launch/example.launch.py
[0.136s] -- Up-to-date: /home/ubuntu/GAZEBO_SIM/ssafy_ws/install/turtlebot3_gazebo/share/turtlebot3_gazebo//models/velodyne_description/meshes
[0.137s] -- Up-to-date: /home/ubuntu/GAZEBO_SIM/ssafy_ws/install/turtlebot3_gazebo/share/turtlebot3_gazebo//models/velodyne_description/meshes/VLP16_base_2.stl
[0.137s] -- Up-to-date: /home/ubuntu/GAZEBO_SIM/ssafy_ws/install/turtlebot3_gazebo/share/turtlebot3_gazebo//models/velodyne_description/meshes/VLP16_base_1.dae
[0.137s] -- Up-to-date: /home/ubuntu/GAZEBO_SIM/ssafy_ws/install/turtlebot3_gazebo/share/turtlebot3_gazebo//models/velodyne_description/meshes/HDL32E_scan.dae
[0.137s] -- Up-to-date: /home/ubuntu/GAZEBO_SIM/ssafy_ws/install/turtlebot3_gazebo/share/turtlebot3_gazebo//models/velodyne_description/meshes/VLP16_scan.dae
[0.137s] -- Up-to-date: /home/ubuntu/GAZEBO_SIM/ssafy_ws/install/turtlebot3_gazebo/share/turtlebot3_gazebo//models/velodyne_description/meshes/HDL32E_base.stl
[0.137s] -- Up-to-date: /home/ubuntu/GAZEBO_SIM/ssafy_ws/install/turtlebot3_gazebo/share/turtlebot3_gazebo//models/velodyne_description/meshes/HDL32E_base.dae
[0.137s] -- Up-to-date: /home/ubuntu/GAZEBO_SIM/ssafy_ws/install/turtlebot3_gazebo/share/turtlebot3_gazebo//models/velodyne_description/meshes/HDL32E_scan.stl
[0.137s] -- Up-to-date: /home/ubuntu/GAZEBO_SIM/ssafy_ws/install/turtlebot3_gazebo/share/turtlebot3_gazebo//models/velodyne_description/meshes/VLP16_base_2.dae
[0.137s] -- Up-to-date: /home/ubuntu/GAZEBO_SIM/ssafy_ws/install/turtlebot3_gazebo/share/turtlebot3_gazebo//models/velodyne_description/meshes/VLP16_scan.stl
[0.138s] -- Up-to-date: /home/ubuntu/GAZEBO_SIM/ssafy_ws/install/turtlebot3_gazebo/share/turtlebot3_gazebo//models/velodyne_description/meshes/VLP16_base_1.stl
[0.138s] -- Up-to-date: /home/ubuntu/GAZEBO_SIM/ssafy_ws/install/turtlebot3_gazebo/share/turtlebot3_gazebo//models/velodyne_description/rviz
[0.138s] -- Up-to-date: /home/ubuntu/GAZEBO_SIM/ssafy_ws/install/turtlebot3_gazebo/share/turtlebot3_gazebo//models/velodyne_description/rviz/example.rviz
[0.138s] -- Up-to-date: /home/ubuntu/GAZEBO_SIM/ssafy_ws/install/turtlebot3_gazebo/share/turtlebot3_gazebo//models/velodyne_description/CHANGELOG.rst
[0.138s] -- Up-to-date: /home/ubuntu/GAZEBO_SIM/ssafy_ws/install/turtlebot3_gazebo/share/turtlebot3_gazebo//models/turtlebot3_waffle_pi
[0.138s] -- Up-to-date: /home/ubuntu/GAZEBO_SIM/ssafy_ws/install/turtlebot3_gazebo/share/turtlebot3_gazebo//models/turtlebot3_waffle_pi/model.config
[0.138s] -- Up-to-date: /home/ubuntu/GAZEBO_SIM/ssafy_ws/install/turtlebot3_gazebo/share/turtlebot3_gazebo//models/turtlebot3_waffle_pi/model-1_4_.sdf
[0.138s] -- Up-to-date: /home/ubuntu/GAZEBO_SIM/ssafy_ws/install/turtlebot3_gazebo/share/turtlebot3_gazebo//models/turtlebot3_waffle_pi/meshes
[0.138s] -- Up-to-date: /home/ubuntu/GAZEBO_SIM/ssafy_ws/install/turtlebot3_gazebo/share/turtlebot3_gazebo//models/turtlebot3_waffle_pi/meshes/lds.dae
[0.139s] -- Up-to-date: /home/ubuntu/GAZEBO_SIM/ssafy_ws/install/turtlebot3_gazebo/share/turtlebot3_gazebo//models/turtlebot3_waffle_pi/meshes/tire.dae
[0.139s] -- Up-to-date: /home/ubuntu/GAZEBO_SIM/ssafy_ws/install/turtlebot3_gazebo/share/turtlebot3_gazebo//models/turtlebot3_waffle_pi/meshes/waffle_pi_base.dae
[0.139s] -- Up-to-date: /home/ubuntu/GAZEBO_SIM/ssafy_ws/install/turtlebot3_gazebo/share/turtlebot3_gazebo//models/turtlebot3_waffle_pi/model.sdf
[0.139s] -- Up-to-date: /home/ubuntu/GAZEBO_SIM/ssafy_ws/install/turtlebot3_gazebo/share/turtlebot3_gazebo//models/turtlebot3_world
[0.139s] -- Up-to-date: /home/ubuntu/GAZEBO_SIM/ssafy_ws/install/turtlebot3_gazebo/share/turtlebot3_gazebo//models/turtlebot3_world/model-1_4.sdf
[0.139s] -- Up-to-date: /home/ubuntu/GAZEBO_SIM/ssafy_ws/install/turtlebot3_gazebo/share/turtlebot3_gazebo//models/turtlebot3_world/model.config
[0.139s] -- Up-to-date: /home/ubuntu/GAZEBO_SIM/ssafy_ws/install/turtlebot3_gazebo/share/turtlebot3_gazebo//models/turtlebot3_world/meshes
[0.139s] -- Up-to-date: /home/ubuntu/GAZEBO_SIM/ssafy_ws/install/turtlebot3_gazebo/share/turtlebot3_gazebo//models/turtlebot3_world/meshes/hexagon.dae
[0.139s] -- Up-to-date: /home/ubuntu/GAZEBO_SIM/ssafy_ws/install/turtlebot3_gazebo/share/turtlebot3_gazebo//models/turtlebot3_world/meshes/wall.dae
[0.139s] -- Up-to-date: /home/ubuntu/GAZEBO_SIM/ssafy_ws/install/turtlebot3_gazebo/share/turtlebot3_gazebo//models/turtlebot3_world/model.sdf
[0.140s] -- Up-to-date: /home/ubuntu/GAZEBO_SIM/ssafy_ws/install/turtlebot3_gazebo/share/turtlebot3_gazebo//models/turtlebot3_room
[0.140s] -- Up-to-date: /home/ubuntu/GAZEBO_SIM/ssafy_ws/install/turtlebot3_gazebo/share/turtlebot3_gazebo//models/turtlebot3_room/troom.blend1
[0.140s] -- Up-to-date: /home/ubuntu/GAZEBO_SIM/ssafy_ws/install/turtlebot3_gazebo/share/turtlebot3_gazebo//models/turtlebot3_room/model.config
[0.140s] -- Up-to-date: /home/ubuntu/GAZEBO_SIM/ssafy_ws/install/turtlebot3_gazebo/share/turtlebot3_gazebo//models/turtlebot3_room/troom.blend
[0.140s] -- Up-to-date: /home/ubuntu/GAZEBO_SIM/ssafy_ws/install/turtlebot3_gazebo/share/turtlebot3_gazebo//models/turtlebot3_room/meshes
[0.140s] -- Up-to-date: /home/ubuntu/GAZEBO_SIM/ssafy_ws/install/turtlebot3_gazebo/share/turtlebot3_gazebo//models/turtlebot3_room/meshes/hexagon.dae
[0.140s] -- Up-to-date: /home/ubuntu/GAZEBO_SIM/ssafy_ws/install/turtlebot3_gazebo/share/turtlebot3_gazebo//models/turtlebot3_room/meshes/turtleroom.dae
[0.140s] -- Up-to-date: /home/ubuntu/GAZEBO_SIM/ssafy_ws/install/turtlebot3_gazebo/share/turtlebot3_gazebo//models/turtlebot3_room/meshes/wall.dae
[0.140s] -- Up-to-date: /home/ubuntu/GAZEBO_SIM/ssafy_ws/install/turtlebot3_gazebo/share/turtlebot3_gazebo//models/turtlebot3_room/model.sdf
[0.140s] -- Up-to-date: /home/ubuntu/GAZEBO_SIM/ssafy_ws/install/turtlebot3_gazebo/share/turtlebot3_gazebo//models/turtlebot3_burger_velodyne
[0.141s] -- Up-to-date: /home/ubuntu/GAZEBO_SIM/ssafy_ws/install/turtlebot3_gazebo/share/turtlebot3_gazebo//models/turtlebot3_burger_velodyne/model.config
[0.141s] -- Up-to-date: /home/ubuntu/GAZEBO_SIM/ssafy_ws/install/turtlebot3_gazebo/share/turtlebot3_gazebo//models/turtlebot3_burger_velodyne/meshes_dae
[0.141s] -- Up-to-date: /home/ubuntu/GAZEBO_SIM/ssafy_ws/install/turtlebot3_gazebo/share/turtlebot3_gazebo//models/turtlebot3_burger_velodyne/meshes_dae/left_tire.dae
[0.141s] -- Up-to-date: /home/ubuntu/GAZEBO_SIM/ssafy_ws/install/turtlebot3_gazebo/share/turtlebot3_gazebo//models/turtlebot3_burger_velodyne/meshes_dae/burger_base.dae
[0.141s] -- Up-to-date: /home/ubuntu/GAZEBO_SIM/ssafy_ws/install/turtlebot3_gazebo/share/turtlebot3_gazebo//models/turtlebot3_burger_velodyne/meshes_dae/lds.dae
[0.141s] -- Up-to-date: /home/ubuntu/GAZEBO_SIM/ssafy_ws/install/turtlebot3_gazebo/share/turtlebot3_gazebo//models/turtlebot3_burger_velodyne/meshes_dae/right_tire.dae
[0.141s] -- Up-to-date: /home/ubuntu/GAZEBO_SIM/ssafy_ws/install/turtlebot3_gazebo/share/turtlebot3_gazebo//models/turtlebot3_burger_velodyne/meshes
[0.141s] -- Up-to-date: /home/ubuntu/GAZEBO_SIM/ssafy_ws/install/turtlebot3_gazebo/share/turtlebot3_gazebo//models/turtlebot3_burger_velodyne/meshes/lds.stl
[0.141s] -- Up-to-date: /home/ubuntu/GAZEBO_SIM/ssafy_ws/install/turtlebot3_gazebo/share/turtlebot3_gazebo//models/turtlebot3_burger_velodyne/meshes/left_tire.stl
[0.142s] -- Up-to-date: /home/ubuntu/GAZEBO_SIM/ssafy_ws/install/turtlebot3_gazebo/share/turtlebot3_gazebo//models/turtlebot3_burger_velodyne/meshes/right_tire.stl
[0.142s] -- Up-to-date: /home/ubuntu/GAZEBO_SIM/ssafy_ws/install/turtlebot3_gazebo/share/turtlebot3_gazebo//models/turtlebot3_burger_velodyne/meshes/burger_base.stl
[0.142s] -- Up-to-date: /home/ubuntu/GAZEBO_SIM/ssafy_ws/install/turtlebot3_gazebo/share/turtlebot3_gazebo//models/turtlebot3_burger_velodyne/model.sdf
[0.142s] -- Up-to-date: /home/ubuntu/GAZEBO_SIM/ssafy_ws/install/turtlebot3_gazebo/share/turtlebot3_gazebo//rviz
[0.142s] -- Up-to-date: /home/ubuntu/GAZEBO_SIM/ssafy_ws/install/turtlebot3_gazebo/share/turtlebot3_gazebo//rviz/tb3_gazebo.rviz
[0.142s] -- Up-to-date: /home/ubuntu/GAZEBO_SIM/ssafy_ws/install/turtlebot3_gazebo/share/turtlebot3_gazebo//worlds
[0.142s] -- Up-to-date: /home/ubuntu/GAZEBO_SIM/ssafy_ws/install/turtlebot3_gazebo/share/turtlebot3_gazebo//worlds/empty_worlds
[0.142s] -- Up-to-date: /home/ubuntu/GAZEBO_SIM/ssafy_ws/install/turtlebot3_gazebo/share/turtlebot3_gazebo//worlds/empty_worlds/waffle_pi.model
[0.142s] -- Up-to-date: /home/ubuntu/GAZEBO_SIM/ssafy_ws/install/turtlebot3_gazebo/share/turtlebot3_gazebo//worlds/empty_worlds/burger.model
[0.143s] -- Up-to-date: /home/ubuntu/GAZEBO_SIM/ssafy_ws/install/turtlebot3_gazebo/share/turtlebot3_gazebo//worlds/empty_worlds/waffle.model
[0.143s] -- Up-to-date: /home/ubuntu/GAZEBO_SIM/ssafy_ws/install/turtlebot3_gazebo/share/turtlebot3_gazebo//worlds/turtlebot3_velodyne_robots.world
[0.143s] -- Up-to-date: /home/ubuntu/GAZEBO_SIM/ssafy_ws/install/turtlebot3_gazebo/share/turtlebot3_gazebo//worlds/turtlebot3_tc_robots.world
[0.143s] -- Up-to-date: /home/ubuntu/GAZEBO_SIM/ssafy_ws/install/turtlebot3_gazebo/share/turtlebot3_gazebo//worlds/turtlebot3_dqn_stage1
[0.143s] -- Up-to-date: /home/ubuntu/GAZEBO_SIM/ssafy_ws/install/turtlebot3_gazebo/share/turtlebot3_gazebo//worlds/turtlebot3_dqn_stage1/waffle_pi.model
[0.143s] -- Up-to-date: /home/ubuntu/GAZEBO_SIM/ssafy_ws/install/turtlebot3_gazebo/share/turtlebot3_gazebo//worlds/turtlebot3_dqn_stage1/burger.model
[0.143s] -- Up-to-date: /home/ubuntu/GAZEBO_SIM/ssafy_ws/install/turtlebot3_gazebo/share/turtlebot3_gazebo//worlds/turtlebot3_dqn_stage1/waffle.model
[0.143s] -- Up-to-date: /home/ubuntu/GAZEBO_SIM/ssafy_ws/install/turtlebot3_gazebo/share/turtlebot3_gazebo//worlds/turtlebot3_houses
[0.143s] -- Up-to-date: /home/ubuntu/GAZEBO_SIM/ssafy_ws/install/turtlebot3_gazebo/share/turtlebot3_gazebo//worlds/turtlebot3_houses/waffle_pi.model
[0.143s] -- Up-to-date: /home/ubuntu/GAZEBO_SIM/ssafy_ws/install/turtlebot3_gazebo/share/turtlebot3_gazebo//worlds/turtlebot3_houses/burger.model
[0.144s] -- Up-to-date: /home/ubuntu/GAZEBO_SIM/ssafy_ws/install/turtlebot3_gazebo/share/turtlebot3_gazebo//worlds/turtlebot3_houses/waffle.model
[0.144s] -- Up-to-date: /home/ubuntu/GAZEBO_SIM/ssafy_ws/install/turtlebot3_gazebo/share/turtlebot3_gazebo//worlds/turtlebot3_worlds
[0.144s] -- Up-to-date: /home/ubuntu/GAZEBO_SIM/ssafy_ws/install/turtlebot3_gazebo/share/turtlebot3_gazebo//worlds/turtlebot3_worlds/waffle_pi.model
[0.144s] -- Up-to-date: /home/ubuntu/GAZEBO_SIM/ssafy_ws/install/turtlebot3_gazebo/share/turtlebot3_gazebo//worlds/turtlebot3_worlds/burger.model
[0.144s] -- Up-to-date: /home/ubuntu/GAZEBO_SIM/ssafy_ws/install/turtlebot3_gazebo/share/turtlebot3_gazebo//worlds/turtlebot3_worlds/waffle.model
[0.144s] -- Up-to-date: /home/ubuntu/GAZEBO_SIM/ssafy_ws/install/turtlebot3_gazebo/share/turtlebot3_gazebo//worlds/turtlebot3_autoraces
[0.144s] -- Up-to-date: /home/ubuntu/GAZEBO_SIM/ssafy_ws/install/turtlebot3_gazebo/share/turtlebot3_gazebo//worlds/turtlebot3_autoraces/waffle_pi.model
[0.144s] -- Up-to-date: /home/ubuntu/GAZEBO_SIM/ssafy_ws/install/turtlebot3_gazebo/share/turtlebot3_gazebo//worlds/turtlebot3_autoraces/burger.model
[0.144s] -- Up-to-date: /home/ubuntu/GAZEBO_SIM/ssafy_ws/install/turtlebot3_gazebo/share/turtlebot3_gazebo//worlds/turtlebot3_autoraces/waffle.model
[0.145s] -- Up-to-date: /home/ubuntu/GAZEBO_SIM/ssafy_ws/install/turtlebot3_gazebo/share/turtlebot3_gazebo//worlds/turtlebot3_dqn_stage3
[0.145s] -- Up-to-date: /home/ubuntu/GAZEBO_SIM/ssafy_ws/install/turtlebot3_gazebo/share/turtlebot3_gazebo//worlds/turtlebot3_dqn_stage3/waffle_pi.model
[0.145s] -- Up-to-date: /home/ubuntu/GAZEBO_SIM/ssafy_ws/install/turtlebot3_gazebo/share/turtlebot3_gazebo//worlds/turtlebot3_dqn_stage3/burger.model
[0.145s] -- Up-to-date: /home/ubuntu/GAZEBO_SIM/ssafy_ws/install/turtlebot3_gazebo/share/turtlebot3_gazebo//worlds/turtlebot3_dqn_stage3/waffle.model
[0.145s] -- Up-to-date: /home/ubuntu/GAZEBO_SIM/ssafy_ws/install/turtlebot3_gazebo/share/turtlebot3_gazebo//worlds/turtlebot3_tc_two_robots_velodyne.world
[0.145s] -- Up-to-date: /home/ubuntu/GAZEBO_SIM/ssafy_ws/install/turtlebot3_gazebo/share/turtlebot3_gazebo//worlds/turtlebot3_tc_two_robots.world
[0.145s] -- Up-to-date: /home/ubuntu/GAZEBO_SIM/ssafy_ws/install/turtlebot3_gazebo/share/turtlebot3_gazebo//worlds/example.world
[0.145s] -- Up-to-date: /home/ubuntu/GAZEBO_SIM/ssafy_ws/install/turtlebot3_gazebo/share/turtlebot3_gazebo//worlds/turtlebot3_dqn_stage4
[0.145s] -- Up-to-date: /home/ubuntu/GAZEBO_SIM/ssafy_ws/install/turtlebot3_gazebo/share/turtlebot3_gazebo//worlds/turtlebot3_dqn_stage4/waffle_pi.model
[0.146s] -- Up-to-date: /home/ubuntu/GAZEBO_SIM/ssafy_ws/install/turtlebot3_gazebo/share/turtlebot3_gazebo//worlds/turtlebot3_dqn_stage4/burger.model
[0.146s] -- Up-to-date: /home/ubuntu/GAZEBO_SIM/ssafy_ws/install/turtlebot3_gazebo/share/turtlebot3_gazebo//worlds/turtlebot3_dqn_stage4/waffle.model
[0.146s] -- Up-to-date: /home/ubuntu/GAZEBO_SIM/ssafy_ws/install/turtlebot3_gazebo/share/turtlebot3_gazebo//worlds/turtlebot3_dqn_stage2
[0.146s] -- Up-to-date: /home/ubuntu/GAZEBO_SIM/ssafy_ws/install/turtlebot3_gazebo/share/turtlebot3_gazebo//worlds/turtlebot3_dqn_stage2/waffle_pi.model
[0.146s] -- Up-to-date: /home/ubuntu/GAZEBO_SIM/ssafy_ws/install/turtlebot3_gazebo/share/turtlebot3_gazebo//worlds/turtlebot3_dqn_stage2/burger.model
[0.146s] -- Up-to-date: /home/ubuntu/GAZEBO_SIM/ssafy_ws/install/turtlebot3_gazebo/share/turtlebot3_gazebo//worlds/turtlebot3_dqn_stage2/waffle.model
[0.146s] -- Up-to-date: /home/ubuntu/GAZEBO_SIM/ssafy_ws/install/turtlebot3_gazebo/share/turtlebot3_gazebo//urdf
[0.146s] -- Up-to-date: /home/ubuntu/GAZEBO_SIM/ssafy_ws/install/turtlebot3_gazebo/share/turtlebot3_gazebo//urdf/turtlebot3_burger.urdf
[0.146s] -- Up-to-date: /home/ubuntu/GAZEBO_SIM/ssafy_ws/install/turtlebot3_gazebo/share/turtlebot3_gazebo//urdf/turtlebot3_velodyne_burger.urdf
[0.146s] -- Up-to-date: /home/ubuntu/GAZEBO_SIM/ssafy_ws/install/turtlebot3_gazebo/include/
[0.147s] -- Up-to-date: /home/ubuntu/GAZEBO_SIM/ssafy_ws/install/turtlebot3_gazebo/include//turtlebot3_gazebo
[0.147s] -- Up-to-date: /home/ubuntu/GAZEBO_SIM/ssafy_ws/install/turtlebot3_gazebo/include//turtlebot3_gazebo/turtlebot3_drive.hpp
[0.147s] -- Up-to-date: /home/ubuntu/GAZEBO_SIM/ssafy_ws/install/turtlebot3_gazebo/share/ament_index/resource_index/package_run_dependencies/turtlebot3_gazebo
[0.147s] -- Up-to-date: /home/ubuntu/GAZEBO_SIM/ssafy_ws/install/turtlebot3_gazebo/share/ament_index/resource_index/parent_prefix_path/turtlebot3_gazebo
[0.147s] -- Up-to-date: /home/ubuntu/GAZEBO_SIM/ssafy_ws/install/turtlebot3_gazebo/share/turtlebot3_gazebo/environment/ament_prefix_path.sh
[0.147s] -- Up-to-date: /home/ubuntu/GAZEBO_SIM/ssafy_ws/install/turtlebot3_gazebo/share/turtlebot3_gazebo/environment/ament_prefix_path.dsv
[0.147s] -- Up-to-date: /home/ubuntu/GAZEBO_SIM/ssafy_ws/install/turtlebot3_gazebo/share/turtlebot3_gazebo/environment/path.sh
[0.147s] -- Up-to-date: /home/ubuntu/GAZEBO_SIM/ssafy_ws/install/turtlebot3_gazebo/share/turtlebot3_gazebo/environment/path.dsv
[0.147s] -- Up-to-date: /home/ubuntu/GAZEBO_SIM/ssafy_ws/install/turtlebot3_gazebo/share/turtlebot3_gazebo/local_setup.bash
[0.147s] -- Up-to-date: /home/ubuntu/GAZEBO_SIM/ssafy_ws/install/turtlebot3_gazebo/share/turtlebot3_gazebo/local_setup.sh
[0.147s] -- Up-to-date: /home/ubuntu/GAZEBO_SIM/ssafy_ws/install/turtlebot3_gazebo/share/turtlebot3_gazebo/local_setup.zsh
[0.148s] -- Up-to-date: /home/ubuntu/GAZEBO_SIM/ssafy_ws/install/turtlebot3_gazebo/share/turtlebot3_gazebo/local_setup.dsv
[0.148s] -- Installing: /home/ubuntu/GAZEBO_SIM/ssafy_ws/install/turtlebot3_gazebo/share/turtlebot3_gazebo/package.dsv
[0.148s] -- Up-to-date: /home/ubuntu/GAZEBO_SIM/ssafy_ws/install/turtlebot3_gazebo/share/ament_index/resource_index/packages/turtlebot3_gazebo
[0.148s] -- Up-to-date: /home/ubuntu/GAZEBO_SIM/ssafy_ws/install/turtlebot3_gazebo/share/turtlebot3_gazebo/cmake/ament_cmake_export_include_directories-extras.cmake
[0.148s] -- Up-to-date: /home/ubuntu/GAZEBO_SIM/ssafy_ws/install/turtlebot3_gazebo/share/turtlebot3_gazebo/cmake/ament_cmake_export_dependencies-extras.cmake
[0.148s] -- Up-to-date: /home/ubuntu/GAZEBO_SIM/ssafy_ws/install/turtlebot3_gazebo/share/turtlebot3_gazebo/cmake/turtlebot3_gazeboConfig.cmake
[0.148s] -- Up-to-date: /home/ubuntu/GAZEBO_SIM/ssafy_ws/install/turtlebot3_gazebo/share/turtlebot3_gazebo/cmake/turtlebot3_gazeboConfig-version.cmake
[0.148s] -- Up-to-date: /home/ubuntu/GAZEBO_SIM/ssafy_ws/install/turtlebot3_gazebo/share/turtlebot3_gazebo/package.xml
[0.148s] Invoked command in '/home/ubuntu/GAZEBO_SIM/ssafy_ws/build/turtlebot3_gazebo' returned '0': CMAKE_PREFIX_PATH=/home/ubuntu/GAZEBO_SIM/ssafy_ws/install/velodyne_description:/home/ubuntu/GAZEBO_SIM/ssafy_ws/install/turtlebot3_description:/home/ubuntu/GAZEBO_SIM/ssafy_ws/install/velodyne_simulator:/home/ubuntu/GAZEBO_SIM/ssafy_ws/install/velodyne_gazebo_plugins:/home/ubuntu/GAZEBO_SIM/ssafy_ws/install/turtlebot3_simulations:/home/ubuntu/GAZEBO_SIM/ssafy_ws/install/turtlebot3_gazebo:/home/ubuntu/GAZEBO_SIM/ssafy_ws/install/teleop_twist_keyboard:/opt/ros/humble /usr/bin/cmake --install /home/ubuntu/GAZEBO_SIM/ssafy_ws/build/turtlebot3_gazebo
