[0.036s] Invoking command in '/home/ubuntu/S12P11C101/SIMULATE/GAZEBO_SIM/ssafy_ws/build/robot_custom_interfaces': CMAKE_PREFIX_PATH=${CMAKE_PREFIX_PATH}:/home/ubuntu/S12P11C101/SIMULATE/GAZEBO_SIM/ssafy_ws/install/teleop_twist_keyboard:/opt/ros/humble /usr/bin/cmake --build /home/ubuntu/S12P11C101/SIMULATE/GAZEBO_SIM/ssafy_ws/build/robot_custom_interfaces -- -j12 -l12
[0.111s] [  3%] Built target robot_custom_interfaces__cpp
[0.112s] [ 12%] Built target robot_custom_interfaces__rosidl_generator_c
[0.143s] [ 12%] Built target ament_cmake_python_copy_robot_custom_interfaces
[0.169s] [ 22%] Built target robot_custom_interfaces__rosidl_typesupport_fastrtps_cpp
[0.190s] [ 32%] Built target robot_custom_interfaces__rosidl_typesupport_introspection_cpp
[0.194s] [ 41%] Built target robot_custom_interfaces__rosidl_typesupport_cpp
[0.221s] [ 51%] Built target robot_custom_interfaces__rosidl_typesupport_fastrtps_c
[0.223s] [ 61%] Built target robot_custom_interfaces__rosidl_typesupport_c
[0.227s] [ 70%] Built target robot_custom_interfaces__rosidl_typesupport_introspection_c
[0.269s] [ 70%] Built target robot_custom_interfaces
[0.296s] [ 74%] Built target robot_custom_interfaces__py
[0.325s] [ 80%] Built target robot_custom_interfaces__rosidl_generator_py
[0.385s] [ 87%] Built target robot_custom_interfaces__rosidl_typesupport_introspection_c__pyext
[0.395s] [ 93%] Built target robot_custom_interfaces__rosidl_typesupport_c__pyext
[0.395s] [100%] Built target robot_custom_interfaces__rosidl_typesupport_fastrtps_c__pyext
[0.603s] running egg_info
[0.603s] writing robot_custom_interfaces.egg-info/PKG-INFO
[0.604s] writing dependency_links to robot_custom_interfaces.egg-info/dependency_links.txt
[0.609s] writing top-level names to robot_custom_interfaces.egg-info/top_level.txt
[0.609s] reading manifest file 'robot_custom_interfaces.egg-info/SOURCES.txt'
[0.609s] writing manifest file 'robot_custom_interfaces.egg-info/SOURCES.txt'
[0.647s] [100%] Built target ament_cmake_python_build_robot_custom_interfaces_egg
[0.745s] Invoked command in '/home/ubuntu/S12P11C101/SIMULATE/GAZEBO_SIM/ssafy_ws/build/robot_custom_interfaces' returned '0': CMAKE_PREFIX_PATH=${CMAKE_PREFIX_PATH}:/home/ubuntu/S12P11C101/SIMULATE/GAZEBO_SIM/ssafy_ws/install/teleop_twist_keyboard:/opt/ros/humble /usr/bin/cmake --build /home/ubuntu/S12P11C101/SIMULATE/GAZEBO_SIM/ssafy_ws/build/robot_custom_interfaces -- -j12 -l12
[0.790s] Invoking command in '/home/ubuntu/S12P11C101/SIMULATE/GAZEBO_SIM/ssafy_ws/build/robot_custom_interfaces': CMAKE_PREFIX_PATH=${CMAKE_PREFIX_PATH}:/home/ubuntu/S12P11C101/SIMULATE/GAZEBO_SIM/ssafy_ws/install/teleop_twist_keyboard:/opt/ros/humble /usr/bin/cmake --install /home/ubuntu/S12P11C101/SIMULATE/GAZEBO_SIM/ssafy_ws/build/robot_custom_interfaces
[0.847s] -- Install configuration: ""
[0.847s] -- Up-to-date: /home/ubuntu/S12P11C101/SIMULATE/GAZEBO_SIM/ssafy_ws/install/robot_custom_interfaces/share/ament_index/resource_index/rosidl_interfaces/robot_custom_interfaces
[0.847s] -- Up-to-date: /home/ubuntu/S12P11C101/SIMULATE/GAZEBO_SIM/ssafy_ws/install/robot_custom_interfaces/include/robot_custom_interfaces/robot_custom_interfaces
[0.847s] -- Up-to-date: /home/ubuntu/S12P11C101/SIMULATE/GAZEBO_SIM/ssafy_ws/install/robot_custom_interfaces/include/robot_custom_interfaces/robot_custom_interfaces/msg
[0.848s] -- Up-to-date: /home/ubuntu/S12P11C101/SIMULATE/GAZEBO_SIM/ssafy_ws/install/robot_custom_interfaces/include/robot_custom_interfaces/robot_custom_interfaces/msg/rosidl_generator_c__visibility_control.h
[0.848s] -- Up-to-date: /home/ubuntu/S12P11C101/SIMULATE/GAZEBO_SIM/ssafy_ws/install/robot_custom_interfaces/include/robot_custom_interfaces/robot_custom_interfaces/msg/detail
[0.848s] -- Up-to-date: /home/ubuntu/S12P11C101/SIMULATE/GAZEBO_SIM/ssafy_ws/install/robot_custom_interfaces/include/robot_custom_interfaces/robot_custom_interfaces/msg/detail/status__functions.c
[0.848s] -- Up-to-date: /home/ubuntu/S12P11C101/SIMULATE/GAZEBO_SIM/ssafy_ws/install/robot_custom_interfaces/include/robot_custom_interfaces/robot_custom_interfaces/msg/detail/status__type_support.h
[0.848s] -- Up-to-date: /home/ubuntu/S12P11C101/SIMULATE/GAZEBO_SIM/ssafy_ws/install/robot_custom_interfaces/include/robot_custom_interfaces/robot_custom_interfaces/msg/detail/status__struct.h
[0.848s] -- Up-to-date: /home/ubuntu/S12P11C101/SIMULATE/GAZEBO_SIM/ssafy_ws/install/robot_custom_interfaces/include/robot_custom_interfaces/robot_custom_interfaces/msg/detail/status__functions.h
[0.849s] -- Up-to-date: /home/ubuntu/S12P11C101/SIMULATE/GAZEBO_SIM/ssafy_ws/install/robot_custom_interfaces/include/robot_custom_interfaces/robot_custom_interfaces/msg/status.h
[0.849s] -- Up-to-date: /home/ubuntu/S12P11C101/SIMULATE/GAZEBO_SIM/ssafy_ws/install/robot_custom_interfaces/share/robot_custom_interfaces/environment/library_path.sh
[0.849s] -- Up-to-date: /home/ubuntu/S12P11C101/SIMULATE/GAZEBO_SIM/ssafy_ws/install/robot_custom_interfaces/share/robot_custom_interfaces/environment/library_path.dsv
[0.850s] -- Up-to-date: /home/ubuntu/S12P11C101/SIMULATE/GAZEBO_SIM/ssafy_ws/install/robot_custom_interfaces/lib/librobot_custom_interfaces__rosidl_generator_c.so
[0.851s] -- Up-to-date: /home/ubuntu/S12P11C101/SIMULATE/GAZEBO_SIM/ssafy_ws/install/robot_custom_interfaces/include/robot_custom_interfaces/robot_custom_interfaces
[0.851s] -- Up-to-date: /home/ubuntu/S12P11C101/SIMULATE/GAZEBO_SIM/ssafy_ws/install/robot_custom_interfaces/include/robot_custom_interfaces/robot_custom_interfaces/msg
[0.851s] -- Up-to-date: /home/ubuntu/S12P11C101/SIMULATE/GAZEBO_SIM/ssafy_ws/install/robot_custom_interfaces/include/robot_custom_interfaces/robot_custom_interfaces/msg/detail
[0.851s] -- Up-to-date: /home/ubuntu/S12P11C101/SIMULATE/GAZEBO_SIM/ssafy_ws/install/robot_custom_interfaces/include/robot_custom_interfaces/robot_custom_interfaces/msg/detail/status__rosidl_typesupport_fastrtps_c.h
[0.852s] -- Up-to-date: /home/ubuntu/S12P11C101/SIMULATE/GAZEBO_SIM/ssafy_ws/install/robot_custom_interfaces/include/robot_custom_interfaces/robot_custom_interfaces/msg/rosidl_typesupport_fastrtps_c__visibility_control.h
[0.853s] -- Up-to-date: /home/ubuntu/S12P11C101/SIMULATE/GAZEBO_SIM/ssafy_ws/install/robot_custom_interfaces/lib/librobot_custom_interfaces__rosidl_typesupport_fastrtps_c.so
[0.853s] -- Up-to-date: /home/ubuntu/S12P11C101/SIMULATE/GAZEBO_SIM/ssafy_ws/install/robot_custom_interfaces/include/robot_custom_interfaces/robot_custom_interfaces
[0.853s] -- Up-to-date: /home/ubuntu/S12P11C101/SIMULATE/GAZEBO_SIM/ssafy_ws/install/robot_custom_interfaces/include/robot_custom_interfaces/robot_custom_interfaces/msg
[0.853s] -- Up-to-date: /home/ubuntu/S12P11C101/SIMULATE/GAZEBO_SIM/ssafy_ws/install/robot_custom_interfaces/include/robot_custom_interfaces/robot_custom_interfaces/msg/detail
[0.853s] -- Up-to-date: /home/ubuntu/S12P11C101/SIMULATE/GAZEBO_SIM/ssafy_ws/install/robot_custom_interfaces/include/robot_custom_interfaces/robot_custom_interfaces/msg/detail/status__builder.hpp
[0.853s] -- Up-to-date: /home/ubuntu/S12P11C101/SIMULATE/GAZEBO_SIM/ssafy_ws/install/robot_custom_interfaces/include/robot_custom_interfaces/robot_custom_interfaces/msg/detail/status__traits.hpp
[0.853s] -- Up-to-date: /home/ubuntu/S12P11C101/SIMULATE/GAZEBO_SIM/ssafy_ws/install/robot_custom_interfaces/include/robot_custom_interfaces/robot_custom_interfaces/msg/detail/status__type_support.hpp
[0.853s] -- Up-to-date: /home/ubuntu/S12P11C101/SIMULATE/GAZEBO_SIM/ssafy_ws/install/robot_custom_interfaces/include/robot_custom_interfaces/robot_custom_interfaces/msg/detail/status__struct.hpp
[0.854s] -- Up-to-date: /home/ubuntu/S12P11C101/SIMULATE/GAZEBO_SIM/ssafy_ws/install/robot_custom_interfaces/include/robot_custom_interfaces/robot_custom_interfaces/msg/rosidl_generator_cpp__visibility_control.hpp
[0.854s] -- Up-to-date: /home/ubuntu/S12P11C101/SIMULATE/GAZEBO_SIM/ssafy_ws/install/robot_custom_interfaces/include/robot_custom_interfaces/robot_custom_interfaces/msg/status.hpp
[0.854s] -- Up-to-date: /home/ubuntu/S12P11C101/SIMULATE/GAZEBO_SIM/ssafy_ws/install/robot_custom_interfaces/include/robot_custom_interfaces/robot_custom_interfaces
[0.854s] -- Up-to-date: /home/ubuntu/S12P11C101/SIMULATE/GAZEBO_SIM/ssafy_ws/install/robot_custom_interfaces/include/robot_custom_interfaces/robot_custom_interfaces/msg
[0.854s] -- Up-to-date: /home/ubuntu/S12P11C101/SIMULATE/GAZEBO_SIM/ssafy_ws/install/robot_custom_interfaces/include/robot_custom_interfaces/robot_custom_interfaces/msg/detail
[0.854s] -- Up-to-date: /home/ubuntu/S12P11C101/SIMULATE/GAZEBO_SIM/ssafy_ws/install/robot_custom_interfaces/include/robot_custom_interfaces/robot_custom_interfaces/msg/detail/dds_fastrtps
[0.854s] -- Up-to-date: /home/ubuntu/S12P11C101/SIMULATE/GAZEBO_SIM/ssafy_ws/install/robot_custom_interfaces/include/robot_custom_interfaces/robot_custom_interfaces/msg/detail/status__rosidl_typesupport_fastrtps_cpp.hpp
[0.854s] -- Up-to-date: /home/ubuntu/S12P11C101/SIMULATE/GAZEBO_SIM/ssafy_ws/install/robot_custom_interfaces/include/robot_custom_interfaces/robot_custom_interfaces/msg/rosidl_typesupport_fastrtps_cpp__visibility_control.h
[0.854s] -- Up-to-date: /home/ubuntu/S12P11C101/SIMULATE/GAZEBO_SIM/ssafy_ws/install/robot_custom_interfaces/lib/librobot_custom_interfaces__rosidl_typesupport_fastrtps_cpp.so
[0.854s] -- Up-to-date: /home/ubuntu/S12P11C101/SIMULATE/GAZEBO_SIM/ssafy_ws/install/robot_custom_interfaces/include/robot_custom_interfaces/robot_custom_interfaces
[0.855s] -- Up-to-date: /home/ubuntu/S12P11C101/SIMULATE/GAZEBO_SIM/ssafy_ws/install/robot_custom_interfaces/include/robot_custom_interfaces/robot_custom_interfaces/msg
[0.855s] -- Up-to-date: /home/ubuntu/S12P11C101/SIMULATE/GAZEBO_SIM/ssafy_ws/install/robot_custom_interfaces/include/robot_custom_interfaces/robot_custom_interfaces/msg/detail
[0.855s] -- Up-to-date: /home/ubuntu/S12P11C101/SIMULATE/GAZEBO_SIM/ssafy_ws/install/robot_custom_interfaces/include/robot_custom_interfaces/robot_custom_interfaces/msg/detail/status__type_support.c
[0.855s] -- Up-to-date: /home/ubuntu/S12P11C101/SIMULATE/GAZEBO_SIM/ssafy_ws/install/robot_custom_interfaces/include/robot_custom_interfaces/robot_custom_interfaces/msg/detail/status__rosidl_typesupport_introspection_c.h
[0.855s] -- Up-to-date: /home/ubuntu/S12P11C101/SIMULATE/GAZEBO_SIM/ssafy_ws/install/robot_custom_interfaces/include/robot_custom_interfaces/robot_custom_interfaces/msg/rosidl_typesupport_introspection_c__visibility_control.h
[0.856s] -- Up-to-date: /home/ubuntu/S12P11C101/SIMULATE/GAZEBO_SIM/ssafy_ws/install/robot_custom_interfaces/lib/librobot_custom_interfaces__rosidl_typesupport_introspection_c.so
[0.856s] -- Up-to-date: /home/ubuntu/S12P11C101/SIMULATE/GAZEBO_SIM/ssafy_ws/install/robot_custom_interfaces/lib/librobot_custom_interfaces__rosidl_typesupport_c.so
[0.856s] -- Up-to-date: /home/ubuntu/S12P11C101/SIMULATE/GAZEBO_SIM/ssafy_ws/install/robot_custom_interfaces/include/robot_custom_interfaces/robot_custom_interfaces
[0.856s] -- Up-to-date: /home/ubuntu/S12P11C101/SIMULATE/GAZEBO_SIM/ssafy_ws/install/robot_custom_interfaces/include/robot_custom_interfaces/robot_custom_interfaces/msg
[0.858s] -- Up-to-date: /home/ubuntu/S12P11C101/SIMULATE/GAZEBO_SIM/ssafy_ws/install/robot_custom_interfaces/include/robot_custom_interfaces/robot_custom_interfaces/msg/detail
[0.858s] -- Up-to-date: /home/ubuntu/S12P11C101/SIMULATE/GAZEBO_SIM/ssafy_ws/install/robot_custom_interfaces/include/robot_custom_interfaces/robot_custom_interfaces/msg/detail/status__rosidl_typesupport_introspection_cpp.hpp
[0.858s] -- Up-to-date: /home/ubuntu/S12P11C101/SIMULATE/GAZEBO_SIM/ssafy_ws/install/robot_custom_interfaces/include/robot_custom_interfaces/robot_custom_interfaces/msg/detail/status__type_support.cpp
[0.858s] -- Up-to-date: /home/ubuntu/S12P11C101/SIMULATE/GAZEBO_SIM/ssafy_ws/install/robot_custom_interfaces/lib/librobot_custom_interfaces__rosidl_typesupport_introspection_cpp.so
[0.861s] -- Up-to-date: /home/ubuntu/S12P11C101/SIMULATE/GAZEBO_SIM/ssafy_ws/install/robot_custom_interfaces/lib/librobot_custom_interfaces__rosidl_typesupport_cpp.so
[0.861s] -- Up-to-date: /home/ubuntu/S12P11C101/SIMULATE/GAZEBO_SIM/ssafy_ws/install/robot_custom_interfaces/share/robot_custom_interfaces/environment/pythonpath.sh
[0.861s] -- Up-to-date: /home/ubuntu/S12P11C101/SIMULATE/GAZEBO_SIM/ssafy_ws/install/robot_custom_interfaces/share/robot_custom_interfaces/environment/pythonpath.dsv
[0.862s] -- Up-to-date: /home/ubuntu/S12P11C101/SIMULATE/GAZEBO_SIM/ssafy_ws/install/robot_custom_interfaces/local/lib/python3.10/dist-packages/robot_custom_interfaces-0.0.0-py3.10.egg-info
[0.862s] -- Installing: /home/ubuntu/S12P11C101/SIMULATE/GAZEBO_SIM/ssafy_ws/install/robot_custom_interfaces/local/lib/python3.10/dist-packages/robot_custom_interfaces-0.0.0-py3.10.egg-info/dependency_links.txt
[0.864s] -- Installing: /home/ubuntu/S12P11C101/SIMULATE/GAZEBO_SIM/ssafy_ws/install/robot_custom_interfaces/local/lib/python3.10/dist-packages/robot_custom_interfaces-0.0.0-py3.10.egg-info/PKG-INFO
[0.864s] -- Installing: /home/ubuntu/S12P11C101/SIMULATE/GAZEBO_SIM/ssafy_ws/install/robot_custom_interfaces/local/lib/python3.10/dist-packages/robot_custom_interfaces-0.0.0-py3.10.egg-info/SOURCES.txt
[0.864s] -- Installing: /home/ubuntu/S12P11C101/SIMULATE/GAZEBO_SIM/ssafy_ws/install/robot_custom_interfaces/local/lib/python3.10/dist-packages/robot_custom_interfaces-0.0.0-py3.10.egg-info/top_level.txt
[0.865s] -- Up-to-date: /home/ubuntu/S12P11C101/SIMULATE/GAZEBO_SIM/ssafy_ws/install/robot_custom_interfaces/local/lib/python3.10/dist-packages/robot_custom_interfaces
[0.865s] -- Up-to-date: /home/ubuntu/S12P11C101/SIMULATE/GAZEBO_SIM/ssafy_ws/install/robot_custom_interfaces/local/lib/python3.10/dist-packages/robot_custom_interfaces/_robot_custom_interfaces_s.ep.rosidl_typesupport_introspection_c.c
[0.865s] -- Up-to-date: /home/ubuntu/S12P11C101/SIMULATE/GAZEBO_SIM/ssafy_ws/install/robot_custom_interfaces/local/lib/python3.10/dist-packages/robot_custom_interfaces/robot_custom_interfaces_s__rosidl_typesupport_fastrtps_c.cpython-310-x86_64-linux-gnu.so
[0.865s] -- Up-to-date: /home/ubuntu/S12P11C101/SIMULATE/GAZEBO_SIM/ssafy_ws/install/robot_custom_interfaces/local/lib/python3.10/dist-packages/robot_custom_interfaces/_robot_custom_interfaces_s.ep.rosidl_typesupport_fastrtps_c.c
[0.866s] -- Up-to-date: /home/ubuntu/S12P11C101/SIMULATE/GAZEBO_SIM/ssafy_ws/install/robot_custom_interfaces/local/lib/python3.10/dist-packages/robot_custom_interfaces/msg
[0.866s] -- Up-to-date: /home/ubuntu/S12P11C101/SIMULATE/GAZEBO_SIM/ssafy_ws/install/robot_custom_interfaces/local/lib/python3.10/dist-packages/robot_custom_interfaces/msg/_status.py
[0.866s] -- Up-to-date: /home/ubuntu/S12P11C101/SIMULATE/GAZEBO_SIM/ssafy_ws/install/robot_custom_interfaces/local/lib/python3.10/dist-packages/robot_custom_interfaces/msg/__init__.py
[0.866s] -- Up-to-date: /home/ubuntu/S12P11C101/SIMULATE/GAZEBO_SIM/ssafy_ws/install/robot_custom_interfaces/local/lib/python3.10/dist-packages/robot_custom_interfaces/msg/_status_s.c
[0.866s] -- Up-to-date: /home/ubuntu/S12P11C101/SIMULATE/GAZEBO_SIM/ssafy_ws/install/robot_custom_interfaces/local/lib/python3.10/dist-packages/robot_custom_interfaces/__init__.py
[0.866s] -- Up-to-date: /home/ubuntu/S12P11C101/SIMULATE/GAZEBO_SIM/ssafy_ws/install/robot_custom_interfaces/local/lib/python3.10/dist-packages/robot_custom_interfaces/robot_custom_interfaces_s__rosidl_typesupport_introspection_c.cpython-310-x86_64-linux-gnu.so
[0.866s] -- Up-to-date: /home/ubuntu/S12P11C101/SIMULATE/GAZEBO_SIM/ssafy_ws/install/robot_custom_interfaces/local/lib/python3.10/dist-packages/robot_custom_interfaces/librobot_custom_interfaces__rosidl_generator_py.so
[0.866s] -- Up-to-date: /home/ubuntu/S12P11C101/SIMULATE/GAZEBO_SIM/ssafy_ws/install/robot_custom_interfaces/local/lib/python3.10/dist-packages/robot_custom_interfaces/_robot_custom_interfaces_s.ep.rosidl_typesupport_c.c
[0.866s] -- Up-to-date: /home/ubuntu/S12P11C101/SIMULATE/GAZEBO_SIM/ssafy_ws/install/robot_custom_interfaces/local/lib/python3.10/dist-packages/robot_custom_interfaces/robot_custom_interfaces_s__rosidl_typesupport_c.cpython-310-x86_64-linux-gnu.so
[0.880s] Listing '/home/ubuntu/S12P11C101/SIMULATE/GAZEBO_SIM/ssafy_ws/install/robot_custom_interfaces/local/lib/python3.10/dist-packages/robot_custom_interfaces'...
[0.881s] Listing '/home/ubuntu/S12P11C101/SIMULATE/GAZEBO_SIM/ssafy_ws/install/robot_custom_interfaces/local/lib/python3.10/dist-packages/robot_custom_interfaces/msg'...
[0.883s] -- Up-to-date: /home/ubuntu/S12P11C101/SIMULATE/GAZEBO_SIM/ssafy_ws/install/robot_custom_interfaces/local/lib/python3.10/dist-packages/robot_custom_interfaces/robot_custom_interfaces_s__rosidl_typesupport_fastrtps_c.cpython-310-x86_64-linux-gnu.so
[0.883s] -- Up-to-date: /home/ubuntu/S12P11C101/SIMULATE/GAZEBO_SIM/ssafy_ws/install/robot_custom_interfaces/local/lib/python3.10/dist-packages/robot_custom_interfaces/robot_custom_interfaces_s__rosidl_typesupport_introspection_c.cpython-310-x86_64-linux-gnu.so
[0.883s] -- Up-to-date: /home/ubuntu/S12P11C101/SIMULATE/GAZEBO_SIM/ssafy_ws/install/robot_custom_interfaces/local/lib/python3.10/dist-packages/robot_custom_interfaces/robot_custom_interfaces_s__rosidl_typesupport_c.cpython-310-x86_64-linux-gnu.so
[0.883s] -- Up-to-date: /home/ubuntu/S12P11C101/SIMULATE/GAZEBO_SIM/ssafy_ws/install/robot_custom_interfaces/lib/librobot_custom_interfaces__rosidl_generator_py.so
[0.883s] -- Up-to-date: /home/ubuntu/S12P11C101/SIMULATE/GAZEBO_SIM/ssafy_ws/install/robot_custom_interfaces/share/robot_custom_interfaces/msg/Status.idl
[0.883s] -- Up-to-date: /home/ubuntu/S12P11C101/SIMULATE/GAZEBO_SIM/ssafy_ws/install/robot_custom_interfaces/share/robot_custom_interfaces/msg/Status.msg
[0.883s] -- Up-to-date: /home/ubuntu/S12P11C101/SIMULATE/GAZEBO_SIM/ssafy_ws/install/robot_custom_interfaces/share/ament_index/resource_index/package_run_dependencies/robot_custom_interfaces
[0.883s] -- Up-to-date: /home/ubuntu/S12P11C101/SIMULATE/GAZEBO_SIM/ssafy_ws/install/robot_custom_interfaces/share/ament_index/resource_index/parent_prefix_path/robot_custom_interfaces
[0.883s] -- Up-to-date: /home/ubuntu/S12P11C101/SIMULATE/GAZEBO_SIM/ssafy_ws/install/robot_custom_interfaces/share/robot_custom_interfaces/environment/ament_prefix_path.sh
[0.884s] -- Up-to-date: /home/ubuntu/S12P11C101/SIMULATE/GAZEBO_SIM/ssafy_ws/install/robot_custom_interfaces/share/robot_custom_interfaces/environment/ament_prefix_path.dsv
[0.884s] -- Up-to-date: /home/ubuntu/S12P11C101/SIMULATE/GAZEBO_SIM/ssafy_ws/install/robot_custom_interfaces/share/robot_custom_interfaces/environment/path.sh
[0.884s] -- Up-to-date: /home/ubuntu/S12P11C101/SIMULATE/GAZEBO_SIM/ssafy_ws/install/robot_custom_interfaces/share/robot_custom_interfaces/environment/path.dsv
[0.884s] -- Up-to-date: /home/ubuntu/S12P11C101/SIMULATE/GAZEBO_SIM/ssafy_ws/install/robot_custom_interfaces/share/robot_custom_interfaces/local_setup.bash
[0.885s] -- Up-to-date: /home/ubuntu/S12P11C101/SIMULATE/GAZEBO_SIM/ssafy_ws/install/robot_custom_interfaces/share/robot_custom_interfaces/local_setup.sh
[0.885s] -- Up-to-date: /home/ubuntu/S12P11C101/SIMULATE/GAZEBO_SIM/ssafy_ws/install/robot_custom_interfaces/share/robot_custom_interfaces/local_setup.zsh
[0.886s] -- Up-to-date: /home/ubuntu/S12P11C101/SIMULATE/GAZEBO_SIM/ssafy_ws/install/robot_custom_interfaces/share/robot_custom_interfaces/local_setup.dsv
[0.886s] -- Installing: /home/ubuntu/S12P11C101/SIMULATE/GAZEBO_SIM/ssafy_ws/install/robot_custom_interfaces/share/robot_custom_interfaces/package.dsv
[0.886s] -- Up-to-date: /home/ubuntu/S12P11C101/SIMULATE/GAZEBO_SIM/ssafy_ws/install/robot_custom_interfaces/share/ament_index/resource_index/packages/robot_custom_interfaces
[0.886s] -- Up-to-date: /home/ubuntu/S12P11C101/SIMULATE/GAZEBO_SIM/ssafy_ws/install/robot_custom_interfaces/share/robot_custom_interfaces/cmake/export_robot_custom_interfaces__rosidl_generator_cExport.cmake
[0.886s] -- Up-to-date: /home/ubuntu/S12P11C101/SIMULATE/GAZEBO_SIM/ssafy_ws/install/robot_custom_interfaces/share/robot_custom_interfaces/cmake/export_robot_custom_interfaces__rosidl_generator_cExport-noconfig.cmake
[0.886s] -- Up-to-date: /home/ubuntu/S12P11C101/SIMULATE/GAZEBO_SIM/ssafy_ws/install/robot_custom_interfaces/share/robot_custom_interfaces/cmake/export_robot_custom_interfaces__rosidl_typesupport_fastrtps_cExport.cmake
[0.886s] -- Up-to-date: /home/ubuntu/S12P11C101/SIMULATE/GAZEBO_SIM/ssafy_ws/install/robot_custom_interfaces/share/robot_custom_interfaces/cmake/export_robot_custom_interfaces__rosidl_typesupport_fastrtps_cExport-noconfig.cmake
[0.886s] -- Up-to-date: /home/ubuntu/S12P11C101/SIMULATE/GAZEBO_SIM/ssafy_ws/install/robot_custom_interfaces/share/robot_custom_interfaces/cmake/export_robot_custom_interfaces__rosidl_generator_cppExport.cmake
[0.886s] -- Up-to-date: /home/ubuntu/S12P11C101/SIMULATE/GAZEBO_SIM/ssafy_ws/install/robot_custom_interfaces/share/robot_custom_interfaces/cmake/export_robot_custom_interfaces__rosidl_typesupport_fastrtps_cppExport.cmake
[0.886s] -- Up-to-date: /home/ubuntu/S12P11C101/SIMULATE/GAZEBO_SIM/ssafy_ws/install/robot_custom_interfaces/share/robot_custom_interfaces/cmake/export_robot_custom_interfaces__rosidl_typesupport_fastrtps_cppExport-noconfig.cmake
[0.886s] -- Up-to-date: /home/ubuntu/S12P11C101/SIMULATE/GAZEBO_SIM/ssafy_ws/install/robot_custom_interfaces/share/robot_custom_interfaces/cmake/robot_custom_interfaces__rosidl_typesupport_introspection_cExport.cmake
[0.886s] -- Up-to-date: /home/ubuntu/S12P11C101/SIMULATE/GAZEBO_SIM/ssafy_ws/install/robot_custom_interfaces/share/robot_custom_interfaces/cmake/robot_custom_interfaces__rosidl_typesupport_introspection_cExport-noconfig.cmake
[0.886s] -- Up-to-date: /home/ubuntu/S12P11C101/SIMULATE/GAZEBO_SIM/ssafy_ws/install/robot_custom_interfaces/share/robot_custom_interfaces/cmake/robot_custom_interfaces__rosidl_typesupport_cExport.cmake
[0.886s] -- Up-to-date: /home/ubuntu/S12P11C101/SIMULATE/GAZEBO_SIM/ssafy_ws/install/robot_custom_interfaces/share/robot_custom_interfaces/cmake/robot_custom_interfaces__rosidl_typesupport_cExport-noconfig.cmake
[0.886s] -- Up-to-date: /home/ubuntu/S12P11C101/SIMULATE/GAZEBO_SIM/ssafy_ws/install/robot_custom_interfaces/share/robot_custom_interfaces/cmake/robot_custom_interfaces__rosidl_typesupport_introspection_cppExport.cmake
[0.886s] -- Up-to-date: /home/ubuntu/S12P11C101/SIMULATE/GAZEBO_SIM/ssafy_ws/install/robot_custom_interfaces/share/robot_custom_interfaces/cmake/robot_custom_interfaces__rosidl_typesupport_introspection_cppExport-noconfig.cmake
[0.886s] -- Up-to-date: /home/ubuntu/S12P11C101/SIMULATE/GAZEBO_SIM/ssafy_ws/install/robot_custom_interfaces/share/robot_custom_interfaces/cmake/robot_custom_interfaces__rosidl_typesupport_cppExport.cmake
[0.886s] -- Up-to-date: /home/ubuntu/S12P11C101/SIMULATE/GAZEBO_SIM/ssafy_ws/install/robot_custom_interfaces/share/robot_custom_interfaces/cmake/robot_custom_interfaces__rosidl_typesupport_cppExport-noconfig.cmake
[0.887s] -- Up-to-date: /home/ubuntu/S12P11C101/SIMULATE/GAZEBO_SIM/ssafy_ws/install/robot_custom_interfaces/share/robot_custom_interfaces/cmake/export_robot_custom_interfaces__rosidl_generator_pyExport.cmake
[0.887s] -- Up-to-date: /home/ubuntu/S12P11C101/SIMULATE/GAZEBO_SIM/ssafy_ws/install/robot_custom_interfaces/share/robot_custom_interfaces/cmake/export_robot_custom_interfaces__rosidl_generator_pyExport-noconfig.cmake
[0.887s] -- Up-to-date: /home/ubuntu/S12P11C101/SIMULATE/GAZEBO_SIM/ssafy_ws/install/robot_custom_interfaces/share/robot_custom_interfaces/cmake/rosidl_cmake-extras.cmake
[0.887s] -- Up-to-date: /home/ubuntu/S12P11C101/SIMULATE/GAZEBO_SIM/ssafy_ws/install/robot_custom_interfaces/share/robot_custom_interfaces/cmake/ament_cmake_export_dependencies-extras.cmake
[0.887s] -- Up-to-date: /home/ubuntu/S12P11C101/SIMULATE/GAZEBO_SIM/ssafy_ws/install/robot_custom_interfaces/share/robot_custom_interfaces/cmake/ament_cmake_export_include_directories-extras.cmake
[0.887s] -- Up-to-date: /home/ubuntu/S12P11C101/SIMULATE/GAZEBO_SIM/ssafy_ws/install/robot_custom_interfaces/share/robot_custom_interfaces/cmake/ament_cmake_export_libraries-extras.cmake
[0.887s] -- Up-to-date: /home/ubuntu/S12P11C101/SIMULATE/GAZEBO_SIM/ssafy_ws/install/robot_custom_interfaces/share/robot_custom_interfaces/cmake/ament_cmake_export_targets-extras.cmake
[0.887s] -- Up-to-date: /home/ubuntu/S12P11C101/SIMULATE/GAZEBO_SIM/ssafy_ws/install/robot_custom_interfaces/share/robot_custom_interfaces/cmake/rosidl_cmake_export_typesupport_targets-extras.cmake
[0.887s] -- Up-to-date: /home/ubuntu/S12P11C101/SIMULATE/GAZEBO_SIM/ssafy_ws/install/robot_custom_interfaces/share/robot_custom_interfaces/cmake/rosidl_cmake_export_typesupport_libraries-extras.cmake
[0.887s] -- Up-to-date: /home/ubuntu/S12P11C101/SIMULATE/GAZEBO_SIM/ssafy_ws/install/robot_custom_interfaces/share/robot_custom_interfaces/cmake/robot_custom_interfacesConfig.cmake
[0.887s] -- Up-to-date: /home/ubuntu/S12P11C101/SIMULATE/GAZEBO_SIM/ssafy_ws/install/robot_custom_interfaces/share/robot_custom_interfaces/cmake/robot_custom_interfacesConfig-version.cmake
[0.887s] -- Up-to-date: /home/ubuntu/S12P11C101/SIMULATE/GAZEBO_SIM/ssafy_ws/install/robot_custom_interfaces/share/robot_custom_interfaces/package.xml
[0.899s] Invoked command in '/home/ubuntu/S12P11C101/SIMULATE/GAZEBO_SIM/ssafy_ws/build/robot_custom_interfaces' returned '0': CMAKE_PREFIX_PATH=${CMAKE_PREFIX_PATH}:/home/ubuntu/S12P11C101/SIMULATE/GAZEBO_SIM/ssafy_ws/install/teleop_twist_keyboard:/opt/ros/humble /usr/bin/cmake --install /home/ubuntu/S12P11C101/SIMULATE/GAZEBO_SIM/ssafy_ws/build/robot_custom_interfaces
