[0.019s] Invoking command in '/home/ubuntu/GAZEBO_SIM/ssafy_ws/src/build/turtlebot3_description': CMAKE_PREFIX_PATH=${CMAKE_PREFIX_PATH}:/home/ubuntu/GAZEBO_SIM/ssafy_ws/src/install/teleop_twist_keyboard:/home/ubuntu/GAZEBO_SIM/ssafy_ws/install/teleop_twist_keyboard:/opt/ros/humble /usr/bin/cmake /home/ubuntu/GAZEBO_SIM/ssafy_ws/src/turtlebot3_description -DCMAKE_INSTALL_PREFIX=/home/ubuntu/GAZEBO_SIM/ssafy_ws/src/install/turtlebot3_description
[0.076s] -- The C compiler identification is GNU 11.4.0
[0.127s] -- The CXX compiler identification is GNU 11.4.0
[0.134s] -- Detecting C compiler ABI info
[0.201s] -- Detecting C compiler ABI info - done
[0.214s] -- Check for working C compiler: /usr/bin/cc - skipped
[0.214s] -- Detecting C compile features
[0.215s] -- Detecting C compile features - done
[0.219s] -- Detecting CXX compiler ABI info
[0.313s] -- Detecting CXX compiler ABI info - done
[0.325s] -- Check for working CXX compiler: /usr/bin/c++ - skipped
[0.326s] -- Detecting CXX compile features
[0.326s] -- Detecting CXX compile features - done
[0.331s] -- Found ament_cmake: 1.3.11 (/opt/ros/humble/share/ament_cmake/cmake)
[0.505s] -- Found Python3: /usr/bin/python3 (found version "3.10.12") found components: Interpreter 
[0.611s] -- Found urdf: 2.6.1 (/opt/ros/humble/share/urdf/cmake)
[0.733s] -- Configuring done
[0.737s] -- Generating done
[0.740s] -- Build files have been written to: /home/ubuntu/GAZEBO_SIM/ssafy_ws/src/build/turtlebot3_description
[0.747s] Invoked command in '/home/ubuntu/GAZEBO_SIM/ssafy_ws/src/build/turtlebot3_description' returned '0': CMAKE_PREFIX_PATH=${CMAKE_PREFIX_PATH}:/home/ubuntu/GAZEBO_SIM/ssafy_ws/src/install/teleop_twist_keyboard:/home/ubuntu/GAZEBO_SIM/ssafy_ws/install/teleop_twist_keyboard:/opt/ros/humble /usr/bin/cmake /home/ubuntu/GAZEBO_SIM/ssafy_ws/src/turtlebot3_description -DCMAKE_INSTALL_PREFIX=/home/ubuntu/GAZEBO_SIM/ssafy_ws/src/install/turtlebot3_description
[0.749s] Invoking command in '/home/ubuntu/GAZEBO_SIM/ssafy_ws/src/build/turtlebot3_description': CMAKE_PREFIX_PATH=${CMAKE_PREFIX_PATH}:/home/ubuntu/GAZEBO_SIM/ssafy_ws/src/install/teleop_twist_keyboard:/home/ubuntu/GAZEBO_SIM/ssafy_ws/install/teleop_twist_keyboard:/opt/ros/humble /usr/bin/cmake --build /home/ubuntu/GAZEBO_SIM/ssafy_ws/src/build/turtlebot3_description -- -j12 -l12
[0.780s] Invoked command in '/home/ubuntu/GAZEBO_SIM/ssafy_ws/src/build/turtlebot3_description' returned '0': CMAKE_PREFIX_PATH=${CMAKE_PREFIX_PATH}:/home/ubuntu/GAZEBO_SIM/ssafy_ws/src/install/teleop_twist_keyboard:/home/ubuntu/GAZEBO_SIM/ssafy_ws/install/teleop_twist_keyboard:/opt/ros/humble /usr/bin/cmake --build /home/ubuntu/GAZEBO_SIM/ssafy_ws/src/build/turtlebot3_description -- -j12 -l12
[0.782s] Invoking command in '/home/ubuntu/GAZEBO_SIM/ssafy_ws/src/build/turtlebot3_description': CMAKE_PREFIX_PATH=${CMAKE_PREFIX_PATH}:/home/ubuntu/GAZEBO_SIM/ssafy_ws/src/install/teleop_twist_keyboard:/home/ubuntu/GAZEBO_SIM/ssafy_ws/install/teleop_twist_keyboard:/opt/ros/humble /usr/bin/cmake --install /home/ubuntu/GAZEBO_SIM/ssafy_ws/src/build/turtlebot3_description
[0.788s] -- Install configuration: ""
[0.788s] -- Installing: /home/ubuntu/GAZEBO_SIM/ssafy_ws/src/install/turtlebot3_description/share/turtlebot3_description/meshes
[0.788s] -- Installing: /home/ubuntu/GAZEBO_SIM/ssafy_ws/src/install/turtlebot3_description/share/turtlebot3_description/meshes/VLP16_base_2.stl
[0.788s] -- Installing: /home/ubuntu/GAZEBO_SIM/ssafy_ws/src/install/turtlebot3_description/share/turtlebot3_description/meshes/bases
[0.789s] -- Installing: /home/ubuntu/GAZEBO_SIM/ssafy_ws/src/install/turtlebot3_description/share/turtlebot3_description/meshes/bases/waffle_base.stl
[0.800s] -- Installing: /home/ubuntu/GAZEBO_SIM/ssafy_ws/src/install/turtlebot3_description/share/turtlebot3_description/meshes/bases/burger_base.stl
[0.803s] -- Installing: /home/ubuntu/GAZEBO_SIM/ssafy_ws/src/install/turtlebot3_description/share/turtlebot3_description/meshes/bases/waffle_pi_base.stl
[0.808s] -- Installing: /home/ubuntu/GAZEBO_SIM/ssafy_ws/src/install/turtlebot3_description/share/turtlebot3_description/meshes/VLP16_base_1.dae
[0.808s] -- Installing: /home/ubuntu/GAZEBO_SIM/ssafy_ws/src/install/turtlebot3_description/share/turtlebot3_description/meshes/HDL32E_scan.dae
[0.808s] -- Installing: /home/ubuntu/GAZEBO_SIM/ssafy_ws/src/install/turtlebot3_description/share/turtlebot3_description/meshes/VLP16_scan.dae
[0.809s] -- Installing: /home/ubuntu/GAZEBO_SIM/ssafy_ws/src/install/turtlebot3_description/share/turtlebot3_description/meshes/HDL32E_base.stl
[0.809s] -- Installing: /home/ubuntu/GAZEBO_SIM/ssafy_ws/src/install/turtlebot3_description/share/turtlebot3_description/meshes/HDL32E_base.dae
[0.809s] -- Installing: /home/ubuntu/GAZEBO_SIM/ssafy_ws/src/install/turtlebot3_description/share/turtlebot3_description/meshes/HDL32E_scan.stl
[0.809s] -- Installing: /home/ubuntu/GAZEBO_SIM/ssafy_ws/src/install/turtlebot3_description/share/turtlebot3_description/meshes/wheels
[0.809s] -- Installing: /home/ubuntu/GAZEBO_SIM/ssafy_ws/src/install/turtlebot3_description/share/turtlebot3_description/meshes/wheels/left_tire.stl
[0.810s] -- Installing: /home/ubuntu/GAZEBO_SIM/ssafy_ws/src/install/turtlebot3_description/share/turtlebot3_description/meshes/wheels/right_tire.stl
[0.811s] -- Installing: /home/ubuntu/GAZEBO_SIM/ssafy_ws/src/install/turtlebot3_description/share/turtlebot3_description/meshes/VLP16_base_2.dae
[0.811s] -- Installing: /home/ubuntu/GAZEBO_SIM/ssafy_ws/src/install/turtlebot3_description/share/turtlebot3_description/meshes/sensors
[0.811s] -- Installing: /home/ubuntu/GAZEBO_SIM/ssafy_ws/src/install/turtlebot3_description/share/turtlebot3_description/meshes/sensors/astra.jpg
[0.811s] -- Installing: /home/ubuntu/GAZEBO_SIM/ssafy_ws/src/install/turtlebot3_description/share/turtlebot3_description/meshes/sensors/lds.stl
[0.812s] -- Installing: /home/ubuntu/GAZEBO_SIM/ssafy_ws/src/install/turtlebot3_description/share/turtlebot3_description/meshes/sensors/r200.dae
[0.812s] -- Installing: /home/ubuntu/GAZEBO_SIM/ssafy_ws/src/install/turtlebot3_description/share/turtlebot3_description/meshes/sensors/r200.jpg
[0.812s] -- Installing: /home/ubuntu/GAZEBO_SIM/ssafy_ws/src/install/turtlebot3_description/share/turtlebot3_description/meshes/sensors/astra.dae
[0.818s] -- Installing: /home/ubuntu/GAZEBO_SIM/ssafy_ws/src/install/turtlebot3_description/share/turtlebot3_description/meshes/VLP16_scan.stl
[0.818s] -- Installing: /home/ubuntu/GAZEBO_SIM/ssafy_ws/src/install/turtlebot3_description/share/turtlebot3_description/meshes/VLP16_base_1.stl
[0.818s] -- Installing: /home/ubuntu/GAZEBO_SIM/ssafy_ws/src/install/turtlebot3_description/share/turtlebot3_description/rviz
[0.819s] -- Installing: /home/ubuntu/GAZEBO_SIM/ssafy_ws/src/install/turtlebot3_description/share/turtlebot3_description/rviz/model.rviz
[0.819s] -- Installing: /home/ubuntu/GAZEBO_SIM/ssafy_ws/src/install/turtlebot3_description/share/turtlebot3_description/rviz/example.rviz
[0.819s] -- Installing: /home/ubuntu/GAZEBO_SIM/ssafy_ws/src/install/turtlebot3_description/share/turtlebot3_description/urdf
[0.819s] -- Installing: /home/ubuntu/GAZEBO_SIM/ssafy_ws/src/install/turtlebot3_description/share/turtlebot3_description/urdf/turtlebot3_burger.urdf
[0.819s] -- Installing: /home/ubuntu/GAZEBO_SIM/ssafy_ws/src/install/turtlebot3_description/share/turtlebot3_description/urdf/turtlebot3_velodyne_burger.urdf
[0.819s] -- Installing: /home/ubuntu/GAZEBO_SIM/ssafy_ws/src/install/turtlebot3_description/share/turtlebot3_description/urdf/turtlebot3_waffle.urdf
[0.819s] -- Installing: /home/ubuntu/GAZEBO_SIM/ssafy_ws/src/install/turtlebot3_description/share/turtlebot3_description/urdf/common_properties.urdf
[0.819s] -- Installing: /home/ubuntu/GAZEBO_SIM/ssafy_ws/src/install/turtlebot3_description/share/turtlebot3_description/urdf/turtlebot3_waffle_pi.urdf
[0.820s] -- Installing: /home/ubuntu/GAZEBO_SIM/ssafy_ws/src/install/turtlebot3_description/share/turtlebot3_description/urdf/example.urdf.xacro
[0.820s] -- Installing: /home/ubuntu/GAZEBO_SIM/ssafy_ws/src/install/turtlebot3_description/share/turtlebot3_description/urdf/VLP-16.urdf.xacro
[0.820s] -- Installing: /home/ubuntu/GAZEBO_SIM/ssafy_ws/src/install/turtlebot3_description/share/turtlebot3_description/urdf/HDL-32E.urdf.xacro
[0.820s] -- Installing: /home/ubuntu/GAZEBO_SIM/ssafy_ws/src/install/turtlebot3_description/share/ament_index/resource_index/package_run_dependencies/turtlebot3_description
[0.820s] -- Installing: /home/ubuntu/GAZEBO_SIM/ssafy_ws/src/install/turtlebot3_description/share/ament_index/resource_index/parent_prefix_path/turtlebot3_description
[0.820s] -- Installing: /home/ubuntu/GAZEBO_SIM/ssafy_ws/src/install/turtlebot3_description/share/turtlebot3_description/environment/ament_prefix_path.sh
[0.820s] -- Installing: /home/ubuntu/GAZEBO_SIM/ssafy_ws/src/install/turtlebot3_description/share/turtlebot3_description/environment/ament_prefix_path.dsv
[0.820s] -- Installing: /home/ubuntu/GAZEBO_SIM/ssafy_ws/src/install/turtlebot3_description/share/turtlebot3_description/environment/path.sh
[0.820s] -- Installing: /home/ubuntu/GAZEBO_SIM/ssafy_ws/src/install/turtlebot3_description/share/turtlebot3_description/environment/path.dsv
[0.821s] -- Installing: /home/ubuntu/GAZEBO_SIM/ssafy_ws/src/install/turtlebot3_description/share/turtlebot3_description/local_setup.bash
[0.821s] -- Installing: /home/ubuntu/GAZEBO_SIM/ssafy_ws/src/install/turtlebot3_description/share/turtlebot3_description/local_setup.sh
[0.821s] -- Installing: /home/ubuntu/GAZEBO_SIM/ssafy_ws/src/install/turtlebot3_description/share/turtlebot3_description/local_setup.zsh
[0.821s] -- Installing: /home/ubuntu/GAZEBO_SIM/ssafy_ws/src/install/turtlebot3_description/share/turtlebot3_description/local_setup.dsv
[0.821s] -- Installing: /home/ubuntu/GAZEBO_SIM/ssafy_ws/src/install/turtlebot3_description/share/turtlebot3_description/package.dsv
[0.821s] -- Installing: /home/ubuntu/GAZEBO_SIM/ssafy_ws/src/install/turtlebot3_description/share/ament_index/resource_index/packages/turtlebot3_description
[0.821s] -- Installing: /home/ubuntu/GAZEBO_SIM/ssafy_ws/src/install/turtlebot3_description/share/turtlebot3_description/cmake/turtlebot3_descriptionConfig.cmake
[0.821s] -- Installing: /home/ubuntu/GAZEBO_SIM/ssafy_ws/src/install/turtlebot3_description/share/turtlebot3_description/cmake/turtlebot3_descriptionConfig-version.cmake
[0.822s] -- Installing: /home/ubuntu/GAZEBO_SIM/ssafy_ws/src/install/turtlebot3_description/share/turtlebot3_description/package.xml
[0.824s] Invoked command in '/home/ubuntu/GAZEBO_SIM/ssafy_ws/src/build/turtlebot3_description' returned '0': CMAKE_PREFIX_PATH=${CMAKE_PREFIX_PATH}:/home/ubuntu/GAZEBO_SIM/ssafy_ws/src/install/teleop_twist_keyboard:/home/ubuntu/GAZEBO_SIM/ssafy_ws/install/teleop_twist_keyboard:/opt/ros/humble /usr/bin/cmake --install /home/ubuntu/GAZEBO_SIM/ssafy_ws/src/build/turtlebot3_description
