[35m[1mConsolidate compiler generated dependencies of target one_robot_stat[0m
[ 50%] Built target robot_status_pub
[ 75%] [32mBuilding CXX object CMakeFiles/one_robot_stat.dir/src/one_robot_status_pub.cpp.o[0m
[100%] [32m[1mLinking CXX executable one_robot_stat[0m
[100%] Built target one_robot_stat
-- Install configuration: ""
-- Installing: /home/ubuntu/S12P11C101/SIMULATE/GAZEBO_SIM/ssafy_ws/install/robot_status_publisher/lib/robot_status_publisher/one_robot_stat
-- Set runtime path of "/home/ubuntu/S12P11C101/SIMULATE/GAZEBO_SIM/ssafy_ws/install/robot_status_publisher/lib/robot_status_publisher/one_robot_stat" to ""
-- Up-to-date: /home/ubuntu/S12P11C101/SIMULATE/GAZEBO_SIM/ssafy_ws/install/robot_status_publisher/lib/robot_status_publisher/robot_status_pub
-- Up-to-date: /home/ubuntu/S12P11C101/SIMULATE/GAZEBO_SIM/ssafy_ws/install/robot_status_publisher/share/ament_index/resource_index/package_run_dependencies/robot_status_publisher
-- Up-to-date: /home/ubuntu/S12P11C101/SIMULATE/GAZEBO_SIM/ssafy_ws/install/robot_status_publisher/share/ament_index/resource_index/parent_prefix_path/robot_status_publisher
-- Up-to-date: /home/ubuntu/S12P11C101/SIMULATE/GAZEBO_SIM/ssafy_ws/install/robot_status_publisher/share/robot_status_publisher/environment/ament_prefix_path.sh
-- Up-to-date: /home/ubuntu/S12P11C101/SIMULATE/GAZEBO_SIM/ssafy_ws/install/robot_status_publisher/share/robot_status_publisher/environment/ament_prefix_path.dsv
-- Up-to-date: /home/ubuntu/S12P11C101/SIMULATE/GAZEBO_SIM/ssafy_ws/install/robot_status_publisher/share/robot_status_publisher/environment/path.sh
-- Up-to-date: /home/ubuntu/S12P11C101/SIMULATE/GAZEBO_SIM/ssafy_ws/install/robot_status_publisher/share/robot_status_publisher/environment/path.dsv
-- Up-to-date: /home/ubuntu/S12P11C101/SIMULATE/GAZEBO_SIM/ssafy_ws/install/robot_status_publisher/share/robot_status_publisher/local_setup.bash
-- Up-to-date: /home/ubuntu/S12P11C101/SIMULATE/GAZEBO_SIM/ssafy_ws/install/robot_status_publisher/share/robot_status_publisher/local_setup.sh
-- Up-to-date: /home/ubuntu/S12P11C101/SIMULATE/GAZEBO_SIM/ssafy_ws/install/robot_status_publisher/share/robot_status_publisher/local_setup.zsh
-- Up-to-date: /home/ubuntu/S12P11C101/SIMULATE/GAZEBO_SIM/ssafy_ws/install/robot_status_publisher/share/robot_status_publisher/local_setup.dsv
-- Installing: /home/ubuntu/S12P11C101/SIMULATE/GAZEBO_SIM/ssafy_ws/install/robot_status_publisher/share/robot_status_publisher/package.dsv
-- Up-to-date: /home/ubuntu/S12P11C101/SIMULATE/GAZEBO_SIM/ssafy_ws/install/robot_status_publisher/share/ament_index/resource_index/packages/robot_status_publisher
-- Up-to-date: /home/ubuntu/S12P11C101/SIMULATE/GAZEBO_SIM/ssafy_ws/install/robot_status_publisher/share/robot_status_publisher/cmake/robot_status_publisherConfig.cmake
-- Up-to-date: /home/ubuntu/S12P11C101/SIMULATE/GAZEBO_SIM/ssafy_ws/install/robot_status_publisher/share/robot_status_publisher/cmake/robot_status_publisherConfig-version.cmake
-- Up-to-date: /home/ubuntu/S12P11C101/SIMULATE/GAZEBO_SIM/ssafy_ws/install/robot_status_publisher/share/robot_status_publisher/package.xml
