-- Found ament_cmake: 1.3.11 (/opt/ros/humble/share/ament_cmake/cmake)
-- Configuring done
-- Generating done
-- Build files have been written to: /home/ubuntu/GAZEBO_SIM/ssafy_ws/build/velodyne_simulator
-- Install configuration: ""
-- Up-to-date: /home/ubuntu/GAZEBO_SIM/ssafy_ws/install/velodyne_simulator/share/ament_index/resource_index/package_run_dependencies/velodyne_simulator
-- Up-to-date: /home/ubuntu/GAZEBO_SIM/ssafy_ws/install/velodyne_simulator/share/ament_index/resource_index/parent_prefix_path/velodyne_simulator
-- Installing: /home/ubuntu/GAZEBO_SIM/ssafy_ws/install/velodyne_simulator/share/velodyne_simulator/environment/ament_prefix_path.sh
-- Installing: /home/ubuntu/GAZEBO_SIM/ssafy_ws/install/velodyne_simulator/share/velodyne_simulator/environment/ament_prefix_path.dsv
-- Installing: /home/ubuntu/GAZEBO_SIM/ssafy_ws/install/velodyne_simulator/share/velodyne_simulator/environment/path.sh
-- Installing: /home/ubuntu/GAZEBO_SIM/ssafy_ws/install/velodyne_simulator/share/velodyne_simulator/environment/path.dsv
-- Up-to-date: /home/ubuntu/GAZEBO_SIM/ssafy_ws/install/velodyne_simulator/share/velodyne_simulator/local_setup.bash
-- Up-to-date: /home/ubuntu/GAZEBO_SIM/ssafy_ws/install/velodyne_simulator/share/velodyne_simulator/local_setup.sh
-- Up-to-date: /home/ubuntu/GAZEBO_SIM/ssafy_ws/install/velodyne_simulator/share/velodyne_simulator/local_setup.zsh
-- Installing: /home/ubuntu/GAZEBO_SIM/ssafy_ws/install/velodyne_simulator/share/velodyne_simulator/local_setup.dsv
-- Installing: /home/ubuntu/GAZEBO_SIM/ssafy_ws/install/velodyne_simulator/share/velodyne_simulator/package.dsv
-- Up-to-date: /home/ubuntu/GAZEBO_SIM/ssafy_ws/install/velodyne_simulator/share/ament_index/resource_index/packages/velodyne_simulator
-- Up-to-date: /home/ubuntu/GAZEBO_SIM/ssafy_ws/install/velodyne_simulator/share/velodyne_simulator/cmake/velodyne_simulatorConfig.cmake
-- Up-to-date: /home/ubuntu/GAZEBO_SIM/ssafy_ws/install/velodyne_simulator/share/velodyne_simulator/cmake/velodyne_simulatorConfig-version.cmake
-- Up-to-date: /home/ubuntu/GAZEBO_SIM/ssafy_ws/install/velodyne_simulator/share/velodyne_simulator/package.xml
