[0.010s] Invoking command in '/home/ubuntu/GAZEBO_SIM/ssafy_ws/src/build/turtlebot3_gazebo': CMAKE_PREFIX_PATH=/home/ubuntu/GAZEBO_SIM/ssafy_ws/src/install/velodyne_description:/home/ubuntu/GAZEBO_SIM/ssafy_ws/src/install/turtlebot3_description:/home/ubuntu/GAZEBO_SIM/ssafy_ws/src/install/velodyne_simulator:/home/ubuntu/GAZEBO_SIM/ssafy_ws/src/install/velodyne_gazebo_plugins:/home/ubuntu/GAZEBO_SIM/ssafy_ws/src/install/turtlebot3_simulations:/home/ubuntu/GAZEBO_SIM/ssafy_ws/src/install/turtlebot3_gazebo:/home/ubuntu/GAZEBO_SIM/ssafy_ws/src/install/rosbridge_test_msgs:/home/ubuntu/GAZEBO_SIM/ssafy_ws/src/install/rosbridge_suite:/home/ubuntu/GAZEBO_SIM/ssafy_ws/src/install/rosbridge_server:/home/ubuntu/GAZEBO_SIM/ssafy_ws/src/install/rosbridge_msgs:/home/ubuntu/GAZEBO_SIM/ssafy_ws/src/install/rosapi:/home/ubuntu/GAZEBO_SIM/ssafy_ws/src/install/rosbridge_library:/home/ubuntu/GAZEBO_SIM/ssafy_ws/src/install/rosapi_msgs:/home/ubuntu/GAZEBO_SIM/ssafy_ws/install/velodyne_simulator:/home/ubuntu/GAZEBO_SIM/ssafy_ws/install/velodyne_gazebo_plugins:/home/ubuntu/GAZEBO_SIM/ssafy_ws/install/turtlebot3_simulations:/home/ubuntu/GAZEBO_SIM/ssafy_ws/install/turtlebot3_gazebo:/home/ubuntu/GAZEBO_SIM/ssafy_ws/install/velodyne_description:/home/ubuntu/GAZEBO_SIM/ssafy_ws/install/turtlebot3_description:/home/ubuntu/GAZEBO_SIM/ssafy_ws/src/install/teleop_twist_keyboard:/home/ubuntu/GAZEBO_SIM/ssafy_ws/install/teleop_twist_keyboard:/opt/ros/humble /usr/bin/cmake /home/ubuntu/GAZEBO_SIM/ssafy_ws/src/turtlebot3_simulations/turtlebot3_gazebo -DCMAKE_INSTALL_PREFIX=/home/ubuntu/GAZEBO_SIM/ssafy_ws/src/install/turtlebot3_gazebo
[0.059s] -- The C compiler identification is GNU 11.4.0
[0.110s] -- The CXX compiler identification is GNU 11.4.0
[0.117s] -- Detecting C compiler ABI info
[0.183s] -- Detecting C compiler ABI info - done
[0.191s] -- Check for working C compiler: /usr/bin/cc - skipped
[0.192s] -- Detecting C compile features
[0.192s] -- Detecting C compile features - done
[0.195s] -- Detecting CXX compiler ABI info
[0.267s] -- Detecting CXX compiler ABI info - done
[0.274s] -- Check for working CXX compiler: /usr/bin/c++ - skipped
[0.274s] -- Detecting CXX compile features
[0.274s] -- Detecting CXX compile features - done
[0.277s] -- Found ament_cmake: 1.3.11 (/opt/ros/humble/share/ament_cmake/cmake)
[0.427s] -- Found Python3: /usr/bin/python3 (found version "3.10.12") found components: Interpreter 
[0.525s] [33mCMake Warning (dev) at /usr/share/cmake-3.22/Modules/FindPackageHandleStandardArgs.cmake:438 (message):
[0.526s]   The package name passed to `find_package_handle_standard_args` (PkgConfig)
[0.526s]   does not match the name of the calling package (gazebo).  This can lead to
[0.526s]   problems in calling code that expects `find_package` result variables
[0.526s]   (e.g., `_FOUND`) to follow a certain pattern.
[0.526s] Call Stack (most recent call first):
[0.526s]   /usr/share/cmake-3.22/Modules/FindPkgConfig.cmake:99 (find_package_handle_standard_args)
[0.526s]   /usr/lib/x86_64-linux-gnu/cmake/gazebo/gazebo-config.cmake:72 (include)
[0.526s]   CMakeLists.txt:23 (find_package)
[0.526s] This warning is for project developers.  Use -Wno-dev to suppress it.
[0.526s] [0m
[0.526s] -- Found PkgConfig: /usr/bin/pkg-config (found version "0.29.2") 
[0.529s] -- Checking for module 'bullet>=2.82'
[0.549s] --   Found bullet, version 3.05
[0.644s] -- Found fcl: /usr/include (found suitable version "0.7.0", minimum required is "0.5.0") 
[0.695s] -- Found assimp: /usr/include (found version "5.2.0") 
[0.714s] -- Found DART: /usr/include (Required is at least version "6.6") found components: dart 
[0.905s] -- Found Boost: /usr/lib/x86_64-linux-gnu/cmake/Boost-1.74.0/BoostConfig.cmake (found suitable version "1.74.0", minimum required is "1.40.0") found components: thread system filesystem program_options regex iostreams date_time 
[0.934s] -- Found Protobuf: /usr/lib/x86_64-linux-gnu/libprotobuf.so (found version "3.12.4") 
[0.943s] -- Looking for ignition-math6 -- found version 6.15.1
[0.952s] -- Searching for dependencies of ignition-math6
[0.953s] -- Looking for OGRE...
[0.954s] -- OGRE_PREFIX_WATCH changed.
[0.961s] -- Checking for module 'OGRE'
[0.979s] --   Found OGRE, version 1.9.0
[1.027s] -- Found Ogre Ghadamon (1.9.0)
[1.043s] -- Found OGRE: optimized;/usr/lib/x86_64-linux-gnu/libOgreMain.so;debug;/usr/lib/x86_64-linux-gnu/libOgreMain.so
[1.058s] -- Looking for OGRE_Paging...
[1.076s] -- Found OGRE_Paging: optimized;/usr/lib/x86_64-linux-gnu/libOgrePaging.so;debug;/usr/lib/x86_64-linux-gnu/libOgrePaging.so
[1.077s] -- Looking for OGRE_Terrain...
[1.087s] -- Found OGRE_Terrain: optimized;/usr/lib/x86_64-linux-gnu/libOgreTerrain.so;debug;/usr/lib/x86_64-linux-gnu/libOgreTerrain.so
[1.088s] -- Looking for OGRE_Property...
[1.098s] -- Found OGRE_Property: optimized;/usr/lib/x86_64-linux-gnu/libOgreProperty.so;debug;/usr/lib/x86_64-linux-gnu/libOgreProperty.so
[1.098s] -- Looking for OGRE_RTShaderSystem...
[1.109s] -- Found OGRE_RTShaderSystem: optimized;/usr/lib/x86_64-linux-gnu/libOgreRTShaderSystem.so;debug;/usr/lib/x86_64-linux-gnu/libOgreRTShaderSystem.so
[1.109s] -- Looking for OGRE_Volume...
[1.120s] -- Found OGRE_Volume: optimized;/usr/lib/x86_64-linux-gnu/libOgreVolume.so;debug;/usr/lib/x86_64-linux-gnu/libOgreVolume.so
[1.120s] -- Looking for OGRE_Overlay...
[1.130s] -- Found OGRE_Overlay: optimized;/usr/lib/x86_64-linux-gnu/libOgreOverlay.so;debug;/usr/lib/x86_64-linux-gnu/libOgreOverlay.so
[1.388s] -- Looking for ignition-math6 -- found version 6.15.1
[1.392s] -- Looking for ignition-transport8 -- found version 8.2.1
[1.393s] -- Searching for dependencies of ignition-transport8
[1.468s] -- Found Protobuf: /usr/lib/x86_64-linux-gnu/libprotobuf.so (found suitable version "3.12.4", minimum required is "3") 
[1.508s] -- Config-file not installed for ZeroMQ -- checking for pkg-config
[1.518s] -- Checking for module 'libzmq >= 4'
[1.553s] --   Found libzmq , version 4.3.4
[1.660s] -- Found ZeroMQ: TRUE (Required is at least version "4") 
[1.675s] -- Checking for module 'uuid'
[1.724s] --   Found uuid, version 2.37.2
[1.840s] -- Found UUID: TRUE  
[1.850s] -- Looking for ignition-msgs5 -- found version 5.8.1
[1.851s] -- Searching for dependencies of ignition-msgs5
[1.927s] -- Looking for ignition-math6 -- found version 6.15.1
[1.946s] -- Checking for module 'tinyxml2'
[1.985s] --   Found tinyxml2, version 9.0.0
[2.101s] -- Looking for ignition-msgs5 -- found version 5.8.1
[2.115s] -- Looking for ignition-common3 -- found version 3.14.0
[2.115s] -- Searching for dependencies of ignition-common3
[2.116s] -- Looking for dlfcn.h - found
[2.121s] -- Looking for libdl - found
[2.123s] -- Found DL: TRUE  
[2.167s] -- Found tinyobjloader: /usr/lib/x86_64-linux-gnu/cmake/tinyobjloader/tinyobjloader-config.cmake (found version "2.0.0") 
[2.168s] -- Searching for <ignition-common3> component [graphics]
[2.177s] -- Looking for ignition-common3-graphics -- found version 3.14.0
[2.178s] -- Searching for dependencies of ignition-common3-graphics
[2.179s] -- Looking for ignition-math6 -- found version 6.15.1
[2.188s] -- Looking for ignition-fuel_tools4 -- found version 4.4.0
[2.192s] -- Searching for dependencies of ignition-fuel_tools4
[2.343s] -- Found CURL: /usr/lib/x86_64-linux-gnu/libcurl.so (found version "7.81.0")  
[2.357s] -- Checking for module 'jsoncpp'
[2.382s] --   Found jsoncpp, version 1.9.5
[2.436s] -- Found JSONCPP: TRUE  
[2.445s] -- Checking for module 'libzip'
[2.464s] --   Found libzip, version 1.7.3
[2.500s] -- Found ZIP: TRUE  
[2.501s] -- Looking for ignition-common3 -- found version 3.14.0
[2.501s] -- Looking for ignition-math6 -- found version 6.15.1
[2.502s] -- Looking for ignition-msgs5 -- found version 5.8.1
[2.511s] -- Found gazebo_ros_pkgs: 3.7.0 (/opt/ros/humble/share/gazebo_ros_pkgs/cmake)
[2.515s] -- Found geometry_msgs: 4.2.4 (/opt/ros/humble/share/geometry_msgs/cmake)
[2.573s] -- Found rosidl_generator_c: 3.1.6 (/opt/ros/humble/share/rosidl_generator_c/cmake)
[2.584s] -- Found rosidl_adapter: 3.1.6 (/opt/ros/humble/share/rosidl_adapter/cmake)
[2.599s] -- Found rosidl_generator_cpp: 3.1.6 (/opt/ros/humble/share/rosidl_generator_cpp/cmake)
[2.621s] -- Using all available rosidl_typesupport_c: rosidl_typesupport_fastrtps_c;rosidl_typesupport_introspection_c
[2.650s] -- Using all available rosidl_typesupport_cpp: rosidl_typesupport_fastrtps_cpp;rosidl_typesupport_introspection_cpp
[2.717s] -- Found nav_msgs: 4.2.4 (/opt/ros/humble/share/nav_msgs/cmake)
[2.746s] -- Found rclcpp: 16.0.11 (/opt/ros/humble/share/rclcpp/cmake)
[2.815s] -- Found rmw_implementation_cmake: 6.1.2 (/opt/ros/humble/share/rmw_implementation_cmake/cmake)
[2.821s] -- Found rmw_cyclonedds_cpp: 1.3.4 (/opt/ros/humble/share/rmw_cyclonedds_cpp/cmake)
[2.862s] -- Using RMW implementation 'rmw_cyclonedds_cpp' as default
[2.879s] -- Found Threads: TRUE  
[2.949s] -- Found sensor_msgs: 4.2.4 (/opt/ros/humble/share/sensor_msgs/cmake)
[2.980s] -- Found tf2: 0.25.9 (/opt/ros/humble/share/tf2/cmake)
[3.071s] -- Configuring done
[3.109s] -- Generating done
[3.121s] -- Build files have been written to: /home/ubuntu/GAZEBO_SIM/ssafy_ws/src/build/turtlebot3_gazebo
[3.141s] Invoked command in '/home/ubuntu/GAZEBO_SIM/ssafy_ws/src/build/turtlebot3_gazebo' returned '0': CMAKE_PREFIX_PATH=/home/ubuntu/GAZEBO_SIM/ssafy_ws/src/install/velodyne_description:/home/ubuntu/GAZEBO_SIM/ssafy_ws/src/install/turtlebot3_description:/home/ubuntu/GAZEBO_SIM/ssafy_ws/src/install/velodyne_simulator:/home/ubuntu/GAZEBO_SIM/ssafy_ws/src/install/velodyne_gazebo_plugins:/home/ubuntu/GAZEBO_SIM/ssafy_ws/src/install/turtlebot3_simulations:/home/ubuntu/GAZEBO_SIM/ssafy_ws/src/install/turtlebot3_gazebo:/home/ubuntu/GAZEBO_SIM/ssafy_ws/src/install/rosbridge_test_msgs:/home/ubuntu/GAZEBO_SIM/ssafy_ws/src/install/rosbridge_suite:/home/ubuntu/GAZEBO_SIM/ssafy_ws/src/install/rosbridge_server:/home/ubuntu/GAZEBO_SIM/ssafy_ws/src/install/rosbridge_msgs:/home/ubuntu/GAZEBO_SIM/ssafy_ws/src/install/rosapi:/home/ubuntu/GAZEBO_SIM/ssafy_ws/src/install/rosbridge_library:/home/ubuntu/GAZEBO_SIM/ssafy_ws/src/install/rosapi_msgs:/home/ubuntu/GAZEBO_SIM/ssafy_ws/install/velodyne_simulator:/home/ubuntu/GAZEBO_SIM/ssafy_ws/install/velodyne_gazebo_plugins:/home/ubuntu/GAZEBO_SIM/ssafy_ws/install/turtlebot3_simulations:/home/ubuntu/GAZEBO_SIM/ssafy_ws/install/turtlebot3_gazebo:/home/ubuntu/GAZEBO_SIM/ssafy_ws/install/velodyne_description:/home/ubuntu/GAZEBO_SIM/ssafy_ws/install/turtlebot3_description:/home/ubuntu/GAZEBO_SIM/ssafy_ws/src/install/teleop_twist_keyboard:/home/ubuntu/GAZEBO_SIM/ssafy_ws/install/teleop_twist_keyboard:/opt/ros/humble /usr/bin/cmake /home/ubuntu/GAZEBO_SIM/ssafy_ws/src/turtlebot3_simulations/turtlebot3_gazebo -DCMAKE_INSTALL_PREFIX=/home/ubuntu/GAZEBO_SIM/ssafy_ws/src/install/turtlebot3_gazebo
[3.142s] Invoking command in '/home/ubuntu/GAZEBO_SIM/ssafy_ws/src/build/turtlebot3_gazebo': CMAKE_PREFIX_PATH=/home/ubuntu/GAZEBO_SIM/ssafy_ws/src/install/velodyne_description:/home/ubuntu/GAZEBO_SIM/ssafy_ws/src/install/turtlebot3_description:/home/ubuntu/GAZEBO_SIM/ssafy_ws/src/install/velodyne_simulator:/home/ubuntu/GAZEBO_SIM/ssafy_ws/src/install/velodyne_gazebo_plugins:/home/ubuntu/GAZEBO_SIM/ssafy_ws/src/install/turtlebot3_simulations:/home/ubuntu/GAZEBO_SIM/ssafy_ws/src/install/turtlebot3_gazebo:/home/ubuntu/GAZEBO_SIM/ssafy_ws/src/install/rosbridge_test_msgs:/home/ubuntu/GAZEBO_SIM/ssafy_ws/src/install/rosbridge_suite:/home/ubuntu/GAZEBO_SIM/ssafy_ws/src/install/rosbridge_server:/home/ubuntu/GAZEBO_SIM/ssafy_ws/src/install/rosbridge_msgs:/home/ubuntu/GAZEBO_SIM/ssafy_ws/src/install/rosapi:/home/ubuntu/GAZEBO_SIM/ssafy_ws/src/install/rosbridge_library:/home/ubuntu/GAZEBO_SIM/ssafy_ws/src/install/rosapi_msgs:/home/ubuntu/GAZEBO_SIM/ssafy_ws/install/velodyne_simulator:/home/ubuntu/GAZEBO_SIM/ssafy_ws/install/velodyne_gazebo_plugins:/home/ubuntu/GAZEBO_SIM/ssafy_ws/install/turtlebot3_simulations:/home/ubuntu/GAZEBO_SIM/ssafy_ws/install/turtlebot3_gazebo:/home/ubuntu/GAZEBO_SIM/ssafy_ws/install/velodyne_description:/home/ubuntu/GAZEBO_SIM/ssafy_ws/install/turtlebot3_description:/home/ubuntu/GAZEBO_SIM/ssafy_ws/src/install/teleop_twist_keyboard:/home/ubuntu/GAZEBO_SIM/ssafy_ws/install/teleop_twist_keyboard:/opt/ros/humble /usr/bin/cmake --build /home/ubuntu/GAZEBO_SIM/ssafy_ws/src/build/turtlebot3_gazebo -- -j12 -l12
[3.219s] [ 12%] [32mBuilding CXX object CMakeFiles/obstacle2.dir/models/turtlebot3_dqn_world/obstacle_plugin/obstacle2.cc.o[0m
[3.219s] [ 25%] [32mBuilding CXX object CMakeFiles/obstacle1.dir/models/turtlebot3_dqn_world/obstacle_plugin/obstacle1.cc.o[0m
[3.219s] [ 37%] [32mBuilding CXX object CMakeFiles/turtlebot3_drive.dir/src/turtlebot3_drive.cpp.o[0m
[3.220s] [ 50%] [32mBuilding CXX object CMakeFiles/obstacles.dir/models/turtlebot3_dqn_world/obstacle_plugin/obstacles.cc.o[0m
[28.677s] [ 62%] [32m[1mLinking CXX shared library libobstacle2.so[0m
[28.875s] [ 75%] [32m[1mLinking CXX shared library libobstacles.so[0m
[29.096s] [ 75%] Built target obstacle2
[29.229s] [ 75%] Built target obstacles
[29.403s] [ 87%] [32m[1mLinking CXX executable turtlebot3_drive[0m
[29.886s] [ 87%] Built target turtlebot3_drive
[30.505s] [100%] [32m[1mLinking CXX shared library libobstacle1.so[0m
[30.668s] [100%] Built target obstacle1
[30.678s] Invoked command in '/home/ubuntu/GAZEBO_SIM/ssafy_ws/src/build/turtlebot3_gazebo' returned '0': CMAKE_PREFIX_PATH=/home/ubuntu/GAZEBO_SIM/ssafy_ws/src/install/velodyne_description:/home/ubuntu/GAZEBO_SIM/ssafy_ws/src/install/turtlebot3_description:/home/ubuntu/GAZEBO_SIM/ssafy_ws/src/install/velodyne_simulator:/home/ubuntu/GAZEBO_SIM/ssafy_ws/src/install/velodyne_gazebo_plugins:/home/ubuntu/GAZEBO_SIM/ssafy_ws/src/install/turtlebot3_simulations:/home/ubuntu/GAZEBO_SIM/ssafy_ws/src/install/turtlebot3_gazebo:/home/ubuntu/GAZEBO_SIM/ssafy_ws/src/install/rosbridge_test_msgs:/home/ubuntu/GAZEBO_SIM/ssafy_ws/src/install/rosbridge_suite:/home/ubuntu/GAZEBO_SIM/ssafy_ws/src/install/rosbridge_server:/home/ubuntu/GAZEBO_SIM/ssafy_ws/src/install/rosbridge_msgs:/home/ubuntu/GAZEBO_SIM/ssafy_ws/src/install/rosapi:/home/ubuntu/GAZEBO_SIM/ssafy_ws/src/install/rosbridge_library:/home/ubuntu/GAZEBO_SIM/ssafy_ws/src/install/rosapi_msgs:/home/ubuntu/GAZEBO_SIM/ssafy_ws/install/velodyne_simulator:/home/ubuntu/GAZEBO_SIM/ssafy_ws/install/velodyne_gazebo_plugins:/home/ubuntu/GAZEBO_SIM/ssafy_ws/install/turtlebot3_simulations:/home/ubuntu/GAZEBO_SIM/ssafy_ws/install/turtlebot3_gazebo:/home/ubuntu/GAZEBO_SIM/ssafy_ws/install/velodyne_description:/home/ubuntu/GAZEBO_SIM/ssafy_ws/install/turtlebot3_description:/home/ubuntu/GAZEBO_SIM/ssafy_ws/src/install/teleop_twist_keyboard:/home/ubuntu/GAZEBO_SIM/ssafy_ws/install/teleop_twist_keyboard:/opt/ros/humble /usr/bin/cmake --build /home/ubuntu/GAZEBO_SIM/ssafy_ws/src/build/turtlebot3_gazebo -- -j12 -l12
[30.679s] Invoking command in '/home/ubuntu/GAZEBO_SIM/ssafy_ws/src/build/turtlebot3_gazebo': CMAKE_PREFIX_PATH=/home/ubuntu/GAZEBO_SIM/ssafy_ws/src/install/velodyne_description:/home/ubuntu/GAZEBO_SIM/ssafy_ws/src/install/turtlebot3_description:/home/ubuntu/GAZEBO_SIM/ssafy_ws/src/install/velodyne_simulator:/home/ubuntu/GAZEBO_SIM/ssafy_ws/src/install/velodyne_gazebo_plugins:/home/ubuntu/GAZEBO_SIM/ssafy_ws/src/install/turtlebot3_simulations:/home/ubuntu/GAZEBO_SIM/ssafy_ws/src/install/turtlebot3_gazebo:/home/ubuntu/GAZEBO_SIM/ssafy_ws/src/install/rosbridge_test_msgs:/home/ubuntu/GAZEBO_SIM/ssafy_ws/src/install/rosbridge_suite:/home/ubuntu/GAZEBO_SIM/ssafy_ws/src/install/rosbridge_server:/home/ubuntu/GAZEBO_SIM/ssafy_ws/src/install/rosbridge_msgs:/home/ubuntu/GAZEBO_SIM/ssafy_ws/src/install/rosapi:/home/ubuntu/GAZEBO_SIM/ssafy_ws/src/install/rosbridge_library:/home/ubuntu/GAZEBO_SIM/ssafy_ws/src/install/rosapi_msgs:/home/ubuntu/GAZEBO_SIM/ssafy_ws/install/velodyne_simulator:/home/ubuntu/GAZEBO_SIM/ssafy_ws/install/velodyne_gazebo_plugins:/home/ubuntu/GAZEBO_SIM/ssafy_ws/install/turtlebot3_simulations:/home/ubuntu/GAZEBO_SIM/ssafy_ws/install/turtlebot3_gazebo:/home/ubuntu/GAZEBO_SIM/ssafy_ws/install/velodyne_description:/home/ubuntu/GAZEBO_SIM/ssafy_ws/install/turtlebot3_description:/home/ubuntu/GAZEBO_SIM/ssafy_ws/src/install/teleop_twist_keyboard:/home/ubuntu/GAZEBO_SIM/ssafy_ws/install/teleop_twist_keyboard:/opt/ros/humble /usr/bin/cmake --install /home/ubuntu/GAZEBO_SIM/ssafy_ws/src/build/turtlebot3_gazebo
[30.685s] -- Install configuration: ""
[30.686s] -- Installing: /home/ubuntu/GAZEBO_SIM/ssafy_ws/src/install/turtlebot3_gazebo/lib/turtlebot3_gazebo/turtlebot3_drive
[30.689s] -- Set runtime path of "/home/ubuntu/GAZEBO_SIM/ssafy_ws/src/install/turtlebot3_gazebo/lib/turtlebot3_gazebo/turtlebot3_drive" to ""
[30.689s] -- Installing: /home/ubuntu/GAZEBO_SIM/ssafy_ws/src/install/turtlebot3_gazebo/share/turtlebot3_gazebo//launch
[30.689s] -- Installing: /home/ubuntu/GAZEBO_SIM/ssafy_ws/src/install/turtlebot3_gazebo/share/turtlebot3_gazebo//launch/turtlebot3_burger.launch.py
[30.689s] -- Installing: /home/ubuntu/GAZEBO_SIM/ssafy_ws/src/install/turtlebot3_gazebo/share/turtlebot3_gazebo//launch/robot_state_publisher.launch.py
[30.689s] -- Installing: /home/ubuntu/GAZEBO_SIM/ssafy_ws/src/install/turtlebot3_gazebo/share/turtlebot3_gazebo//launch/multi_turtlebot3_velodyne_world.launch.py
[30.689s] -- Installing: /home/ubuntu/GAZEBO_SIM/ssafy_ws/src/install/turtlebot3_gazebo/share/turtlebot3_gazebo//launch/turtlebot3_velodyne_burger.launch.py
[30.689s] -- Installing: /home/ubuntu/GAZEBO_SIM/ssafy_ws/src/install/turtlebot3_gazebo/share/turtlebot3_gazebo//launch/multi_turtlebot3_world.launch.py
[30.689s] -- Installing: /home/ubuntu/GAZEBO_SIM/ssafy_ws/src/install/turtlebot3_gazebo/share/turtlebot3_gazebo//launch/tb3_imu_lidar_gps_burger.launch.py
[30.689s] -- Installing: /home/ubuntu/GAZEBO_SIM/ssafy_ws/src/install/turtlebot3_gazebo/share/turtlebot3_gazebo//models
[30.689s] -- Installing: /home/ubuntu/GAZEBO_SIM/ssafy_ws/src/install/turtlebot3_gazebo/share/turtlebot3_gazebo//models/turtlebot3_burger_velodyne_1
[30.689s] -- Installing: /home/ubuntu/GAZEBO_SIM/ssafy_ws/src/install/turtlebot3_gazebo/share/turtlebot3_gazebo//models/turtlebot3_burger_velodyne_1/model.config
[30.689s] -- Installing: /home/ubuntu/GAZEBO_SIM/ssafy_ws/src/install/turtlebot3_gazebo/share/turtlebot3_gazebo//models/turtlebot3_burger_velodyne_1/meshes_dae
[30.689s] -- Installing: /home/ubuntu/GAZEBO_SIM/ssafy_ws/src/install/turtlebot3_gazebo/share/turtlebot3_gazebo//models/turtlebot3_burger_velodyne_1/meshes_dae/left_tire.dae
[30.691s] -- Installing: /home/ubuntu/GAZEBO_SIM/ssafy_ws/src/install/turtlebot3_gazebo/share/turtlebot3_gazebo//models/turtlebot3_burger_velodyne_1/meshes_dae/burger_base.dae
[30.696s] -- Installing: /home/ubuntu/GAZEBO_SIM/ssafy_ws/src/install/turtlebot3_gazebo/share/turtlebot3_gazebo//models/turtlebot3_burger_velodyne_1/meshes_dae/lds.dae
[30.697s] -- Installing: /home/ubuntu/GAZEBO_SIM/ssafy_ws/src/install/turtlebot3_gazebo/share/turtlebot3_gazebo//models/turtlebot3_burger_velodyne_1/meshes_dae/right_tire.dae
[30.699s] -- Installing: /home/ubuntu/GAZEBO_SIM/ssafy_ws/src/install/turtlebot3_gazebo/share/turtlebot3_gazebo//models/turtlebot3_burger_velodyne_1/meshes
[30.699s] -- Installing: /home/ubuntu/GAZEBO_SIM/ssafy_ws/src/install/turtlebot3_gazebo/share/turtlebot3_gazebo//models/turtlebot3_burger_velodyne_1/meshes/lds.stl
[30.700s] -- Installing: /home/ubuntu/GAZEBO_SIM/ssafy_ws/src/install/turtlebot3_gazebo/share/turtlebot3_gazebo//models/turtlebot3_burger_velodyne_1/meshes/left_tire.stl
[30.700s] -- Installing: /home/ubuntu/GAZEBO_SIM/ssafy_ws/src/install/turtlebot3_gazebo/share/turtlebot3_gazebo//models/turtlebot3_burger_velodyne_1/meshes/right_tire.stl
[30.701s] -- Installing: /home/ubuntu/GAZEBO_SIM/ssafy_ws/src/install/turtlebot3_gazebo/share/turtlebot3_gazebo//models/turtlebot3_burger_velodyne_1/meshes/burger_base.stl
[30.704s] -- Installing: /home/ubuntu/GAZEBO_SIM/ssafy_ws/src/install/turtlebot3_gazebo/share/turtlebot3_gazebo//models/turtlebot3_burger_velodyne_1/model.sdf
[30.704s] -- Installing: /home/ubuntu/GAZEBO_SIM/ssafy_ws/src/install/turtlebot3_gazebo/share/turtlebot3_gazebo//models/turtlebot3_burger
[30.704s] -- Installing: /home/ubuntu/GAZEBO_SIM/ssafy_ws/src/install/turtlebot3_gazebo/share/turtlebot3_gazebo//models/turtlebot3_burger/model-1_4.sdf
[30.704s] -- Installing: /home/ubuntu/GAZEBO_SIM/ssafy_ws/src/install/turtlebot3_gazebo/share/turtlebot3_gazebo//models/turtlebot3_burger/model.config
[30.704s] -- Installing: /home/ubuntu/GAZEBO_SIM/ssafy_ws/src/install/turtlebot3_gazebo/share/turtlebot3_gazebo//models/turtlebot3_burger/meshes_dae
[30.704s] -- Installing: /home/ubuntu/GAZEBO_SIM/ssafy_ws/src/install/turtlebot3_gazebo/share/turtlebot3_gazebo//models/turtlebot3_burger/meshes_dae/left_tire.dae
[30.706s] -- Installing: /home/ubuntu/GAZEBO_SIM/ssafy_ws/src/install/turtlebot3_gazebo/share/turtlebot3_gazebo//models/turtlebot3_burger/meshes_dae/burger_base.dae
[30.713s] -- Installing: /home/ubuntu/GAZEBO_SIM/ssafy_ws/src/install/turtlebot3_gazebo/share/turtlebot3_gazebo//models/turtlebot3_burger/meshes_dae/lds.dae
[30.714s] -- Installing: /home/ubuntu/GAZEBO_SIM/ssafy_ws/src/install/turtlebot3_gazebo/share/turtlebot3_gazebo//models/turtlebot3_burger/meshes_dae/right_tire.dae
[30.715s] -- Installing: /home/ubuntu/GAZEBO_SIM/ssafy_ws/src/install/turtlebot3_gazebo/share/turtlebot3_gazebo//models/turtlebot3_burger/meshes
[30.715s] -- Installing: /home/ubuntu/GAZEBO_SIM/ssafy_ws/src/install/turtlebot3_gazebo/share/turtlebot3_gazebo//models/turtlebot3_burger/meshes/lds.stl
[30.716s] -- Installing: /home/ubuntu/GAZEBO_SIM/ssafy_ws/src/install/turtlebot3_gazebo/share/turtlebot3_gazebo//models/turtlebot3_burger/meshes/left_tire.stl
[30.716s] -- Installing: /home/ubuntu/GAZEBO_SIM/ssafy_ws/src/install/turtlebot3_gazebo/share/turtlebot3_gazebo//models/turtlebot3_burger/meshes/right_tire.stl
[30.717s] -- Installing: /home/ubuntu/GAZEBO_SIM/ssafy_ws/src/install/turtlebot3_gazebo/share/turtlebot3_gazebo//models/turtlebot3_burger/meshes/burger_base.stl
[30.720s] -- Installing: /home/ubuntu/GAZEBO_SIM/ssafy_ws/src/install/turtlebot3_gazebo/share/turtlebot3_gazebo//models/turtlebot3_burger/model.sdf
[30.720s] -- Installing: /home/ubuntu/GAZEBO_SIM/ssafy_ws/src/install/turtlebot3_gazebo/share/turtlebot3_gazebo//models/turtlebot3_burger_1
[30.720s] -- Installing: /home/ubuntu/GAZEBO_SIM/ssafy_ws/src/install/turtlebot3_gazebo/share/turtlebot3_gazebo//models/turtlebot3_burger_1/model.config
[30.720s] -- Installing: /home/ubuntu/GAZEBO_SIM/ssafy_ws/src/install/turtlebot3_gazebo/share/turtlebot3_gazebo//models/turtlebot3_burger_1/meshes_dae
[30.720s] -- Installing: /home/ubuntu/GAZEBO_SIM/ssafy_ws/src/install/turtlebot3_gazebo/share/turtlebot3_gazebo//models/turtlebot3_burger_1/meshes_dae/left_tire.dae
[30.722s] -- Installing: /home/ubuntu/GAZEBO_SIM/ssafy_ws/src/install/turtlebot3_gazebo/share/turtlebot3_gazebo//models/turtlebot3_burger_1/meshes_dae/burger_base.dae
[30.728s] -- Installing: /home/ubuntu/GAZEBO_SIM/ssafy_ws/src/install/turtlebot3_gazebo/share/turtlebot3_gazebo//models/turtlebot3_burger_1/meshes_dae/lds.dae
[30.729s] -- Installing: /home/ubuntu/GAZEBO_SIM/ssafy_ws/src/install/turtlebot3_gazebo/share/turtlebot3_gazebo//models/turtlebot3_burger_1/meshes_dae/right_tire.dae
[30.731s] -- Installing: /home/ubuntu/GAZEBO_SIM/ssafy_ws/src/install/turtlebot3_gazebo/share/turtlebot3_gazebo//models/turtlebot3_burger_1/meshes
[30.731s] -- Installing: /home/ubuntu/GAZEBO_SIM/ssafy_ws/src/install/turtlebot3_gazebo/share/turtlebot3_gazebo//models/turtlebot3_burger_1/meshes/lds.stl
[30.731s] -- Installing: /home/ubuntu/GAZEBO_SIM/ssafy_ws/src/install/turtlebot3_gazebo/share/turtlebot3_gazebo//models/turtlebot3_burger_1/meshes/left_tire.stl
[30.732s] -- Installing: /home/ubuntu/GAZEBO_SIM/ssafy_ws/src/install/turtlebot3_gazebo/share/turtlebot3_gazebo//models/turtlebot3_burger_1/meshes/right_tire.stl
[30.733s] -- Installing: /home/ubuntu/GAZEBO_SIM/ssafy_ws/src/install/turtlebot3_gazebo/share/turtlebot3_gazebo//models/turtlebot3_burger_1/meshes/burger_base.stl
[30.736s] -- Installing: /home/ubuntu/GAZEBO_SIM/ssafy_ws/src/install/turtlebot3_gazebo/share/turtlebot3_gazebo//models/turtlebot3_burger_1/model.sdf
[30.736s] -- Installing: /home/ubuntu/GAZEBO_SIM/ssafy_ws/src/install/turtlebot3_gazebo/share/turtlebot3_gazebo//models/turtlebot3_dqn_world
[30.736s] -- Installing: /home/ubuntu/GAZEBO_SIM/ssafy_ws/src/install/turtlebot3_gazebo/share/turtlebot3_gazebo//models/turtlebot3_dqn_world/model.config
[30.736s] -- Installing: /home/ubuntu/GAZEBO_SIM/ssafy_ws/src/install/turtlebot3_gazebo/share/turtlebot3_gazebo//models/turtlebot3_dqn_world/goal_box
[30.736s] -- Installing: /home/ubuntu/GAZEBO_SIM/ssafy_ws/src/install/turtlebot3_gazebo/share/turtlebot3_gazebo//models/turtlebot3_dqn_world/goal_box/model.config
[30.736s] -- Installing: /home/ubuntu/GAZEBO_SIM/ssafy_ws/src/install/turtlebot3_gazebo/share/turtlebot3_gazebo//models/turtlebot3_dqn_world/goal_box/model.sdf
[30.736s] -- Installing: /home/ubuntu/GAZEBO_SIM/ssafy_ws/src/install/turtlebot3_gazebo/share/turtlebot3_gazebo//models/turtlebot3_dqn_world/inner_walls
[30.736s] -- Installing: /home/ubuntu/GAZEBO_SIM/ssafy_ws/src/install/turtlebot3_gazebo/share/turtlebot3_gazebo//models/turtlebot3_dqn_world/inner_walls/model.config
[30.736s] -- Installing: /home/ubuntu/GAZEBO_SIM/ssafy_ws/src/install/turtlebot3_gazebo/share/turtlebot3_gazebo//models/turtlebot3_dqn_world/inner_walls/model.sdf
[30.736s] -- Installing: /home/ubuntu/GAZEBO_SIM/ssafy_ws/src/install/turtlebot3_gazebo/share/turtlebot3_gazebo//models/turtlebot3_dqn_world/obstacles
[30.736s] -- Installing: /home/ubuntu/GAZEBO_SIM/ssafy_ws/src/install/turtlebot3_gazebo/share/turtlebot3_gazebo//models/turtlebot3_dqn_world/obstacles/model.config
[30.736s] -- Installing: /home/ubuntu/GAZEBO_SIM/ssafy_ws/src/install/turtlebot3_gazebo/share/turtlebot3_gazebo//models/turtlebot3_dqn_world/obstacles/model.sdf
[30.736s] -- Installing: /home/ubuntu/GAZEBO_SIM/ssafy_ws/src/install/turtlebot3_gazebo/share/turtlebot3_gazebo//models/turtlebot3_dqn_world/obstacle_plugin
[30.736s] -- Installing: /home/ubuntu/GAZEBO_SIM/ssafy_ws/src/install/turtlebot3_gazebo/share/turtlebot3_gazebo//models/turtlebot3_dqn_world/obstacle_plugin/obstacle1.cc
[30.736s] -- Installing: /home/ubuntu/GAZEBO_SIM/ssafy_ws/src/install/turtlebot3_gazebo/share/turtlebot3_gazebo//models/turtlebot3_dqn_world/obstacle_plugin/CMakeLists.txt
[30.736s] -- Installing: /home/ubuntu/GAZEBO_SIM/ssafy_ws/src/install/turtlebot3_gazebo/share/turtlebot3_gazebo//models/turtlebot3_dqn_world/obstacle_plugin/obstacle2.cc
[30.736s] -- Installing: /home/ubuntu/GAZEBO_SIM/ssafy_ws/src/install/turtlebot3_gazebo/share/turtlebot3_gazebo//models/turtlebot3_dqn_world/obstacle_plugin/obstacles.cc
[30.736s] -- Installing: /home/ubuntu/GAZEBO_SIM/ssafy_ws/src/install/turtlebot3_gazebo/share/turtlebot3_gazebo//models/turtlebot3_dqn_world/obstacle2
[30.736s] -- Installing: /home/ubuntu/GAZEBO_SIM/ssafy_ws/src/install/turtlebot3_gazebo/share/turtlebot3_gazebo//models/turtlebot3_dqn_world/obstacle2/model.config
[30.736s] -- Installing: /home/ubuntu/GAZEBO_SIM/ssafy_ws/src/install/turtlebot3_gazebo/share/turtlebot3_gazebo//models/turtlebot3_dqn_world/obstacle2/model.sdf
[30.736s] -- Installing: /home/ubuntu/GAZEBO_SIM/ssafy_ws/src/install/turtlebot3_gazebo/share/turtlebot3_gazebo//models/turtlebot3_dqn_world/obstacle1
[30.736s] -- Installing: /home/ubuntu/GAZEBO_SIM/ssafy_ws/src/install/turtlebot3_gazebo/share/turtlebot3_gazebo//models/turtlebot3_dqn_world/obstacle1/model.config
[30.736s] -- Installing: /home/ubuntu/GAZEBO_SIM/ssafy_ws/src/install/turtlebot3_gazebo/share/turtlebot3_gazebo//models/turtlebot3_dqn_world/obstacle1/model.sdf
[30.737s] -- Installing: /home/ubuntu/GAZEBO_SIM/ssafy_ws/src/install/turtlebot3_gazebo/share/turtlebot3_gazebo//models/turtlebot3_dqn_world/model.sdf
[30.737s] -- Installing: /home/ubuntu/GAZEBO_SIM/ssafy_ws/src/install/turtlebot3_gazebo/share/turtlebot3_gazebo//models/turtlebot3_autorace
[30.737s] -- Installing: /home/ubuntu/GAZEBO_SIM/ssafy_ws/src/install/turtlebot3_gazebo/share/turtlebot3_gazebo//models/turtlebot3_autorace/tunnel_obstacles
[30.737s] -- Installing: /home/ubuntu/GAZEBO_SIM/ssafy_ws/src/install/turtlebot3_gazebo/share/turtlebot3_gazebo//models/turtlebot3_autorace/tunnel_obstacles/model.config
[30.737s] -- Installing: /home/ubuntu/GAZEBO_SIM/ssafy_ws/src/install/turtlebot3_gazebo/share/turtlebot3_gazebo//models/turtlebot3_autorace/tunnel_obstacles/model.sdf
[30.737s] -- Installing: /home/ubuntu/GAZEBO_SIM/ssafy_ws/src/install/turtlebot3_gazebo/share/turtlebot3_gazebo//models/turtlebot3_autorace/traffic_tunnel
[30.737s] -- Installing: /home/ubuntu/GAZEBO_SIM/ssafy_ws/src/install/turtlebot3_gazebo/share/turtlebot3_gazebo//models/turtlebot3_autorace/traffic_tunnel/model.config
[30.737s] -- Installing: /home/ubuntu/GAZEBO_SIM/ssafy_ws/src/install/turtlebot3_gazebo/share/turtlebot3_gazebo//models/turtlebot3_autorace/traffic_tunnel/materials
[30.737s] -- Installing: /home/ubuntu/GAZEBO_SIM/ssafy_ws/src/install/turtlebot3_gazebo/share/turtlebot3_gazebo//models/turtlebot3_autorace/traffic_tunnel/materials/scripts
[30.737s] -- Installing: /home/ubuntu/GAZEBO_SIM/ssafy_ws/src/install/turtlebot3_gazebo/share/turtlebot3_gazebo//models/turtlebot3_autorace/traffic_tunnel/materials/scripts/tunnel.material
[30.737s] -- Installing: /home/ubuntu/GAZEBO_SIM/ssafy_ws/src/install/turtlebot3_gazebo/share/turtlebot3_gazebo//models/turtlebot3_autorace/traffic_tunnel/materials/textures
[30.737s] -- Installing: /home/ubuntu/GAZEBO_SIM/ssafy_ws/src/install/turtlebot3_gazebo/share/turtlebot3_gazebo//models/turtlebot3_autorace/traffic_tunnel/materials/textures/tunnel.png
[30.737s] -- Installing: /home/ubuntu/GAZEBO_SIM/ssafy_ws/src/install/turtlebot3_gazebo/share/turtlebot3_gazebo//models/turtlebot3_autorace/traffic_tunnel/model.sdf
[30.737s] -- Installing: /home/ubuntu/GAZEBO_SIM/ssafy_ws/src/install/turtlebot3_gazebo/share/turtlebot3_gazebo//models/turtlebot3_autorace/model.config
[30.737s] -- Installing: /home/ubuntu/GAZEBO_SIM/ssafy_ws/src/install/turtlebot3_gazebo/share/turtlebot3_gazebo//models/turtlebot3_autorace/ground
[30.737s] -- Installing: /home/ubuntu/GAZEBO_SIM/ssafy_ws/src/install/turtlebot3_gazebo/share/turtlebot3_gazebo//models/turtlebot3_autorace/ground/model.config
[30.738s] -- Installing: /home/ubuntu/GAZEBO_SIM/ssafy_ws/src/install/turtlebot3_gazebo/share/turtlebot3_gazebo//models/turtlebot3_autorace/ground/model.sdf
[30.738s] -- Installing: /home/ubuntu/GAZEBO_SIM/ssafy_ws/src/install/turtlebot3_gazebo/share/turtlebot3_gazebo//models/turtlebot3_autorace/lights
[30.738s] -- Installing: /home/ubuntu/GAZEBO_SIM/ssafy_ws/src/install/turtlebot3_gazebo/share/turtlebot3_gazebo//models/turtlebot3_autorace/lights/model.config
[30.738s] -- Installing: /home/ubuntu/GAZEBO_SIM/ssafy_ws/src/install/turtlebot3_gazebo/share/turtlebot3_gazebo//models/turtlebot3_autorace/lights/model.sdf
[30.738s] -- Installing: /home/ubuntu/GAZEBO_SIM/ssafy_ws/src/install/turtlebot3_gazebo/share/turtlebot3_gazebo//models/turtlebot3_autorace/traffic_light_green
[30.738s] -- Installing: /home/ubuntu/GAZEBO_SIM/ssafy_ws/src/install/turtlebot3_gazebo/share/turtlebot3_gazebo//models/turtlebot3_autorace/traffic_light_green/model.config
[30.738s] -- Installing: /home/ubuntu/GAZEBO_SIM/ssafy_ws/src/install/turtlebot3_gazebo/share/turtlebot3_gazebo//models/turtlebot3_autorace/traffic_light_green/model.sdf
[30.738s] -- Installing: /home/ubuntu/GAZEBO_SIM/ssafy_ws/src/install/turtlebot3_gazebo/share/turtlebot3_gazebo//models/turtlebot3_autorace/tunnel_wall
[30.738s] -- Installing: /home/ubuntu/GAZEBO_SIM/ssafy_ws/src/install/turtlebot3_gazebo/share/turtlebot3_gazebo//models/turtlebot3_autorace/tunnel_wall/model.config
[30.738s] -- Installing: /home/ubuntu/GAZEBO_SIM/ssafy_ws/src/install/turtlebot3_gazebo/share/turtlebot3_gazebo//models/turtlebot3_autorace/tunnel_wall/model.sdf
[30.738s] -- Installing: /home/ubuntu/GAZEBO_SIM/ssafy_ws/src/install/turtlebot3_gazebo/share/turtlebot3_gazebo//models/turtlebot3_autorace/traffic_bar_down
[30.738s] -- Installing: /home/ubuntu/GAZEBO_SIM/ssafy_ws/src/install/turtlebot3_gazebo/share/turtlebot3_gazebo//models/turtlebot3_autorace/traffic_bar_down/model.config
[30.738s] -- Installing: /home/ubuntu/GAZEBO_SIM/ssafy_ws/src/install/turtlebot3_gazebo/share/turtlebot3_gazebo//models/turtlebot3_autorace/traffic_bar_down/materials
[30.738s] -- Installing: /home/ubuntu/GAZEBO_SIM/ssafy_ws/src/install/turtlebot3_gazebo/share/turtlebot3_gazebo//models/turtlebot3_autorace/traffic_bar_down/materials/scripts
[30.738s] -- Installing: /home/ubuntu/GAZEBO_SIM/ssafy_ws/src/install/turtlebot3_gazebo/share/turtlebot3_gazebo//models/turtlebot3_autorace/traffic_bar_down/materials/scripts/traffic_bar.material
[30.738s] -- Installing: /home/ubuntu/GAZEBO_SIM/ssafy_ws/src/install/turtlebot3_gazebo/share/turtlebot3_gazebo//models/turtlebot3_autorace/traffic_bar_down/materials/textures
[30.738s] -- Installing: /home/ubuntu/GAZEBO_SIM/ssafy_ws/src/install/turtlebot3_gazebo/share/turtlebot3_gazebo//models/turtlebot3_autorace/traffic_bar_down/materials/textures/traffic_bar.png
[30.739s] -- Installing: /home/ubuntu/GAZEBO_SIM/ssafy_ws/src/install/turtlebot3_gazebo/share/turtlebot3_gazebo//models/turtlebot3_autorace/traffic_bar_down/model.sdf
[30.739s] -- Installing: /home/ubuntu/GAZEBO_SIM/ssafy_ws/src/install/turtlebot3_gazebo/share/turtlebot3_gazebo//models/turtlebot3_autorace/course
[30.739s] -- Installing: /home/ubuntu/GAZEBO_SIM/ssafy_ws/src/install/turtlebot3_gazebo/share/turtlebot3_gazebo//models/turtlebot3_autorace/course/model.config
[30.739s] -- Installing: /home/ubuntu/GAZEBO_SIM/ssafy_ws/src/install/turtlebot3_gazebo/share/turtlebot3_gazebo//models/turtlebot3_autorace/course/materials
[30.739s] -- Installing: /home/ubuntu/GAZEBO_SIM/ssafy_ws/src/install/turtlebot3_gazebo/share/turtlebot3_gazebo//models/turtlebot3_autorace/course/materials/scripts
[30.739s] -- Installing: /home/ubuntu/GAZEBO_SIM/ssafy_ws/src/install/turtlebot3_gazebo/share/turtlebot3_gazebo//models/turtlebot3_autorace/course/materials/scripts/course.material
[30.739s] -- Installing: /home/ubuntu/GAZEBO_SIM/ssafy_ws/src/install/turtlebot3_gazebo/share/turtlebot3_gazebo//models/turtlebot3_autorace/course/materials/textures
[30.739s] -- Installing: /home/ubuntu/GAZEBO_SIM/ssafy_ws/src/install/turtlebot3_gazebo/share/turtlebot3_gazebo//models/turtlebot3_autorace/course/materials/textures/course.png
[30.739s] -- Installing: /home/ubuntu/GAZEBO_SIM/ssafy_ws/src/install/turtlebot3_gazebo/share/turtlebot3_gazebo//models/turtlebot3_autorace/course/model.sdf
[30.739s] -- Installing: /home/ubuntu/GAZEBO_SIM/ssafy_ws/src/install/turtlebot3_gazebo/share/turtlebot3_gazebo//models/turtlebot3_autorace/traffic_light_red
[30.739s] -- Installing: /home/ubuntu/GAZEBO_SIM/ssafy_ws/src/install/turtlebot3_gazebo/share/turtlebot3_gazebo//models/turtlebot3_autorace/traffic_light_red/model.config
[30.739s] -- Installing: /home/ubuntu/GAZEBO_SIM/ssafy_ws/src/install/turtlebot3_gazebo/share/turtlebot3_gazebo//models/turtlebot3_autorace/traffic_light_red/model.sdf
[30.739s] -- Installing: /home/ubuntu/GAZEBO_SIM/ssafy_ws/src/install/turtlebot3_gazebo/share/turtlebot3_gazebo//models/turtlebot3_autorace/traffic_bar_up
[30.739s] -- Installing: /home/ubuntu/GAZEBO_SIM/ssafy_ws/src/install/turtlebot3_gazebo/share/turtlebot3_gazebo//models/turtlebot3_autorace/traffic_bar_up/model.config
[30.739s] -- Installing: /home/ubuntu/GAZEBO_SIM/ssafy_ws/src/install/turtlebot3_gazebo/share/turtlebot3_gazebo//models/turtlebot3_autorace/traffic_bar_up/materials
[30.739s] -- Installing: /home/ubuntu/GAZEBO_SIM/ssafy_ws/src/install/turtlebot3_gazebo/share/turtlebot3_gazebo//models/turtlebot3_autorace/traffic_bar_up/materials/scripts
[30.740s] -- Installing: /home/ubuntu/GAZEBO_SIM/ssafy_ws/src/install/turtlebot3_gazebo/share/turtlebot3_gazebo//models/turtlebot3_autorace/traffic_bar_up/materials/scripts/traffic_bar.material
[30.740s] -- Installing: /home/ubuntu/GAZEBO_SIM/ssafy_ws/src/install/turtlebot3_gazebo/share/turtlebot3_gazebo//models/turtlebot3_autorace/traffic_bar_up/materials/textures
[30.740s] -- Installing: /home/ubuntu/GAZEBO_SIM/ssafy_ws/src/install/turtlebot3_gazebo/share/turtlebot3_gazebo//models/turtlebot3_autorace/traffic_bar_up/materials/textures/traffic_bar.png
[30.740s] -- Installing: /home/ubuntu/GAZEBO_SIM/ssafy_ws/src/install/turtlebot3_gazebo/share/turtlebot3_gazebo//models/turtlebot3_autorace/traffic_bar_up/model.sdf
[30.740s] -- Installing: /home/ubuntu/GAZEBO_SIM/ssafy_ws/src/install/turtlebot3_gazebo/share/turtlebot3_gazebo//models/turtlebot3_autorace/traffic_light_yellow
[30.740s] -- Installing: /home/ubuntu/GAZEBO_SIM/ssafy_ws/src/install/turtlebot3_gazebo/share/turtlebot3_gazebo//models/turtlebot3_autorace/traffic_light_yellow/model.config
[30.740s] -- Installing: /home/ubuntu/GAZEBO_SIM/ssafy_ws/src/install/turtlebot3_gazebo/share/turtlebot3_gazebo//models/turtlebot3_autorace/traffic_light_yellow/model.sdf
[30.740s] -- Installing: /home/ubuntu/GAZEBO_SIM/ssafy_ws/src/install/turtlebot3_gazebo/share/turtlebot3_gazebo//models/turtlebot3_autorace/traffic_stop
[30.740s] -- Installing: /home/ubuntu/GAZEBO_SIM/ssafy_ws/src/install/turtlebot3_gazebo/share/turtlebot3_gazebo//models/turtlebot3_autorace/traffic_stop/model.config
[30.740s] -- Installing: /home/ubuntu/GAZEBO_SIM/ssafy_ws/src/install/turtlebot3_gazebo/share/turtlebot3_gazebo//models/turtlebot3_autorace/traffic_stop/materials
[30.740s] -- Installing: /home/ubuntu/GAZEBO_SIM/ssafy_ws/src/install/turtlebot3_gazebo/share/turtlebot3_gazebo//models/turtlebot3_autorace/traffic_stop/materials/scripts
[30.740s] -- Installing: /home/ubuntu/GAZEBO_SIM/ssafy_ws/src/install/turtlebot3_gazebo/share/turtlebot3_gazebo//models/turtlebot3_autorace/traffic_stop/materials/scripts/traffic_stop.material
[30.740s] -- Installing: /home/ubuntu/GAZEBO_SIM/ssafy_ws/src/install/turtlebot3_gazebo/share/turtlebot3_gazebo//models/turtlebot3_autorace/traffic_stop/materials/textures
[30.740s] -- Installing: /home/ubuntu/GAZEBO_SIM/ssafy_ws/src/install/turtlebot3_gazebo/share/turtlebot3_gazebo//models/turtlebot3_autorace/traffic_stop/materials/textures/traffic_stop.png
[30.740s] -- Installing: /home/ubuntu/GAZEBO_SIM/ssafy_ws/src/install/turtlebot3_gazebo/share/turtlebot3_gazebo//models/turtlebot3_autorace/traffic_stop/model.sdf
[30.740s] -- Installing: /home/ubuntu/GAZEBO_SIM/ssafy_ws/src/install/turtlebot3_gazebo/share/turtlebot3_gazebo//models/turtlebot3_autorace/traffic_parking
[30.740s] -- Installing: /home/ubuntu/GAZEBO_SIM/ssafy_ws/src/install/turtlebot3_gazebo/share/turtlebot3_gazebo//models/turtlebot3_autorace/traffic_parking/model.config
[30.740s] -- Installing: /home/ubuntu/GAZEBO_SIM/ssafy_ws/src/install/turtlebot3_gazebo/share/turtlebot3_gazebo//models/turtlebot3_autorace/traffic_parking/materials
[30.741s] -- Installing: /home/ubuntu/GAZEBO_SIM/ssafy_ws/src/install/turtlebot3_gazebo/share/turtlebot3_gazebo//models/turtlebot3_autorace/traffic_parking/materials/scripts
[30.741s] -- Installing: /home/ubuntu/GAZEBO_SIM/ssafy_ws/src/install/turtlebot3_gazebo/share/turtlebot3_gazebo//models/turtlebot3_autorace/traffic_parking/materials/scripts/traffic_parking.material
[30.741s] -- Installing: /home/ubuntu/GAZEBO_SIM/ssafy_ws/src/install/turtlebot3_gazebo/share/turtlebot3_gazebo//models/turtlebot3_autorace/traffic_parking/materials/textures
[30.741s] -- Installing: /home/ubuntu/GAZEBO_SIM/ssafy_ws/src/install/turtlebot3_gazebo/share/turtlebot3_gazebo//models/turtlebot3_autorace/traffic_parking/materials/textures/traffic_parking.png
[30.741s] -- Installing: /home/ubuntu/GAZEBO_SIM/ssafy_ws/src/install/turtlebot3_gazebo/share/turtlebot3_gazebo//models/turtlebot3_autorace/traffic_parking/model.sdf
[30.741s] -- Installing: /home/ubuntu/GAZEBO_SIM/ssafy_ws/src/install/turtlebot3_gazebo/share/turtlebot3_gazebo//models/turtlebot3_house
[30.741s] -- Installing: /home/ubuntu/GAZEBO_SIM/ssafy_ws/src/install/turtlebot3_gazebo/share/turtlebot3_gazebo//models/turtlebot3_house/model.config
[30.741s] -- Installing: /home/ubuntu/GAZEBO_SIM/ssafy_ws/src/install/turtlebot3_gazebo/share/turtlebot3_gazebo//models/turtlebot3_house/model.sdf
[30.741s] -- Installing: /home/ubuntu/GAZEBO_SIM/ssafy_ws/src/install/turtlebot3_gazebo/share/turtlebot3_gazebo//models/turtlebot3_burger_velodyne_0
[30.741s] -- Installing: /home/ubuntu/GAZEBO_SIM/ssafy_ws/src/install/turtlebot3_gazebo/share/turtlebot3_gazebo//models/turtlebot3_burger_velodyne_0/model.config
[30.741s] -- Installing: /home/ubuntu/GAZEBO_SIM/ssafy_ws/src/install/turtlebot3_gazebo/share/turtlebot3_gazebo//models/turtlebot3_burger_velodyne_0/meshes_dae
[30.741s] -- Installing: /home/ubuntu/GAZEBO_SIM/ssafy_ws/src/install/turtlebot3_gazebo/share/turtlebot3_gazebo//models/turtlebot3_burger_velodyne_0/meshes_dae/left_tire.dae
[30.743s] -- Installing: /home/ubuntu/GAZEBO_SIM/ssafy_ws/src/install/turtlebot3_gazebo/share/turtlebot3_gazebo//models/turtlebot3_burger_velodyne_0/meshes_dae/burger_base.dae
[30.749s] -- Installing: /home/ubuntu/GAZEBO_SIM/ssafy_ws/src/install/turtlebot3_gazebo/share/turtlebot3_gazebo//models/turtlebot3_burger_velodyne_0/meshes_dae/lds.dae
[30.750s] -- Installing: /home/ubuntu/GAZEBO_SIM/ssafy_ws/src/install/turtlebot3_gazebo/share/turtlebot3_gazebo//models/turtlebot3_burger_velodyne_0/meshes_dae/right_tire.dae
[30.752s] -- Installing: /home/ubuntu/GAZEBO_SIM/ssafy_ws/src/install/turtlebot3_gazebo/share/turtlebot3_gazebo//models/turtlebot3_burger_velodyne_0/meshes
[30.752s] -- Installing: /home/ubuntu/GAZEBO_SIM/ssafy_ws/src/install/turtlebot3_gazebo/share/turtlebot3_gazebo//models/turtlebot3_burger_velodyne_0/meshes/lds.stl
[30.753s] -- Installing: /home/ubuntu/GAZEBO_SIM/ssafy_ws/src/install/turtlebot3_gazebo/share/turtlebot3_gazebo//models/turtlebot3_burger_velodyne_0/meshes/left_tire.stl
[30.753s] -- Installing: /home/ubuntu/GAZEBO_SIM/ssafy_ws/src/install/turtlebot3_gazebo/share/turtlebot3_gazebo//models/turtlebot3_burger_velodyne_0/meshes/right_tire.stl
[30.754s] -- Installing: /home/ubuntu/GAZEBO_SIM/ssafy_ws/src/install/turtlebot3_gazebo/share/turtlebot3_gazebo//models/turtlebot3_burger_velodyne_0/meshes/burger_base.stl
[30.757s] -- Installing: /home/ubuntu/GAZEBO_SIM/ssafy_ws/src/install/turtlebot3_gazebo/share/turtlebot3_gazebo//models/turtlebot3_burger_velodyne_0/model.sdf
[30.757s] -- Installing: /home/ubuntu/GAZEBO_SIM/ssafy_ws/src/install/turtlebot3_gazebo/share/turtlebot3_gazebo//models/ssafy_model
[30.757s] -- Installing: /home/ubuntu/GAZEBO_SIM/ssafy_ws/src/install/turtlebot3_gazebo/share/turtlebot3_gazebo//models/ssafy_model/model.config
[30.757s] -- Installing: /home/ubuntu/GAZEBO_SIM/ssafy_ws/src/install/turtlebot3_gazebo/share/turtlebot3_gazebo//models/ssafy_model/meshes_dae
[30.757s] -- Installing: /home/ubuntu/GAZEBO_SIM/ssafy_ws/src/install/turtlebot3_gazebo/share/turtlebot3_gazebo//models/ssafy_model/meshes_dae/left_tire.dae
[30.759s] -- Installing: /home/ubuntu/GAZEBO_SIM/ssafy_ws/src/install/turtlebot3_gazebo/share/turtlebot3_gazebo//models/ssafy_model/meshes_dae/burger_base.dae
[30.765s] -- Installing: /home/ubuntu/GAZEBO_SIM/ssafy_ws/src/install/turtlebot3_gazebo/share/turtlebot3_gazebo//models/ssafy_model/meshes_dae/lds.dae
[30.766s] -- Installing: /home/ubuntu/GAZEBO_SIM/ssafy_ws/src/install/turtlebot3_gazebo/share/turtlebot3_gazebo//models/ssafy_model/meshes_dae/right_tire.dae
[30.768s] -- Installing: /home/ubuntu/GAZEBO_SIM/ssafy_ws/src/install/turtlebot3_gazebo/share/turtlebot3_gazebo//models/ssafy_model/meshes
[30.768s] -- Installing: /home/ubuntu/GAZEBO_SIM/ssafy_ws/src/install/turtlebot3_gazebo/share/turtlebot3_gazebo//models/ssafy_model/meshes/lds.stl
[30.768s] -- Installing: /home/ubuntu/GAZEBO_SIM/ssafy_ws/src/install/turtlebot3_gazebo/share/turtlebot3_gazebo//models/ssafy_model/meshes/left_tire.stl
[30.769s] -- Installing: /home/ubuntu/GAZEBO_SIM/ssafy_ws/src/install/turtlebot3_gazebo/share/turtlebot3_gazebo//models/ssafy_model/meshes/right_tire.stl
[30.770s] -- Installing: /home/ubuntu/GAZEBO_SIM/ssafy_ws/src/install/turtlebot3_gazebo/share/turtlebot3_gazebo//models/ssafy_model/meshes/burger_base.stl
[30.773s] -- Installing: /home/ubuntu/GAZEBO_SIM/ssafy_ws/src/install/turtlebot3_gazebo/share/turtlebot3_gazebo//models/ssafy_model/model.sdf
[30.773s] -- Installing: /home/ubuntu/GAZEBO_SIM/ssafy_ws/src/install/turtlebot3_gazebo/share/turtlebot3_gazebo//models/turtlebot3_burger_0
[30.773s] -- Installing: /home/ubuntu/GAZEBO_SIM/ssafy_ws/src/install/turtlebot3_gazebo/share/turtlebot3_gazebo//models/turtlebot3_burger_0/model-1_4.sdf
[30.773s] -- Installing: /home/ubuntu/GAZEBO_SIM/ssafy_ws/src/install/turtlebot3_gazebo/share/turtlebot3_gazebo//models/turtlebot3_burger_0/model.config
[30.773s] -- Installing: /home/ubuntu/GAZEBO_SIM/ssafy_ws/src/install/turtlebot3_gazebo/share/turtlebot3_gazebo//models/turtlebot3_burger_0/meshes_dae
[30.773s] -- Installing: /home/ubuntu/GAZEBO_SIM/ssafy_ws/src/install/turtlebot3_gazebo/share/turtlebot3_gazebo//models/turtlebot3_burger_0/meshes_dae/left_tire.dae
[30.775s] -- Installing: /home/ubuntu/GAZEBO_SIM/ssafy_ws/src/install/turtlebot3_gazebo/share/turtlebot3_gazebo//models/turtlebot3_burger_0/meshes_dae/burger_base.dae
[30.781s] -- Installing: /home/ubuntu/GAZEBO_SIM/ssafy_ws/src/install/turtlebot3_gazebo/share/turtlebot3_gazebo//models/turtlebot3_burger_0/meshes_dae/lds.dae
[30.782s] -- Installing: /home/ubuntu/GAZEBO_SIM/ssafy_ws/src/install/turtlebot3_gazebo/share/turtlebot3_gazebo//models/turtlebot3_burger_0/meshes_dae/right_tire.dae
[30.784s] -- Installing: /home/ubuntu/GAZEBO_SIM/ssafy_ws/src/install/turtlebot3_gazebo/share/turtlebot3_gazebo//models/turtlebot3_burger_0/meshes
[30.784s] -- Installing: /home/ubuntu/GAZEBO_SIM/ssafy_ws/src/install/turtlebot3_gazebo/share/turtlebot3_gazebo//models/turtlebot3_burger_0/meshes/lds.stl
[30.784s] -- Installing: /home/ubuntu/GAZEBO_SIM/ssafy_ws/src/install/turtlebot3_gazebo/share/turtlebot3_gazebo//models/turtlebot3_burger_0/meshes/left_tire.stl
[30.785s] -- Installing: /home/ubuntu/GAZEBO_SIM/ssafy_ws/src/install/turtlebot3_gazebo/share/turtlebot3_gazebo//models/turtlebot3_burger_0/meshes/right_tire.stl
[30.785s] -- Installing: /home/ubuntu/GAZEBO_SIM/ssafy_ws/src/install/turtlebot3_gazebo/share/turtlebot3_gazebo//models/turtlebot3_burger_0/meshes/burger_base.stl
[30.788s] -- Installing: /home/ubuntu/GAZEBO_SIM/ssafy_ws/src/install/turtlebot3_gazebo/share/turtlebot3_gazebo//models/turtlebot3_burger_0/model.sdf
[30.788s] -- Installing: /home/ubuntu/GAZEBO_SIM/ssafy_ws/src/install/turtlebot3_gazebo/share/turtlebot3_gazebo//models/turtlebot3_waffle
[30.788s] -- Installing: /home/ubuntu/GAZEBO_SIM/ssafy_ws/src/install/turtlebot3_gazebo/share/turtlebot3_gazebo//models/turtlebot3_waffle/model-1_4.sdf
[30.789s] -- Installing: /home/ubuntu/GAZEBO_SIM/ssafy_ws/src/install/turtlebot3_gazebo/share/turtlebot3_gazebo//models/turtlebot3_waffle/model.config
[30.789s] -- Installing: /home/ubuntu/GAZEBO_SIM/ssafy_ws/src/install/turtlebot3_gazebo/share/turtlebot3_gazebo//models/turtlebot3_waffle/meshes
[30.789s] -- Installing: /home/ubuntu/GAZEBO_SIM/ssafy_ws/src/install/turtlebot3_gazebo/share/turtlebot3_gazebo//models/turtlebot3_waffle/meshes/r200.dae
[30.789s] -- Installing: /home/ubuntu/GAZEBO_SIM/ssafy_ws/src/install/turtlebot3_gazebo/share/turtlebot3_gazebo//models/turtlebot3_waffle/meshes/waffle_base.dae
[30.789s] -- Installing: /home/ubuntu/GAZEBO_SIM/ssafy_ws/src/install/turtlebot3_gazebo/share/turtlebot3_gazebo//models/turtlebot3_waffle/meshes/lds.dae
[30.789s] -- Installing: /home/ubuntu/GAZEBO_SIM/ssafy_ws/src/install/turtlebot3_gazebo/share/turtlebot3_gazebo//models/turtlebot3_waffle/meshes/tire.dae
[30.789s] -- Installing: /home/ubuntu/GAZEBO_SIM/ssafy_ws/src/install/turtlebot3_gazebo/share/turtlebot3_gazebo//models/turtlebot3_waffle/model.sdf
[30.789s] -- Installing: /home/ubuntu/GAZEBO_SIM/ssafy_ws/src/install/turtlebot3_gazebo/share/turtlebot3_gazebo//models/velodyne_description
[30.789s] -- Installing: /home/ubuntu/GAZEBO_SIM/ssafy_ws/src/install/turtlebot3_gazebo/share/turtlebot3_gazebo//models/velodyne_description/world
[30.789s] -- Installing: /home/ubuntu/GAZEBO_SIM/ssafy_ws/src/install/turtlebot3_gazebo/share/turtlebot3_gazebo//models/velodyne_description/world/example.world
[30.789s] -- Installing: /home/ubuntu/GAZEBO_SIM/ssafy_ws/src/install/turtlebot3_gazebo/share/turtlebot3_gazebo//models/velodyne_description/package.xml
[30.789s] -- Installing: /home/ubuntu/GAZEBO_SIM/ssafy_ws/src/install/turtlebot3_gazebo/share/turtlebot3_gazebo//models/velodyne_description/urdf
[30.789s] -- Installing: /home/ubuntu/GAZEBO_SIM/ssafy_ws/src/install/turtlebot3_gazebo/share/turtlebot3_gazebo//models/velodyne_description/urdf/example.urdf.xacro
[30.789s] -- Installing: /home/ubuntu/GAZEBO_SIM/ssafy_ws/src/install/turtlebot3_gazebo/share/turtlebot3_gazebo//models/velodyne_description/urdf/VLP-16.urdf.xacro
[30.789s] -- Installing: /home/ubuntu/GAZEBO_SIM/ssafy_ws/src/install/turtlebot3_gazebo/share/turtlebot3_gazebo//models/velodyne_description/urdf/HDL-32E.urdf.xacro
[30.789s] -- Installing: /home/ubuntu/GAZEBO_SIM/ssafy_ws/src/install/turtlebot3_gazebo/share/turtlebot3_gazebo//models/velodyne_description/CMakeLists.txt
[30.789s] -- Installing: /home/ubuntu/GAZEBO_SIM/ssafy_ws/src/install/turtlebot3_gazebo/share/turtlebot3_gazebo//models/velodyne_description/env-hooks
[30.789s] -- Installing: /home/ubuntu/GAZEBO_SIM/ssafy_ws/src/install/turtlebot3_gazebo/share/turtlebot3_gazebo//models/velodyne_description/env-hooks/velodyne_description.dsv.in
[30.789s] -- Installing: /home/ubuntu/GAZEBO_SIM/ssafy_ws/src/install/turtlebot3_gazebo/share/turtlebot3_gazebo//models/velodyne_description/launch
[30.789s] -- Installing: /home/ubuntu/GAZEBO_SIM/ssafy_ws/src/install/turtlebot3_gazebo/share/turtlebot3_gazebo//models/velodyne_description/launch/example.launch.py
[30.789s] -- Installing: /home/ubuntu/GAZEBO_SIM/ssafy_ws/src/install/turtlebot3_gazebo/share/turtlebot3_gazebo//models/velodyne_description/meshes
[30.790s] -- Installing: /home/ubuntu/GAZEBO_SIM/ssafy_ws/src/install/turtlebot3_gazebo/share/turtlebot3_gazebo//models/velodyne_description/meshes/VLP16_base_2.stl
[30.790s] -- Installing: /home/ubuntu/GAZEBO_SIM/ssafy_ws/src/install/turtlebot3_gazebo/share/turtlebot3_gazebo//models/velodyne_description/meshes/VLP16_base_1.dae
[30.790s] -- Installing: /home/ubuntu/GAZEBO_SIM/ssafy_ws/src/install/turtlebot3_gazebo/share/turtlebot3_gazebo//models/velodyne_description/meshes/HDL32E_scan.dae
[30.790s] -- Installing: /home/ubuntu/GAZEBO_SIM/ssafy_ws/src/install/turtlebot3_gazebo/share/turtlebot3_gazebo//models/velodyne_description/meshes/VLP16_scan.dae
[30.790s] -- Installing: /home/ubuntu/GAZEBO_SIM/ssafy_ws/src/install/turtlebot3_gazebo/share/turtlebot3_gazebo//models/velodyne_description/meshes/HDL32E_base.stl
[30.790s] -- Installing: /home/ubuntu/GAZEBO_SIM/ssafy_ws/src/install/turtlebot3_gazebo/share/turtlebot3_gazebo//models/velodyne_description/meshes/HDL32E_base.dae
[30.790s] -- Installing: /home/ubuntu/GAZEBO_SIM/ssafy_ws/src/install/turtlebot3_gazebo/share/turtlebot3_gazebo//models/velodyne_description/meshes/HDL32E_scan.stl
[30.790s] -- Installing: /home/ubuntu/GAZEBO_SIM/ssafy_ws/src/install/turtlebot3_gazebo/share/turtlebot3_gazebo//models/velodyne_description/meshes/VLP16_base_2.dae
[30.790s] -- Installing: /home/ubuntu/GAZEBO_SIM/ssafy_ws/src/install/turtlebot3_gazebo/share/turtlebot3_gazebo//models/velodyne_description/meshes/VLP16_scan.stl
[30.791s] -- Installing: /home/ubuntu/GAZEBO_SIM/ssafy_ws/src/install/turtlebot3_gazebo/share/turtlebot3_gazebo//models/velodyne_description/meshes/VLP16_base_1.stl
[30.791s] -- Installing: /home/ubuntu/GAZEBO_SIM/ssafy_ws/src/install/turtlebot3_gazebo/share/turtlebot3_gazebo//models/velodyne_description/rviz
[30.791s] -- Installing: /home/ubuntu/GAZEBO_SIM/ssafy_ws/src/install/turtlebot3_gazebo/share/turtlebot3_gazebo//models/velodyne_description/rviz/example.rviz
[30.791s] -- Installing: /home/ubuntu/GAZEBO_SIM/ssafy_ws/src/install/turtlebot3_gazebo/share/turtlebot3_gazebo//models/velodyne_description/CHANGELOG.rst
[30.791s] -- Installing: /home/ubuntu/GAZEBO_SIM/ssafy_ws/src/install/turtlebot3_gazebo/share/turtlebot3_gazebo//models/turtlebot3_waffle_pi
[30.791s] -- Installing: /home/ubuntu/GAZEBO_SIM/ssafy_ws/src/install/turtlebot3_gazebo/share/turtlebot3_gazebo//models/turtlebot3_waffle_pi/model.config
[30.791s] -- Installing: /home/ubuntu/GAZEBO_SIM/ssafy_ws/src/install/turtlebot3_gazebo/share/turtlebot3_gazebo//models/turtlebot3_waffle_pi/model-1_4_.sdf
[30.791s] -- Installing: /home/ubuntu/GAZEBO_SIM/ssafy_ws/src/install/turtlebot3_gazebo/share/turtlebot3_gazebo//models/turtlebot3_waffle_pi/meshes
[30.791s] -- Installing: /home/ubuntu/GAZEBO_SIM/ssafy_ws/src/install/turtlebot3_gazebo/share/turtlebot3_gazebo//models/turtlebot3_waffle_pi/meshes/lds.dae
[30.791s] -- Installing: /home/ubuntu/GAZEBO_SIM/ssafy_ws/src/install/turtlebot3_gazebo/share/turtlebot3_gazebo//models/turtlebot3_waffle_pi/meshes/tire.dae
[30.791s] -- Installing: /home/ubuntu/GAZEBO_SIM/ssafy_ws/src/install/turtlebot3_gazebo/share/turtlebot3_gazebo//models/turtlebot3_waffle_pi/meshes/waffle_pi_base.dae
[30.791s] -- Installing: /home/ubuntu/GAZEBO_SIM/ssafy_ws/src/install/turtlebot3_gazebo/share/turtlebot3_gazebo//models/turtlebot3_waffle_pi/model.sdf
[30.791s] -- Installing: /home/ubuntu/GAZEBO_SIM/ssafy_ws/src/install/turtlebot3_gazebo/share/turtlebot3_gazebo//models/turtlebot3_world
[30.791s] -- Installing: /home/ubuntu/GAZEBO_SIM/ssafy_ws/src/install/turtlebot3_gazebo/share/turtlebot3_gazebo//models/turtlebot3_world/model-1_4.sdf
[30.791s] -- Installing: /home/ubuntu/GAZEBO_SIM/ssafy_ws/src/install/turtlebot3_gazebo/share/turtlebot3_gazebo//models/turtlebot3_world/model.config
[30.792s] -- Installing: /home/ubuntu/GAZEBO_SIM/ssafy_ws/src/install/turtlebot3_gazebo/share/turtlebot3_gazebo//models/turtlebot3_world/meshes
[30.792s] -- Installing: /home/ubuntu/GAZEBO_SIM/ssafy_ws/src/install/turtlebot3_gazebo/share/turtlebot3_gazebo//models/turtlebot3_world/meshes/hexagon.dae
[30.792s] -- Installing: /home/ubuntu/GAZEBO_SIM/ssafy_ws/src/install/turtlebot3_gazebo/share/turtlebot3_gazebo//models/turtlebot3_world/meshes/wall.dae
[30.792s] -- Installing: /home/ubuntu/GAZEBO_SIM/ssafy_ws/src/install/turtlebot3_gazebo/share/turtlebot3_gazebo//models/turtlebot3_world/model.sdf
[30.792s] -- Installing: /home/ubuntu/GAZEBO_SIM/ssafy_ws/src/install/turtlebot3_gazebo/share/turtlebot3_gazebo//models/turtlebot3_room
[30.792s] -- Installing: /home/ubuntu/GAZEBO_SIM/ssafy_ws/src/install/turtlebot3_gazebo/share/turtlebot3_gazebo//models/turtlebot3_room/troom.blend1
[30.793s] -- Installing: /home/ubuntu/GAZEBO_SIM/ssafy_ws/src/install/turtlebot3_gazebo/share/turtlebot3_gazebo//models/turtlebot3_room/model.config
[30.793s] -- Installing: /home/ubuntu/GAZEBO_SIM/ssafy_ws/src/install/turtlebot3_gazebo/share/turtlebot3_gazebo//models/turtlebot3_room/troom.blend
[30.793s] -- Installing: /home/ubuntu/GAZEBO_SIM/ssafy_ws/src/install/turtlebot3_gazebo/share/turtlebot3_gazebo//models/turtlebot3_room/meshes
[30.793s] -- Installing: /home/ubuntu/GAZEBO_SIM/ssafy_ws/src/install/turtlebot3_gazebo/share/turtlebot3_gazebo//models/turtlebot3_room/meshes/hexagon.dae
[30.793s] -- Installing: /home/ubuntu/GAZEBO_SIM/ssafy_ws/src/install/turtlebot3_gazebo/share/turtlebot3_gazebo//models/turtlebot3_room/meshes/turtleroom.dae
[30.793s] -- Installing: /home/ubuntu/GAZEBO_SIM/ssafy_ws/src/install/turtlebot3_gazebo/share/turtlebot3_gazebo//models/turtlebot3_room/meshes/wall.dae
[30.794s] -- Installing: /home/ubuntu/GAZEBO_SIM/ssafy_ws/src/install/turtlebot3_gazebo/share/turtlebot3_gazebo//models/turtlebot3_room/model.sdf
[30.794s] -- Installing: /home/ubuntu/GAZEBO_SIM/ssafy_ws/src/install/turtlebot3_gazebo/share/turtlebot3_gazebo//models/turtlebot3_burger_velodyne
[30.794s] -- Installing: /home/ubuntu/GAZEBO_SIM/ssafy_ws/src/install/turtlebot3_gazebo/share/turtlebot3_gazebo//models/turtlebot3_burger_velodyne/model.config
[30.794s] -- Installing: /home/ubuntu/GAZEBO_SIM/ssafy_ws/src/install/turtlebot3_gazebo/share/turtlebot3_gazebo//models/turtlebot3_burger_velodyne/meshes_dae
[30.794s] -- Installing: /home/ubuntu/GAZEBO_SIM/ssafy_ws/src/install/turtlebot3_gazebo/share/turtlebot3_gazebo//models/turtlebot3_burger_velodyne/meshes_dae/left_tire.dae
[30.796s] -- Installing: /home/ubuntu/GAZEBO_SIM/ssafy_ws/src/install/turtlebot3_gazebo/share/turtlebot3_gazebo//models/turtlebot3_burger_velodyne/meshes_dae/burger_base.dae
[30.802s] -- Installing: /home/ubuntu/GAZEBO_SIM/ssafy_ws/src/install/turtlebot3_gazebo/share/turtlebot3_gazebo//models/turtlebot3_burger_velodyne/meshes_dae/lds.dae
[30.803s] -- Installing: /home/ubuntu/GAZEBO_SIM/ssafy_ws/src/install/turtlebot3_gazebo/share/turtlebot3_gazebo//models/turtlebot3_burger_velodyne/meshes_dae/right_tire.dae
[30.804s] -- Installing: /home/ubuntu/GAZEBO_SIM/ssafy_ws/src/install/turtlebot3_gazebo/share/turtlebot3_gazebo//models/turtlebot3_burger_velodyne/meshes
[30.805s] -- Installing: /home/ubuntu/GAZEBO_SIM/ssafy_ws/src/install/turtlebot3_gazebo/share/turtlebot3_gazebo//models/turtlebot3_burger_velodyne/meshes/lds.stl
[30.805s] -- Installing: /home/ubuntu/GAZEBO_SIM/ssafy_ws/src/install/turtlebot3_gazebo/share/turtlebot3_gazebo//models/turtlebot3_burger_velodyne/meshes/left_tire.stl
[30.806s] -- Installing: /home/ubuntu/GAZEBO_SIM/ssafy_ws/src/install/turtlebot3_gazebo/share/turtlebot3_gazebo//models/turtlebot3_burger_velodyne/meshes/right_tire.stl
[30.806s] -- Installing: /home/ubuntu/GAZEBO_SIM/ssafy_ws/src/install/turtlebot3_gazebo/share/turtlebot3_gazebo//models/turtlebot3_burger_velodyne/meshes/burger_base.stl
[30.809s] -- Installing: /home/ubuntu/GAZEBO_SIM/ssafy_ws/src/install/turtlebot3_gazebo/share/turtlebot3_gazebo//models/turtlebot3_burger_velodyne/model.sdf
[30.809s] -- Installing: /home/ubuntu/GAZEBO_SIM/ssafy_ws/src/install/turtlebot3_gazebo/share/turtlebot3_gazebo//rviz
[30.809s] -- Installing: /home/ubuntu/GAZEBO_SIM/ssafy_ws/src/install/turtlebot3_gazebo/share/turtlebot3_gazebo//rviz/tb3_gazebo.rviz
[30.809s] -- Installing: /home/ubuntu/GAZEBO_SIM/ssafy_ws/src/install/turtlebot3_gazebo/share/turtlebot3_gazebo//worlds
[30.809s] -- Installing: /home/ubuntu/GAZEBO_SIM/ssafy_ws/src/install/turtlebot3_gazebo/share/turtlebot3_gazebo//worlds/empty_worlds
[30.809s] -- Installing: /home/ubuntu/GAZEBO_SIM/ssafy_ws/src/install/turtlebot3_gazebo/share/turtlebot3_gazebo//worlds/empty_worlds/waffle_pi.model
[30.809s] -- Installing: /home/ubuntu/GAZEBO_SIM/ssafy_ws/src/install/turtlebot3_gazebo/share/turtlebot3_gazebo//worlds/empty_worlds/burger.model
[30.809s] -- Installing: /home/ubuntu/GAZEBO_SIM/ssafy_ws/src/install/turtlebot3_gazebo/share/turtlebot3_gazebo//worlds/empty_worlds/waffle.model
[30.809s] -- Installing: /home/ubuntu/GAZEBO_SIM/ssafy_ws/src/install/turtlebot3_gazebo/share/turtlebot3_gazebo//worlds/turtlebot3_velodyne_robots.world
[30.810s] -- Installing: /home/ubuntu/GAZEBO_SIM/ssafy_ws/src/install/turtlebot3_gazebo/share/turtlebot3_gazebo//worlds/turtlebot3_tc_robots.world
[30.810s] -- Installing: /home/ubuntu/GAZEBO_SIM/ssafy_ws/src/install/turtlebot3_gazebo/share/turtlebot3_gazebo//worlds/turtlebot3_dqn_stage1
[30.810s] -- Installing: /home/ubuntu/GAZEBO_SIM/ssafy_ws/src/install/turtlebot3_gazebo/share/turtlebot3_gazebo//worlds/turtlebot3_dqn_stage1/waffle_pi.model
[30.810s] -- Installing: /home/ubuntu/GAZEBO_SIM/ssafy_ws/src/install/turtlebot3_gazebo/share/turtlebot3_gazebo//worlds/turtlebot3_dqn_stage1/burger.model
[30.810s] -- Installing: /home/ubuntu/GAZEBO_SIM/ssafy_ws/src/install/turtlebot3_gazebo/share/turtlebot3_gazebo//worlds/turtlebot3_dqn_stage1/waffle.model
[30.810s] -- Installing: /home/ubuntu/GAZEBO_SIM/ssafy_ws/src/install/turtlebot3_gazebo/share/turtlebot3_gazebo//worlds/turtlebot3_houses
[30.810s] -- Installing: /home/ubuntu/GAZEBO_SIM/ssafy_ws/src/install/turtlebot3_gazebo/share/turtlebot3_gazebo//worlds/turtlebot3_houses/waffle_pi.model
[30.810s] -- Installing: /home/ubuntu/GAZEBO_SIM/ssafy_ws/src/install/turtlebot3_gazebo/share/turtlebot3_gazebo//worlds/turtlebot3_houses/burger.model
[30.810s] -- Installing: /home/ubuntu/GAZEBO_SIM/ssafy_ws/src/install/turtlebot3_gazebo/share/turtlebot3_gazebo//worlds/turtlebot3_houses/waffle.model
[30.810s] -- Installing: /home/ubuntu/GAZEBO_SIM/ssafy_ws/src/install/turtlebot3_gazebo/share/turtlebot3_gazebo//worlds/turtlebot3_worlds
[30.810s] -- Installing: /home/ubuntu/GAZEBO_SIM/ssafy_ws/src/install/turtlebot3_gazebo/share/turtlebot3_gazebo//worlds/turtlebot3_worlds/waffle_pi.model
[30.810s] -- Installing: /home/ubuntu/GAZEBO_SIM/ssafy_ws/src/install/turtlebot3_gazebo/share/turtlebot3_gazebo//worlds/turtlebot3_worlds/burger.model
[30.810s] -- Installing: /home/ubuntu/GAZEBO_SIM/ssafy_ws/src/install/turtlebot3_gazebo/share/turtlebot3_gazebo//worlds/turtlebot3_worlds/waffle.model
[30.810s] -- Installing: /home/ubuntu/GAZEBO_SIM/ssafy_ws/src/install/turtlebot3_gazebo/share/turtlebot3_gazebo//worlds/turtlebot3_autoraces
[30.810s] -- Installing: /home/ubuntu/GAZEBO_SIM/ssafy_ws/src/install/turtlebot3_gazebo/share/turtlebot3_gazebo//worlds/turtlebot3_autoraces/waffle_pi.model
[30.810s] -- Installing: /home/ubuntu/GAZEBO_SIM/ssafy_ws/src/install/turtlebot3_gazebo/share/turtlebot3_gazebo//worlds/turtlebot3_autoraces/burger.model
[30.810s] -- Installing: /home/ubuntu/GAZEBO_SIM/ssafy_ws/src/install/turtlebot3_gazebo/share/turtlebot3_gazebo//worlds/turtlebot3_autoraces/waffle.model
[30.810s] -- Installing: /home/ubuntu/GAZEBO_SIM/ssafy_ws/src/install/turtlebot3_gazebo/share/turtlebot3_gazebo//worlds/turtlebot3_dqn_stage3
[30.810s] -- Installing: /home/ubuntu/GAZEBO_SIM/ssafy_ws/src/install/turtlebot3_gazebo/share/turtlebot3_gazebo//worlds/turtlebot3_dqn_stage3/waffle_pi.model
[30.810s] -- Installing: /home/ubuntu/GAZEBO_SIM/ssafy_ws/src/install/turtlebot3_gazebo/share/turtlebot3_gazebo//worlds/turtlebot3_dqn_stage3/burger.model
[30.810s] -- Installing: /home/ubuntu/GAZEBO_SIM/ssafy_ws/src/install/turtlebot3_gazebo/share/turtlebot3_gazebo//worlds/turtlebot3_dqn_stage3/waffle.model
[30.811s] -- Installing: /home/ubuntu/GAZEBO_SIM/ssafy_ws/src/install/turtlebot3_gazebo/share/turtlebot3_gazebo//worlds/turtlebot3_tc_two_robots_velodyne.world
[30.811s] -- Installing: /home/ubuntu/GAZEBO_SIM/ssafy_ws/src/install/turtlebot3_gazebo/share/turtlebot3_gazebo//worlds/turtlebot3_tc_two_robots.world
[30.811s] -- Installing: /home/ubuntu/GAZEBO_SIM/ssafy_ws/src/install/turtlebot3_gazebo/share/turtlebot3_gazebo//worlds/example.world
[30.811s] -- Installing: /home/ubuntu/GAZEBO_SIM/ssafy_ws/src/install/turtlebot3_gazebo/share/turtlebot3_gazebo//worlds/turtlebot3_dqn_stage4
[30.811s] -- Installing: /home/ubuntu/GAZEBO_SIM/ssafy_ws/src/install/turtlebot3_gazebo/share/turtlebot3_gazebo//worlds/turtlebot3_dqn_stage4/waffle_pi.model
[30.811s] -- Installing: /home/ubuntu/GAZEBO_SIM/ssafy_ws/src/install/turtlebot3_gazebo/share/turtlebot3_gazebo//worlds/turtlebot3_dqn_stage4/burger.model
[30.811s] -- Installing: /home/ubuntu/GAZEBO_SIM/ssafy_ws/src/install/turtlebot3_gazebo/share/turtlebot3_gazebo//worlds/turtlebot3_dqn_stage4/waffle.model
[30.811s] -- Installing: /home/ubuntu/GAZEBO_SIM/ssafy_ws/src/install/turtlebot3_gazebo/share/turtlebot3_gazebo//worlds/turtlebot3_dqn_stage2
[30.811s] -- Installing: /home/ubuntu/GAZEBO_SIM/ssafy_ws/src/install/turtlebot3_gazebo/share/turtlebot3_gazebo//worlds/turtlebot3_dqn_stage2/waffle_pi.model
[30.811s] -- Installing: /home/ubuntu/GAZEBO_SIM/ssafy_ws/src/install/turtlebot3_gazebo/share/turtlebot3_gazebo//worlds/turtlebot3_dqn_stage2/burger.model
[30.811s] -- Installing: /home/ubuntu/GAZEBO_SIM/ssafy_ws/src/install/turtlebot3_gazebo/share/turtlebot3_gazebo//worlds/turtlebot3_dqn_stage2/waffle.model
[30.811s] -- Installing: /home/ubuntu/GAZEBO_SIM/ssafy_ws/src/install/turtlebot3_gazebo/share/turtlebot3_gazebo//urdf
[30.811s] -- Installing: /home/ubuntu/GAZEBO_SIM/ssafy_ws/src/install/turtlebot3_gazebo/share/turtlebot3_gazebo//urdf/turtlebot3_burger.urdf
[30.811s] -- Installing: /home/ubuntu/GAZEBO_SIM/ssafy_ws/src/install/turtlebot3_gazebo/share/turtlebot3_gazebo//urdf/turtlebot3_velodyne_burger.urdf
[30.811s] -- Installing: /home/ubuntu/GAZEBO_SIM/ssafy_ws/src/install/turtlebot3_gazebo/include/
[30.812s] -- Installing: /home/ubuntu/GAZEBO_SIM/ssafy_ws/src/install/turtlebot3_gazebo/include//turtlebot3_gazebo
[30.812s] -- Installing: /home/ubuntu/GAZEBO_SIM/ssafy_ws/src/install/turtlebot3_gazebo/include//turtlebot3_gazebo/turtlebot3_drive.hpp
[30.812s] -- Installing: /home/ubuntu/GAZEBO_SIM/ssafy_ws/src/install/turtlebot3_gazebo/share/ament_index/resource_index/package_run_dependencies/turtlebot3_gazebo
[30.812s] -- Installing: /home/ubuntu/GAZEBO_SIM/ssafy_ws/src/install/turtlebot3_gazebo/share/ament_index/resource_index/parent_prefix_path/turtlebot3_gazebo
[30.812s] -- Installing: /home/ubuntu/GAZEBO_SIM/ssafy_ws/src/install/turtlebot3_gazebo/share/turtlebot3_gazebo/environment/ament_prefix_path.sh
[30.812s] -- Installing: /home/ubuntu/GAZEBO_SIM/ssafy_ws/src/install/turtlebot3_gazebo/share/turtlebot3_gazebo/environment/ament_prefix_path.dsv
[30.812s] -- Installing: /home/ubuntu/GAZEBO_SIM/ssafy_ws/src/install/turtlebot3_gazebo/share/turtlebot3_gazebo/environment/path.sh
[30.812s] -- Installing: /home/ubuntu/GAZEBO_SIM/ssafy_ws/src/install/turtlebot3_gazebo/share/turtlebot3_gazebo/environment/path.dsv
[30.812s] -- Installing: /home/ubuntu/GAZEBO_SIM/ssafy_ws/src/install/turtlebot3_gazebo/share/turtlebot3_gazebo/local_setup.bash
[30.812s] -- Installing: /home/ubuntu/GAZEBO_SIM/ssafy_ws/src/install/turtlebot3_gazebo/share/turtlebot3_gazebo/local_setup.sh
[30.812s] -- Installing: /home/ubuntu/GAZEBO_SIM/ssafy_ws/src/install/turtlebot3_gazebo/share/turtlebot3_gazebo/local_setup.zsh
[30.813s] -- Installing: /home/ubuntu/GAZEBO_SIM/ssafy_ws/src/install/turtlebot3_gazebo/share/turtlebot3_gazebo/local_setup.dsv
[30.813s] -- Installing: /home/ubuntu/GAZEBO_SIM/ssafy_ws/src/install/turtlebot3_gazebo/share/turtlebot3_gazebo/package.dsv
[30.813s] -- Installing: /home/ubuntu/GAZEBO_SIM/ssafy_ws/src/install/turtlebot3_gazebo/share/ament_index/resource_index/packages/turtlebot3_gazebo
[30.813s] -- Installing: /home/ubuntu/GAZEBO_SIM/ssafy_ws/src/install/turtlebot3_gazebo/share/turtlebot3_gazebo/cmake/ament_cmake_export_include_directories-extras.cmake
[30.813s] -- Installing: /home/ubuntu/GAZEBO_SIM/ssafy_ws/src/install/turtlebot3_gazebo/share/turtlebot3_gazebo/cmake/ament_cmake_export_dependencies-extras.cmake
[30.813s] -- Installing: /home/ubuntu/GAZEBO_SIM/ssafy_ws/src/install/turtlebot3_gazebo/share/turtlebot3_gazebo/cmake/turtlebot3_gazeboConfig.cmake
[30.813s] -- Installing: /home/ubuntu/GAZEBO_SIM/ssafy_ws/src/install/turtlebot3_gazebo/share/turtlebot3_gazebo/cmake/turtlebot3_gazeboConfig-version.cmake
[30.813s] -- Installing: /home/ubuntu/GAZEBO_SIM/ssafy_ws/src/install/turtlebot3_gazebo/share/turtlebot3_gazebo/package.xml
[30.815s] Invoked command in '/home/ubuntu/GAZEBO_SIM/ssafy_ws/src/build/turtlebot3_gazebo' returned '0': CMAKE_PREFIX_PATH=/home/ubuntu/GAZEBO_SIM/ssafy_ws/src/install/velodyne_description:/home/ubuntu/GAZEBO_SIM/ssafy_ws/src/install/turtlebot3_description:/home/ubuntu/GAZEBO_SIM/ssafy_ws/src/install/velodyne_simulator:/home/ubuntu/GAZEBO_SIM/ssafy_ws/src/install/velodyne_gazebo_plugins:/home/ubuntu/GAZEBO_SIM/ssafy_ws/src/install/turtlebot3_simulations:/home/ubuntu/GAZEBO_SIM/ssafy_ws/src/install/turtlebot3_gazebo:/home/ubuntu/GAZEBO_SIM/ssafy_ws/src/install/rosbridge_test_msgs:/home/ubuntu/GAZEBO_SIM/ssafy_ws/src/install/rosbridge_suite:/home/ubuntu/GAZEBO_SIM/ssafy_ws/src/install/rosbridge_server:/home/ubuntu/GAZEBO_SIM/ssafy_ws/src/install/rosbridge_msgs:/home/ubuntu/GAZEBO_SIM/ssafy_ws/src/install/rosapi:/home/ubuntu/GAZEBO_SIM/ssafy_ws/src/install/rosbridge_library:/home/ubuntu/GAZEBO_SIM/ssafy_ws/src/install/rosapi_msgs:/home/ubuntu/GAZEBO_SIM/ssafy_ws/install/velodyne_simulator:/home/ubuntu/GAZEBO_SIM/ssafy_ws/install/velodyne_gazebo_plugins:/home/ubuntu/GAZEBO_SIM/ssafy_ws/install/turtlebot3_simulations:/home/ubuntu/GAZEBO_SIM/ssafy_ws/install/turtlebot3_gazebo:/home/ubuntu/GAZEBO_SIM/ssafy_ws/install/velodyne_description:/home/ubuntu/GAZEBO_SIM/ssafy_ws/install/turtlebot3_description:/home/ubuntu/GAZEBO_SIM/ssafy_ws/src/install/teleop_twist_keyboard:/home/ubuntu/GAZEBO_SIM/ssafy_ws/install/teleop_twist_keyboard:/opt/ros/humble /usr/bin/cmake --install /home/ubuntu/GAZEBO_SIM/ssafy_ws/src/build/turtlebot3_gazebo
