[0.011s] Invoking command in '/home/ubuntu/GAZEBO_SIM/ssafy_ws/build/turtlebot3_description': CMAKE_PREFIX_PATH=/opt/ros/humble /usr/bin/cmake --build /home/ubuntu/GAZEBO_SIM/ssafy_ws/build/turtlebot3_description -- -j12 -l12
[0.185s] Invoked command in '/home/ubuntu/GAZEBO_SIM/ssafy_ws/build/turtlebot3_description' returned '0': CMAKE_PREFIX_PATH=/opt/ros/humble /usr/bin/cmake --build /home/ubuntu/GAZEBO_SIM/ssafy_ws/build/turtlebot3_description -- -j12 -l12
[0.186s] Invoking command in '/home/ubuntu/GAZEBO_SIM/ssafy_ws/build/turtlebot3_description': CMAKE_PREFIX_PATH=/opt/ros/humble /usr/bin/cmake --install /home/ubuntu/GAZEBO_SIM/ssafy_ws/build/turtlebot3_description
[0.192s] -- Install configuration: ""
[0.192s] -- Up-to-date: /home/ubuntu/GAZEBO_SIM/ssafy_ws/install/turtlebot3_description/share/turtlebot3_description/meshes
[0.193s] -- Up-to-date: /home/ubuntu/GAZEBO_SIM/ssafy_ws/install/turtlebot3_description/share/turtlebot3_description/meshes/VLP16_base_2.stl
[0.193s] -- Up-to-date: /home/ubuntu/GAZEBO_SIM/ssafy_ws/install/turtlebot3_description/share/turtlebot3_description/meshes/bases
[0.193s] -- Up-to-date: /home/ubuntu/GAZEBO_SIM/ssafy_ws/install/turtlebot3_description/share/turtlebot3_description/meshes/bases/waffle_base.stl
[0.193s] -- Up-to-date: /home/ubuntu/GAZEBO_SIM/ssafy_ws/install/turtlebot3_description/share/turtlebot3_description/meshes/bases/burger_base.stl
[0.193s] -- Up-to-date: /home/ubuntu/GAZEBO_SIM/ssafy_ws/install/turtlebot3_description/share/turtlebot3_description/meshes/bases/waffle_pi_base.stl
[0.193s] -- Up-to-date: /home/ubuntu/GAZEBO_SIM/ssafy_ws/install/turtlebot3_description/share/turtlebot3_description/meshes/VLP16_base_1.dae
[0.193s] -- Up-to-date: /home/ubuntu/GAZEBO_SIM/ssafy_ws/install/turtlebot3_description/share/turtlebot3_description/meshes/HDL32E_scan.dae
[0.193s] -- Up-to-date: /home/ubuntu/GAZEBO_SIM/ssafy_ws/install/turtlebot3_description/share/turtlebot3_description/meshes/VLP16_scan.dae
[0.193s] -- Up-to-date: /home/ubuntu/GAZEBO_SIM/ssafy_ws/install/turtlebot3_description/share/turtlebot3_description/meshes/HDL32E_base.stl
[0.193s] -- Up-to-date: /home/ubuntu/GAZEBO_SIM/ssafy_ws/install/turtlebot3_description/share/turtlebot3_description/meshes/HDL32E_base.dae
[0.193s] -- Up-to-date: /home/ubuntu/GAZEBO_SIM/ssafy_ws/install/turtlebot3_description/share/turtlebot3_description/meshes/HDL32E_scan.stl
[0.193s] -- Up-to-date: /home/ubuntu/GAZEBO_SIM/ssafy_ws/install/turtlebot3_description/share/turtlebot3_description/meshes/wheels
[0.193s] -- Up-to-date: /home/ubuntu/GAZEBO_SIM/ssafy_ws/install/turtlebot3_description/share/turtlebot3_description/meshes/wheels/left_tire.stl
[0.193s] -- Up-to-date: /home/ubuntu/GAZEBO_SIM/ssafy_ws/install/turtlebot3_description/share/turtlebot3_description/meshes/wheels/right_tire.stl
[0.193s] -- Up-to-date: /home/ubuntu/GAZEBO_SIM/ssafy_ws/install/turtlebot3_description/share/turtlebot3_description/meshes/VLP16_base_2.dae
[0.193s] -- Up-to-date: /home/ubuntu/GAZEBO_SIM/ssafy_ws/install/turtlebot3_description/share/turtlebot3_description/meshes/sensors
[0.193s] -- Up-to-date: /home/ubuntu/GAZEBO_SIM/ssafy_ws/install/turtlebot3_description/share/turtlebot3_description/meshes/sensors/astra.jpg
[0.193s] -- Up-to-date: /home/ubuntu/GAZEBO_SIM/ssafy_ws/install/turtlebot3_description/share/turtlebot3_description/meshes/sensors/lds.stl
[0.193s] -- Up-to-date: /home/ubuntu/GAZEBO_SIM/ssafy_ws/install/turtlebot3_description/share/turtlebot3_description/meshes/sensors/r200.dae
[0.193s] -- Up-to-date: /home/ubuntu/GAZEBO_SIM/ssafy_ws/install/turtlebot3_description/share/turtlebot3_description/meshes/sensors/r200.jpg
[0.193s] -- Up-to-date: /home/ubuntu/GAZEBO_SIM/ssafy_ws/install/turtlebot3_description/share/turtlebot3_description/meshes/sensors/astra.dae
[0.193s] -- Up-to-date: /home/ubuntu/GAZEBO_SIM/ssafy_ws/install/turtlebot3_description/share/turtlebot3_description/meshes/VLP16_scan.stl
[0.193s] -- Up-to-date: /home/ubuntu/GAZEBO_SIM/ssafy_ws/install/turtlebot3_description/share/turtlebot3_description/meshes/VLP16_base_1.stl
[0.193s] -- Up-to-date: /home/ubuntu/GAZEBO_SIM/ssafy_ws/install/turtlebot3_description/share/turtlebot3_description/rviz
[0.194s] -- Up-to-date: /home/ubuntu/GAZEBO_SIM/ssafy_ws/install/turtlebot3_description/share/turtlebot3_description/rviz/model.rviz
[0.194s] -- Up-to-date: /home/ubuntu/GAZEBO_SIM/ssafy_ws/install/turtlebot3_description/share/turtlebot3_description/rviz/example.rviz
[0.194s] -- Up-to-date: /home/ubuntu/GAZEBO_SIM/ssafy_ws/install/turtlebot3_description/share/turtlebot3_description/urdf
[0.194s] -- Up-to-date: /home/ubuntu/GAZEBO_SIM/ssafy_ws/install/turtlebot3_description/share/turtlebot3_description/urdf/turtlebot3_burger.urdf
[0.194s] -- Up-to-date: /home/ubuntu/GAZEBO_SIM/ssafy_ws/install/turtlebot3_description/share/turtlebot3_description/urdf/turtlebot3_velodyne_burger.urdf
[0.194s] -- Up-to-date: /home/ubuntu/GAZEBO_SIM/ssafy_ws/install/turtlebot3_description/share/turtlebot3_description/urdf/turtlebot3_waffle.urdf
[0.194s] -- Up-to-date: /home/ubuntu/GAZEBO_SIM/ssafy_ws/install/turtlebot3_description/share/turtlebot3_description/urdf/common_properties.urdf
[0.194s] -- Up-to-date: /home/ubuntu/GAZEBO_SIM/ssafy_ws/install/turtlebot3_description/share/turtlebot3_description/urdf/turtlebot3_waffle_pi.urdf
[0.194s] -- Up-to-date: /home/ubuntu/GAZEBO_SIM/ssafy_ws/install/turtlebot3_description/share/turtlebot3_description/urdf/example.urdf.xacro
[0.194s] -- Up-to-date: /home/ubuntu/GAZEBO_SIM/ssafy_ws/install/turtlebot3_description/share/turtlebot3_description/urdf/VLP-16.urdf.xacro
[0.194s] -- Up-to-date: /home/ubuntu/GAZEBO_SIM/ssafy_ws/install/turtlebot3_description/share/turtlebot3_description/urdf/HDL-32E.urdf.xacro
[0.194s] -- Up-to-date: /home/ubuntu/GAZEBO_SIM/ssafy_ws/install/turtlebot3_description/share/ament_index/resource_index/package_run_dependencies/turtlebot3_description
[0.194s] -- Up-to-date: /home/ubuntu/GAZEBO_SIM/ssafy_ws/install/turtlebot3_description/share/ament_index/resource_index/parent_prefix_path/turtlebot3_description
[0.194s] -- Up-to-date: /home/ubuntu/GAZEBO_SIM/ssafy_ws/install/turtlebot3_description/share/turtlebot3_description/environment/ament_prefix_path.sh
[0.194s] -- Up-to-date: /home/ubuntu/GAZEBO_SIM/ssafy_ws/install/turtlebot3_description/share/turtlebot3_description/environment/ament_prefix_path.dsv
[0.194s] -- Up-to-date: /home/ubuntu/GAZEBO_SIM/ssafy_ws/install/turtlebot3_description/share/turtlebot3_description/environment/path.sh
[0.194s] -- Up-to-date: /home/ubuntu/GAZEBO_SIM/ssafy_ws/install/turtlebot3_description/share/turtlebot3_description/environment/path.dsv
[0.194s] -- Up-to-date: /home/ubuntu/GAZEBO_SIM/ssafy_ws/install/turtlebot3_description/share/turtlebot3_description/local_setup.bash
[0.194s] -- Up-to-date: /home/ubuntu/GAZEBO_SIM/ssafy_ws/install/turtlebot3_description/share/turtlebot3_description/local_setup.sh
[0.195s] -- Up-to-date: /home/ubuntu/GAZEBO_SIM/ssafy_ws/install/turtlebot3_description/share/turtlebot3_description/local_setup.zsh
[0.195s] -- Up-to-date: /home/ubuntu/GAZEBO_SIM/ssafy_ws/install/turtlebot3_description/share/turtlebot3_description/local_setup.dsv
[0.195s] -- Up-to-date: /home/ubuntu/GAZEBO_SIM/ssafy_ws/install/turtlebot3_description/share/turtlebot3_description/package.dsv
[0.195s] -- Up-to-date: /home/ubuntu/GAZEBO_SIM/ssafy_ws/install/turtlebot3_description/share/ament_index/resource_index/packages/turtlebot3_description
[0.195s] -- Up-to-date: /home/ubuntu/GAZEBO_SIM/ssafy_ws/install/turtlebot3_description/share/turtlebot3_description/cmake/turtlebot3_descriptionConfig.cmake
[0.195s] -- Up-to-date: /home/ubuntu/GAZEBO_SIM/ssafy_ws/install/turtlebot3_description/share/turtlebot3_description/cmake/turtlebot3_descriptionConfig-version.cmake
[0.195s] -- Up-to-date: /home/ubuntu/GAZEBO_SIM/ssafy_ws/install/turtlebot3_description/share/turtlebot3_description/package.xml
[0.216s] Invoked command in '/home/ubuntu/GAZEBO_SIM/ssafy_ws/build/turtlebot3_description' returned '0': CMAKE_PREFIX_PATH=/opt/ros/humble /usr/bin/cmake --install /home/ubuntu/GAZEBO_SIM/ssafy_ws/build/turtlebot3_description
