[0.007s] Invoking command in '/home/ubuntu/S12P11C101/SIMULATE/GAZEBO_SIM/ssafy_ws/build/rosapi': AMENT_PREFIX_PATH=/home/ubuntu/S12P11C101/SIMULATE/GAZEBO_SIM/ssafy_ws/install/rosbridge_library:/home/ubuntu/S12P11C101/SIMULATE/GAZEBO_SIM/ssafy_ws/install/rosbridge_test_msgs:/home/ubuntu/S12P11C101/SIMULATE/GAZEBO_SIM/ssafy_ws/install/rosapi_msgs:${AMENT_PREFIX_PATH} CMAKE_PREFIX_PATH=/home/ubuntu/S12P11C101/SIMULATE/GAZEBO_SIM/ssafy_ws/install/rosbridge_library:/home/ubuntu/S12P11C101/SIMULATE/GAZEBO_SIM/ssafy_ws/install/rosbridge_test_msgs:/home/ubuntu/S12P11C101/SIMULATE/GAZEBO_SIM/ssafy_ws/install/rosapi_msgs:/opt/ros/humble LD_LIBRARY_PATH=/home/ubuntu/S12P11C101/SIMULATE/GAZEBO_SIM/ssafy_ws/install/rosbridge_test_msgs/lib:/home/ubuntu/S12P11C101/SIMULATE/GAZEBO_SIM/ssafy_ws/install/rosapi_msgs/lib:${LD_LIBRARY_PATH} PYTHONPATH=/home/ubuntu/S12P11C101/SIMULATE/GAZEBO_SIM/ssafy_ws/install/rosbridge_library/local/lib/python3.10/dist-packages:/home/ubuntu/S12P11C101/SIMULATE/GAZEBO_SIM/ssafy_ws/install/rosbridge_test_msgs/local/lib/python3.10/dist-packages:/home/ubuntu/S12P11C101/SIMULATE/GAZEBO_SIM/ssafy_ws/install/rosapi_msgs/local/lib/python3.10/dist-packages:${PYTHONPATH} /usr/bin/cmake /home/ubuntu/S12P11C101/SIMULATE/GAZEBO_SIM/ssafy_ws/src/rosbridge_suite/rosapi -DCMAKE_INSTALL_PREFIX=/home/ubuntu/S12P11C101/SIMULATE/GAZEBO_SIM/ssafy_ws/install/rosapi
[0.039s] -- The C compiler identification is GNU 11.4.0
[0.073s] -- The CXX compiler identification is GNU 11.4.0
[0.077s] -- Detecting C compiler ABI info
[0.119s] -- Detecting C compiler ABI info - done
[0.123s] -- Check for working C compiler: /usr/bin/cc - skipped
[0.124s] -- Detecting C compile features
[0.124s] -- Detecting C compile features - done
[0.127s] -- Detecting CXX compiler ABI info
[0.178s] -- Detecting CXX compiler ABI info - done
[0.182s] -- Check for working CXX compiler: /usr/bin/c++ - skipped
[0.183s] -- Detecting CXX compile features
[0.183s] -- Detecting CXX compile features - done
[0.184s] -- Found ament_cmake_ros: 0.10.0 (/opt/ros/humble/share/ament_cmake_ros/cmake)
[0.282s] -- Found Python3: /usr/bin/python3 (found version "3.10.12") found components: Interpreter 
[0.816s] -- Configuring done
[0.817s] -- Generating done
[0.819s] -- Build files have been written to: /home/ubuntu/S12P11C101/SIMULATE/GAZEBO_SIM/ssafy_ws/build/rosapi
[0.823s] Invoked command in '/home/ubuntu/S12P11C101/SIMULATE/GAZEBO_SIM/ssafy_ws/build/rosapi' returned '0': AMENT_PREFIX_PATH=/home/ubuntu/S12P11C101/SIMULATE/GAZEBO_SIM/ssafy_ws/install/rosbridge_library:/home/ubuntu/S12P11C101/SIMULATE/GAZEBO_SIM/ssafy_ws/install/rosbridge_test_msgs:/home/ubuntu/S12P11C101/SIMULATE/GAZEBO_SIM/ssafy_ws/install/rosapi_msgs:${AMENT_PREFIX_PATH} CMAKE_PREFIX_PATH=/home/ubuntu/S12P11C101/SIMULATE/GAZEBO_SIM/ssafy_ws/install/rosbridge_library:/home/ubuntu/S12P11C101/SIMULATE/GAZEBO_SIM/ssafy_ws/install/rosbridge_test_msgs:/home/ubuntu/S12P11C101/SIMULATE/GAZEBO_SIM/ssafy_ws/install/rosapi_msgs:/opt/ros/humble LD_LIBRARY_PATH=/home/ubuntu/S12P11C101/SIMULATE/GAZEBO_SIM/ssafy_ws/install/rosbridge_test_msgs/lib:/home/ubuntu/S12P11C101/SIMULATE/GAZEBO_SIM/ssafy_ws/install/rosapi_msgs/lib:${LD_LIBRARY_PATH} PYTHONPATH=/home/ubuntu/S12P11C101/SIMULATE/GAZEBO_SIM/ssafy_ws/install/rosbridge_library/local/lib/python3.10/dist-packages:/home/ubuntu/S12P11C101/SIMULATE/GAZEBO_SIM/ssafy_ws/install/rosbridge_test_msgs/local/lib/python3.10/dist-packages:/home/ubuntu/S12P11C101/SIMULATE/GAZEBO_SIM/ssafy_ws/install/rosapi_msgs/local/lib/python3.10/dist-packages:${PYTHONPATH} /usr/bin/cmake /home/ubuntu/S12P11C101/SIMULATE/GAZEBO_SIM/ssafy_ws/src/rosbridge_suite/rosapi -DCMAKE_INSTALL_PREFIX=/home/ubuntu/S12P11C101/SIMULATE/GAZEBO_SIM/ssafy_ws/install/rosapi
[0.824s] Invoking command in '/home/ubuntu/S12P11C101/SIMULATE/GAZEBO_SIM/ssafy_ws/build/rosapi': AMENT_PREFIX_PATH=/home/ubuntu/S12P11C101/SIMULATE/GAZEBO_SIM/ssafy_ws/install/rosbridge_library:/home/ubuntu/S12P11C101/SIMULATE/GAZEBO_SIM/ssafy_ws/install/rosbridge_test_msgs:/home/ubuntu/S12P11C101/SIMULATE/GAZEBO_SIM/ssafy_ws/install/rosapi_msgs:${AMENT_PREFIX_PATH} CMAKE_PREFIX_PATH=/home/ubuntu/S12P11C101/SIMULATE/GAZEBO_SIM/ssafy_ws/install/rosbridge_library:/home/ubuntu/S12P11C101/SIMULATE/GAZEBO_SIM/ssafy_ws/install/rosbridge_test_msgs:/home/ubuntu/S12P11C101/SIMULATE/GAZEBO_SIM/ssafy_ws/install/rosapi_msgs:/opt/ros/humble LD_LIBRARY_PATH=/home/ubuntu/S12P11C101/SIMULATE/GAZEBO_SIM/ssafy_ws/install/rosbridge_test_msgs/lib:/home/ubuntu/S12P11C101/SIMULATE/GAZEBO_SIM/ssafy_ws/install/rosapi_msgs/lib:${LD_LIBRARY_PATH} PYTHONPATH=/home/ubuntu/S12P11C101/SIMULATE/GAZEBO_SIM/ssafy_ws/install/rosbridge_library/local/lib/python3.10/dist-packages:/home/ubuntu/S12P11C101/SIMULATE/GAZEBO_SIM/ssafy_ws/install/rosbridge_test_msgs/local/lib/python3.10/dist-packages:/home/ubuntu/S12P11C101/SIMULATE/GAZEBO_SIM/ssafy_ws/install/rosapi_msgs/local/lib/python3.10/dist-packages:${PYTHONPATH} /usr/bin/cmake --build /home/ubuntu/S12P11C101/SIMULATE/GAZEBO_SIM/ssafy_ws/build/rosapi -- -j12 -l12
[0.867s] Built target ament_cmake_python_copy_rosapi
[1.027s] running egg_info
[1.027s] creating rosapi.egg-info
[1.027s] writing rosapi.egg-info/PKG-INFO
[1.027s] writing dependency_links to rosapi.egg-info/dependency_links.txt
[1.028s] writing top-level names to rosapi.egg-info/top_level.txt
[1.028s] writing manifest file 'rosapi.egg-info/SOURCES.txt'
[1.029s] reading manifest file 'rosapi.egg-info/SOURCES.txt'
[1.029s] writing manifest file 'rosapi.egg-info/SOURCES.txt'
[1.045s] Built target ament_cmake_python_build_rosapi_egg
[1.051s] Invoked command in '/home/ubuntu/S12P11C101/SIMULATE/GAZEBO_SIM/ssafy_ws/build/rosapi' returned '0': AMENT_PREFIX_PATH=/home/ubuntu/S12P11C101/SIMULATE/GAZEBO_SIM/ssafy_ws/install/rosbridge_library:/home/ubuntu/S12P11C101/SIMULATE/GAZEBO_SIM/ssafy_ws/install/rosbridge_test_msgs:/home/ubuntu/S12P11C101/SIMULATE/GAZEBO_SIM/ssafy_ws/install/rosapi_msgs:${AMENT_PREFIX_PATH} CMAKE_PREFIX_PATH=/home/ubuntu/S12P11C101/SIMULATE/GAZEBO_SIM/ssafy_ws/install/rosbridge_library:/home/ubuntu/S12P11C101/SIMULATE/GAZEBO_SIM/ssafy_ws/install/rosbridge_test_msgs:/home/ubuntu/S12P11C101/SIMULATE/GAZEBO_SIM/ssafy_ws/install/rosapi_msgs:/opt/ros/humble LD_LIBRARY_PATH=/home/ubuntu/S12P11C101/SIMULATE/GAZEBO_SIM/ssafy_ws/install/rosbridge_test_msgs/lib:/home/ubuntu/S12P11C101/SIMULATE/GAZEBO_SIM/ssafy_ws/install/rosapi_msgs/lib:${LD_LIBRARY_PATH} PYTHONPATH=/home/ubuntu/S12P11C101/SIMULATE/GAZEBO_SIM/ssafy_ws/install/rosbridge_library/local/lib/python3.10/dist-packages:/home/ubuntu/S12P11C101/SIMULATE/GAZEBO_SIM/ssafy_ws/install/rosbridge_test_msgs/local/lib/python3.10/dist-packages:/home/ubuntu/S12P11C101/SIMULATE/GAZEBO_SIM/ssafy_ws/install/rosapi_msgs/local/lib/python3.10/dist-packages:${PYTHONPATH} /usr/bin/cmake --build /home/ubuntu/S12P11C101/SIMULATE/GAZEBO_SIM/ssafy_ws/build/rosapi -- -j12 -l12
[1.052s] Invoking command in '/home/ubuntu/S12P11C101/SIMULATE/GAZEBO_SIM/ssafy_ws/build/rosapi': AMENT_PREFIX_PATH=/home/ubuntu/S12P11C101/SIMULATE/GAZEBO_SIM/ssafy_ws/install/rosbridge_library:/home/ubuntu/S12P11C101/SIMULATE/GAZEBO_SIM/ssafy_ws/install/rosbridge_test_msgs:/home/ubuntu/S12P11C101/SIMULATE/GAZEBO_SIM/ssafy_ws/install/rosapi_msgs:${AMENT_PREFIX_PATH} CMAKE_PREFIX_PATH=/home/ubuntu/S12P11C101/SIMULATE/GAZEBO_SIM/ssafy_ws/install/rosbridge_library:/home/ubuntu/S12P11C101/SIMULATE/GAZEBO_SIM/ssafy_ws/install/rosbridge_test_msgs:/home/ubuntu/S12P11C101/SIMULATE/GAZEBO_SIM/ssafy_ws/install/rosapi_msgs:/opt/ros/humble LD_LIBRARY_PATH=/home/ubuntu/S12P11C101/SIMULATE/GAZEBO_SIM/ssafy_ws/install/rosbridge_test_msgs/lib:/home/ubuntu/S12P11C101/SIMULATE/GAZEBO_SIM/ssafy_ws/install/rosapi_msgs/lib:${LD_LIBRARY_PATH} PYTHONPATH=/home/ubuntu/S12P11C101/SIMULATE/GAZEBO_SIM/ssafy_ws/install/rosbridge_library/local/lib/python3.10/dist-packages:/home/ubuntu/S12P11C101/SIMULATE/GAZEBO_SIM/ssafy_ws/install/rosbridge_test_msgs/local/lib/python3.10/dist-packages:/home/ubuntu/S12P11C101/SIMULATE/GAZEBO_SIM/ssafy_ws/install/rosapi_msgs/local/lib/python3.10/dist-packages:${PYTHONPATH} /usr/bin/cmake --install /home/ubuntu/S12P11C101/SIMULATE/GAZEBO_SIM/ssafy_ws/build/rosapi
[1.056s] -- Install configuration: ""
[1.056s] -- Installing: /home/ubuntu/S12P11C101/SIMULATE/GAZEBO_SIM/ssafy_ws/install/rosapi/share/rosapi/environment/pythonpath.sh
[1.056s] -- Installing: /home/ubuntu/S12P11C101/SIMULATE/GAZEBO_SIM/ssafy_ws/install/rosapi/share/rosapi/environment/pythonpath.dsv
[1.056s] -- Installing: /home/ubuntu/S12P11C101/SIMULATE/GAZEBO_SIM/ssafy_ws/install/rosapi/local/lib/python3.10/dist-packages/rosapi-2.0.0-py3.10.egg-info
[1.057s] -- Installing: /home/ubuntu/S12P11C101/SIMULATE/GAZEBO_SIM/ssafy_ws/install/rosapi/local/lib/python3.10/dist-packages/rosapi-2.0.0-py3.10.egg-info/dependency_links.txt
[1.057s] -- Installing: /home/ubuntu/S12P11C101/SIMULATE/GAZEBO_SIM/ssafy_ws/install/rosapi/local/lib/python3.10/dist-packages/rosapi-2.0.0-py3.10.egg-info/PKG-INFO
[1.057s] -- Installing: /home/ubuntu/S12P11C101/SIMULATE/GAZEBO_SIM/ssafy_ws/install/rosapi/local/lib/python3.10/dist-packages/rosapi-2.0.0-py3.10.egg-info/SOURCES.txt
[1.057s] -- Installing: /home/ubuntu/S12P11C101/SIMULATE/GAZEBO_SIM/ssafy_ws/install/rosapi/local/lib/python3.10/dist-packages/rosapi-2.0.0-py3.10.egg-info/top_level.txt
[1.057s] -- Installing: /home/ubuntu/S12P11C101/SIMULATE/GAZEBO_SIM/ssafy_ws/install/rosapi/local/lib/python3.10/dist-packages/rosapi
[1.057s] -- Installing: /home/ubuntu/S12P11C101/SIMULATE/GAZEBO_SIM/ssafy_ws/install/rosapi/local/lib/python3.10/dist-packages/rosapi/stringify_field_types.py
[1.057s] -- Installing: /home/ubuntu/S12P11C101/SIMULATE/GAZEBO_SIM/ssafy_ws/install/rosapi/local/lib/python3.10/dist-packages/rosapi/objectutils.py
[1.057s] -- Installing: /home/ubuntu/S12P11C101/SIMULATE/GAZEBO_SIM/ssafy_ws/install/rosapi/local/lib/python3.10/dist-packages/rosapi/__init__.py
[1.057s] -- Installing: /home/ubuntu/S12P11C101/SIMULATE/GAZEBO_SIM/ssafy_ws/install/rosapi/local/lib/python3.10/dist-packages/rosapi/proxy.py
[1.057s] -- Installing: /home/ubuntu/S12P11C101/SIMULATE/GAZEBO_SIM/ssafy_ws/install/rosapi/local/lib/python3.10/dist-packages/rosapi/glob_helper.py
[1.057s] -- Installing: /home/ubuntu/S12P11C101/SIMULATE/GAZEBO_SIM/ssafy_ws/install/rosapi/local/lib/python3.10/dist-packages/rosapi/params.py
[1.082s] Listing '/home/ubuntu/S12P11C101/SIMULATE/GAZEBO_SIM/ssafy_ws/install/rosapi/local/lib/python3.10/dist-packages/rosapi'...
[1.082s] Compiling '/home/ubuntu/S12P11C101/SIMULATE/GAZEBO_SIM/ssafy_ws/install/rosapi/local/lib/python3.10/dist-packages/rosapi/__init__.py'...
[1.082s] Compiling '/home/ubuntu/S12P11C101/SIMULATE/GAZEBO_SIM/ssafy_ws/install/rosapi/local/lib/python3.10/dist-packages/rosapi/glob_helper.py'...
[1.082s] Compiling '/home/ubuntu/S12P11C101/SIMULATE/GAZEBO_SIM/ssafy_ws/install/rosapi/local/lib/python3.10/dist-packages/rosapi/objectutils.py'...
[1.082s] Compiling '/home/ubuntu/S12P11C101/SIMULATE/GAZEBO_SIM/ssafy_ws/install/rosapi/local/lib/python3.10/dist-packages/rosapi/params.py'...
[1.082s] Compiling '/home/ubuntu/S12P11C101/SIMULATE/GAZEBO_SIM/ssafy_ws/install/rosapi/local/lib/python3.10/dist-packages/rosapi/proxy.py'...
[1.082s] Compiling '/home/ubuntu/S12P11C101/SIMULATE/GAZEBO_SIM/ssafy_ws/install/rosapi/local/lib/python3.10/dist-packages/rosapi/stringify_field_types.py'...
[1.084s] -- Installing: /home/ubuntu/S12P11C101/SIMULATE/GAZEBO_SIM/ssafy_ws/install/rosapi/share/ament_index/resource_index/package_run_dependencies/rosapi
[1.084s] -- Installing: /home/ubuntu/S12P11C101/SIMULATE/GAZEBO_SIM/ssafy_ws/install/rosapi/share/ament_index/resource_index/parent_prefix_path/rosapi
[1.085s] -- Installing: /home/ubuntu/S12P11C101/SIMULATE/GAZEBO_SIM/ssafy_ws/install/rosapi/share/rosapi/environment/ament_prefix_path.sh
[1.085s] -- Installing: /home/ubuntu/S12P11C101/SIMULATE/GAZEBO_SIM/ssafy_ws/install/rosapi/share/rosapi/environment/ament_prefix_path.dsv
[1.085s] -- Installing: /home/ubuntu/S12P11C101/SIMULATE/GAZEBO_SIM/ssafy_ws/install/rosapi/share/rosapi/environment/path.sh
[1.085s] -- Installing: /home/ubuntu/S12P11C101/SIMULATE/GAZEBO_SIM/ssafy_ws/install/rosapi/share/rosapi/environment/path.dsv
[1.085s] -- Installing: /home/ubuntu/S12P11C101/SIMULATE/GAZEBO_SIM/ssafy_ws/install/rosapi/share/rosapi/local_setup.bash
[1.085s] -- Installing: /home/ubuntu/S12P11C101/SIMULATE/GAZEBO_SIM/ssafy_ws/install/rosapi/share/rosapi/local_setup.sh
[1.085s] -- Installing: /home/ubuntu/S12P11C101/SIMULATE/GAZEBO_SIM/ssafy_ws/install/rosapi/share/rosapi/local_setup.zsh
[1.085s] -- Installing: /home/ubuntu/S12P11C101/SIMULATE/GAZEBO_SIM/ssafy_ws/install/rosapi/share/rosapi/local_setup.dsv
[1.085s] -- Installing: /home/ubuntu/S12P11C101/SIMULATE/GAZEBO_SIM/ssafy_ws/install/rosapi/share/rosapi/package.dsv
[1.085s] -- Installing: /home/ubuntu/S12P11C101/SIMULATE/GAZEBO_SIM/ssafy_ws/install/rosapi/share/ament_index/resource_index/packages/rosapi
[1.085s] -- Installing: /home/ubuntu/S12P11C101/SIMULATE/GAZEBO_SIM/ssafy_ws/install/rosapi/share/rosapi/cmake/rosapiConfig.cmake
[1.085s] -- Installing: /home/ubuntu/S12P11C101/SIMULATE/GAZEBO_SIM/ssafy_ws/install/rosapi/share/rosapi/cmake/rosapiConfig-version.cmake
[1.085s] -- Installing: /home/ubuntu/S12P11C101/SIMULATE/GAZEBO_SIM/ssafy_ws/install/rosapi/share/rosapi/package.xml
[1.085s] -- Installing: /home/ubuntu/S12P11C101/SIMULATE/GAZEBO_SIM/ssafy_ws/install/rosapi/lib/rosapi/rosapi_node
[1.085s] -- Installing: /home/ubuntu/S12P11C101/SIMULATE/GAZEBO_SIM/ssafy_ws/install/rosapi/share/rosapi/mapping_rules.yaml
[1.087s] Invoked command in '/home/ubuntu/S12P11C101/SIMULATE/GAZEBO_SIM/ssafy_ws/build/rosapi' returned '0': AMENT_PREFIX_PATH=/home/ubuntu/S12P11C101/SIMULATE/GAZEBO_SIM/ssafy_ws/install/rosbridge_library:/home/ubuntu/S12P11C101/SIMULATE/GAZEBO_SIM/ssafy_ws/install/rosbridge_test_msgs:/home/ubuntu/S12P11C101/SIMULATE/GAZEBO_SIM/ssafy_ws/install/rosapi_msgs:${AMENT_PREFIX_PATH} CMAKE_PREFIX_PATH=/home/ubuntu/S12P11C101/SIMULATE/GAZEBO_SIM/ssafy_ws/install/rosbridge_library:/home/ubuntu/S12P11C101/SIMULATE/GAZEBO_SIM/ssafy_ws/install/rosbridge_test_msgs:/home/ubuntu/S12P11C101/SIMULATE/GAZEBO_SIM/ssafy_ws/install/rosapi_msgs:/opt/ros/humble LD_LIBRARY_PATH=/home/ubuntu/S12P11C101/SIMULATE/GAZEBO_SIM/ssafy_ws/install/rosbridge_test_msgs/lib:/home/ubuntu/S12P11C101/SIMULATE/GAZEBO_SIM/ssafy_ws/install/rosapi_msgs/lib:${LD_LIBRARY_PATH} PYTHONPATH=/home/ubuntu/S12P11C101/SIMULATE/GAZEBO_SIM/ssafy_ws/install/rosbridge_library/local/lib/python3.10/dist-packages:/home/ubuntu/S12P11C101/SIMULATE/GAZEBO_SIM/ssafy_ws/install/rosbridge_test_msgs/local/lib/python3.10/dist-packages:/home/ubuntu/S12P11C101/SIMULATE/GAZEBO_SIM/ssafy_ws/install/rosapi_msgs/local/lib/python3.10/dist-packages:${PYTHONPATH} /usr/bin/cmake --install /home/ubuntu/S12P11C101/SIMULATE/GAZEBO_SIM/ssafy_ws/build/rosapi
