[1.115s] Invoking command in '/home/ubuntu/S12P11C101/SIMULATE/GAZEBO_SIM/ssafy_ws/src/teleop_twist_keyboard': PYTHONPATH=/home/ubuntu/S12P11C101/SIMULATE/GAZEBO_SIM/ssafy_ws/build/teleop_twist_keyboard/prefix_override:/usr/lib/python3/dist-packages/colcon_core/task/python/colcon_distutils_commands:/home/ubuntu/S12P11C101/SIMULATE/GAZEBO_SIM/ssafy_ws/install/teleop_twist_keyboard/lib/python3.10/site-packages:${PYTHONPATH} /usr/bin/python3 -W ignore:setup.py install is deprecated -W ignore:easy_install command is deprecated setup.py egg_info --egg-base ../../build/teleop_twist_keyboard build --build-base /home/ubuntu/S12P11C101/SIMULATE/GAZEBO_SIM/ssafy_ws/build/teleop_twist_keyboard/build install --record /home/ubuntu/S12P11C101/SIMULATE/GAZEBO_SIM/ssafy_ws/build/teleop_twist_keyboard/install.log --single-version-externally-managed install_data
[1.515s] running egg_info
[1.517s] writing ../../build/teleop_twist_keyboard/teleop_twist_keyboard.egg-info/PKG-INFO
[1.517s] writing dependency_links to ../../build/teleop_twist_keyboard/teleop_twist_keyboard.egg-info/dependency_links.txt
[1.517s] writing entry points to ../../build/teleop_twist_keyboard/teleop_twist_keyboard.egg-info/entry_points.txt
[1.517s] writing requirements to ../../build/teleop_twist_keyboard/teleop_twist_keyboard.egg-info/requires.txt
[1.517s] writing top-level names to ../../build/teleop_twist_keyboard/teleop_twist_keyboard.egg-info/top_level.txt
[1.520s] reading manifest file '../../build/teleop_twist_keyboard/teleop_twist_keyboard.egg-info/SOURCES.txt'
[1.520s] adding license file 'LICENSE'
[1.521s] writing manifest file '../../build/teleop_twist_keyboard/teleop_twist_keyboard.egg-info/SOURCES.txt'
[1.521s] running build
[1.521s] running build_py
[1.522s] running install
[1.522s] running install_lib
[1.524s] running install_data
[1.524s] running install_egg_info
[1.528s] removing '/home/ubuntu/S12P11C101/SIMULATE/GAZEBO_SIM/ssafy_ws/install/teleop_twist_keyboard/lib/python3.10/site-packages/teleop_twist_keyboard-2.3.2-py3.10.egg-info' (and everything under it)
[1.529s] Copying ../../build/teleop_twist_keyboard/teleop_twist_keyboard.egg-info to /home/ubuntu/S12P11C101/SIMULATE/GAZEBO_SIM/ssafy_ws/install/teleop_twist_keyboard/lib/python3.10/site-packages/teleop_twist_keyboard-2.3.2-py3.10.egg-info
[1.530s] running install_scripts
[1.563s] Installing teleop_twist_keyboard script to /home/ubuntu/S12P11C101/SIMULATE/GAZEBO_SIM/ssafy_ws/install/teleop_twist_keyboard/lib/teleop_twist_keyboard
[1.564s] writing list of installed files to '/home/ubuntu/S12P11C101/SIMULATE/GAZEBO_SIM/ssafy_ws/build/teleop_twist_keyboard/install.log'
[1.596s] Invoked command in '/home/ubuntu/S12P11C101/SIMULATE/GAZEBO_SIM/ssafy_ws/src/teleop_twist_keyboard' returned '0': PYTHONPATH=/home/ubuntu/S12P11C101/SIMULATE/GAZEBO_SIM/ssafy_ws/build/teleop_twist_keyboard/prefix_override:/usr/lib/python3/dist-packages/colcon_core/task/python/colcon_distutils_commands:/home/ubuntu/S12P11C101/SIMULATE/GAZEBO_SIM/ssafy_ws/install/teleop_twist_keyboard/lib/python3.10/site-packages:${PYTHONPATH} /usr/bin/python3 -W ignore:setup.py install is deprecated -W ignore:easy_install command is deprecated setup.py egg_info --egg-base ../../build/teleop_twist_keyboard build --build-base /home/ubuntu/S12P11C101/SIMULATE/GAZEBO_SIM/ssafy_ws/build/teleop_twist_keyboard/build install --record /home/ubuntu/S12P11C101/SIMULATE/GAZEBO_SIM/ssafy_ws/build/teleop_twist_keyboard/install.log --single-version-externally-managed install_data
