Built target ament_cmake_python_copy_rosbridge_library
running egg_info
writing rosbridge_library.egg-info/PKG-INFO
writing dependency_links to rosbridge_library.egg-info/dependency_links.txt
writing top-level names to rosbridge_library.egg-info/top_level.txt
reading manifest file 'rosbridge_library.egg-info/SOURCES.txt'
writing manifest file 'rosbridge_library.egg-info/SOURCES.txt'
Built target ament_cmake_python_build_rosbridge_library_egg
-- Install configuration: ""
-- Up-to-date: /home/ubuntu/S12P11C101/SIMULATE/GAZEBO_SIM/ssafy_ws/install/rosbridge_library/share/rosbridge_library/environment/pythonpath.sh
-- Up-to-date: /home/ubuntu/S12P11C101/SIMULATE/GAZEBO_SIM/ssafy_ws/install/rosbridge_library/share/rosbridge_library/environment/pythonpath.dsv
-- Up-to-date: /home/ubuntu/S12P11C101/SIMULATE/GAZEBO_SIM/ssafy_ws/install/rosbridge_library/local/lib/python3.10/dist-packages/rosbridge_library-2.0.0-py3.10.egg-info
-- Installing: /home/ubuntu/S12P11C101/SIMULATE/GAZEBO_SIM/ssafy_ws/install/rosbridge_library/local/lib/python3.10/dist-packages/rosbridge_library-2.0.0-py3.10.egg-info/dependency_links.txt
-- Installing: /home/ubuntu/S12P11C101/SIMULATE/GAZEBO_SIM/ssafy_ws/install/rosbridge_library/local/lib/python3.10/dist-packages/rosbridge_library-2.0.0-py3.10.egg-info/PKG-INFO
-- Installing: /home/ubuntu/S12P11C101/SIMULATE/GAZEBO_SIM/ssafy_ws/install/rosbridge_library/local/lib/python3.10/dist-packages/rosbridge_library-2.0.0-py3.10.egg-info/SOURCES.txt
-- Installing: /home/ubuntu/S12P11C101/SIMULATE/GAZEBO_SIM/ssafy_ws/install/rosbridge_library/local/lib/python3.10/dist-packages/rosbridge_library-2.0.0-py3.10.egg-info/top_level.txt
-- Up-to-date: /home/ubuntu/S12P11C101/SIMULATE/GAZEBO_SIM/ssafy_ws/install/rosbridge_library/local/lib/python3.10/dist-packages/rosbridge_library
-- Up-to-date: /home/ubuntu/S12P11C101/SIMULATE/GAZEBO_SIM/ssafy_ws/install/rosbridge_library/local/lib/python3.10/dist-packages/rosbridge_library/internal
-- Up-to-date: /home/ubuntu/S12P11C101/SIMULATE/GAZEBO_SIM/ssafy_ws/install/rosbridge_library/local/lib/python3.10/dist-packages/rosbridge_library/internal/subscribers.py
-- Up-to-date: /home/ubuntu/S12P11C101/SIMULATE/GAZEBO_SIM/ssafy_ws/install/rosbridge_library/local/lib/python3.10/dist-packages/rosbridge_library/internal/ros_loader.py
-- Up-to-date: /home/ubuntu/S12P11C101/SIMULATE/GAZEBO_SIM/ssafy_ws/install/rosbridge_library/local/lib/python3.10/dist-packages/rosbridge_library/internal/outgoing_message.py
-- Up-to-date: /home/ubuntu/S12P11C101/SIMULATE/GAZEBO_SIM/ssafy_ws/install/rosbridge_library/local/lib/python3.10/dist-packages/rosbridge_library/internal/__init__.py
-- Up-to-date: /home/ubuntu/S12P11C101/SIMULATE/GAZEBO_SIM/ssafy_ws/install/rosbridge_library/local/lib/python3.10/dist-packages/rosbridge_library/internal/publishers.py
-- Up-to-date: /home/ubuntu/S12P11C101/SIMULATE/GAZEBO_SIM/ssafy_ws/install/rosbridge_library/local/lib/python3.10/dist-packages/rosbridge_library/internal/cbor_conversion.py
-- Up-to-date: /home/ubuntu/S12P11C101/SIMULATE/GAZEBO_SIM/ssafy_ws/install/rosbridge_library/local/lib/python3.10/dist-packages/rosbridge_library/internal/pngcompression.py
-- Up-to-date: /home/ubuntu/S12P11C101/SIMULATE/GAZEBO_SIM/ssafy_ws/install/rosbridge_library/local/lib/python3.10/dist-packages/rosbridge_library/internal/services.py
-- Up-to-date: /home/ubuntu/S12P11C101/SIMULATE/GAZEBO_SIM/ssafy_ws/install/rosbridge_library/local/lib/python3.10/dist-packages/rosbridge_library/internal/subscription_modifiers.py
-- Up-to-date: /home/ubuntu/S12P11C101/SIMULATE/GAZEBO_SIM/ssafy_ws/install/rosbridge_library/local/lib/python3.10/dist-packages/rosbridge_library/internal/message_conversion.py
-- Up-to-date: /home/ubuntu/S12P11C101/SIMULATE/GAZEBO_SIM/ssafy_ws/install/rosbridge_library/local/lib/python3.10/dist-packages/rosbridge_library/internal/topics.py
-- Up-to-date: /home/ubuntu/S12P11C101/SIMULATE/GAZEBO_SIM/ssafy_ws/install/rosbridge_library/local/lib/python3.10/dist-packages/rosbridge_library/internal/exceptions.py
-- Up-to-date: /home/ubuntu/S12P11C101/SIMULATE/GAZEBO_SIM/ssafy_ws/install/rosbridge_library/local/lib/python3.10/dist-packages/rosbridge_library/internal/actions.py
-- Up-to-date: /home/ubuntu/S12P11C101/SIMULATE/GAZEBO_SIM/ssafy_ws/install/rosbridge_library/local/lib/python3.10/dist-packages/rosbridge_library/__init__.py
-- Up-to-date: /home/ubuntu/S12P11C101/SIMULATE/GAZEBO_SIM/ssafy_ws/install/rosbridge_library/local/lib/python3.10/dist-packages/rosbridge_library/rosbridge_protocol.py
-- Up-to-date: /home/ubuntu/S12P11C101/SIMULATE/GAZEBO_SIM/ssafy_ws/install/rosbridge_library/local/lib/python3.10/dist-packages/rosbridge_library/capabilities
-- Up-to-date: /home/ubuntu/S12P11C101/SIMULATE/GAZEBO_SIM/ssafy_ws/install/rosbridge_library/local/lib/python3.10/dist-packages/rosbridge_library/capabilities/unadvertise_service.py
-- Up-to-date: /home/ubuntu/S12P11C101/SIMULATE/GAZEBO_SIM/ssafy_ws/install/rosbridge_library/local/lib/python3.10/dist-packages/rosbridge_library/capabilities/unadvertise_action.py
-- Up-to-date: /home/ubuntu/S12P11C101/SIMULATE/GAZEBO_SIM/ssafy_ws/install/rosbridge_library/local/lib/python3.10/dist-packages/rosbridge_library/capabilities/subscribe.py
-- Up-to-date: /home/ubuntu/S12P11C101/SIMULATE/GAZEBO_SIM/ssafy_ws/install/rosbridge_library/local/lib/python3.10/dist-packages/rosbridge_library/capabilities/fragmentation.py
-- Up-to-date: /home/ubuntu/S12P11C101/SIMULATE/GAZEBO_SIM/ssafy_ws/install/rosbridge_library/local/lib/python3.10/dist-packages/rosbridge_library/capabilities/__init__.py
-- Up-to-date: /home/ubuntu/S12P11C101/SIMULATE/GAZEBO_SIM/ssafy_ws/install/rosbridge_library/local/lib/python3.10/dist-packages/rosbridge_library/capabilities/action_result.py
-- Up-to-date: /home/ubuntu/S12P11C101/SIMULATE/GAZEBO_SIM/ssafy_ws/install/rosbridge_library/local/lib/python3.10/dist-packages/rosbridge_library/capabilities/service_response.py
-- Up-to-date: /home/ubuntu/S12P11C101/SIMULATE/GAZEBO_SIM/ssafy_ws/install/rosbridge_library/local/lib/python3.10/dist-packages/rosbridge_library/capabilities/advertise.py
-- Up-to-date: /home/ubuntu/S12P11C101/SIMULATE/GAZEBO_SIM/ssafy_ws/install/rosbridge_library/local/lib/python3.10/dist-packages/rosbridge_library/capabilities/send_action_goal.py
-- Up-to-date: /home/ubuntu/S12P11C101/SIMULATE/GAZEBO_SIM/ssafy_ws/install/rosbridge_library/local/lib/python3.10/dist-packages/rosbridge_library/capabilities/publish.py
-- Up-to-date: /home/ubuntu/S12P11C101/SIMULATE/GAZEBO_SIM/ssafy_ws/install/rosbridge_library/local/lib/python3.10/dist-packages/rosbridge_library/capabilities/advertise_service.py
-- Up-to-date: /home/ubuntu/S12P11C101/SIMULATE/GAZEBO_SIM/ssafy_ws/install/rosbridge_library/local/lib/python3.10/dist-packages/rosbridge_library/capabilities/action_feedback.py
-- Up-to-date: /home/ubuntu/S12P11C101/SIMULATE/GAZEBO_SIM/ssafy_ws/install/rosbridge_library/local/lib/python3.10/dist-packages/rosbridge_library/capabilities/call_service.py
-- Up-to-date: /home/ubuntu/S12P11C101/SIMULATE/GAZEBO_SIM/ssafy_ws/install/rosbridge_library/local/lib/python3.10/dist-packages/rosbridge_library/capabilities/advertise_action.py
-- Up-to-date: /home/ubuntu/S12P11C101/SIMULATE/GAZEBO_SIM/ssafy_ws/install/rosbridge_library/local/lib/python3.10/dist-packages/rosbridge_library/capabilities/defragmentation.py
-- Up-to-date: /home/ubuntu/S12P11C101/SIMULATE/GAZEBO_SIM/ssafy_ws/install/rosbridge_library/local/lib/python3.10/dist-packages/rosbridge_library/protocol.py
-- Up-to-date: /home/ubuntu/S12P11C101/SIMULATE/GAZEBO_SIM/ssafy_ws/install/rosbridge_library/local/lib/python3.10/dist-packages/rosbridge_library/capability.py
-- Up-to-date: /home/ubuntu/S12P11C101/SIMULATE/GAZEBO_SIM/ssafy_ws/install/rosbridge_library/local/lib/python3.10/dist-packages/rosbridge_library/util
-- Up-to-date: /home/ubuntu/S12P11C101/SIMULATE/GAZEBO_SIM/ssafy_ws/install/rosbridge_library/local/lib/python3.10/dist-packages/rosbridge_library/util/__init__.py
-- Up-to-date: /home/ubuntu/S12P11C101/SIMULATE/GAZEBO_SIM/ssafy_ws/install/rosbridge_library/local/lib/python3.10/dist-packages/rosbridge_library/util/cbor.py
-- Up-to-date: /home/ubuntu/S12P11C101/SIMULATE/GAZEBO_SIM/ssafy_ws/install/rosbridge_library/local/lib/python3.10/dist-packages/rosbridge_library/util/ros.py
Listing '/home/ubuntu/S12P11C101/SIMULATE/GAZEBO_SIM/ssafy_ws/install/rosbridge_library/local/lib/python3.10/dist-packages/rosbridge_library'...
Listing '/home/ubuntu/S12P11C101/SIMULATE/GAZEBO_SIM/ssafy_ws/install/rosbridge_library/local/lib/python3.10/dist-packages/rosbridge_library/capabilities'...
Listing '/home/ubuntu/S12P11C101/SIMULATE/GAZEBO_SIM/ssafy_ws/install/rosbridge_library/local/lib/python3.10/dist-packages/rosbridge_library/internal'...
Listing '/home/ubuntu/S12P11C101/SIMULATE/GAZEBO_SIM/ssafy_ws/install/rosbridge_library/local/lib/python3.10/dist-packages/rosbridge_library/util'...
-- Up-to-date: /home/ubuntu/S12P11C101/SIMULATE/GAZEBO_SIM/ssafy_ws/install/rosbridge_library/share/ament_index/resource_index/package_run_dependencies/rosbridge_library
-- Up-to-date: /home/ubuntu/S12P11C101/SIMULATE/GAZEBO_SIM/ssafy_ws/install/rosbridge_library/share/ament_index/resource_index/parent_prefix_path/rosbridge_library
-- Up-to-date: /home/ubuntu/S12P11C101/SIMULATE/GAZEBO_SIM/ssafy_ws/install/rosbridge_library/share/rosbridge_library/environment/ament_prefix_path.sh
-- Up-to-date: /home/ubuntu/S12P11C101/SIMULATE/GAZEBO_SIM/ssafy_ws/install/rosbridge_library/share/rosbridge_library/environment/ament_prefix_path.dsv
-- Up-to-date: /home/ubuntu/S12P11C101/SIMULATE/GAZEBO_SIM/ssafy_ws/install/rosbridge_library/share/rosbridge_library/environment/path.sh
-- Up-to-date: /home/ubuntu/S12P11C101/SIMULATE/GAZEBO_SIM/ssafy_ws/install/rosbridge_library/share/rosbridge_library/environment/path.dsv
-- Up-to-date: /home/ubuntu/S12P11C101/SIMULATE/GAZEBO_SIM/ssafy_ws/install/rosbridge_library/share/rosbridge_library/local_setup.bash
-- Up-to-date: /home/ubuntu/S12P11C101/SIMULATE/GAZEBO_SIM/ssafy_ws/install/rosbridge_library/share/rosbridge_library/local_setup.sh
-- Up-to-date: /home/ubuntu/S12P11C101/SIMULATE/GAZEBO_SIM/ssafy_ws/install/rosbridge_library/share/rosbridge_library/local_setup.zsh
-- Up-to-date: /home/ubuntu/S12P11C101/SIMULATE/GAZEBO_SIM/ssafy_ws/install/rosbridge_library/share/rosbridge_library/local_setup.dsv
-- Up-to-date: /home/ubuntu/S12P11C101/SIMULATE/GAZEBO_SIM/ssafy_ws/install/rosbridge_library/share/rosbridge_library/package.dsv
-- Up-to-date: /home/ubuntu/S12P11C101/SIMULATE/GAZEBO_SIM/ssafy_ws/install/rosbridge_library/share/ament_index/resource_index/packages/rosbridge_library
-- Up-to-date: /home/ubuntu/S12P11C101/SIMULATE/GAZEBO_SIM/ssafy_ws/install/rosbridge_library/share/rosbridge_library/cmake/rosbridge_libraryConfig.cmake
-- Up-to-date: /home/ubuntu/S12P11C101/SIMULATE/GAZEBO_SIM/ssafy_ws/install/rosbridge_library/share/rosbridge_library/cmake/rosbridge_libraryConfig-version.cmake
-- Up-to-date: /home/ubuntu/S12P11C101/SIMULATE/GAZEBO_SIM/ssafy_ws/install/rosbridge_library/share/rosbridge_library/package.xml
