[0.012s] Invoking command in '/home/ubuntu/GAZEBO_SIM/ssafy_ws/build/velodyne_gazebo_plugins': CMAKE_PREFIX_PATH=/opt/ros/humble /usr/bin/cmake --build /home/ubuntu/GAZEBO_SIM/ssafy_ws/build/velodyne_gazebo_plugins -- -j12 -l12
[0.144s] [100%] Built target gazebo_ros_velodyne_laser
[0.185s] Invoked command in '/home/ubuntu/GAZEBO_SIM/ssafy_ws/build/velodyne_gazebo_plugins' returned '0': CMAKE_PREFIX_PATH=/opt/ros/humble /usr/bin/cmake --build /home/ubuntu/GAZEBO_SIM/ssafy_ws/build/velodyne_gazebo_plugins -- -j12 -l12
[0.186s] Invoking command in '/home/ubuntu/GAZEBO_SIM/ssafy_ws/build/velodyne_gazebo_plugins': CMAKE_PREFIX_PATH=/opt/ros/humble /usr/bin/cmake --install /home/ubuntu/GAZEBO_SIM/ssafy_ws/build/velodyne_gazebo_plugins
[0.194s] -- Install configuration: ""
[0.194s] -- Up-to-date: /home/ubuntu/GAZEBO_SIM/ssafy_ws/install/velodyne_gazebo_plugins/lib/libgazebo_ros_velodyne_laser.so
[0.194s] -- Up-to-date: /home/ubuntu/GAZEBO_SIM/ssafy_ws/install/velodyne_gazebo_plugins/include/velodyne_gazebo_plugins
[0.194s] -- Up-to-date: /home/ubuntu/GAZEBO_SIM/ssafy_ws/install/velodyne_gazebo_plugins/include/velodyne_gazebo_plugins/GazeboRosVelodyneLaser.hpp
[0.194s] -- Up-to-date: /home/ubuntu/GAZEBO_SIM/ssafy_ws/install/velodyne_gazebo_plugins/share/velodyne_gazebo_plugins/environment/library_path.sh
[0.194s] -- Up-to-date: /home/ubuntu/GAZEBO_SIM/ssafy_ws/install/velodyne_gazebo_plugins/share/velodyne_gazebo_plugins/environment/library_path.dsv
[0.194s] -- Up-to-date: /home/ubuntu/GAZEBO_SIM/ssafy_ws/install/velodyne_gazebo_plugins/share/ament_index/resource_index/package_run_dependencies/velodyne_gazebo_plugins
[0.194s] -- Up-to-date: /home/ubuntu/GAZEBO_SIM/ssafy_ws/install/velodyne_gazebo_plugins/share/ament_index/resource_index/parent_prefix_path/velodyne_gazebo_plugins
[0.194s] -- Up-to-date: /home/ubuntu/GAZEBO_SIM/ssafy_ws/install/velodyne_gazebo_plugins/share/velodyne_gazebo_plugins/environment/ament_prefix_path.sh
[0.194s] -- Up-to-date: /home/ubuntu/GAZEBO_SIM/ssafy_ws/install/velodyne_gazebo_plugins/share/velodyne_gazebo_plugins/environment/ament_prefix_path.dsv
[0.194s] -- Up-to-date: /home/ubuntu/GAZEBO_SIM/ssafy_ws/install/velodyne_gazebo_plugins/share/velodyne_gazebo_plugins/environment/path.sh
[0.195s] -- Up-to-date: /home/ubuntu/GAZEBO_SIM/ssafy_ws/install/velodyne_gazebo_plugins/share/velodyne_gazebo_plugins/environment/path.dsv
[0.195s] -- Up-to-date: /home/ubuntu/GAZEBO_SIM/ssafy_ws/install/velodyne_gazebo_plugins/share/velodyne_gazebo_plugins/local_setup.bash
[0.195s] -- Up-to-date: /home/ubuntu/GAZEBO_SIM/ssafy_ws/install/velodyne_gazebo_plugins/share/velodyne_gazebo_plugins/local_setup.sh
[0.195s] -- Up-to-date: /home/ubuntu/GAZEBO_SIM/ssafy_ws/install/velodyne_gazebo_plugins/share/velodyne_gazebo_plugins/local_setup.zsh
[0.195s] -- Up-to-date: /home/ubuntu/GAZEBO_SIM/ssafy_ws/install/velodyne_gazebo_plugins/share/velodyne_gazebo_plugins/local_setup.dsv
[0.195s] -- Installing: /home/ubuntu/GAZEBO_SIM/ssafy_ws/install/velodyne_gazebo_plugins/share/velodyne_gazebo_plugins/package.dsv
[0.195s] -- Up-to-date: /home/ubuntu/GAZEBO_SIM/ssafy_ws/install/velodyne_gazebo_plugins/share/ament_index/resource_index/packages/velodyne_gazebo_plugins
[0.195s] -- Up-to-date: /home/ubuntu/GAZEBO_SIM/ssafy_ws/install/velodyne_gazebo_plugins/share/velodyne_gazebo_plugins/cmake/ament_cmake_export_include_directories-extras.cmake
[0.195s] -- Up-to-date: /home/ubuntu/GAZEBO_SIM/ssafy_ws/install/velodyne_gazebo_plugins/share/velodyne_gazebo_plugins/cmake/ament_cmake_export_libraries-extras.cmake
[0.195s] -- Up-to-date: /home/ubuntu/GAZEBO_SIM/ssafy_ws/install/velodyne_gazebo_plugins/share/velodyne_gazebo_plugins/cmake/ament_cmake_export_dependencies-extras.cmake
[0.195s] -- Up-to-date: /home/ubuntu/GAZEBO_SIM/ssafy_ws/install/velodyne_gazebo_plugins/share/velodyne_gazebo_plugins/cmake/velodyne_gazebo_pluginsConfig.cmake
[0.195s] -- Up-to-date: /home/ubuntu/GAZEBO_SIM/ssafy_ws/install/velodyne_gazebo_plugins/share/velodyne_gazebo_plugins/cmake/velodyne_gazebo_pluginsConfig-version.cmake
[0.195s] -- Up-to-date: /home/ubuntu/GAZEBO_SIM/ssafy_ws/install/velodyne_gazebo_plugins/share/velodyne_gazebo_plugins/package.xml
[0.212s] Invoked command in '/home/ubuntu/GAZEBO_SIM/ssafy_ws/build/velodyne_gazebo_plugins' returned '0': CMAKE_PREFIX_PATH=/opt/ros/humble /usr/bin/cmake --install /home/ubuntu/GAZEBO_SIM/ssafy_ws/build/velodyne_gazebo_plugins
