-- The C compiler identification is GNU 11.4.0
-- The CXX compiler identification is GNU 11.4.0
-- Detecting C compiler ABI info
-- Detecting C compiler ABI info - done
-- Check for working C compiler: /usr/bin/cc - skipped
-- Detecting C compile features
-- Detecting C compile features - done
-- Detecting CXX compiler ABI info
-- Detecting CXX compiler ABI info - done
-- Check for working CXX compiler: /usr/bin/c++ - skipped
-- Detecting CXX compile features
-- Detecting CXX compile features - done
-- Found ament_cmake_ros: 0.10.0 (/opt/ros/humble/share/ament_cmake_ros/cmake)
-- Found Python3: /usr/bin/python3 (found version "3.10.12") found components: Interpreter 
-- Configuring done
-- Generating done
-- Build files have been written to: /home/ubuntu/S12P11C101/SIMULATE/GAZEBO_SIM/ssafy_ws/build/rosbridge_library
Built target ament_cmake_python_copy_rosbridge_library
running egg_info
creating rosbridge_library.egg-info
writing rosbridge_library.egg-info/PKG-INFO
writing dependency_links to rosbridge_library.egg-info/dependency_links.txt
writing top-level names to rosbridge_library.egg-info/top_level.txt
writing manifest file 'rosbridge_library.egg-info/SOURCES.txt'
reading manifest file 'rosbridge_library.egg-info/SOURCES.txt'
writing manifest file 'rosbridge_library.egg-info/SOURCES.txt'
Built target ament_cmake_python_build_rosbridge_library_egg
-- Install configuration: ""
-- Installing: /home/ubuntu/S12P11C101/SIMULATE/GAZEBO_SIM/ssafy_ws/install/rosbridge_library/share/rosbridge_library/environment/pythonpath.sh
-- Installing: /home/ubuntu/S12P11C101/SIMULATE/GAZEBO_SIM/ssafy_ws/install/rosbridge_library/share/rosbridge_library/environment/pythonpath.dsv
-- Installing: /home/ubuntu/S12P11C101/SIMULATE/GAZEBO_SIM/ssafy_ws/install/rosbridge_library/local/lib/python3.10/dist-packages/rosbridge_library-2.0.0-py3.10.egg-info
-- Installing: /home/ubuntu/S12P11C101/SIMULATE/GAZEBO_SIM/ssafy_ws/install/rosbridge_library/local/lib/python3.10/dist-packages/rosbridge_library-2.0.0-py3.10.egg-info/dependency_links.txt
-- Installing: /home/ubuntu/S12P11C101/SIMULATE/GAZEBO_SIM/ssafy_ws/install/rosbridge_library/local/lib/python3.10/dist-packages/rosbridge_library-2.0.0-py3.10.egg-info/PKG-INFO
-- Installing: /home/ubuntu/S12P11C101/SIMULATE/GAZEBO_SIM/ssafy_ws/install/rosbridge_library/local/lib/python3.10/dist-packages/rosbridge_library-2.0.0-py3.10.egg-info/SOURCES.txt
-- Installing: /home/ubuntu/S12P11C101/SIMULATE/GAZEBO_SIM/ssafy_ws/install/rosbridge_library/local/lib/python3.10/dist-packages/rosbridge_library-2.0.0-py3.10.egg-info/top_level.txt
-- Installing: /home/ubuntu/S12P11C101/SIMULATE/GAZEBO_SIM/ssafy_ws/install/rosbridge_library/local/lib/python3.10/dist-packages/rosbridge_library
-- Installing: /home/ubuntu/S12P11C101/SIMULATE/GAZEBO_SIM/ssafy_ws/install/rosbridge_library/local/lib/python3.10/dist-packages/rosbridge_library/internal
-- Installing: /home/ubuntu/S12P11C101/SIMULATE/GAZEBO_SIM/ssafy_ws/install/rosbridge_library/local/lib/python3.10/dist-packages/rosbridge_library/internal/subscribers.py
-- Installing: /home/ubuntu/S12P11C101/SIMULATE/GAZEBO_SIM/ssafy_ws/install/rosbridge_library/local/lib/python3.10/dist-packages/rosbridge_library/internal/ros_loader.py
-- Installing: /home/ubuntu/S12P11C101/SIMULATE/GAZEBO_SIM/ssafy_ws/install/rosbridge_library/local/lib/python3.10/dist-packages/rosbridge_library/internal/outgoing_message.py
-- Installing: /home/ubuntu/S12P11C101/SIMULATE/GAZEBO_SIM/ssafy_ws/install/rosbridge_library/local/lib/python3.10/dist-packages/rosbridge_library/internal/__init__.py
-- Installing: /home/ubuntu/S12P11C101/SIMULATE/GAZEBO_SIM/ssafy_ws/install/rosbridge_library/local/lib/python3.10/dist-packages/rosbridge_library/internal/publishers.py
-- Installing: /home/ubuntu/S12P11C101/SIMULATE/GAZEBO_SIM/ssafy_ws/install/rosbridge_library/local/lib/python3.10/dist-packages/rosbridge_library/internal/cbor_conversion.py
-- Installing: /home/ubuntu/S12P11C101/SIMULATE/GAZEBO_SIM/ssafy_ws/install/rosbridge_library/local/lib/python3.10/dist-packages/rosbridge_library/internal/pngcompression.py
-- Installing: /home/ubuntu/S12P11C101/SIMULATE/GAZEBO_SIM/ssafy_ws/install/rosbridge_library/local/lib/python3.10/dist-packages/rosbridge_library/internal/services.py
-- Installing: /home/ubuntu/S12P11C101/SIMULATE/GAZEBO_SIM/ssafy_ws/install/rosbridge_library/local/lib/python3.10/dist-packages/rosbridge_library/internal/subscription_modifiers.py
-- Installing: /home/ubuntu/S12P11C101/SIMULATE/GAZEBO_SIM/ssafy_ws/install/rosbridge_library/local/lib/python3.10/dist-packages/rosbridge_library/internal/message_conversion.py
-- Installing: /home/ubuntu/S12P11C101/SIMULATE/GAZEBO_SIM/ssafy_ws/install/rosbridge_library/local/lib/python3.10/dist-packages/rosbridge_library/internal/topics.py
-- Installing: /home/ubuntu/S12P11C101/SIMULATE/GAZEBO_SIM/ssafy_ws/install/rosbridge_library/local/lib/python3.10/dist-packages/rosbridge_library/internal/exceptions.py
-- Installing: /home/ubuntu/S12P11C101/SIMULATE/GAZEBO_SIM/ssafy_ws/install/rosbridge_library/local/lib/python3.10/dist-packages/rosbridge_library/internal/actions.py
-- Installing: /home/ubuntu/S12P11C101/SIMULATE/GAZEBO_SIM/ssafy_ws/install/rosbridge_library/local/lib/python3.10/dist-packages/rosbridge_library/__init__.py
-- Installing: /home/ubuntu/S12P11C101/SIMULATE/GAZEBO_SIM/ssafy_ws/install/rosbridge_library/local/lib/python3.10/dist-packages/rosbridge_library/rosbridge_protocol.py
-- Installing: /home/ubuntu/S12P11C101/SIMULATE/GAZEBO_SIM/ssafy_ws/install/rosbridge_library/local/lib/python3.10/dist-packages/rosbridge_library/capabilities
-- Installing: /home/ubuntu/S12P11C101/SIMULATE/GAZEBO_SIM/ssafy_ws/install/rosbridge_library/local/lib/python3.10/dist-packages/rosbridge_library/capabilities/unadvertise_service.py
-- Installing: /home/ubuntu/S12P11C101/SIMULATE/GAZEBO_SIM/ssafy_ws/install/rosbridge_library/local/lib/python3.10/dist-packages/rosbridge_library/capabilities/unadvertise_action.py
-- Installing: /home/ubuntu/S12P11C101/SIMULATE/GAZEBO_SIM/ssafy_ws/install/rosbridge_library/local/lib/python3.10/dist-packages/rosbridge_library/capabilities/subscribe.py
-- Installing: /home/ubuntu/S12P11C101/SIMULATE/GAZEBO_SIM/ssafy_ws/install/rosbridge_library/local/lib/python3.10/dist-packages/rosbridge_library/capabilities/fragmentation.py
-- Installing: /home/ubuntu/S12P11C101/SIMULATE/GAZEBO_SIM/ssafy_ws/install/rosbridge_library/local/lib/python3.10/dist-packages/rosbridge_library/capabilities/__init__.py
-- Installing: /home/ubuntu/S12P11C101/SIMULATE/GAZEBO_SIM/ssafy_ws/install/rosbridge_library/local/lib/python3.10/dist-packages/rosbridge_library/capabilities/action_result.py
-- Installing: /home/ubuntu/S12P11C101/SIMULATE/GAZEBO_SIM/ssafy_ws/install/rosbridge_library/local/lib/python3.10/dist-packages/rosbridge_library/capabilities/service_response.py
-- Installing: /home/ubuntu/S12P11C101/SIMULATE/GAZEBO_SIM/ssafy_ws/install/rosbridge_library/local/lib/python3.10/dist-packages/rosbridge_library/capabilities/advertise.py
-- Installing: /home/ubuntu/S12P11C101/SIMULATE/GAZEBO_SIM/ssafy_ws/install/rosbridge_library/local/lib/python3.10/dist-packages/rosbridge_library/capabilities/send_action_goal.py
-- Installing: /home/ubuntu/S12P11C101/SIMULATE/GAZEBO_SIM/ssafy_ws/install/rosbridge_library/local/lib/python3.10/dist-packages/rosbridge_library/capabilities/publish.py
-- Installing: /home/ubuntu/S12P11C101/SIMULATE/GAZEBO_SIM/ssafy_ws/install/rosbridge_library/local/lib/python3.10/dist-packages/rosbridge_library/capabilities/advertise_service.py
-- Installing: /home/ubuntu/S12P11C101/SIMULATE/GAZEBO_SIM/ssafy_ws/install/rosbridge_library/local/lib/python3.10/dist-packages/rosbridge_library/capabilities/action_feedback.py
-- Installing: /home/ubuntu/S12P11C101/SIMULATE/GAZEBO_SIM/ssafy_ws/install/rosbridge_library/local/lib/python3.10/dist-packages/rosbridge_library/capabilities/call_service.py
-- Installing: /home/ubuntu/S12P11C101/SIMULATE/GAZEBO_SIM/ssafy_ws/install/rosbridge_library/local/lib/python3.10/dist-packages/rosbridge_library/capabilities/advertise_action.py
-- Installing: /home/ubuntu/S12P11C101/SIMULATE/GAZEBO_SIM/ssafy_ws/install/rosbridge_library/local/lib/python3.10/dist-packages/rosbridge_library/capabilities/defragmentation.py
-- Installing: /home/ubuntu/S12P11C101/SIMULATE/GAZEBO_SIM/ssafy_ws/install/rosbridge_library/local/lib/python3.10/dist-packages/rosbridge_library/protocol.py
-- Installing: /home/ubuntu/S12P11C101/SIMULATE/GAZEBO_SIM/ssafy_ws/install/rosbridge_library/local/lib/python3.10/dist-packages/rosbridge_library/capability.py
-- Installing: /home/ubuntu/S12P11C101/SIMULATE/GAZEBO_SIM/ssafy_ws/install/rosbridge_library/local/lib/python3.10/dist-packages/rosbridge_library/util
-- Installing: /home/ubuntu/S12P11C101/SIMULATE/GAZEBO_SIM/ssafy_ws/install/rosbridge_library/local/lib/python3.10/dist-packages/rosbridge_library/util/__init__.py
-- Installing: /home/ubuntu/S12P11C101/SIMULATE/GAZEBO_SIM/ssafy_ws/install/rosbridge_library/local/lib/python3.10/dist-packages/rosbridge_library/util/cbor.py
-- Installing: /home/ubuntu/S12P11C101/SIMULATE/GAZEBO_SIM/ssafy_ws/install/rosbridge_library/local/lib/python3.10/dist-packages/rosbridge_library/util/ros.py
Listing '/home/ubuntu/S12P11C101/SIMULATE/GAZEBO_SIM/ssafy_ws/install/rosbridge_library/local/lib/python3.10/dist-packages/rosbridge_library'...
Compiling '/home/ubuntu/S12P11C101/SIMULATE/GAZEBO_SIM/ssafy_ws/install/rosbridge_library/local/lib/python3.10/dist-packages/rosbridge_library/__init__.py'...
Listing '/home/ubuntu/S12P11C101/SIMULATE/GAZEBO_SIM/ssafy_ws/install/rosbridge_library/local/lib/python3.10/dist-packages/rosbridge_library/capabilities'...
Compiling '/home/ubuntu/S12P11C101/SIMULATE/GAZEBO_SIM/ssafy_ws/install/rosbridge_library/local/lib/python3.10/dist-packages/rosbridge_library/capabilities/__init__.py'...
Compiling '/home/ubuntu/S12P11C101/SIMULATE/GAZEBO_SIM/ssafy_ws/install/rosbridge_library/local/lib/python3.10/dist-packages/rosbridge_library/capabilities/action_feedback.py'...
Compiling '/home/ubuntu/S12P11C101/SIMULATE/GAZEBO_SIM/ssafy_ws/install/rosbridge_library/local/lib/python3.10/dist-packages/rosbridge_library/capabilities/action_result.py'...
Compiling '/home/ubuntu/S12P11C101/SIMULATE/GAZEBO_SIM/ssafy_ws/install/rosbridge_library/local/lib/python3.10/dist-packages/rosbridge_library/capabilities/advertise.py'...
Compiling '/home/ubuntu/S12P11C101/SIMULATE/GAZEBO_SIM/ssafy_ws/install/rosbridge_library/local/lib/python3.10/dist-packages/rosbridge_library/capabilities/advertise_action.py'...
Compiling '/home/ubuntu/S12P11C101/SIMULATE/GAZEBO_SIM/ssafy_ws/install/rosbridge_library/local/lib/python3.10/dist-packages/rosbridge_library/capabilities/advertise_service.py'...
Compiling '/home/ubuntu/S12P11C101/SIMULATE/GAZEBO_SIM/ssafy_ws/install/rosbridge_library/local/lib/python3.10/dist-packages/rosbridge_library/capabilities/call_service.py'...
Compiling '/home/ubuntu/S12P11C101/SIMULATE/GAZEBO_SIM/ssafy_ws/install/rosbridge_library/local/lib/python3.10/dist-packages/rosbridge_library/capabilities/defragmentation.py'...
Compiling '/home/ubuntu/S12P11C101/SIMULATE/GAZEBO_SIM/ssafy_ws/install/rosbridge_library/local/lib/python3.10/dist-packages/rosbridge_library/capabilities/fragmentation.py'...
Compiling '/home/ubuntu/S12P11C101/SIMULATE/GAZEBO_SIM/ssafy_ws/install/rosbridge_library/local/lib/python3.10/dist-packages/rosbridge_library/capabilities/publish.py'...
Compiling '/home/ubuntu/S12P11C101/SIMULATE/GAZEBO_SIM/ssafy_ws/install/rosbridge_library/local/lib/python3.10/dist-packages/rosbridge_library/capabilities/send_action_goal.py'...
Compiling '/home/ubuntu/S12P11C101/SIMULATE/GAZEBO_SIM/ssafy_ws/install/rosbridge_library/local/lib/python3.10/dist-packages/rosbridge_library/capabilities/service_response.py'...
Compiling '/home/ubuntu/S12P11C101/SIMULATE/GAZEBO_SIM/ssafy_ws/install/rosbridge_library/local/lib/python3.10/dist-packages/rosbridge_library/capabilities/subscribe.py'...
Compiling '/home/ubuntu/S12P11C101/SIMULATE/GAZEBO_SIM/ssafy_ws/install/rosbridge_library/local/lib/python3.10/dist-packages/rosbridge_library/capabilities/unadvertise_action.py'...
Compiling '/home/ubuntu/S12P11C101/SIMULATE/GAZEBO_SIM/ssafy_ws/install/rosbridge_library/local/lib/python3.10/dist-packages/rosbridge_library/capabilities/unadvertise_service.py'...
Compiling '/home/ubuntu/S12P11C101/SIMULATE/GAZEBO_SIM/ssafy_ws/install/rosbridge_library/local/lib/python3.10/dist-packages/rosbridge_library/capability.py'...
Listing '/home/ubuntu/S12P11C101/SIMULATE/GAZEBO_SIM/ssafy_ws/install/rosbridge_library/local/lib/python3.10/dist-packages/rosbridge_library/internal'...
Compiling '/home/ubuntu/S12P11C101/SIMULATE/GAZEBO_SIM/ssafy_ws/install/rosbridge_library/local/lib/python3.10/dist-packages/rosbridge_library/internal/__init__.py'...
Compiling '/home/ubuntu/S12P11C101/SIMULATE/GAZEBO_SIM/ssafy_ws/install/rosbridge_library/local/lib/python3.10/dist-packages/rosbridge_library/internal/actions.py'...
Compiling '/home/ubuntu/S12P11C101/SIMULATE/GAZEBO_SIM/ssafy_ws/install/rosbridge_library/local/lib/python3.10/dist-packages/rosbridge_library/internal/cbor_conversion.py'...
Compiling '/home/ubuntu/S12P11C101/SIMULATE/GAZEBO_SIM/ssafy_ws/install/rosbridge_library/local/lib/python3.10/dist-packages/rosbridge_library/internal/exceptions.py'...
Compiling '/home/ubuntu/S12P11C101/SIMULATE/GAZEBO_SIM/ssafy_ws/install/rosbridge_library/local/lib/python3.10/dist-packages/rosbridge_library/internal/message_conversion.py'...
Compiling '/home/ubuntu/S12P11C101/SIMULATE/GAZEBO_SIM/ssafy_ws/install/rosbridge_library/local/lib/python3.10/dist-packages/rosbridge_library/internal/outgoing_message.py'...
Compiling '/home/ubuntu/S12P11C101/SIMULATE/GAZEBO_SIM/ssafy_ws/install/rosbridge_library/local/lib/python3.10/dist-packages/rosbridge_library/internal/pngcompression.py'...
Compiling '/home/ubuntu/S12P11C101/SIMULATE/GAZEBO_SIM/ssafy_ws/install/rosbridge_library/local/lib/python3.10/dist-packages/rosbridge_library/internal/publishers.py'...
Compiling '/home/ubuntu/S12P11C101/SIMULATE/GAZEBO_SIM/ssafy_ws/install/rosbridge_library/local/lib/python3.10/dist-packages/rosbridge_library/internal/ros_loader.py'...
Compiling '/home/ubuntu/S12P11C101/SIMULATE/GAZEBO_SIM/ssafy_ws/install/rosbridge_library/local/lib/python3.10/dist-packages/rosbridge_library/internal/services.py'...
Compiling '/home/ubuntu/S12P11C101/SIMULATE/GAZEBO_SIM/ssafy_ws/install/rosbridge_library/local/lib/python3.10/dist-packages/rosbridge_library/internal/subscribers.py'...
Compiling '/home/ubuntu/S12P11C101/SIMULATE/GAZEBO_SIM/ssafy_ws/install/rosbridge_library/local/lib/python3.10/dist-packages/rosbridge_library/internal/subscription_modifiers.py'...
Compiling '/home/ubuntu/S12P11C101/SIMULATE/GAZEBO_SIM/ssafy_ws/install/rosbridge_library/local/lib/python3.10/dist-packages/rosbridge_library/internal/topics.py'...
Compiling '/home/ubuntu/S12P11C101/SIMULATE/GAZEBO_SIM/ssafy_ws/install/rosbridge_library/local/lib/python3.10/dist-packages/rosbridge_library/protocol.py'...
Compiling '/home/ubuntu/S12P11C101/SIMULATE/GAZEBO_SIM/ssafy_ws/install/rosbridge_library/local/lib/python3.10/dist-packages/rosbridge_library/rosbridge_protocol.py'...
Listing '/home/ubuntu/S12P11C101/SIMULATE/GAZEBO_SIM/ssafy_ws/install/rosbridge_library/local/lib/python3.10/dist-packages/rosbridge_library/util'...
Compiling '/home/ubuntu/S12P11C101/SIMULATE/GAZEBO_SIM/ssafy_ws/install/rosbridge_library/local/lib/python3.10/dist-packages/rosbridge_library/util/__init__.py'...
Compiling '/home/ubuntu/S12P11C101/SIMULATE/GAZEBO_SIM/ssafy_ws/install/rosbridge_library/local/lib/python3.10/dist-packages/rosbridge_library/util/cbor.py'...
Compiling '/home/ubuntu/S12P11C101/SIMULATE/GAZEBO_SIM/ssafy_ws/install/rosbridge_library/local/lib/python3.10/dist-packages/rosbridge_library/util/ros.py'...
-- Installing: /home/ubuntu/S12P11C101/SIMULATE/GAZEBO_SIM/ssafy_ws/install/rosbridge_library/share/ament_index/resource_index/package_run_dependencies/rosbridge_library
-- Installing: /home/ubuntu/S12P11C101/SIMULATE/GAZEBO_SIM/ssafy_ws/install/rosbridge_library/share/ament_index/resource_index/parent_prefix_path/rosbridge_library
-- Installing: /home/ubuntu/S12P11C101/SIMULATE/GAZEBO_SIM/ssafy_ws/install/rosbridge_library/share/rosbridge_library/environment/ament_prefix_path.sh
-- Installing: /home/ubuntu/S12P11C101/SIMULATE/GAZEBO_SIM/ssafy_ws/install/rosbridge_library/share/rosbridge_library/environment/ament_prefix_path.dsv
-- Installing: /home/ubuntu/S12P11C101/SIMULATE/GAZEBO_SIM/ssafy_ws/install/rosbridge_library/share/rosbridge_library/environment/path.sh
-- Installing: /home/ubuntu/S12P11C101/SIMULATE/GAZEBO_SIM/ssafy_ws/install/rosbridge_library/share/rosbridge_library/environment/path.dsv
-- Installing: /home/ubuntu/S12P11C101/SIMULATE/GAZEBO_SIM/ssafy_ws/install/rosbridge_library/share/rosbridge_library/local_setup.bash
-- Installing: /home/ubuntu/S12P11C101/SIMULATE/GAZEBO_SIM/ssafy_ws/install/rosbridge_library/share/rosbridge_library/local_setup.sh
-- Installing: /home/ubuntu/S12P11C101/SIMULATE/GAZEBO_SIM/ssafy_ws/install/rosbridge_library/share/rosbridge_library/local_setup.zsh
-- Installing: /home/ubuntu/S12P11C101/SIMULATE/GAZEBO_SIM/ssafy_ws/install/rosbridge_library/share/rosbridge_library/local_setup.dsv
-- Installing: /home/ubuntu/S12P11C101/SIMULATE/GAZEBO_SIM/ssafy_ws/install/rosbridge_library/share/rosbridge_library/package.dsv
-- Installing: /home/ubuntu/S12P11C101/SIMULATE/GAZEBO_SIM/ssafy_ws/install/rosbridge_library/share/ament_index/resource_index/packages/rosbridge_library
-- Installing: /home/ubuntu/S12P11C101/SIMULATE/GAZEBO_SIM/ssafy_ws/install/rosbridge_library/share/rosbridge_library/cmake/rosbridge_libraryConfig.cmake
-- Installing: /home/ubuntu/S12P11C101/SIMULATE/GAZEBO_SIM/ssafy_ws/install/rosbridge_library/share/rosbridge_library/cmake/rosbridge_libraryConfig-version.cmake
-- Installing: /home/ubuntu/S12P11C101/SIMULATE/GAZEBO_SIM/ssafy_ws/install/rosbridge_library/share/rosbridge_library/package.xml
