[0.009s] Invoking command in '/home/ubuntu/GAZEBO_SIM/ssafy_ws/build/velodyne_simulator': CMAKE_PREFIX_PATH=/home/ubuntu/GAZEBO_SIM/ssafy_ws/install/velodyne_gazebo_plugins:/home/ubuntu/GAZEBO_SIM/ssafy_ws/install/velodyne_description:/home/ubuntu/GAZEBO_SIM/ssafy_ws/install/velodyne_simulator:/home/ubuntu/GAZEBO_SIM/ssafy_ws/install/turtlebot3_simulations:/home/ubuntu/GAZEBO_SIM/ssafy_ws/install/turtlebot3_gazebo:/home/ubuntu/GAZEBO_SIM/ssafy_ws/install/turtlebot3_description:/home/ubuntu/GAZEBO_SIM/ssafy_ws/install/teleop_twist_keyboard:/opt/ros/humble /usr/bin/cmake --build /home/ubuntu/GAZEBO_SIM/ssafy_ws/build/velodyne_simulator -- -j12 -l12
[0.034s] Invoked command in '/home/ubuntu/GAZEBO_SIM/ssafy_ws/build/velodyne_simulator' returned '0': CMAKE_PREFIX_PATH=/home/ubuntu/GAZEBO_SIM/ssafy_ws/install/velodyne_gazebo_plugins:/home/ubuntu/GAZEBO_SIM/ssafy_ws/install/velodyne_description:/home/ubuntu/GAZEBO_SIM/ssafy_ws/install/velodyne_simulator:/home/ubuntu/GAZEBO_SIM/ssafy_ws/install/turtlebot3_simulations:/home/ubuntu/GAZEBO_SIM/ssafy_ws/install/turtlebot3_gazebo:/home/ubuntu/GAZEBO_SIM/ssafy_ws/install/turtlebot3_description:/home/ubuntu/GAZEBO_SIM/ssafy_ws/install/teleop_twist_keyboard:/opt/ros/humble /usr/bin/cmake --build /home/ubuntu/GAZEBO_SIM/ssafy_ws/build/velodyne_simulator -- -j12 -l12
[0.036s] Invoking command in '/home/ubuntu/GAZEBO_SIM/ssafy_ws/build/velodyne_simulator': CMAKE_PREFIX_PATH=/home/ubuntu/GAZEBO_SIM/ssafy_ws/install/velodyne_gazebo_plugins:/home/ubuntu/GAZEBO_SIM/ssafy_ws/install/velodyne_description:/home/ubuntu/GAZEBO_SIM/ssafy_ws/install/velodyne_simulator:/home/ubuntu/GAZEBO_SIM/ssafy_ws/install/turtlebot3_simulations:/home/ubuntu/GAZEBO_SIM/ssafy_ws/install/turtlebot3_gazebo:/home/ubuntu/GAZEBO_SIM/ssafy_ws/install/turtlebot3_description:/home/ubuntu/GAZEBO_SIM/ssafy_ws/install/teleop_twist_keyboard:/opt/ros/humble /usr/bin/cmake --install /home/ubuntu/GAZEBO_SIM/ssafy_ws/build/velodyne_simulator
[0.042s] -- Install configuration: ""
[0.042s] -- Up-to-date: /home/ubuntu/GAZEBO_SIM/ssafy_ws/install/velodyne_simulator/share/ament_index/resource_index/package_run_dependencies/velodyne_simulator
[0.042s] -- Up-to-date: /home/ubuntu/GAZEBO_SIM/ssafy_ws/install/velodyne_simulator/share/ament_index/resource_index/parent_prefix_path/velodyne_simulator
[0.042s] -- Up-to-date: /home/ubuntu/GAZEBO_SIM/ssafy_ws/install/velodyne_simulator/share/velodyne_simulator/environment/ament_prefix_path.sh
[0.042s] -- Up-to-date: /home/ubuntu/GAZEBO_SIM/ssafy_ws/install/velodyne_simulator/share/velodyne_simulator/environment/ament_prefix_path.dsv
[0.042s] -- Up-to-date: /home/ubuntu/GAZEBO_SIM/ssafy_ws/install/velodyne_simulator/share/velodyne_simulator/environment/path.sh
[0.042s] -- Up-to-date: /home/ubuntu/GAZEBO_SIM/ssafy_ws/install/velodyne_simulator/share/velodyne_simulator/environment/path.dsv
[0.043s] -- Up-to-date: /home/ubuntu/GAZEBO_SIM/ssafy_ws/install/velodyne_simulator/share/velodyne_simulator/local_setup.bash
[0.043s] -- Up-to-date: /home/ubuntu/GAZEBO_SIM/ssafy_ws/install/velodyne_simulator/share/velodyne_simulator/local_setup.sh
[0.043s] -- Up-to-date: /home/ubuntu/GAZEBO_SIM/ssafy_ws/install/velodyne_simulator/share/velodyne_simulator/local_setup.zsh
[0.043s] -- Up-to-date: /home/ubuntu/GAZEBO_SIM/ssafy_ws/install/velodyne_simulator/share/velodyne_simulator/local_setup.dsv
[0.043s] -- Installing: /home/ubuntu/GAZEBO_SIM/ssafy_ws/install/velodyne_simulator/share/velodyne_simulator/package.dsv
[0.043s] -- Up-to-date: /home/ubuntu/GAZEBO_SIM/ssafy_ws/install/velodyne_simulator/share/ament_index/resource_index/packages/velodyne_simulator
[0.043s] -- Up-to-date: /home/ubuntu/GAZEBO_SIM/ssafy_ws/install/velodyne_simulator/share/velodyne_simulator/cmake/velodyne_simulatorConfig.cmake
[0.043s] -- Up-to-date: /home/ubuntu/GAZEBO_SIM/ssafy_ws/install/velodyne_simulator/share/velodyne_simulator/cmake/velodyne_simulatorConfig-version.cmake
[0.043s] -- Up-to-date: /home/ubuntu/GAZEBO_SIM/ssafy_ws/install/velodyne_simulator/share/velodyne_simulator/package.xml
[0.045s] Invoked command in '/home/ubuntu/GAZEBO_SIM/ssafy_ws/build/velodyne_simulator' returned '0': CMAKE_PREFIX_PATH=/home/ubuntu/GAZEBO_SIM/ssafy_ws/install/velodyne_gazebo_plugins:/home/ubuntu/GAZEBO_SIM/ssafy_ws/install/velodyne_description:/home/ubuntu/GAZEBO_SIM/ssafy_ws/install/velodyne_simulator:/home/ubuntu/GAZEBO_SIM/ssafy_ws/install/turtlebot3_simulations:/home/ubuntu/GAZEBO_SIM/ssafy_ws/install/turtlebot3_gazebo:/home/ubuntu/GAZEBO_SIM/ssafy_ws/install/turtlebot3_description:/home/ubuntu/GAZEBO_SIM/ssafy_ws/install/teleop_twist_keyboard:/opt/ros/humble /usr/bin/cmake --install /home/ubuntu/GAZEBO_SIM/ssafy_ws/build/velodyne_simulator
