[0.013s] Invoking command in '/home/ubuntu/GAZEBO_SIM/ssafy_ws/build/velodyne_gazebo_plugins': CMAKE_PREFIX_PATH=/opt/ros/humble /usr/bin/cmake --build /home/ubuntu/GAZEBO_SIM/ssafy_ws/build/velodyne_gazebo_plugins -- -j12 -l12
[0.059s] -- Found ament_cmake: 1.3.11 (/opt/ros/humble/share/ament_cmake/cmake)
[0.168s] -- Found gazebo_dev: 3.7.0 (/opt/ros/humble/share/gazebo_dev/cmake)
[0.200s] -- Found DART: /usr/include (Required is at least version "6.6") found components: dart 
[0.237s] -- Found Protobuf: /usr/lib/x86_64-linux-gnu/libprotobuf.so (found version "3.12.4") 
[0.239s] -- Looking for ignition-math6 -- found version 6.15.1
[0.246s] -- Searching for dependencies of ignition-math6
[0.248s] -- Looking for OGRE...
[0.254s] -- Found Ogre Ghadamon (1.9.0)
[0.254s] -- Found OGRE: optimized;/usr/lib/x86_64-linux-gnu/libOgreMain.so;debug;/usr/lib/x86_64-linux-gnu/libOgreMain.so
[0.262s] -- Looking for OGRE_Paging...
[0.262s] -- Found OGRE_Paging: optimized;/usr/lib/x86_64-linux-gnu/libOgrePaging.so;debug;/usr/lib/x86_64-linux-gnu/libOgrePaging.so
[0.262s] -- Looking for OGRE_Terrain...
[0.262s] -- Found OGRE_Terrain: optimized;/usr/lib/x86_64-linux-gnu/libOgreTerrain.so;debug;/usr/lib/x86_64-linux-gnu/libOgreTerrain.so
[0.262s] -- Looking for OGRE_Property...
[0.262s] -- Found OGRE_Property: optimized;/usr/lib/x86_64-linux-gnu/libOgreProperty.so;debug;/usr/lib/x86_64-linux-gnu/libOgreProperty.so
[0.263s] -- Looking for OGRE_RTShaderSystem...
[0.263s] -- Found OGRE_RTShaderSystem: optimized;/usr/lib/x86_64-linux-gnu/libOgreRTShaderSystem.so;debug;/usr/lib/x86_64-linux-gnu/libOgreRTShaderSystem.so
[0.263s] -- Looking for OGRE_Volume...
[0.263s] -- Found OGRE_Volume: optimized;/usr/lib/x86_64-linux-gnu/libOgreVolume.so;debug;/usr/lib/x86_64-linux-gnu/libOgreVolume.so
[0.263s] -- Looking for OGRE_Overlay...
[0.263s] -- Found OGRE_Overlay: optimized;/usr/lib/x86_64-linux-gnu/libOgreOverlay.so;debug;/usr/lib/x86_64-linux-gnu/libOgreOverlay.so
[0.350s] -- Looking for ignition-math6 -- found version 6.15.1
[0.351s] -- Looking for ignition-transport8 -- found version 8.2.1
[0.351s] -- Searching for dependencies of ignition-transport8
[0.363s] -- Found Protobuf: /usr/lib/x86_64-linux-gnu/libprotobuf.so (found suitable version "3.12.4", minimum required is "3") 
[0.372s] -- Config-file not installed for ZeroMQ -- checking for pkg-config
[0.375s] -- Checking for module 'libzmq >= 4'
[0.386s] --   Found libzmq , version 4.3.4
[0.410s] -- Checking for module 'uuid'
[0.418s] --   Found uuid, version 2.37.2
[0.437s] -- Looking for ignition-msgs5 -- found version 5.8.1
[0.437s] -- Searching for dependencies of ignition-msgs5
[0.450s] -- Looking for ignition-math6 -- found version 6.15.1
[0.453s] -- Checking for module 'tinyxml2'
[0.460s] --   Found tinyxml2, version 9.0.0
[0.477s] -- Looking for ignition-msgs5 -- found version 5.8.1
[0.478s] -- Looking for ignition-common3 -- found version 3.14.0
[0.478s] -- Searching for dependencies of ignition-common3
[0.478s] -- Looking for dlfcn.h - found
[0.478s] -- Looking for libdl - found
[0.487s] -- Searching for <ignition-common3> component [graphics]
[0.488s] -- Looking for ignition-common3-graphics -- found version 3.14.0
[0.488s] -- Searching for dependencies of ignition-common3-graphics
[0.489s] -- Looking for ignition-math6 -- found version 6.15.1
[0.490s] -- Looking for ignition-fuel_tools4 -- found version 4.4.0
[0.490s] -- Searching for dependencies of ignition-fuel_tools4
[0.523s] -- Checking for module 'jsoncpp'
[0.532s] --   Found jsoncpp, version 1.9.5
[0.556s] -- Checking for module 'libzip'
[0.564s] --   Found libzip, version 1.7.3
[0.584s] -- Looking for ignition-common3 -- found version 3.14.0
[0.584s] -- Looking for ignition-math6 -- found version 6.15.1
[0.584s] -- Looking for ignition-msgs5 -- found version 5.8.1
[0.587s] -- Gazebo version: 11.10
[0.587s] -- Found gazebo_ros: 3.7.0 (/opt/ros/humble/share/gazebo_ros/cmake)
[0.617s] -- Found rosidl_generator_c: 3.1.6 (/opt/ros/humble/share/rosidl_generator_c/cmake)
[0.620s] -- Found rosidl_adapter: 3.1.6 (/opt/ros/humble/share/rosidl_adapter/cmake)
[0.628s] -- Found rosidl_generator_cpp: 3.1.6 (/opt/ros/humble/share/rosidl_generator_cpp/cmake)
[0.640s] -- Using all available rosidl_typesupport_c: rosidl_typesupport_fastrtps_c;rosidl_typesupport_introspection_c
[0.652s] -- Using all available rosidl_typesupport_cpp: rosidl_typesupport_fastrtps_cpp;rosidl_typesupport_introspection_cpp
[0.689s] -- Found rmw_implementation_cmake: 6.1.2 (/opt/ros/humble/share/rmw_implementation_cmake/cmake)
[0.691s] -- Found rmw_cyclonedds_cpp: 1.3.4 (/opt/ros/humble/share/rmw_cyclonedds_cpp/cmake)
[0.714s] -- Using RMW implementation 'rmw_cyclonedds_cpp' as default
[0.759s] -- Found gazebo_msgs: 3.7.0 (/opt/ros/humble/share/gazebo_msgs/cmake)
[0.803s] -- Found sensor_msgs: 4.2.4 (/opt/ros/humble/share/sensor_msgs/cmake)
[0.862s] -- Configuring done
[0.906s] -- Generating done
[0.909s] -- Build files have been written to: /home/ubuntu/GAZEBO_SIM/ssafy_ws/build/velodyne_gazebo_plugins
[0.928s] [35m[1mConsolidate compiler generated dependencies of target gazebo_ros_velodyne_laser[0m
[1.003s] [ 50%] [32mBuilding CXX object CMakeFiles/gazebo_ros_velodyne_laser.dir/src/GazeboRosVelodyneLaser.cpp.o[0m
[13.103s] [100%] [32m[1mLinking CXX shared library libgazebo_ros_velodyne_laser.so[0m
[13.452s] [100%] Built target gazebo_ros_velodyne_laser
[13.462s] Invoked command in '/home/ubuntu/GAZEBO_SIM/ssafy_ws/build/velodyne_gazebo_plugins' returned '0': CMAKE_PREFIX_PATH=/opt/ros/humble /usr/bin/cmake --build /home/ubuntu/GAZEBO_SIM/ssafy_ws/build/velodyne_gazebo_plugins -- -j12 -l12
[13.463s] Invoking command in '/home/ubuntu/GAZEBO_SIM/ssafy_ws/build/velodyne_gazebo_plugins': CMAKE_PREFIX_PATH=/opt/ros/humble /usr/bin/cmake --install /home/ubuntu/GAZEBO_SIM/ssafy_ws/build/velodyne_gazebo_plugins
[13.467s] -- Install configuration: ""
[13.467s] -- Installing: /home/ubuntu/GAZEBO_SIM/ssafy_ws/install/velodyne_gazebo_plugins/lib/libgazebo_ros_velodyne_laser.so
[13.469s] -- Set runtime path of "/home/ubuntu/GAZEBO_SIM/ssafy_ws/install/velodyne_gazebo_plugins/lib/libgazebo_ros_velodyne_laser.so" to ""
[13.469s] -- Up-to-date: /home/ubuntu/GAZEBO_SIM/ssafy_ws/install/velodyne_gazebo_plugins/include/velodyne_gazebo_plugins
[13.470s] -- Up-to-date: /home/ubuntu/GAZEBO_SIM/ssafy_ws/install/velodyne_gazebo_plugins/include/velodyne_gazebo_plugins/GazeboRosVelodyneLaser.hpp
[13.470s] -- Installing: /home/ubuntu/GAZEBO_SIM/ssafy_ws/install/velodyne_gazebo_plugins/share/velodyne_gazebo_plugins/environment/library_path.sh
[13.470s] -- Installing: /home/ubuntu/GAZEBO_SIM/ssafy_ws/install/velodyne_gazebo_plugins/share/velodyne_gazebo_plugins/environment/library_path.dsv
[13.470s] -- Up-to-date: /home/ubuntu/GAZEBO_SIM/ssafy_ws/install/velodyne_gazebo_plugins/share/ament_index/resource_index/package_run_dependencies/velodyne_gazebo_plugins
[13.470s] -- Up-to-date: /home/ubuntu/GAZEBO_SIM/ssafy_ws/install/velodyne_gazebo_plugins/share/ament_index/resource_index/parent_prefix_path/velodyne_gazebo_plugins
[13.470s] -- Installing: /home/ubuntu/GAZEBO_SIM/ssafy_ws/install/velodyne_gazebo_plugins/share/velodyne_gazebo_plugins/environment/ament_prefix_path.sh
[13.470s] -- Installing: /home/ubuntu/GAZEBO_SIM/ssafy_ws/install/velodyne_gazebo_plugins/share/velodyne_gazebo_plugins/environment/ament_prefix_path.dsv
[13.470s] -- Installing: /home/ubuntu/GAZEBO_SIM/ssafy_ws/install/velodyne_gazebo_plugins/share/velodyne_gazebo_plugins/environment/path.sh
[13.470s] -- Installing: /home/ubuntu/GAZEBO_SIM/ssafy_ws/install/velodyne_gazebo_plugins/share/velodyne_gazebo_plugins/environment/path.dsv
[13.470s] -- Up-to-date: /home/ubuntu/GAZEBO_SIM/ssafy_ws/install/velodyne_gazebo_plugins/share/velodyne_gazebo_plugins/local_setup.bash
[13.470s] -- Up-to-date: /home/ubuntu/GAZEBO_SIM/ssafy_ws/install/velodyne_gazebo_plugins/share/velodyne_gazebo_plugins/local_setup.sh
[13.470s] -- Up-to-date: /home/ubuntu/GAZEBO_SIM/ssafy_ws/install/velodyne_gazebo_plugins/share/velodyne_gazebo_plugins/local_setup.zsh
[13.470s] -- Installing: /home/ubuntu/GAZEBO_SIM/ssafy_ws/install/velodyne_gazebo_plugins/share/velodyne_gazebo_plugins/local_setup.dsv
[13.470s] -- Installing: /home/ubuntu/GAZEBO_SIM/ssafy_ws/install/velodyne_gazebo_plugins/share/velodyne_gazebo_plugins/package.dsv
[13.470s] -- Up-to-date: /home/ubuntu/GAZEBO_SIM/ssafy_ws/install/velodyne_gazebo_plugins/share/ament_index/resource_index/packages/velodyne_gazebo_plugins
[13.470s] -- Up-to-date: /home/ubuntu/GAZEBO_SIM/ssafy_ws/install/velodyne_gazebo_plugins/share/velodyne_gazebo_plugins/cmake/ament_cmake_export_include_directories-extras.cmake
[13.470s] -- Up-to-date: /home/ubuntu/GAZEBO_SIM/ssafy_ws/install/velodyne_gazebo_plugins/share/velodyne_gazebo_plugins/cmake/ament_cmake_export_libraries-extras.cmake
[13.470s] -- Up-to-date: /home/ubuntu/GAZEBO_SIM/ssafy_ws/install/velodyne_gazebo_plugins/share/velodyne_gazebo_plugins/cmake/ament_cmake_export_dependencies-extras.cmake
[13.470s] -- Up-to-date: /home/ubuntu/GAZEBO_SIM/ssafy_ws/install/velodyne_gazebo_plugins/share/velodyne_gazebo_plugins/cmake/velodyne_gazebo_pluginsConfig.cmake
[13.470s] -- Up-to-date: /home/ubuntu/GAZEBO_SIM/ssafy_ws/install/velodyne_gazebo_plugins/share/velodyne_gazebo_plugins/cmake/velodyne_gazebo_pluginsConfig-version.cmake
[13.470s] -- Up-to-date: /home/ubuntu/GAZEBO_SIM/ssafy_ws/install/velodyne_gazebo_plugins/share/velodyne_gazebo_plugins/package.xml
[13.471s] Invoked command in '/home/ubuntu/GAZEBO_SIM/ssafy_ws/build/velodyne_gazebo_plugins' returned '0': CMAKE_PREFIX_PATH=/opt/ros/humble /usr/bin/cmake --install /home/ubuntu/GAZEBO_SIM/ssafy_ws/build/velodyne_gazebo_plugins
