-- The C compiler identification is GNU 11.4.0
-- The CXX compiler identification is GNU 11.4.0
-- Detecting C compiler ABI info
-- Detecting C compiler ABI info - done
-- Check for working C compiler: /usr/bin/cc - skipped
-- Detecting C compile features
-- Detecting C compile features - done
-- Detecting CXX compiler ABI info
-- Detecting CXX compiler ABI info - done
-- Check for working CXX compiler: /usr/bin/c++ - skipped
-- Detecting CXX compile features
-- Detecting CXX compile features - done
-- Found ament_cmake: 1.3.11 (/opt/ros/humble/share/ament_cmake/cmake)
-- Found Python3: /usr/bin/python3 (found version "3.10.12") found components: Interpreter 
-- Found rclcpp: 16.0.11 (/opt/ros/humble/share/rclcpp/cmake)
-- Found rosidl_generator_c: 3.1.6 (/opt/ros/humble/share/rosidl_generator_c/cmake)
-- Found rosidl_adapter: 3.1.6 (/opt/ros/humble/share/rosidl_adapter/cmake)
-- Found rosidl_generator_cpp: 3.1.6 (/opt/ros/humble/share/rosidl_generator_cpp/cmake)
-- Using all available rosidl_typesupport_c: rosidl_typesupport_fastrtps_c;rosidl_typesupport_introspection_c
-- Using all available rosidl_typesupport_cpp: rosidl_typesupport_fastrtps_cpp;rosidl_typesupport_introspection_cpp
-- Found rmw_implementation_cmake: 6.1.2 (/opt/ros/humble/share/rmw_implementation_cmake/cmake)
-- Found rmw_cyclonedds_cpp: 1.3.4 (/opt/ros/humble/share/rmw_cyclonedds_cpp/cmake)
-- Using RMW implementation 'rmw_cyclonedds_cpp' as default
-- Looking for pthread.h
-- Looking for pthread.h - found
-- Performing Test CMAKE_HAVE_LIBC_PTHREAD
-- Performing Test CMAKE_HAVE_LIBC_PTHREAD - Success
-- Found Threads: TRUE  
-- Found robot_custom_interfaces: 0.0.0 (/home/ubuntu/S12P11C101/SIMULATE/GAZEBO_SIM/ssafy_ws/install/robot_custom_interfaces/share/robot_custom_interfaces/cmake)
-- Found ament_lint_auto: 0.12.11 (/opt/ros/humble/share/ament_lint_auto/cmake)
-- Added test 'cppcheck' to perform static code analysis on C / C++ code
-- Configured cppcheck include dirs: 
-- Configured cppcheck exclude dirs and/or files: 
-- Added test 'lint_cmake' to check CMake code style
-- Added test 'uncrustify' to check C / C++ code style
-- Configured uncrustify additional arguments: 
-- Added test 'xmllint' to check XML markup files
-- Configuring done
-- Generating done
-- Build files have been written to: /home/ubuntu/S12P11C101/SIMULATE/GAZEBO_SIM/ssafy_ws/build/robot_status_publisher
[ 50%] [32mBuilding CXX object CMakeFiles/robot_status_pub.dir/src/robot_status_pub.cpp.o[0m
[100%] [32m[1mLinking CXX executable robot_status_pub[0m
[100%] Built target robot_status_pub
-- Install configuration: ""
-- Installing: /home/ubuntu/S12P11C101/SIMULATE/GAZEBO_SIM/ssafy_ws/install/robot_status_publisher/lib/robot_status_publisher/robot_status_pub
-- Set runtime path of "/home/ubuntu/S12P11C101/SIMULATE/GAZEBO_SIM/ssafy_ws/install/robot_status_publisher/lib/robot_status_publisher/robot_status_pub" to ""
-- Installing: /home/ubuntu/S12P11C101/SIMULATE/GAZEBO_SIM/ssafy_ws/install/robot_status_publisher/share/ament_index/resource_index/package_run_dependencies/robot_status_publisher
-- Installing: /home/ubuntu/S12P11C101/SIMULATE/GAZEBO_SIM/ssafy_ws/install/robot_status_publisher/share/ament_index/resource_index/parent_prefix_path/robot_status_publisher
-- Installing: /home/ubuntu/S12P11C101/SIMULATE/GAZEBO_SIM/ssafy_ws/install/robot_status_publisher/share/robot_status_publisher/environment/ament_prefix_path.sh
-- Installing: /home/ubuntu/S12P11C101/SIMULATE/GAZEBO_SIM/ssafy_ws/install/robot_status_publisher/share/robot_status_publisher/environment/ament_prefix_path.dsv
-- Installing: /home/ubuntu/S12P11C101/SIMULATE/GAZEBO_SIM/ssafy_ws/install/robot_status_publisher/share/robot_status_publisher/environment/path.sh
-- Installing: /home/ubuntu/S12P11C101/SIMULATE/GAZEBO_SIM/ssafy_ws/install/robot_status_publisher/share/robot_status_publisher/environment/path.dsv
-- Installing: /home/ubuntu/S12P11C101/SIMULATE/GAZEBO_SIM/ssafy_ws/install/robot_status_publisher/share/robot_status_publisher/local_setup.bash
-- Installing: /home/ubuntu/S12P11C101/SIMULATE/GAZEBO_SIM/ssafy_ws/install/robot_status_publisher/share/robot_status_publisher/local_setup.sh
-- Installing: /home/ubuntu/S12P11C101/SIMULATE/GAZEBO_SIM/ssafy_ws/install/robot_status_publisher/share/robot_status_publisher/local_setup.zsh
-- Installing: /home/ubuntu/S12P11C101/SIMULATE/GAZEBO_SIM/ssafy_ws/install/robot_status_publisher/share/robot_status_publisher/local_setup.dsv
-- Installing: /home/ubuntu/S12P11C101/SIMULATE/GAZEBO_SIM/ssafy_ws/install/robot_status_publisher/share/robot_status_publisher/package.dsv
-- Installing: /home/ubuntu/S12P11C101/SIMULATE/GAZEBO_SIM/ssafy_ws/install/robot_status_publisher/share/ament_index/resource_index/packages/robot_status_publisher
-- Installing: /home/ubuntu/S12P11C101/SIMULATE/GAZEBO_SIM/ssafy_ws/install/robot_status_publisher/share/robot_status_publisher/cmake/robot_status_publisherConfig.cmake
-- Installing: /home/ubuntu/S12P11C101/SIMULATE/GAZEBO_SIM/ssafy_ws/install/robot_status_publisher/share/robot_status_publisher/cmake/robot_status_publisherConfig-version.cmake
-- Installing: /home/ubuntu/S12P11C101/SIMULATE/GAZEBO_SIM/ssafy_ws/install/robot_status_publisher/share/robot_status_publisher/package.xml
