[0.080s] Invoking command in '/home/ubuntu/S12P11C101/SIMULATE/GAZEBO_SIM/ssafy_ws/build/robot_status_publisher': CMAKE_PREFIX_PATH=/home/ubuntu/S12P11C101/SIMULATE/GAZEBO_SIM/ssafy_ws/install/robot_custom_interfaces:/home/ubuntu/S12P11C101/SIMULATE/GAZEBO_SIM/ssafy_ws/install/velodyne_simulator:/home/ubuntu/S12P11C101/SIMULATE/GAZEBO_SIM/ssafy_ws/install/velodyne_gazebo_plugins:/home/ubuntu/S12P11C101/SIMULATE/GAZEBO_SIM/ssafy_ws/install/turtlebot3_simulations:/home/ubuntu/S12P11C101/SIMULATE/GAZEBO_SIM/ssafy_ws/install/turtlebot3_gazebo:/home/ubuntu/S12P11C101/SIMULATE/GAZEBO_SIM/ssafy_ws/install/velodyne_description:/home/ubuntu/S12P11C101/SIMULATE/GAZEBO_SIM/ssafy_ws/install/turtlebot3_description:/home/ubuntu/S12P11C101/SIMULATE/GAZEBO_SIM/ssafy_ws/install/rosbridge_test_msgs:/home/ubuntu/S12P11C101/SIMULATE/GAZEBO_SIM/ssafy_ws/install/rosbridge_suite:/home/ubuntu/S12P11C101/SIMULATE/GAZEBO_SIM/ssafy_ws/install/rosbridge_server:/home/ubuntu/S12P11C101/SIMULATE/GAZEBO_SIM/ssafy_ws/install/rosbridge_msgs:/home/ubuntu/S12P11C101/SIMULATE/GAZEBO_SIM/ssafy_ws/install/rosapi:/home/ubuntu/S12P11C101/SIMULATE/GAZEBO_SIM/ssafy_ws/install/rosapi_msgs:/home/ubuntu/S12P11C101/SIMULATE/GAZEBO_SIM/ssafy_ws/install/robot_status_publisher:/home/ubuntu/S12P11C101/SIMULATE/GAZEBO_SIM/ssafy_ws/install/teleop_twist_keyboard:/home/ubuntu/S12P11C101/SIMULATE/GAZEBO_SIM/ssafy_ws/install/rosbridge_library:/opt/ros/humble LD_LIBRARY_PATH=/home/ubuntu/S12P11C101/SIMULATE/GAZEBO_SIM/ssafy_ws/install/robot_custom_interfaces/lib:/home/ubuntu/S12P11C101/SIMULATE/GAZEBO_SIM/ssafy_ws/install/velodyne_gazebo_plugins/lib:/home/ubuntu/S12P11C101/SIMULATE/GAZEBO_SIM/ssafy_ws/install/rosbridge_test_msgs/lib:/home/ubuntu/S12P11C101/SIMULATE/GAZEBO_SIM/ssafy_ws/install/rosbridge_msgs/lib:/home/ubuntu/S12P11C101/SIMULATE/GAZEBO_SIM/ssafy_ws/install/rosapi_msgs/lib:/usr/lib/x86_64-linux-gnu/gazebo-11/plugins:/opt/ros/humble/opt/rviz_ogre_vendor/lib:/opt/ros/humble/lib/x86_64-linux-gnu:/opt/ros/humble/lib /usr/bin/cmake --build /home/ubuntu/S12P11C101/SIMULATE/GAZEBO_SIM/ssafy_ws/build/robot_status_publisher -- -j12 -l12
[0.102s] -- Found ament_cmake: 1.3.11 (/opt/ros/humble/share/ament_cmake/cmake)
[0.256s] -- Found rclcpp: 16.0.11 (/opt/ros/humble/share/rclcpp/cmake)
[0.285s] -- Found rosidl_generator_c: 3.1.6 (/opt/ros/humble/share/rosidl_generator_c/cmake)
[0.287s] -- Found rosidl_adapter: 3.1.6 (/opt/ros/humble/share/rosidl_adapter/cmake)
[0.293s] -- Found rosidl_generator_cpp: 3.1.6 (/opt/ros/humble/share/rosidl_generator_cpp/cmake)
[0.302s] -- Using all available rosidl_typesupport_c: rosidl_typesupport_fastrtps_c;rosidl_typesupport_introspection_c
[0.315s] -- Using all available rosidl_typesupport_cpp: rosidl_typesupport_fastrtps_cpp;rosidl_typesupport_introspection_cpp
[0.343s] -- Found rmw_implementation_cmake: 6.1.2 (/opt/ros/humble/share/rmw_implementation_cmake/cmake)
[0.345s] -- Found rmw_cyclonedds_cpp: 1.3.4 (/opt/ros/humble/share/rmw_cyclonedds_cpp/cmake)
[0.361s] -- Using RMW implementation 'rmw_cyclonedds_cpp' as default
[0.408s] -- Found sensor_msgs: 4.2.4 (/opt/ros/humble/share/sensor_msgs/cmake)
[0.434s] -- Found robot_custom_interfaces: 0.0.0 (/home/ubuntu/S12P11C101/SIMULATE/GAZEBO_SIM/ssafy_ws/install/robot_custom_interfaces/share/robot_custom_interfaces/cmake)
[0.449s] -- Found tf2: 0.25.9 (/opt/ros/humble/share/tf2/cmake)
[0.458s] -- Found ament_lint_auto: 0.12.11 (/opt/ros/humble/share/ament_lint_auto/cmake)
[0.526s] -- Added test 'cppcheck' to perform static code analysis on C / C++ code
[0.526s] -- Configured cppcheck include dirs: 
[0.526s] -- Configured cppcheck exclude dirs and/or files: 
[0.526s] -- Added test 'lint_cmake' to check CMake code style
[0.527s] -- Added test 'uncrustify' to check C / C++ code style
[0.527s] -- Configured uncrustify additional arguments: 
[0.527s] -- Added test 'xmllint' to check XML markup files
[0.528s] -- Configuring done
[0.541s] -- Generating done
[0.545s] -- Build files have been written to: /home/ubuntu/S12P11C101/SIMULATE/GAZEBO_SIM/ssafy_ws/build/robot_status_publisher
[0.571s] [35m[1mConsolidate compiler generated dependencies of target robot_status_pub[0m
[0.581s] [ 25%] [32mBuilding CXX object CMakeFiles/one_robot_stat.dir/src/one_robot_status_pub.cpp.o[0m
[0.587s] [ 50%] [32m[1mLinking CXX executable robot_status_pub[0m
[0.830s] [ 75%] Built target robot_status_pub
[6.797s] [100%] [32m[1mLinking CXX executable one_robot_stat[0m
[7.079s] [100%] Built target one_robot_stat
[7.089s] Invoked command in '/home/ubuntu/S12P11C101/SIMULATE/GAZEBO_SIM/ssafy_ws/build/robot_status_publisher' returned '0': CMAKE_PREFIX_PATH=/home/ubuntu/S12P11C101/SIMULATE/GAZEBO_SIM/ssafy_ws/install/robot_custom_interfaces:/home/ubuntu/S12P11C101/SIMULATE/GAZEBO_SIM/ssafy_ws/install/velodyne_simulator:/home/ubuntu/S12P11C101/SIMULATE/GAZEBO_SIM/ssafy_ws/install/velodyne_gazebo_plugins:/home/ubuntu/S12P11C101/SIMULATE/GAZEBO_SIM/ssafy_ws/install/turtlebot3_simulations:/home/ubuntu/S12P11C101/SIMULATE/GAZEBO_SIM/ssafy_ws/install/turtlebot3_gazebo:/home/ubuntu/S12P11C101/SIMULATE/GAZEBO_SIM/ssafy_ws/install/velodyne_description:/home/ubuntu/S12P11C101/SIMULATE/GAZEBO_SIM/ssafy_ws/install/turtlebot3_description:/home/ubuntu/S12P11C101/SIMULATE/GAZEBO_SIM/ssafy_ws/install/rosbridge_test_msgs:/home/ubuntu/S12P11C101/SIMULATE/GAZEBO_SIM/ssafy_ws/install/rosbridge_suite:/home/ubuntu/S12P11C101/SIMULATE/GAZEBO_SIM/ssafy_ws/install/rosbridge_server:/home/ubuntu/S12P11C101/SIMULATE/GAZEBO_SIM/ssafy_ws/install/rosbridge_msgs:/home/ubuntu/S12P11C101/SIMULATE/GAZEBO_SIM/ssafy_ws/install/rosapi:/home/ubuntu/S12P11C101/SIMULATE/GAZEBO_SIM/ssafy_ws/install/rosapi_msgs:/home/ubuntu/S12P11C101/SIMULATE/GAZEBO_SIM/ssafy_ws/install/robot_status_publisher:/home/ubuntu/S12P11C101/SIMULATE/GAZEBO_SIM/ssafy_ws/install/teleop_twist_keyboard:/home/ubuntu/S12P11C101/SIMULATE/GAZEBO_SIM/ssafy_ws/install/rosbridge_library:/opt/ros/humble LD_LIBRARY_PATH=/home/ubuntu/S12P11C101/SIMULATE/GAZEBO_SIM/ssafy_ws/install/robot_custom_interfaces/lib:/home/ubuntu/S12P11C101/SIMULATE/GAZEBO_SIM/ssafy_ws/install/velodyne_gazebo_plugins/lib:/home/ubuntu/S12P11C101/SIMULATE/GAZEBO_SIM/ssafy_ws/install/rosbridge_test_msgs/lib:/home/ubuntu/S12P11C101/SIMULATE/GAZEBO_SIM/ssafy_ws/install/rosbridge_msgs/lib:/home/ubuntu/S12P11C101/SIMULATE/GAZEBO_SIM/ssafy_ws/install/rosapi_msgs/lib:/usr/lib/x86_64-linux-gnu/gazebo-11/plugins:/opt/ros/humble/opt/rviz_ogre_vendor/lib:/opt/ros/humble/lib/x86_64-linux-gnu:/opt/ros/humble/lib /usr/bin/cmake --build /home/ubuntu/S12P11C101/SIMULATE/GAZEBO_SIM/ssafy_ws/build/robot_status_publisher -- -j12 -l12
[7.090s] Invoking command in '/home/ubuntu/S12P11C101/SIMULATE/GAZEBO_SIM/ssafy_ws/build/robot_status_publisher': CMAKE_PREFIX_PATH=/home/ubuntu/S12P11C101/SIMULATE/GAZEBO_SIM/ssafy_ws/install/robot_custom_interfaces:/home/ubuntu/S12P11C101/SIMULATE/GAZEBO_SIM/ssafy_ws/install/velodyne_simulator:/home/ubuntu/S12P11C101/SIMULATE/GAZEBO_SIM/ssafy_ws/install/velodyne_gazebo_plugins:/home/ubuntu/S12P11C101/SIMULATE/GAZEBO_SIM/ssafy_ws/install/turtlebot3_simulations:/home/ubuntu/S12P11C101/SIMULATE/GAZEBO_SIM/ssafy_ws/install/turtlebot3_gazebo:/home/ubuntu/S12P11C101/SIMULATE/GAZEBO_SIM/ssafy_ws/install/velodyne_description:/home/ubuntu/S12P11C101/SIMULATE/GAZEBO_SIM/ssafy_ws/install/turtlebot3_description:/home/ubuntu/S12P11C101/SIMULATE/GAZEBO_SIM/ssafy_ws/install/rosbridge_test_msgs:/home/ubuntu/S12P11C101/SIMULATE/GAZEBO_SIM/ssafy_ws/install/rosbridge_suite:/home/ubuntu/S12P11C101/SIMULATE/GAZEBO_SIM/ssafy_ws/install/rosbridge_server:/home/ubuntu/S12P11C101/SIMULATE/GAZEBO_SIM/ssafy_ws/install/rosbridge_msgs:/home/ubuntu/S12P11C101/SIMULATE/GAZEBO_SIM/ssafy_ws/install/rosapi:/home/ubuntu/S12P11C101/SIMULATE/GAZEBO_SIM/ssafy_ws/install/rosapi_msgs:/home/ubuntu/S12P11C101/SIMULATE/GAZEBO_SIM/ssafy_ws/install/robot_status_publisher:/home/ubuntu/S12P11C101/SIMULATE/GAZEBO_SIM/ssafy_ws/install/teleop_twist_keyboard:/home/ubuntu/S12P11C101/SIMULATE/GAZEBO_SIM/ssafy_ws/install/rosbridge_library:/opt/ros/humble LD_LIBRARY_PATH=/home/ubuntu/S12P11C101/SIMULATE/GAZEBO_SIM/ssafy_ws/install/robot_custom_interfaces/lib:/home/ubuntu/S12P11C101/SIMULATE/GAZEBO_SIM/ssafy_ws/install/velodyne_gazebo_plugins/lib:/home/ubuntu/S12P11C101/SIMULATE/GAZEBO_SIM/ssafy_ws/install/rosbridge_test_msgs/lib:/home/ubuntu/S12P11C101/SIMULATE/GAZEBO_SIM/ssafy_ws/install/rosbridge_msgs/lib:/home/ubuntu/S12P11C101/SIMULATE/GAZEBO_SIM/ssafy_ws/install/rosapi_msgs/lib:/usr/lib/x86_64-linux-gnu/gazebo-11/plugins:/opt/ros/humble/opt/rviz_ogre_vendor/lib:/opt/ros/humble/lib/x86_64-linux-gnu:/opt/ros/humble/lib /usr/bin/cmake --install /home/ubuntu/S12P11C101/SIMULATE/GAZEBO_SIM/ssafy_ws/build/robot_status_publisher
[7.095s] -- Install configuration: ""
[7.095s] -- Installing: /home/ubuntu/S12P11C101/SIMULATE/GAZEBO_SIM/ssafy_ws/install/robot_status_publisher/lib/robot_status_publisher/one_robot_stat
[7.097s] -- Set runtime path of "/home/ubuntu/S12P11C101/SIMULATE/GAZEBO_SIM/ssafy_ws/install/robot_status_publisher/lib/robot_status_publisher/one_robot_stat" to ""
[7.097s] -- Installing: /home/ubuntu/S12P11C101/SIMULATE/GAZEBO_SIM/ssafy_ws/install/robot_status_publisher/lib/robot_status_publisher/robot_status_pub
[7.099s] -- Set runtime path of "/home/ubuntu/S12P11C101/SIMULATE/GAZEBO_SIM/ssafy_ws/install/robot_status_publisher/lib/robot_status_publisher/robot_status_pub" to ""
[7.099s] -- Installing: /home/ubuntu/S12P11C101/SIMULATE/GAZEBO_SIM/ssafy_ws/install/robot_status_publisher/share/ament_index/resource_index/package_run_dependencies/robot_status_publisher
[7.099s] -- Installing: /home/ubuntu/S12P11C101/SIMULATE/GAZEBO_SIM/ssafy_ws/install/robot_status_publisher/share/ament_index/resource_index/parent_prefix_path/robot_status_publisher
[7.099s] -- Up-to-date: /home/ubuntu/S12P11C101/SIMULATE/GAZEBO_SIM/ssafy_ws/install/robot_status_publisher/share/robot_status_publisher/environment/ament_prefix_path.sh
[7.099s] -- Installing: /home/ubuntu/S12P11C101/SIMULATE/GAZEBO_SIM/ssafy_ws/install/robot_status_publisher/share/robot_status_publisher/environment/ament_prefix_path.dsv
[7.099s] -- Up-to-date: /home/ubuntu/S12P11C101/SIMULATE/GAZEBO_SIM/ssafy_ws/install/robot_status_publisher/share/robot_status_publisher/environment/path.sh
[7.099s] -- Installing: /home/ubuntu/S12P11C101/SIMULATE/GAZEBO_SIM/ssafy_ws/install/robot_status_publisher/share/robot_status_publisher/environment/path.dsv
[7.099s] -- Up-to-date: /home/ubuntu/S12P11C101/SIMULATE/GAZEBO_SIM/ssafy_ws/install/robot_status_publisher/share/robot_status_publisher/local_setup.bash
[7.100s] -- Up-to-date: /home/ubuntu/S12P11C101/SIMULATE/GAZEBO_SIM/ssafy_ws/install/robot_status_publisher/share/robot_status_publisher/local_setup.sh
[7.100s] -- Up-to-date: /home/ubuntu/S12P11C101/SIMULATE/GAZEBO_SIM/ssafy_ws/install/robot_status_publisher/share/robot_status_publisher/local_setup.zsh
[7.100s] -- Installing: /home/ubuntu/S12P11C101/SIMULATE/GAZEBO_SIM/ssafy_ws/install/robot_status_publisher/share/robot_status_publisher/local_setup.dsv
[7.100s] -- Installing: /home/ubuntu/S12P11C101/SIMULATE/GAZEBO_SIM/ssafy_ws/install/robot_status_publisher/share/robot_status_publisher/package.dsv
[7.100s] -- Up-to-date: /home/ubuntu/S12P11C101/SIMULATE/GAZEBO_SIM/ssafy_ws/install/robot_status_publisher/share/ament_index/resource_index/packages/robot_status_publisher
[7.100s] -- Up-to-date: /home/ubuntu/S12P11C101/SIMULATE/GAZEBO_SIM/ssafy_ws/install/robot_status_publisher/share/robot_status_publisher/cmake/robot_status_publisherConfig.cmake
[7.100s] -- Up-to-date: /home/ubuntu/S12P11C101/SIMULATE/GAZEBO_SIM/ssafy_ws/install/robot_status_publisher/share/robot_status_publisher/cmake/robot_status_publisherConfig-version.cmake
[7.100s] -- Installing: /home/ubuntu/S12P11C101/SIMULATE/GAZEBO_SIM/ssafy_ws/install/robot_status_publisher/share/robot_status_publisher/package.xml
[7.103s] Invoked command in '/home/ubuntu/S12P11C101/SIMULATE/GAZEBO_SIM/ssafy_ws/build/robot_status_publisher' returned '0': CMAKE_PREFIX_PATH=/home/ubuntu/S12P11C101/SIMULATE/GAZEBO_SIM/ssafy_ws/install/robot_custom_interfaces:/home/ubuntu/S12P11C101/SIMULATE/GAZEBO_SIM/ssafy_ws/install/velodyne_simulator:/home/ubuntu/S12P11C101/SIMULATE/GAZEBO_SIM/ssafy_ws/install/velodyne_gazebo_plugins:/home/ubuntu/S12P11C101/SIMULATE/GAZEBO_SIM/ssafy_ws/install/turtlebot3_simulations:/home/ubuntu/S12P11C101/SIMULATE/GAZEBO_SIM/ssafy_ws/install/turtlebot3_gazebo:/home/ubuntu/S12P11C101/SIMULATE/GAZEBO_SIM/ssafy_ws/install/velodyne_description:/home/ubuntu/S12P11C101/SIMULATE/GAZEBO_SIM/ssafy_ws/install/turtlebot3_description:/home/ubuntu/S12P11C101/SIMULATE/GAZEBO_SIM/ssafy_ws/install/rosbridge_test_msgs:/home/ubuntu/S12P11C101/SIMULATE/GAZEBO_SIM/ssafy_ws/install/rosbridge_suite:/home/ubuntu/S12P11C101/SIMULATE/GAZEBO_SIM/ssafy_ws/install/rosbridge_server:/home/ubuntu/S12P11C101/SIMULATE/GAZEBO_SIM/ssafy_ws/install/rosbridge_msgs:/home/ubuntu/S12P11C101/SIMULATE/GAZEBO_SIM/ssafy_ws/install/rosapi:/home/ubuntu/S12P11C101/SIMULATE/GAZEBO_SIM/ssafy_ws/install/rosapi_msgs:/home/ubuntu/S12P11C101/SIMULATE/GAZEBO_SIM/ssafy_ws/install/robot_status_publisher:/home/ubuntu/S12P11C101/SIMULATE/GAZEBO_SIM/ssafy_ws/install/teleop_twist_keyboard:/home/ubuntu/S12P11C101/SIMULATE/GAZEBO_SIM/ssafy_ws/install/rosbridge_library:/opt/ros/humble LD_LIBRARY_PATH=/home/ubuntu/S12P11C101/SIMULATE/GAZEBO_SIM/ssafy_ws/install/robot_custom_interfaces/lib:/home/ubuntu/S12P11C101/SIMULATE/GAZEBO_SIM/ssafy_ws/install/velodyne_gazebo_plugins/lib:/home/ubuntu/S12P11C101/SIMULATE/GAZEBO_SIM/ssafy_ws/install/rosbridge_test_msgs/lib:/home/ubuntu/S12P11C101/SIMULATE/GAZEBO_SIM/ssafy_ws/install/rosbridge_msgs/lib:/home/ubuntu/S12P11C101/SIMULATE/GAZEBO_SIM/ssafy_ws/install/rosapi_msgs/lib:/usr/lib/x86_64-linux-gnu/gazebo-11/plugins:/opt/ros/humble/opt/rviz_ogre_vendor/lib:/opt/ros/humble/lib/x86_64-linux-gnu:/opt/ros/humble/lib /usr/bin/cmake --install /home/ubuntu/S12P11C101/SIMULATE/GAZEBO_SIM/ssafy_ws/build/robot_status_publisher
