[0.018s] Invoking command in '/home/ubuntu/GAZEBO_SIM/ssafy_ws/build/rosbridge_msgs': CMAKE_PREFIX_PATH=${CMAKE_PREFIX_PATH}:/home/ubuntu/GAZEBO_SIM/ssafy_ws/install/teleop_twist_keyboard:/opt/ros/humble /usr/bin/cmake /home/ubuntu/GAZEBO_SIM/ssafy_ws/src/rosbridge_suite/rosbridge_msgs -DCMAKE_INSTALL_PREFIX=/home/ubuntu/GAZEBO_SIM/ssafy_ws/install/rosbridge_msgs
[0.063s] -- The C compiler identification is GNU 11.4.0
[0.107s] -- The CXX compiler identification is GNU 11.4.0
[0.114s] -- Detecting C compiler ABI info
[0.164s] -- Detecting C compiler ABI info - done
[0.170s] -- Check for working C compiler: /usr/bin/cc - skipped
[0.170s] -- Detecting C compile features
[0.171s] -- Detecting C compile features - done
[0.173s] -- Detecting CXX compiler ABI info
[0.230s] -- Detecting CXX compiler ABI info - done
[0.237s] -- Check for working CXX compiler: /usr/bin/c++ - skipped
[0.237s] -- Detecting CXX compile features
[0.238s] -- Detecting CXX compile features - done
[0.240s] -- Found ament_cmake_ros: 0.10.0 (/opt/ros/humble/share/ament_cmake_ros/cmake)
[0.394s] -- Found Python3: /usr/bin/python3 (found version "3.10.12") found components: Interpreter 
[0.481s] -- Found builtin_interfaces: 1.2.1 (/opt/ros/humble/share/builtin_interfaces/cmake)
[0.514s] -- Found rosidl_generator_c: 3.1.6 (/opt/ros/humble/share/rosidl_generator_c/cmake)
[0.520s] -- Found rosidl_adapter: 3.1.6 (/opt/ros/humble/share/rosidl_adapter/cmake)
[0.528s] -- Found rosidl_generator_cpp: 3.1.6 (/opt/ros/humble/share/rosidl_generator_cpp/cmake)
[0.538s] -- Using all available rosidl_typesupport_c: rosidl_typesupport_fastrtps_c;rosidl_typesupport_introspection_c
[0.552s] -- Using all available rosidl_typesupport_cpp: rosidl_typesupport_fastrtps_cpp;rosidl_typesupport_introspection_cpp
[0.566s] -- Found rosidl_default_generators: 1.2.0 (/opt/ros/humble/share/rosidl_default_generators/cmake)
[0.987s] -- Using all available rosidl_typesupport_c: rosidl_typesupport_fastrtps_c;rosidl_typesupport_introspection_c
[1.071s] -- Using all available rosidl_typesupport_cpp: rosidl_typesupport_fastrtps_cpp;rosidl_typesupport_introspection_cpp
[1.087s] -- Found PythonInterp: /usr/bin/python3 (found suitable version "3.10.12", minimum required is "3.6") 
[1.088s] -- Found python_cmake_module: 0.10.0 (/opt/ros/humble/share/python_cmake_module/cmake)
[1.107s] -- Found PythonLibs: /usr/lib/x86_64-linux-gnu/libpython3.10.so (found suitable version "3.10.12", minimum required is "3.5") 
[1.107s] -- Using PYTHON_EXECUTABLE: /usr/bin/python3
[1.108s] -- Using PYTHON_INCLUDE_DIRS: /usr/include/python3.10
[1.108s] -- Using PYTHON_LIBRARIES: /usr/lib/x86_64-linux-gnu/libpython3.10.so
[1.123s] -- Found PythonExtra: .so  
[1.154s] -- Configuring done
[1.176s] -- Generating done
[1.183s] -- Build files have been written to: /home/ubuntu/GAZEBO_SIM/ssafy_ws/build/rosbridge_msgs
[1.188s] Invoked command in '/home/ubuntu/GAZEBO_SIM/ssafy_ws/build/rosbridge_msgs' returned '0': CMAKE_PREFIX_PATH=${CMAKE_PREFIX_PATH}:/home/ubuntu/GAZEBO_SIM/ssafy_ws/install/teleop_twist_keyboard:/opt/ros/humble /usr/bin/cmake /home/ubuntu/GAZEBO_SIM/ssafy_ws/src/rosbridge_suite/rosbridge_msgs -DCMAKE_INSTALL_PREFIX=/home/ubuntu/GAZEBO_SIM/ssafy_ws/install/rosbridge_msgs
[1.189s] Invoking command in '/home/ubuntu/GAZEBO_SIM/ssafy_ws/build/rosbridge_msgs': CMAKE_PREFIX_PATH=${CMAKE_PREFIX_PATH}:/home/ubuntu/GAZEBO_SIM/ssafy_ws/install/teleop_twist_keyboard:/opt/ros/humble /usr/bin/cmake --build /home/ubuntu/GAZEBO_SIM/ssafy_ws/build/rosbridge_msgs -- -j12 -l12
[1.216s] [  2%] [34m[1mGenerating C code for ROS interfaces[0m
[1.226s] [  5%] [34m[1mGenerating C++ code for ROS interfaces[0m
[1.231s] [  5%] Built target ament_cmake_python_copy_rosbridge_msgs
[1.433s] running egg_info
[1.434s] creating rosbridge_msgs.egg-info
[1.434s] writing rosbridge_msgs.egg-info/PKG-INFO
[1.434s] writing dependency_links to rosbridge_msgs.egg-info/dependency_links.txt
[1.434s] writing top-level names to rosbridge_msgs.egg-info/top_level.txt
[1.434s] writing manifest file 'rosbridge_msgs.egg-info/SOURCES.txt'
[1.436s] reading manifest file 'rosbridge_msgs.egg-info/SOURCES.txt'
[1.436s] writing manifest file 'rosbridge_msgs.egg-info/SOURCES.txt'
[1.467s] [  5%] Built target ament_cmake_python_build_rosbridge_msgs_egg
[1.474s] [  5%] Built target rosbridge_msgs__cpp
[1.480s] [ 10%] [32mBuilding C object CMakeFiles/rosbridge_msgs__rosidl_generator_c.dir/rosidl_generator_c/rosbridge_msgs/msg/detail/connected_client__functions.c.o[0m
[1.480s] [ 10%] [32mBuilding C object CMakeFiles/rosbridge_msgs__rosidl_generator_c.dir/rosidl_generator_c/rosbridge_msgs/msg/detail/connected_clients__functions.c.o[0m
[1.484s] [ 12%] [34m[1mGenerating C++ type support for eProsima Fast-RTPS[0m
[1.484s] [ 15%] [34m[1mGenerating C++ introspection for ROS interfaces[0m
[1.484s] [ 17%] [34m[1mGenerating C++ type support dispatch for ROS interfaces[0m
[1.522s] [ 20%] [32m[1mLinking C shared library librosbridge_msgs__rosidl_generator_c.so[0m
[1.554s] [ 20%] Built target rosbridge_msgs__rosidl_generator_c
[1.564s] [ 23%] [34m[1mGenerating C introspection for ROS interfaces[0m
[1.567s] [ 28%] [34m[1mGenerating C type support dispatch for ROS interfaces[0m
[1.567s] [ 28%] [34m[1mGenerating C type support for eProsima Fast-RTPS[0m
[1.725s] [ 30%] [32mBuilding CXX object CMakeFiles/rosbridge_msgs__rosidl_typesupport_cpp.dir/rosidl_typesupport_cpp/rosbridge_msgs/msg/connected_client__type_support.cpp.o[0m
[1.729s] [ 33%] [32mBuilding CXX object CMakeFiles/rosbridge_msgs__rosidl_typesupport_cpp.dir/rosidl_typesupport_cpp/rosbridge_msgs/msg/connected_clients__type_support.cpp.o[0m
[1.939s] [ 38%] [32mBuilding CXX object CMakeFiles/rosbridge_msgs__rosidl_typesupport_introspection_cpp.dir/rosidl_typesupport_introspection_cpp/rosbridge_msgs/msg/detail/connected_client__type_support.cpp.o[0m
[1.939s] [ 38%] [32mBuilding CXX object CMakeFiles/rosbridge_msgs__rosidl_typesupport_introspection_cpp.dir/rosidl_typesupport_introspection_cpp/rosbridge_msgs/msg/detail/connected_clients__type_support.cpp.o[0m
[1.953s] [ 41%] [32mBuilding CXX object CMakeFiles/rosbridge_msgs__rosidl_typesupport_fastrtps_cpp.dir/rosidl_typesupport_fastrtps_cpp/rosbridge_msgs/msg/detail/dds_fastrtps/connected_clients__type_support.cpp.o[0m
[1.963s] [ 43%] [32mBuilding CXX object CMakeFiles/rosbridge_msgs__rosidl_typesupport_fastrtps_cpp.dir/rosidl_typesupport_fastrtps_cpp/rosbridge_msgs/msg/detail/dds_fastrtps/connected_client__type_support.cpp.o[0m
[1.979s] [ 46%] [32mBuilding CXX object CMakeFiles/rosbridge_msgs__rosidl_typesupport_c.dir/rosidl_typesupport_c/rosbridge_msgs/msg/connected_client__type_support.cpp.o[0m
[1.986s] [ 48%] [32mBuilding CXX object CMakeFiles/rosbridge_msgs__rosidl_typesupport_c.dir/rosidl_typesupport_c/rosbridge_msgs/msg/connected_clients__type_support.cpp.o[0m
[2.026s] [ 51%] [32m[1mLinking CXX shared library librosbridge_msgs__rosidl_typesupport_c.so[0m
[2.036s] [ 53%] [32mBuilding C object CMakeFiles/rosbridge_msgs__rosidl_typesupport_introspection_c.dir/rosidl_typesupport_introspection_c/rosbridge_msgs/msg/detail/connected_client__type_support.c.o[0m
[2.036s] [ 56%] [32mBuilding C object CMakeFiles/rosbridge_msgs__rosidl_typesupport_introspection_c.dir/rosidl_typesupport_introspection_c/rosbridge_msgs/msg/detail/connected_clients__type_support.c.o[0m
[2.053s] [ 58%] [32mBuilding CXX object CMakeFiles/rosbridge_msgs__rosidl_typesupport_fastrtps_c.dir/rosidl_typesupport_fastrtps_c/rosbridge_msgs/msg/detail/connected_client__type_support_c.cpp.o[0m
[2.067s] [ 61%] [32mBuilding CXX object CMakeFiles/rosbridge_msgs__rosidl_typesupport_fastrtps_c.dir/rosidl_typesupport_fastrtps_c/rosbridge_msgs/msg/detail/connected_clients__type_support_c.cpp.o[0m
[2.102s] [ 61%] Built target rosbridge_msgs__rosidl_typesupport_c
[2.112s] [ 64%] [32m[1mLinking C shared library librosbridge_msgs__rosidl_typesupport_introspection_c.so[0m
[2.118s] [ 66%] [32m[1mLinking CXX shared library librosbridge_msgs__rosidl_typesupport_cpp.so[0m
[2.154s] [ 66%] Built target rosbridge_msgs__rosidl_typesupport_introspection_c
[2.178s] [ 66%] Built target rosbridge_msgs__rosidl_typesupport_cpp
[2.544s] [ 69%] [32m[1mLinking CXX shared library librosbridge_msgs__rosidl_typesupport_fastrtps_c.so[0m
[2.582s] [ 71%] [32m[1mLinking CXX shared library librosbridge_msgs__rosidl_typesupport_fastrtps_cpp.so[0m
[2.598s] [ 74%] [32m[1mLinking CXX shared library librosbridge_msgs__rosidl_typesupport_introspection_cpp.so[0m
[2.609s] [ 74%] Built target rosbridge_msgs__rosidl_typesupport_fastrtps_c
[2.653s] [ 74%] Built target rosbridge_msgs__rosidl_typesupport_fastrtps_cpp
[2.668s] [ 74%] Built target rosbridge_msgs__rosidl_typesupport_introspection_cpp
[2.684s] [ 74%] Built target rosbridge_msgs
[2.700s] [ 76%] [34m[1mGenerating Python code for ROS interfaces[0m
[3.013s] [ 76%] Built target rosbridge_msgs__py
[3.031s] [ 82%] [32mBuilding C object CMakeFiles/rosbridge_msgs__rosidl_generator_py.dir/rosidl_generator_py/rosbridge_msgs/msg/_connected_clients_s.c.o[0m
[3.031s] [ 82%] [32mBuilding C object CMakeFiles/rosbridge_msgs__rosidl_generator_py.dir/rosidl_generator_py/rosbridge_msgs/msg/_connected_client_s.c.o[0m
[3.120s] [ 84%] [32m[1mLinking C shared library rosidl_generator_py/rosbridge_msgs/librosbridge_msgs__rosidl_generator_py.so[0m
[3.154s] [ 84%] Built target rosbridge_msgs__rosidl_generator_py
[3.171s] [ 89%] [32mBuilding C object CMakeFiles/rosbridge_msgs__rosidl_typesupport_c__pyext.dir/rosidl_generator_py/rosbridge_msgs/_rosbridge_msgs_s.ep.rosidl_typesupport_c.c.o[0m
[3.171s] [ 89%] [32mBuilding C object CMakeFiles/rosbridge_msgs__rosidl_typesupport_introspection_c__pyext.dir/rosidl_generator_py/rosbridge_msgs/_rosbridge_msgs_s.ep.rosidl_typesupport_introspection_c.c.o[0m
[3.178s] [ 92%] [32mBuilding C object CMakeFiles/rosbridge_msgs__rosidl_typesupport_fastrtps_c__pyext.dir/rosidl_generator_py/rosbridge_msgs/_rosbridge_msgs_s.ep.rosidl_typesupport_fastrtps_c.c.o[0m
[3.258s] [ 97%] [32m[1mLinking C shared library rosidl_generator_py/rosbridge_msgs/rosbridge_msgs_s__rosidl_typesupport_introspection_c.cpython-310-x86_64-linux-gnu.so[0m
[3.259s] [ 97%] [32m[1mLinking C shared library rosidl_generator_py/rosbridge_msgs/rosbridge_msgs_s__rosidl_typesupport_c.cpython-310-x86_64-linux-gnu.so[0m
[3.290s] [ 97%] Built target rosbridge_msgs__rosidl_typesupport_introspection_c__pyext
[3.290s] [ 97%] Built target rosbridge_msgs__rosidl_typesupport_c__pyext
[3.324s] [100%] [32m[1mLinking C shared library rosidl_generator_py/rosbridge_msgs/rosbridge_msgs_s__rosidl_typesupport_fastrtps_c.cpython-310-x86_64-linux-gnu.so[0m
[3.354s] [100%] Built target rosbridge_msgs__rosidl_typesupport_fastrtps_c__pyext
[3.365s] Invoked command in '/home/ubuntu/GAZEBO_SIM/ssafy_ws/build/rosbridge_msgs' returned '0': CMAKE_PREFIX_PATH=${CMAKE_PREFIX_PATH}:/home/ubuntu/GAZEBO_SIM/ssafy_ws/install/teleop_twist_keyboard:/opt/ros/humble /usr/bin/cmake --build /home/ubuntu/GAZEBO_SIM/ssafy_ws/build/rosbridge_msgs -- -j12 -l12
[3.366s] Invoking command in '/home/ubuntu/GAZEBO_SIM/ssafy_ws/build/rosbridge_msgs': CMAKE_PREFIX_PATH=${CMAKE_PREFIX_PATH}:/home/ubuntu/GAZEBO_SIM/ssafy_ws/install/teleop_twist_keyboard:/opt/ros/humble /usr/bin/cmake --install /home/ubuntu/GAZEBO_SIM/ssafy_ws/build/rosbridge_msgs
[3.373s] -- Install configuration: ""
[3.373s] -- Installing: /home/ubuntu/GAZEBO_SIM/ssafy_ws/install/rosbridge_msgs/share/ament_index/resource_index/rosidl_interfaces/rosbridge_msgs
[3.373s] -- Installing: /home/ubuntu/GAZEBO_SIM/ssafy_ws/install/rosbridge_msgs/include/rosbridge_msgs/rosbridge_msgs
[3.373s] -- Installing: /home/ubuntu/GAZEBO_SIM/ssafy_ws/install/rosbridge_msgs/include/rosbridge_msgs/rosbridge_msgs/msg
[3.373s] -- Installing: /home/ubuntu/GAZEBO_SIM/ssafy_ws/install/rosbridge_msgs/include/rosbridge_msgs/rosbridge_msgs/msg/connected_client.h
[3.373s] -- Installing: /home/ubuntu/GAZEBO_SIM/ssafy_ws/install/rosbridge_msgs/include/rosbridge_msgs/rosbridge_msgs/msg/rosidl_generator_c__visibility_control.h
[3.373s] -- Installing: /home/ubuntu/GAZEBO_SIM/ssafy_ws/install/rosbridge_msgs/include/rosbridge_msgs/rosbridge_msgs/msg/detail
[3.374s] -- Installing: /home/ubuntu/GAZEBO_SIM/ssafy_ws/install/rosbridge_msgs/include/rosbridge_msgs/rosbridge_msgs/msg/detail/connected_client__functions.h
[3.374s] -- Installing: /home/ubuntu/GAZEBO_SIM/ssafy_ws/install/rosbridge_msgs/include/rosbridge_msgs/rosbridge_msgs/msg/detail/connected_clients__functions.c
[3.374s] -- Installing: /home/ubuntu/GAZEBO_SIM/ssafy_ws/install/rosbridge_msgs/include/rosbridge_msgs/rosbridge_msgs/msg/detail/connected_clients__struct.h
[3.374s] -- Installing: /home/ubuntu/GAZEBO_SIM/ssafy_ws/install/rosbridge_msgs/include/rosbridge_msgs/rosbridge_msgs/msg/detail/connected_clients__functions.h
[3.374s] -- Installing: /home/ubuntu/GAZEBO_SIM/ssafy_ws/install/rosbridge_msgs/include/rosbridge_msgs/rosbridge_msgs/msg/detail/connected_client__type_support.h
[3.374s] -- Installing: /home/ubuntu/GAZEBO_SIM/ssafy_ws/install/rosbridge_msgs/include/rosbridge_msgs/rosbridge_msgs/msg/detail/connected_clients__type_support.h
[3.374s] -- Installing: /home/ubuntu/GAZEBO_SIM/ssafy_ws/install/rosbridge_msgs/include/rosbridge_msgs/rosbridge_msgs/msg/detail/connected_client__functions.c
[3.374s] -- Installing: /home/ubuntu/GAZEBO_SIM/ssafy_ws/install/rosbridge_msgs/include/rosbridge_msgs/rosbridge_msgs/msg/detail/connected_client__struct.h
[3.375s] -- Installing: /home/ubuntu/GAZEBO_SIM/ssafy_ws/install/rosbridge_msgs/include/rosbridge_msgs/rosbridge_msgs/msg/connected_clients.h
[3.375s] -- Installing: /home/ubuntu/GAZEBO_SIM/ssafy_ws/install/rosbridge_msgs/share/rosbridge_msgs/environment/library_path.sh
[3.375s] -- Installing: /home/ubuntu/GAZEBO_SIM/ssafy_ws/install/rosbridge_msgs/share/rosbridge_msgs/environment/library_path.dsv
[3.375s] -- Installing: /home/ubuntu/GAZEBO_SIM/ssafy_ws/install/rosbridge_msgs/lib/librosbridge_msgs__rosidl_generator_c.so
[3.375s] -- Set runtime path of "/home/ubuntu/GAZEBO_SIM/ssafy_ws/install/rosbridge_msgs/lib/librosbridge_msgs__rosidl_generator_c.so" to ""
[3.375s] -- Up-to-date: /home/ubuntu/GAZEBO_SIM/ssafy_ws/install/rosbridge_msgs/include/rosbridge_msgs/rosbridge_msgs
[3.376s] -- Up-to-date: /home/ubuntu/GAZEBO_SIM/ssafy_ws/install/rosbridge_msgs/include/rosbridge_msgs/rosbridge_msgs/msg
[3.376s] -- Up-to-date: /home/ubuntu/GAZEBO_SIM/ssafy_ws/install/rosbridge_msgs/include/rosbridge_msgs/rosbridge_msgs/msg/detail
[3.376s] -- Installing: /home/ubuntu/GAZEBO_SIM/ssafy_ws/install/rosbridge_msgs/include/rosbridge_msgs/rosbridge_msgs/msg/detail/connected_client__rosidl_typesupport_fastrtps_c.h
[3.376s] -- Installing: /home/ubuntu/GAZEBO_SIM/ssafy_ws/install/rosbridge_msgs/include/rosbridge_msgs/rosbridge_msgs/msg/detail/connected_clients__rosidl_typesupport_fastrtps_c.h
[3.376s] -- Installing: /home/ubuntu/GAZEBO_SIM/ssafy_ws/install/rosbridge_msgs/include/rosbridge_msgs/rosbridge_msgs/msg/rosidl_typesupport_fastrtps_c__visibility_control.h
[3.376s] -- Installing: /home/ubuntu/GAZEBO_SIM/ssafy_ws/install/rosbridge_msgs/lib/librosbridge_msgs__rosidl_typesupport_fastrtps_c.so
[3.376s] -- Set runtime path of "/home/ubuntu/GAZEBO_SIM/ssafy_ws/install/rosbridge_msgs/lib/librosbridge_msgs__rosidl_typesupport_fastrtps_c.so" to ""
[3.376s] -- Up-to-date: /home/ubuntu/GAZEBO_SIM/ssafy_ws/install/rosbridge_msgs/include/rosbridge_msgs/rosbridge_msgs
[3.376s] -- Up-to-date: /home/ubuntu/GAZEBO_SIM/ssafy_ws/install/rosbridge_msgs/include/rosbridge_msgs/rosbridge_msgs/msg
[3.376s] -- Up-to-date: /home/ubuntu/GAZEBO_SIM/ssafy_ws/install/rosbridge_msgs/include/rosbridge_msgs/rosbridge_msgs/msg/detail
[3.377s] -- Installing: /home/ubuntu/GAZEBO_SIM/ssafy_ws/install/rosbridge_msgs/include/rosbridge_msgs/rosbridge_msgs/msg/detail/connected_clients__type_support.hpp
[3.377s] -- Installing: /home/ubuntu/GAZEBO_SIM/ssafy_ws/install/rosbridge_msgs/include/rosbridge_msgs/rosbridge_msgs/msg/detail/connected_clients__struct.hpp
[3.377s] -- Installing: /home/ubuntu/GAZEBO_SIM/ssafy_ws/install/rosbridge_msgs/include/rosbridge_msgs/rosbridge_msgs/msg/detail/connected_client__builder.hpp
[3.377s] -- Installing: /home/ubuntu/GAZEBO_SIM/ssafy_ws/install/rosbridge_msgs/include/rosbridge_msgs/rosbridge_msgs/msg/detail/connected_client__struct.hpp
[3.377s] -- Installing: /home/ubuntu/GAZEBO_SIM/ssafy_ws/install/rosbridge_msgs/include/rosbridge_msgs/rosbridge_msgs/msg/detail/connected_client__type_support.hpp
[3.377s] -- Installing: /home/ubuntu/GAZEBO_SIM/ssafy_ws/install/rosbridge_msgs/include/rosbridge_msgs/rosbridge_msgs/msg/detail/connected_clients__traits.hpp
[3.377s] -- Installing: /home/ubuntu/GAZEBO_SIM/ssafy_ws/install/rosbridge_msgs/include/rosbridge_msgs/rosbridge_msgs/msg/detail/connected_client__traits.hpp
[3.377s] -- Installing: /home/ubuntu/GAZEBO_SIM/ssafy_ws/install/rosbridge_msgs/include/rosbridge_msgs/rosbridge_msgs/msg/detail/connected_clients__builder.hpp
[3.377s] -- Installing: /home/ubuntu/GAZEBO_SIM/ssafy_ws/install/rosbridge_msgs/include/rosbridge_msgs/rosbridge_msgs/msg/rosidl_generator_cpp__visibility_control.hpp
[3.377s] -- Installing: /home/ubuntu/GAZEBO_SIM/ssafy_ws/install/rosbridge_msgs/include/rosbridge_msgs/rosbridge_msgs/msg/connected_client.hpp
[3.377s] -- Installing: /home/ubuntu/GAZEBO_SIM/ssafy_ws/install/rosbridge_msgs/include/rosbridge_msgs/rosbridge_msgs/msg/connected_clients.hpp
[3.378s] -- Up-to-date: /home/ubuntu/GAZEBO_SIM/ssafy_ws/install/rosbridge_msgs/include/rosbridge_msgs/rosbridge_msgs
[3.378s] -- Up-to-date: /home/ubuntu/GAZEBO_SIM/ssafy_ws/install/rosbridge_msgs/include/rosbridge_msgs/rosbridge_msgs/msg
[3.378s] -- Up-to-date: /home/ubuntu/GAZEBO_SIM/ssafy_ws/install/rosbridge_msgs/include/rosbridge_msgs/rosbridge_msgs/msg/detail
[3.378s] -- Installing: /home/ubuntu/GAZEBO_SIM/ssafy_ws/install/rosbridge_msgs/include/rosbridge_msgs/rosbridge_msgs/msg/detail/connected_clients__rosidl_typesupport_fastrtps_cpp.hpp
[3.378s] -- Installing: /home/ubuntu/GAZEBO_SIM/ssafy_ws/install/rosbridge_msgs/include/rosbridge_msgs/rosbridge_msgs/msg/detail/dds_fastrtps
[3.378s] -- Installing: /home/ubuntu/GAZEBO_SIM/ssafy_ws/install/rosbridge_msgs/include/rosbridge_msgs/rosbridge_msgs/msg/detail/connected_client__rosidl_typesupport_fastrtps_cpp.hpp
[3.378s] -- Installing: /home/ubuntu/GAZEBO_SIM/ssafy_ws/install/rosbridge_msgs/include/rosbridge_msgs/rosbridge_msgs/msg/rosidl_typesupport_fastrtps_cpp__visibility_control.h
[3.378s] -- Installing: /home/ubuntu/GAZEBO_SIM/ssafy_ws/install/rosbridge_msgs/lib/librosbridge_msgs__rosidl_typesupport_fastrtps_cpp.so
[3.378s] -- Set runtime path of "/home/ubuntu/GAZEBO_SIM/ssafy_ws/install/rosbridge_msgs/lib/librosbridge_msgs__rosidl_typesupport_fastrtps_cpp.so" to ""
[3.379s] -- Up-to-date: /home/ubuntu/GAZEBO_SIM/ssafy_ws/install/rosbridge_msgs/include/rosbridge_msgs/rosbridge_msgs
[3.379s] -- Up-to-date: /home/ubuntu/GAZEBO_SIM/ssafy_ws/install/rosbridge_msgs/include/rosbridge_msgs/rosbridge_msgs/msg
[3.379s] -- Up-to-date: /home/ubuntu/GAZEBO_SIM/ssafy_ws/install/rosbridge_msgs/include/rosbridge_msgs/rosbridge_msgs/msg/detail
[3.379s] -- Installing: /home/ubuntu/GAZEBO_SIM/ssafy_ws/install/rosbridge_msgs/include/rosbridge_msgs/rosbridge_msgs/msg/detail/connected_clients__rosidl_typesupport_introspection_c.h
[3.379s] -- Installing: /home/ubuntu/GAZEBO_SIM/ssafy_ws/install/rosbridge_msgs/include/rosbridge_msgs/rosbridge_msgs/msg/detail/connected_client__rosidl_typesupport_introspection_c.h
[3.379s] -- Installing: /home/ubuntu/GAZEBO_SIM/ssafy_ws/install/rosbridge_msgs/include/rosbridge_msgs/rosbridge_msgs/msg/detail/connected_clients__type_support.c
[3.379s] -- Installing: /home/ubuntu/GAZEBO_SIM/ssafy_ws/install/rosbridge_msgs/include/rosbridge_msgs/rosbridge_msgs/msg/detail/connected_client__type_support.c
[3.379s] -- Installing: /home/ubuntu/GAZEBO_SIM/ssafy_ws/install/rosbridge_msgs/include/rosbridge_msgs/rosbridge_msgs/msg/rosidl_typesupport_introspection_c__visibility_control.h
[3.379s] -- Installing: /home/ubuntu/GAZEBO_SIM/ssafy_ws/install/rosbridge_msgs/lib/librosbridge_msgs__rosidl_typesupport_introspection_c.so
[3.380s] -- Set runtime path of "/home/ubuntu/GAZEBO_SIM/ssafy_ws/install/rosbridge_msgs/lib/librosbridge_msgs__rosidl_typesupport_introspection_c.so" to ""
[3.380s] -- Installing: /home/ubuntu/GAZEBO_SIM/ssafy_ws/install/rosbridge_msgs/lib/librosbridge_msgs__rosidl_typesupport_c.so
[3.380s] -- Set runtime path of "/home/ubuntu/GAZEBO_SIM/ssafy_ws/install/rosbridge_msgs/lib/librosbridge_msgs__rosidl_typesupport_c.so" to ""
[3.380s] -- Up-to-date: /home/ubuntu/GAZEBO_SIM/ssafy_ws/install/rosbridge_msgs/include/rosbridge_msgs/rosbridge_msgs
[3.380s] -- Up-to-date: /home/ubuntu/GAZEBO_SIM/ssafy_ws/install/rosbridge_msgs/include/rosbridge_msgs/rosbridge_msgs/msg
[3.380s] -- Up-to-date: /home/ubuntu/GAZEBO_SIM/ssafy_ws/install/rosbridge_msgs/include/rosbridge_msgs/rosbridge_msgs/msg/detail
[3.380s] -- Installing: /home/ubuntu/GAZEBO_SIM/ssafy_ws/install/rosbridge_msgs/include/rosbridge_msgs/rosbridge_msgs/msg/detail/connected_clients__type_support.cpp
[3.381s] -- Installing: /home/ubuntu/GAZEBO_SIM/ssafy_ws/install/rosbridge_msgs/include/rosbridge_msgs/rosbridge_msgs/msg/detail/connected_clients__rosidl_typesupport_introspection_cpp.hpp
[3.381s] -- Installing: /home/ubuntu/GAZEBO_SIM/ssafy_ws/install/rosbridge_msgs/include/rosbridge_msgs/rosbridge_msgs/msg/detail/connected_client__rosidl_typesupport_introspection_cpp.hpp
[3.381s] -- Installing: /home/ubuntu/GAZEBO_SIM/ssafy_ws/install/rosbridge_msgs/include/rosbridge_msgs/rosbridge_msgs/msg/detail/connected_client__type_support.cpp
[3.381s] -- Installing: /home/ubuntu/GAZEBO_SIM/ssafy_ws/install/rosbridge_msgs/lib/librosbridge_msgs__rosidl_typesupport_introspection_cpp.so
[3.381s] -- Set runtime path of "/home/ubuntu/GAZEBO_SIM/ssafy_ws/install/rosbridge_msgs/lib/librosbridge_msgs__rosidl_typesupport_introspection_cpp.so" to ""
[3.381s] -- Installing: /home/ubuntu/GAZEBO_SIM/ssafy_ws/install/rosbridge_msgs/lib/librosbridge_msgs__rosidl_typesupport_cpp.so
[3.382s] -- Set runtime path of "/home/ubuntu/GAZEBO_SIM/ssafy_ws/install/rosbridge_msgs/lib/librosbridge_msgs__rosidl_typesupport_cpp.so" to ""
[3.382s] -- Installing: /home/ubuntu/GAZEBO_SIM/ssafy_ws/install/rosbridge_msgs/share/rosbridge_msgs/environment/pythonpath.sh
[3.382s] -- Installing: /home/ubuntu/GAZEBO_SIM/ssafy_ws/install/rosbridge_msgs/share/rosbridge_msgs/environment/pythonpath.dsv
[3.382s] -- Installing: /home/ubuntu/GAZEBO_SIM/ssafy_ws/install/rosbridge_msgs/local/lib/python3.10/dist-packages/rosbridge_msgs-2.0.0-py3.10.egg-info
[3.382s] -- Installing: /home/ubuntu/GAZEBO_SIM/ssafy_ws/install/rosbridge_msgs/local/lib/python3.10/dist-packages/rosbridge_msgs-2.0.0-py3.10.egg-info/dependency_links.txt
[3.382s] -- Installing: /home/ubuntu/GAZEBO_SIM/ssafy_ws/install/rosbridge_msgs/local/lib/python3.10/dist-packages/rosbridge_msgs-2.0.0-py3.10.egg-info/PKG-INFO
[3.382s] -- Installing: /home/ubuntu/GAZEBO_SIM/ssafy_ws/install/rosbridge_msgs/local/lib/python3.10/dist-packages/rosbridge_msgs-2.0.0-py3.10.egg-info/SOURCES.txt
[3.383s] -- Installing: /home/ubuntu/GAZEBO_SIM/ssafy_ws/install/rosbridge_msgs/local/lib/python3.10/dist-packages/rosbridge_msgs-2.0.0-py3.10.egg-info/top_level.txt
[3.383s] -- Installing: /home/ubuntu/GAZEBO_SIM/ssafy_ws/install/rosbridge_msgs/local/lib/python3.10/dist-packages/rosbridge_msgs
[3.383s] -- Installing: /home/ubuntu/GAZEBO_SIM/ssafy_ws/install/rosbridge_msgs/local/lib/python3.10/dist-packages/rosbridge_msgs/msg
[3.383s] -- Installing: /home/ubuntu/GAZEBO_SIM/ssafy_ws/install/rosbridge_msgs/local/lib/python3.10/dist-packages/rosbridge_msgs/msg/_connected_client_s.c
[3.383s] -- Installing: /home/ubuntu/GAZEBO_SIM/ssafy_ws/install/rosbridge_msgs/local/lib/python3.10/dist-packages/rosbridge_msgs/msg/_connected_client.py
[3.383s] -- Installing: /home/ubuntu/GAZEBO_SIM/ssafy_ws/install/rosbridge_msgs/local/lib/python3.10/dist-packages/rosbridge_msgs/msg/_connected_clients_s.c
[3.383s] -- Installing: /home/ubuntu/GAZEBO_SIM/ssafy_ws/install/rosbridge_msgs/local/lib/python3.10/dist-packages/rosbridge_msgs/msg/__init__.py
[3.383s] -- Installing: /home/ubuntu/GAZEBO_SIM/ssafy_ws/install/rosbridge_msgs/local/lib/python3.10/dist-packages/rosbridge_msgs/msg/_connected_clients.py
[3.383s] -- Installing: /home/ubuntu/GAZEBO_SIM/ssafy_ws/install/rosbridge_msgs/local/lib/python3.10/dist-packages/rosbridge_msgs/rosbridge_msgs_s__rosidl_typesupport_c.cpython-310-x86_64-linux-gnu.so
[3.383s] -- Installing: /home/ubuntu/GAZEBO_SIM/ssafy_ws/install/rosbridge_msgs/local/lib/python3.10/dist-packages/rosbridge_msgs/__init__.py
[3.384s] -- Installing: /home/ubuntu/GAZEBO_SIM/ssafy_ws/install/rosbridge_msgs/local/lib/python3.10/dist-packages/rosbridge_msgs/_rosbridge_msgs_s.ep.rosidl_typesupport_c.c
[3.384s] -- Installing: /home/ubuntu/GAZEBO_SIM/ssafy_ws/install/rosbridge_msgs/local/lib/python3.10/dist-packages/rosbridge_msgs/_rosbridge_msgs_s.ep.rosidl_typesupport_fastrtps_c.c
[3.384s] -- Installing: /home/ubuntu/GAZEBO_SIM/ssafy_ws/install/rosbridge_msgs/local/lib/python3.10/dist-packages/rosbridge_msgs/librosbridge_msgs__rosidl_generator_py.so
[3.384s] -- Installing: /home/ubuntu/GAZEBO_SIM/ssafy_ws/install/rosbridge_msgs/local/lib/python3.10/dist-packages/rosbridge_msgs/rosbridge_msgs_s__rosidl_typesupport_fastrtps_c.cpython-310-x86_64-linux-gnu.so
[3.384s] -- Installing: /home/ubuntu/GAZEBO_SIM/ssafy_ws/install/rosbridge_msgs/local/lib/python3.10/dist-packages/rosbridge_msgs/_rosbridge_msgs_s.ep.rosidl_typesupport_introspection_c.c
[3.384s] -- Installing: /home/ubuntu/GAZEBO_SIM/ssafy_ws/install/rosbridge_msgs/local/lib/python3.10/dist-packages/rosbridge_msgs/rosbridge_msgs_s__rosidl_typesupport_introspection_c.cpython-310-x86_64-linux-gnu.so
[3.413s] Listing '/home/ubuntu/GAZEBO_SIM/ssafy_ws/install/rosbridge_msgs/local/lib/python3.10/dist-packages/rosbridge_msgs'...
[3.413s] Compiling '/home/ubuntu/GAZEBO_SIM/ssafy_ws/install/rosbridge_msgs/local/lib/python3.10/dist-packages/rosbridge_msgs/__init__.py'...
[3.413s] Listing '/home/ubuntu/GAZEBO_SIM/ssafy_ws/install/rosbridge_msgs/local/lib/python3.10/dist-packages/rosbridge_msgs/msg'...
[3.414s] Compiling '/home/ubuntu/GAZEBO_SIM/ssafy_ws/install/rosbridge_msgs/local/lib/python3.10/dist-packages/rosbridge_msgs/msg/__init__.py'...
[3.414s] Compiling '/home/ubuntu/GAZEBO_SIM/ssafy_ws/install/rosbridge_msgs/local/lib/python3.10/dist-packages/rosbridge_msgs/msg/_connected_client.py'...
[3.414s] Compiling '/home/ubuntu/GAZEBO_SIM/ssafy_ws/install/rosbridge_msgs/local/lib/python3.10/dist-packages/rosbridge_msgs/msg/_connected_clients.py'...
[3.417s] -- Installing: /home/ubuntu/GAZEBO_SIM/ssafy_ws/install/rosbridge_msgs/local/lib/python3.10/dist-packages/rosbridge_msgs/rosbridge_msgs_s__rosidl_typesupport_fastrtps_c.cpython-310-x86_64-linux-gnu.so
[3.417s] -- Set runtime path of "/home/ubuntu/GAZEBO_SIM/ssafy_ws/install/rosbridge_msgs/local/lib/python3.10/dist-packages/rosbridge_msgs/rosbridge_msgs_s__rosidl_typesupport_fastrtps_c.cpython-310-x86_64-linux-gnu.so" to ""
[3.418s] -- Installing: /home/ubuntu/GAZEBO_SIM/ssafy_ws/install/rosbridge_msgs/local/lib/python3.10/dist-packages/rosbridge_msgs/rosbridge_msgs_s__rosidl_typesupport_introspection_c.cpython-310-x86_64-linux-gnu.so
[3.418s] -- Set runtime path of "/home/ubuntu/GAZEBO_SIM/ssafy_ws/install/rosbridge_msgs/local/lib/python3.10/dist-packages/rosbridge_msgs/rosbridge_msgs_s__rosidl_typesupport_introspection_c.cpython-310-x86_64-linux-gnu.so" to ""
[3.418s] -- Installing: /home/ubuntu/GAZEBO_SIM/ssafy_ws/install/rosbridge_msgs/local/lib/python3.10/dist-packages/rosbridge_msgs/rosbridge_msgs_s__rosidl_typesupport_c.cpython-310-x86_64-linux-gnu.so
[3.418s] -- Set runtime path of "/home/ubuntu/GAZEBO_SIM/ssafy_ws/install/rosbridge_msgs/local/lib/python3.10/dist-packages/rosbridge_msgs/rosbridge_msgs_s__rosidl_typesupport_c.cpython-310-x86_64-linux-gnu.so" to ""
[3.419s] -- Installing: /home/ubuntu/GAZEBO_SIM/ssafy_ws/install/rosbridge_msgs/lib/librosbridge_msgs__rosidl_generator_py.so
[3.419s] -- Set runtime path of "/home/ubuntu/GAZEBO_SIM/ssafy_ws/install/rosbridge_msgs/lib/librosbridge_msgs__rosidl_generator_py.so" to ""
[3.419s] -- Installing: /home/ubuntu/GAZEBO_SIM/ssafy_ws/install/rosbridge_msgs/share/rosbridge_msgs/msg/ConnectedClient.idl
[3.419s] -- Installing: /home/ubuntu/GAZEBO_SIM/ssafy_ws/install/rosbridge_msgs/share/rosbridge_msgs/msg/ConnectedClients.idl
[3.419s] -- Installing: /home/ubuntu/GAZEBO_SIM/ssafy_ws/install/rosbridge_msgs/share/rosbridge_msgs/msg/ConnectedClient.msg
[3.419s] -- Installing: /home/ubuntu/GAZEBO_SIM/ssafy_ws/install/rosbridge_msgs/share/rosbridge_msgs/msg/ConnectedClients.msg
[3.420s] -- Installing: /home/ubuntu/GAZEBO_SIM/ssafy_ws/install/rosbridge_msgs/share/ament_index/resource_index/package_run_dependencies/rosbridge_msgs
[3.420s] -- Installing: /home/ubuntu/GAZEBO_SIM/ssafy_ws/install/rosbridge_msgs/share/ament_index/resource_index/parent_prefix_path/rosbridge_msgs
[3.420s] -- Installing: /home/ubuntu/GAZEBO_SIM/ssafy_ws/install/rosbridge_msgs/share/rosbridge_msgs/environment/ament_prefix_path.sh
[3.420s] -- Installing: /home/ubuntu/GAZEBO_SIM/ssafy_ws/install/rosbridge_msgs/share/rosbridge_msgs/environment/ament_prefix_path.dsv
[3.420s] -- Installing: /home/ubuntu/GAZEBO_SIM/ssafy_ws/install/rosbridge_msgs/share/rosbridge_msgs/environment/path.sh
[3.420s] -- Installing: /home/ubuntu/GAZEBO_SIM/ssafy_ws/install/rosbridge_msgs/share/rosbridge_msgs/environment/path.dsv
[3.420s] -- Installing: /home/ubuntu/GAZEBO_SIM/ssafy_ws/install/rosbridge_msgs/share/rosbridge_msgs/local_setup.bash
[3.420s] -- Installing: /home/ubuntu/GAZEBO_SIM/ssafy_ws/install/rosbridge_msgs/share/rosbridge_msgs/local_setup.sh
[3.421s] -- Installing: /home/ubuntu/GAZEBO_SIM/ssafy_ws/install/rosbridge_msgs/share/rosbridge_msgs/local_setup.zsh
[3.421s] -- Installing: /home/ubuntu/GAZEBO_SIM/ssafy_ws/install/rosbridge_msgs/share/rosbridge_msgs/local_setup.dsv
[3.421s] -- Installing: /home/ubuntu/GAZEBO_SIM/ssafy_ws/install/rosbridge_msgs/share/rosbridge_msgs/package.dsv
[3.421s] -- Installing: /home/ubuntu/GAZEBO_SIM/ssafy_ws/install/rosbridge_msgs/share/ament_index/resource_index/packages/rosbridge_msgs
[3.421s] -- Installing: /home/ubuntu/GAZEBO_SIM/ssafy_ws/install/rosbridge_msgs/share/rosbridge_msgs/cmake/export_rosbridge_msgs__rosidl_generator_cExport.cmake
[3.421s] -- Installing: /home/ubuntu/GAZEBO_SIM/ssafy_ws/install/rosbridge_msgs/share/rosbridge_msgs/cmake/export_rosbridge_msgs__rosidl_generator_cExport-noconfig.cmake
[3.421s] -- Installing: /home/ubuntu/GAZEBO_SIM/ssafy_ws/install/rosbridge_msgs/share/rosbridge_msgs/cmake/export_rosbridge_msgs__rosidl_typesupport_fastrtps_cExport.cmake
[3.422s] -- Installing: /home/ubuntu/GAZEBO_SIM/ssafy_ws/install/rosbridge_msgs/share/rosbridge_msgs/cmake/export_rosbridge_msgs__rosidl_typesupport_fastrtps_cExport-noconfig.cmake
[3.422s] -- Installing: /home/ubuntu/GAZEBO_SIM/ssafy_ws/install/rosbridge_msgs/share/rosbridge_msgs/cmake/export_rosbridge_msgs__rosidl_generator_cppExport.cmake
[3.422s] -- Installing: /home/ubuntu/GAZEBO_SIM/ssafy_ws/install/rosbridge_msgs/share/rosbridge_msgs/cmake/export_rosbridge_msgs__rosidl_typesupport_fastrtps_cppExport.cmake
[3.422s] -- Installing: /home/ubuntu/GAZEBO_SIM/ssafy_ws/install/rosbridge_msgs/share/rosbridge_msgs/cmake/export_rosbridge_msgs__rosidl_typesupport_fastrtps_cppExport-noconfig.cmake
[3.422s] -- Installing: /home/ubuntu/GAZEBO_SIM/ssafy_ws/install/rosbridge_msgs/share/rosbridge_msgs/cmake/rosbridge_msgs__rosidl_typesupport_introspection_cExport.cmake
[3.422s] -- Installing: /home/ubuntu/GAZEBO_SIM/ssafy_ws/install/rosbridge_msgs/share/rosbridge_msgs/cmake/rosbridge_msgs__rosidl_typesupport_introspection_cExport-noconfig.cmake
[3.423s] -- Installing: /home/ubuntu/GAZEBO_SIM/ssafy_ws/install/rosbridge_msgs/share/rosbridge_msgs/cmake/rosbridge_msgs__rosidl_typesupport_cExport.cmake
[3.423s] -- Installing: /home/ubuntu/GAZEBO_SIM/ssafy_ws/install/rosbridge_msgs/share/rosbridge_msgs/cmake/rosbridge_msgs__rosidl_typesupport_cExport-noconfig.cmake
[3.423s] -- Installing: /home/ubuntu/GAZEBO_SIM/ssafy_ws/install/rosbridge_msgs/share/rosbridge_msgs/cmake/rosbridge_msgs__rosidl_typesupport_introspection_cppExport.cmake
[3.423s] -- Installing: /home/ubuntu/GAZEBO_SIM/ssafy_ws/install/rosbridge_msgs/share/rosbridge_msgs/cmake/rosbridge_msgs__rosidl_typesupport_introspection_cppExport-noconfig.cmake
[3.423s] -- Installing: /home/ubuntu/GAZEBO_SIM/ssafy_ws/install/rosbridge_msgs/share/rosbridge_msgs/cmake/rosbridge_msgs__rosidl_typesupport_cppExport.cmake
[3.423s] -- Installing: /home/ubuntu/GAZEBO_SIM/ssafy_ws/install/rosbridge_msgs/share/rosbridge_msgs/cmake/rosbridge_msgs__rosidl_typesupport_cppExport-noconfig.cmake
[3.423s] -- Installing: /home/ubuntu/GAZEBO_SIM/ssafy_ws/install/rosbridge_msgs/share/rosbridge_msgs/cmake/export_rosbridge_msgs__rosidl_generator_pyExport.cmake
[3.424s] -- Installing: /home/ubuntu/GAZEBO_SIM/ssafy_ws/install/rosbridge_msgs/share/rosbridge_msgs/cmake/export_rosbridge_msgs__rosidl_generator_pyExport-noconfig.cmake
[3.424s] -- Installing: /home/ubuntu/GAZEBO_SIM/ssafy_ws/install/rosbridge_msgs/share/rosbridge_msgs/cmake/rosidl_cmake-extras.cmake
[3.424s] -- Installing: /home/ubuntu/GAZEBO_SIM/ssafy_ws/install/rosbridge_msgs/share/rosbridge_msgs/cmake/ament_cmake_export_dependencies-extras.cmake
[3.424s] -- Installing: /home/ubuntu/GAZEBO_SIM/ssafy_ws/install/rosbridge_msgs/share/rosbridge_msgs/cmake/ament_cmake_export_include_directories-extras.cmake
[3.424s] -- Installing: /home/ubuntu/GAZEBO_SIM/ssafy_ws/install/rosbridge_msgs/share/rosbridge_msgs/cmake/ament_cmake_export_libraries-extras.cmake
[3.424s] -- Installing: /home/ubuntu/GAZEBO_SIM/ssafy_ws/install/rosbridge_msgs/share/rosbridge_msgs/cmake/ament_cmake_export_targets-extras.cmake
[3.424s] -- Installing: /home/ubuntu/GAZEBO_SIM/ssafy_ws/install/rosbridge_msgs/share/rosbridge_msgs/cmake/rosidl_cmake_export_typesupport_targets-extras.cmake
[3.424s] -- Installing: /home/ubuntu/GAZEBO_SIM/ssafy_ws/install/rosbridge_msgs/share/rosbridge_msgs/cmake/rosidl_cmake_export_typesupport_libraries-extras.cmake
[3.425s] -- Installing: /home/ubuntu/GAZEBO_SIM/ssafy_ws/install/rosbridge_msgs/share/rosbridge_msgs/cmake/rosbridge_msgsConfig.cmake
[3.425s] -- Installing: /home/ubuntu/GAZEBO_SIM/ssafy_ws/install/rosbridge_msgs/share/rosbridge_msgs/cmake/rosbridge_msgsConfig-version.cmake
[3.425s] -- Installing: /home/ubuntu/GAZEBO_SIM/ssafy_ws/install/rosbridge_msgs/share/rosbridge_msgs/package.xml
[3.428s] Invoked command in '/home/ubuntu/GAZEBO_SIM/ssafy_ws/build/rosbridge_msgs' returned '0': CMAKE_PREFIX_PATH=${CMAKE_PREFIX_PATH}:/home/ubuntu/GAZEBO_SIM/ssafy_ws/install/teleop_twist_keyboard:/opt/ros/humble /usr/bin/cmake --install /home/ubuntu/GAZEBO_SIM/ssafy_ws/build/rosbridge_msgs
