[0.020s] Invoking command in '/home/ubuntu/GAZEBO_SIM/ssafy_ws/src/build/velodyne_description': CMAKE_PREFIX_PATH=${CMAKE_PREFIX_PATH}:/home/ubuntu/GAZEBO_SIM/ssafy_ws/src/install/teleop_twist_keyboard:/home/ubuntu/GAZEBO_SIM/ssafy_ws/install/teleop_twist_keyboard:/opt/ros/humble /usr/bin/cmake /home/ubuntu/GAZEBO_SIM/ssafy_ws/src/velodyne_simulator/velodyne_description -DCMAKE_INSTALL_PREFIX=/home/ubuntu/GAZEBO_SIM/ssafy_ws/src/install/velodyne_description
[0.066s] -- The C compiler identification is GNU 11.4.0
[0.119s] -- The CXX compiler identification is GNU 11.4.0
[0.127s] -- Detecting C compiler ABI info
[0.209s] -- Detecting C compiler ABI info - done
[0.216s] -- Check for working C compiler: /usr/bin/cc - skipped
[0.217s] -- Detecting C compile features
[0.217s] -- Detecting C compile features - done
[0.220s] -- Detecting CXX compiler ABI info
[0.304s] -- Detecting CXX compiler ABI info - done
[0.311s] -- Check for working CXX compiler: /usr/bin/c++ - skipped
[0.311s] -- Detecting CXX compile features
[0.312s] -- Detecting CXX compile features - done
[0.317s] -- Found ament_cmake: 1.3.11 (/opt/ros/humble/share/ament_cmake/cmake)
[0.492s] -- Found Python3: /usr/bin/python3 (found version "3.10.12") found components: Interpreter 
[0.663s] -- Configuring done
[0.666s] -- Generating done
[0.668s] -- Build files have been written to: /home/ubuntu/GAZEBO_SIM/ssafy_ws/src/build/velodyne_description
[0.673s] Invoked command in '/home/ubuntu/GAZEBO_SIM/ssafy_ws/src/build/velodyne_description' returned '0': CMAKE_PREFIX_PATH=${CMAKE_PREFIX_PATH}:/home/ubuntu/GAZEBO_SIM/ssafy_ws/src/install/teleop_twist_keyboard:/home/ubuntu/GAZEBO_SIM/ssafy_ws/install/teleop_twist_keyboard:/opt/ros/humble /usr/bin/cmake /home/ubuntu/GAZEBO_SIM/ssafy_ws/src/velodyne_simulator/velodyne_description -DCMAKE_INSTALL_PREFIX=/home/ubuntu/GAZEBO_SIM/ssafy_ws/src/install/velodyne_description
[0.674s] Invoking command in '/home/ubuntu/GAZEBO_SIM/ssafy_ws/src/build/velodyne_description': CMAKE_PREFIX_PATH=${CMAKE_PREFIX_PATH}:/home/ubuntu/GAZEBO_SIM/ssafy_ws/src/install/teleop_twist_keyboard:/home/ubuntu/GAZEBO_SIM/ssafy_ws/install/teleop_twist_keyboard:/opt/ros/humble /usr/bin/cmake --build /home/ubuntu/GAZEBO_SIM/ssafy_ws/src/build/velodyne_description -- -j12 -l12
[0.711s] Invoked command in '/home/ubuntu/GAZEBO_SIM/ssafy_ws/src/build/velodyne_description' returned '0': CMAKE_PREFIX_PATH=${CMAKE_PREFIX_PATH}:/home/ubuntu/GAZEBO_SIM/ssafy_ws/src/install/teleop_twist_keyboard:/home/ubuntu/GAZEBO_SIM/ssafy_ws/install/teleop_twist_keyboard:/opt/ros/humble /usr/bin/cmake --build /home/ubuntu/GAZEBO_SIM/ssafy_ws/src/build/velodyne_description -- -j12 -l12
[0.720s] Invoking command in '/home/ubuntu/GAZEBO_SIM/ssafy_ws/src/build/velodyne_description': CMAKE_PREFIX_PATH=${CMAKE_PREFIX_PATH}:/home/ubuntu/GAZEBO_SIM/ssafy_ws/src/install/teleop_twist_keyboard:/home/ubuntu/GAZEBO_SIM/ssafy_ws/install/teleop_twist_keyboard:/opt/ros/humble /usr/bin/cmake --install /home/ubuntu/GAZEBO_SIM/ssafy_ws/src/build/velodyne_description
[0.727s] -- Install configuration: ""
[0.727s] -- Installing: /home/ubuntu/GAZEBO_SIM/ssafy_ws/src/install/velodyne_description/share/velodyne_description/launch
[0.727s] -- Installing: /home/ubuntu/GAZEBO_SIM/ssafy_ws/src/install/velodyne_description/share/velodyne_description/launch/example.launch.py
[0.727s] -- Installing: /home/ubuntu/GAZEBO_SIM/ssafy_ws/src/install/velodyne_description/share/velodyne_description/meshes
[0.727s] -- Installing: /home/ubuntu/GAZEBO_SIM/ssafy_ws/src/install/velodyne_description/share/velodyne_description/meshes/VLP16_base_2.stl
[0.727s] -- Installing: /home/ubuntu/GAZEBO_SIM/ssafy_ws/src/install/velodyne_description/share/velodyne_description/meshes/VLP16_base_1.dae
[0.727s] -- Installing: /home/ubuntu/GAZEBO_SIM/ssafy_ws/src/install/velodyne_description/share/velodyne_description/meshes/HDL32E_scan.dae
[0.728s] -- Installing: /home/ubuntu/GAZEBO_SIM/ssafy_ws/src/install/velodyne_description/share/velodyne_description/meshes/VLP16_scan.dae
[0.728s] -- Installing: /home/ubuntu/GAZEBO_SIM/ssafy_ws/src/install/velodyne_description/share/velodyne_description/meshes/HDL32E_base.stl
[0.728s] -- Installing: /home/ubuntu/GAZEBO_SIM/ssafy_ws/src/install/velodyne_description/share/velodyne_description/meshes/HDL32E_base.dae
[0.728s] -- Installing: /home/ubuntu/GAZEBO_SIM/ssafy_ws/src/install/velodyne_description/share/velodyne_description/meshes/HDL32E_scan.stl
[0.728s] -- Installing: /home/ubuntu/GAZEBO_SIM/ssafy_ws/src/install/velodyne_description/share/velodyne_description/meshes/VLP16_base_2.dae
[0.729s] -- Installing: /home/ubuntu/GAZEBO_SIM/ssafy_ws/src/install/velodyne_description/share/velodyne_description/meshes/VLP16_scan.stl
[0.729s] -- Installing: /home/ubuntu/GAZEBO_SIM/ssafy_ws/src/install/velodyne_description/share/velodyne_description/meshes/VLP16_base_1.stl
[0.729s] -- Installing: /home/ubuntu/GAZEBO_SIM/ssafy_ws/src/install/velodyne_description/share/velodyne_description/rviz
[0.729s] -- Installing: /home/ubuntu/GAZEBO_SIM/ssafy_ws/src/install/velodyne_description/share/velodyne_description/rviz/example.rviz
[0.729s] -- Installing: /home/ubuntu/GAZEBO_SIM/ssafy_ws/src/install/velodyne_description/share/velodyne_description/urdf
[0.729s] -- Installing: /home/ubuntu/GAZEBO_SIM/ssafy_ws/src/install/velodyne_description/share/velodyne_description/urdf/example.urdf.xacro
[0.729s] -- Installing: /home/ubuntu/GAZEBO_SIM/ssafy_ws/src/install/velodyne_description/share/velodyne_description/urdf/VLP-16.urdf.xacro
[0.729s] -- Installing: /home/ubuntu/GAZEBO_SIM/ssafy_ws/src/install/velodyne_description/share/velodyne_description/urdf/HDL-32E.urdf.xacro
[0.729s] -- Installing: /home/ubuntu/GAZEBO_SIM/ssafy_ws/src/install/velodyne_description/share/velodyne_description/world
[0.729s] -- Installing: /home/ubuntu/GAZEBO_SIM/ssafy_ws/src/install/velodyne_description/share/velodyne_description/world/example.world
[0.730s] -- Installing: /home/ubuntu/GAZEBO_SIM/ssafy_ws/src/install/velodyne_description/share/velodyne_description/environment/velodyne_description.dsv
[0.730s] -- Installing: /home/ubuntu/GAZEBO_SIM/ssafy_ws/src/install/velodyne_description/share/ament_index/resource_index/package_run_dependencies/velodyne_description
[0.730s] -- Installing: /home/ubuntu/GAZEBO_SIM/ssafy_ws/src/install/velodyne_description/share/ament_index/resource_index/parent_prefix_path/velodyne_description
[0.730s] -- Installing: /home/ubuntu/GAZEBO_SIM/ssafy_ws/src/install/velodyne_description/share/velodyne_description/environment/ament_prefix_path.sh
[0.730s] -- Installing: /home/ubuntu/GAZEBO_SIM/ssafy_ws/src/install/velodyne_description/share/velodyne_description/environment/ament_prefix_path.dsv
[0.730s] -- Installing: /home/ubuntu/GAZEBO_SIM/ssafy_ws/src/install/velodyne_description/share/velodyne_description/environment/path.sh
[0.730s] -- Installing: /home/ubuntu/GAZEBO_SIM/ssafy_ws/src/install/velodyne_description/share/velodyne_description/environment/path.dsv
[0.730s] -- Installing: /home/ubuntu/GAZEBO_SIM/ssafy_ws/src/install/velodyne_description/share/velodyne_description/local_setup.bash
[0.731s] -- Installing: /home/ubuntu/GAZEBO_SIM/ssafy_ws/src/install/velodyne_description/share/velodyne_description/local_setup.sh
[0.731s] -- Installing: /home/ubuntu/GAZEBO_SIM/ssafy_ws/src/install/velodyne_description/share/velodyne_description/local_setup.zsh
[0.731s] -- Installing: /home/ubuntu/GAZEBO_SIM/ssafy_ws/src/install/velodyne_description/share/velodyne_description/local_setup.dsv
[0.731s] -- Installing: /home/ubuntu/GAZEBO_SIM/ssafy_ws/src/install/velodyne_description/share/velodyne_description/package.dsv
[0.731s] -- Installing: /home/ubuntu/GAZEBO_SIM/ssafy_ws/src/install/velodyne_description/share/ament_index/resource_index/packages/velodyne_description
[0.731s] -- Installing: /home/ubuntu/GAZEBO_SIM/ssafy_ws/src/install/velodyne_description/share/velodyne_description/cmake/velodyne_descriptionConfig.cmake
[0.731s] -- Installing: /home/ubuntu/GAZEBO_SIM/ssafy_ws/src/install/velodyne_description/share/velodyne_description/cmake/velodyne_descriptionConfig-version.cmake
[0.731s] -- Installing: /home/ubuntu/GAZEBO_SIM/ssafy_ws/src/install/velodyne_description/share/velodyne_description/package.xml
[0.733s] Invoked command in '/home/ubuntu/GAZEBO_SIM/ssafy_ws/src/build/velodyne_description' returned '0': CMAKE_PREFIX_PATH=${CMAKE_PREFIX_PATH}:/home/ubuntu/GAZEBO_SIM/ssafy_ws/src/install/teleop_twist_keyboard:/home/ubuntu/GAZEBO_SIM/ssafy_ws/install/teleop_twist_keyboard:/opt/ros/humble /usr/bin/cmake --install /home/ubuntu/GAZEBO_SIM/ssafy_ws/src/build/velodyne_description
