[0.011s] Invoking command in '/home/ubuntu/GAZEBO_SIM/ssafy_ws/src/build/rosbridge_server': CMAKE_PREFIX_PATH=/home/ubuntu/GAZEBO_SIM/ssafy_ws/src/install/rosapi:/home/ubuntu/GAZEBO_SIM/ssafy_ws/src/install/rosbridge_library:/home/ubuntu/GAZEBO_SIM/ssafy_ws/src/install/rosbridge_test_msgs:/home/ubuntu/GAZEBO_SIM/ssafy_ws/src/install/rosbridge_msgs:/home/ubuntu/GAZEBO_SIM/ssafy_ws/src/install/rosapi_msgs:/home/ubuntu/GAZEBO_SIM/ssafy_ws/src/install/velodyne_simulator:/home/ubuntu/GAZEBO_SIM/ssafy_ws/src/install/velodyne_gazebo_plugins:/home/ubuntu/GAZEBO_SIM/ssafy_ws/src/install/turtlebot3_simulations:/home/ubuntu/GAZEBO_SIM/ssafy_ws/src/install/turtlebot3_gazebo:/home/ubuntu/GAZEBO_SIM/ssafy_ws/src/install/velodyne_description:/home/ubuntu/GAZEBO_SIM/ssafy_ws/src/install/turtlebot3_description:/home/ubuntu/GAZEBO_SIM/ssafy_ws/src/install/rosbridge_suite:/home/ubuntu/GAZEBO_SIM/ssafy_ws/src/install/rosbridge_server:/home/ubuntu/GAZEBO_SIM/ssafy_ws/install/velodyne_simulator:/home/ubuntu/GAZEBO_SIM/ssafy_ws/install/velodyne_gazebo_plugins:/home/ubuntu/GAZEBO_SIM/ssafy_ws/install/turtlebot3_simulations:/home/ubuntu/GAZEBO_SIM/ssafy_ws/install/turtlebot3_gazebo:/home/ubuntu/GAZEBO_SIM/ssafy_ws/install/velodyne_description:/home/ubuntu/GAZEBO_SIM/ssafy_ws/install/turtlebot3_description:/home/ubuntu/GAZEBO_SIM/ssafy_ws/src/install/teleop_twist_keyboard:/home/ubuntu/GAZEBO_SIM/ssafy_ws/install/teleop_twist_keyboard:/opt/ros/humble LD_LIBRARY_PATH=/home/ubuntu/GAZEBO_SIM/ssafy_ws/src/install/rosbridge_test_msgs/lib:/home/ubuntu/GAZEBO_SIM/ssafy_ws/src/install/rosbridge_msgs/lib:/home/ubuntu/GAZEBO_SIM/ssafy_ws/src/install/rosapi_msgs/lib:/home/ubuntu/GAZEBO_SIM/ssafy_ws/src/install/velodyne_gazebo_plugins/lib:/home/ubuntu/GAZEBO_SIM/ssafy_ws/install/velodyne_gazebo_plugins/lib:/usr/lib/x86_64-linux-gnu/gazebo-11/plugins:/opt/ros/humble/opt/rviz_ogre_vendor/lib:/opt/ros/humble/lib/x86_64-linux-gnu:/opt/ros/humble/lib /usr/bin/cmake /home/ubuntu/GAZEBO_SIM/ssafy_ws/src/rosbridge_suite/rosbridge_server -DCMAKE_INSTALL_PREFIX=/home/ubuntu/GAZEBO_SIM/ssafy_ws/src/install/rosbridge_server
[0.071s] -- The C compiler identification is GNU 11.4.0
[0.121s] -- The CXX compiler identification is GNU 11.4.0
[0.125s] -- Detecting C compiler ABI info
[0.191s] -- Detecting C compiler ABI info - done
[0.197s] -- Check for working C compiler: /usr/bin/cc - skipped
[0.198s] -- Detecting C compile features
[0.198s] -- Detecting C compile features - done
[0.202s] -- Detecting CXX compiler ABI info
[0.273s] -- Detecting CXX compiler ABI info - done
[0.278s] -- Check for working CXX compiler: /usr/bin/c++ - skipped
[0.278s] -- Detecting CXX compile features
[0.278s] -- Detecting CXX compile features - done
[0.280s] -- Found ament_cmake_ros: 0.10.0 (/opt/ros/humble/share/ament_cmake_ros/cmake)
[0.390s] -- Found Python3: /usr/bin/python3 (found version "3.10.12") found components: Interpreter 
[0.553s] -- Found launch_testing_ament_cmake: 1.0.7 (/opt/ros/humble/share/launch_testing_ament_cmake/cmake)
[0.554s] -- Found python_cmake_module: 0.10.0 (/opt/ros/humble/share/python_cmake_module/cmake)
[0.568s] -- Found PythonInterp: /usr/bin/python3 (found suitable version "3.10.12", minimum required is "3.6") 
[0.577s] -- Found PythonLibs: /usr/lib/x86_64-linux-gnu/libpython3.10.so (found suitable version "3.10.12", minimum required is "3.5") 
[0.577s] -- Using PYTHON_EXECUTABLE: /usr/bin/python3
[0.577s] -- Using PYTHON_INCLUDE_DIRS: /usr/include/python3.10
[0.577s] -- Using PYTHON_LIBRARIES: /usr/lib/x86_64-linux-gnu/libpython3.10.so
[0.590s] -- Found PythonExtra: .so  
[0.592s] -- Configuring done
[0.594s] -- Generating done
[0.595s] -- Build files have been written to: /home/ubuntu/GAZEBO_SIM/ssafy_ws/src/build/rosbridge_server
[0.600s] Invoked command in '/home/ubuntu/GAZEBO_SIM/ssafy_ws/src/build/rosbridge_server' returned '0': CMAKE_PREFIX_PATH=/home/ubuntu/GAZEBO_SIM/ssafy_ws/src/install/rosapi:/home/ubuntu/GAZEBO_SIM/ssafy_ws/src/install/rosbridge_library:/home/ubuntu/GAZEBO_SIM/ssafy_ws/src/install/rosbridge_test_msgs:/home/ubuntu/GAZEBO_SIM/ssafy_ws/src/install/rosbridge_msgs:/home/ubuntu/GAZEBO_SIM/ssafy_ws/src/install/rosapi_msgs:/home/ubuntu/GAZEBO_SIM/ssafy_ws/src/install/velodyne_simulator:/home/ubuntu/GAZEBO_SIM/ssafy_ws/src/install/velodyne_gazebo_plugins:/home/ubuntu/GAZEBO_SIM/ssafy_ws/src/install/turtlebot3_simulations:/home/ubuntu/GAZEBO_SIM/ssafy_ws/src/install/turtlebot3_gazebo:/home/ubuntu/GAZEBO_SIM/ssafy_ws/src/install/velodyne_description:/home/ubuntu/GAZEBO_SIM/ssafy_ws/src/install/turtlebot3_description:/home/ubuntu/GAZEBO_SIM/ssafy_ws/src/install/rosbridge_suite:/home/ubuntu/GAZEBO_SIM/ssafy_ws/src/install/rosbridge_server:/home/ubuntu/GAZEBO_SIM/ssafy_ws/install/velodyne_simulator:/home/ubuntu/GAZEBO_SIM/ssafy_ws/install/velodyne_gazebo_plugins:/home/ubuntu/GAZEBO_SIM/ssafy_ws/install/turtlebot3_simulations:/home/ubuntu/GAZEBO_SIM/ssafy_ws/install/turtlebot3_gazebo:/home/ubuntu/GAZEBO_SIM/ssafy_ws/install/velodyne_description:/home/ubuntu/GAZEBO_SIM/ssafy_ws/install/turtlebot3_description:/home/ubuntu/GAZEBO_SIM/ssafy_ws/src/install/teleop_twist_keyboard:/home/ubuntu/GAZEBO_SIM/ssafy_ws/install/teleop_twist_keyboard:/opt/ros/humble LD_LIBRARY_PATH=/home/ubuntu/GAZEBO_SIM/ssafy_ws/src/install/rosbridge_test_msgs/lib:/home/ubuntu/GAZEBO_SIM/ssafy_ws/src/install/rosbridge_msgs/lib:/home/ubuntu/GAZEBO_SIM/ssafy_ws/src/install/rosapi_msgs/lib:/home/ubuntu/GAZEBO_SIM/ssafy_ws/src/install/velodyne_gazebo_plugins/lib:/home/ubuntu/GAZEBO_SIM/ssafy_ws/install/velodyne_gazebo_plugins/lib:/usr/lib/x86_64-linux-gnu/gazebo-11/plugins:/opt/ros/humble/opt/rviz_ogre_vendor/lib:/opt/ros/humble/lib/x86_64-linux-gnu:/opt/ros/humble/lib /usr/bin/cmake /home/ubuntu/GAZEBO_SIM/ssafy_ws/src/rosbridge_suite/rosbridge_server -DCMAKE_INSTALL_PREFIX=/home/ubuntu/GAZEBO_SIM/ssafy_ws/src/install/rosbridge_server
[0.600s] Invoking command in '/home/ubuntu/GAZEBO_SIM/ssafy_ws/src/build/rosbridge_server': CMAKE_PREFIX_PATH=/home/ubuntu/GAZEBO_SIM/ssafy_ws/src/install/rosapi:/home/ubuntu/GAZEBO_SIM/ssafy_ws/src/install/rosbridge_library:/home/ubuntu/GAZEBO_SIM/ssafy_ws/src/install/rosbridge_test_msgs:/home/ubuntu/GAZEBO_SIM/ssafy_ws/src/install/rosbridge_msgs:/home/ubuntu/GAZEBO_SIM/ssafy_ws/src/install/rosapi_msgs:/home/ubuntu/GAZEBO_SIM/ssafy_ws/src/install/velodyne_simulator:/home/ubuntu/GAZEBO_SIM/ssafy_ws/src/install/velodyne_gazebo_plugins:/home/ubuntu/GAZEBO_SIM/ssafy_ws/src/install/turtlebot3_simulations:/home/ubuntu/GAZEBO_SIM/ssafy_ws/src/install/turtlebot3_gazebo:/home/ubuntu/GAZEBO_SIM/ssafy_ws/src/install/velodyne_description:/home/ubuntu/GAZEBO_SIM/ssafy_ws/src/install/turtlebot3_description:/home/ubuntu/GAZEBO_SIM/ssafy_ws/src/install/rosbridge_suite:/home/ubuntu/GAZEBO_SIM/ssafy_ws/src/install/rosbridge_server:/home/ubuntu/GAZEBO_SIM/ssafy_ws/install/velodyne_simulator:/home/ubuntu/GAZEBO_SIM/ssafy_ws/install/velodyne_gazebo_plugins:/home/ubuntu/GAZEBO_SIM/ssafy_ws/install/turtlebot3_simulations:/home/ubuntu/GAZEBO_SIM/ssafy_ws/install/turtlebot3_gazebo:/home/ubuntu/GAZEBO_SIM/ssafy_ws/install/velodyne_description:/home/ubuntu/GAZEBO_SIM/ssafy_ws/install/turtlebot3_description:/home/ubuntu/GAZEBO_SIM/ssafy_ws/src/install/teleop_twist_keyboard:/home/ubuntu/GAZEBO_SIM/ssafy_ws/install/teleop_twist_keyboard:/opt/ros/humble LD_LIBRARY_PATH=/home/ubuntu/GAZEBO_SIM/ssafy_ws/src/install/rosbridge_test_msgs/lib:/home/ubuntu/GAZEBO_SIM/ssafy_ws/src/install/rosbridge_msgs/lib:/home/ubuntu/GAZEBO_SIM/ssafy_ws/src/install/rosapi_msgs/lib:/home/ubuntu/GAZEBO_SIM/ssafy_ws/src/install/velodyne_gazebo_plugins/lib:/home/ubuntu/GAZEBO_SIM/ssafy_ws/install/velodyne_gazebo_plugins/lib:/usr/lib/x86_64-linux-gnu/gazebo-11/plugins:/opt/ros/humble/opt/rviz_ogre_vendor/lib:/opt/ros/humble/lib/x86_64-linux-gnu:/opt/ros/humble/lib /usr/bin/cmake --build /home/ubuntu/GAZEBO_SIM/ssafy_ws/src/build/rosbridge_server -- -j12 -l12
[0.645s] Built target ament_cmake_python_copy_rosbridge_server
[0.822s] running egg_info
[0.823s] creating rosbridge_server.egg-info
[0.823s] writing rosbridge_server.egg-info/PKG-INFO
[0.823s] writing dependency_links to rosbridge_server.egg-info/dependency_links.txt
[0.823s] writing top-level names to rosbridge_server.egg-info/top_level.txt
[0.823s] writing manifest file 'rosbridge_server.egg-info/SOURCES.txt'
[0.824s] reading manifest file 'rosbridge_server.egg-info/SOURCES.txt'
[0.824s] writing manifest file 'rosbridge_server.egg-info/SOURCES.txt'
[0.840s] Built target ament_cmake_python_build_rosbridge_server_egg
[0.847s] Invoked command in '/home/ubuntu/GAZEBO_SIM/ssafy_ws/src/build/rosbridge_server' returned '0': CMAKE_PREFIX_PATH=/home/ubuntu/GAZEBO_SIM/ssafy_ws/src/install/rosapi:/home/ubuntu/GAZEBO_SIM/ssafy_ws/src/install/rosbridge_library:/home/ubuntu/GAZEBO_SIM/ssafy_ws/src/install/rosbridge_test_msgs:/home/ubuntu/GAZEBO_SIM/ssafy_ws/src/install/rosbridge_msgs:/home/ubuntu/GAZEBO_SIM/ssafy_ws/src/install/rosapi_msgs:/home/ubuntu/GAZEBO_SIM/ssafy_ws/src/install/velodyne_simulator:/home/ubuntu/GAZEBO_SIM/ssafy_ws/src/install/velodyne_gazebo_plugins:/home/ubuntu/GAZEBO_SIM/ssafy_ws/src/install/turtlebot3_simulations:/home/ubuntu/GAZEBO_SIM/ssafy_ws/src/install/turtlebot3_gazebo:/home/ubuntu/GAZEBO_SIM/ssafy_ws/src/install/velodyne_description:/home/ubuntu/GAZEBO_SIM/ssafy_ws/src/install/turtlebot3_description:/home/ubuntu/GAZEBO_SIM/ssafy_ws/src/install/rosbridge_suite:/home/ubuntu/GAZEBO_SIM/ssafy_ws/src/install/rosbridge_server:/home/ubuntu/GAZEBO_SIM/ssafy_ws/install/velodyne_simulator:/home/ubuntu/GAZEBO_SIM/ssafy_ws/install/velodyne_gazebo_plugins:/home/ubuntu/GAZEBO_SIM/ssafy_ws/install/turtlebot3_simulations:/home/ubuntu/GAZEBO_SIM/ssafy_ws/install/turtlebot3_gazebo:/home/ubuntu/GAZEBO_SIM/ssafy_ws/install/velodyne_description:/home/ubuntu/GAZEBO_SIM/ssafy_ws/install/turtlebot3_description:/home/ubuntu/GAZEBO_SIM/ssafy_ws/src/install/teleop_twist_keyboard:/home/ubuntu/GAZEBO_SIM/ssafy_ws/install/teleop_twist_keyboard:/opt/ros/humble LD_LIBRARY_PATH=/home/ubuntu/GAZEBO_SIM/ssafy_ws/src/install/rosbridge_test_msgs/lib:/home/ubuntu/GAZEBO_SIM/ssafy_ws/src/install/rosbridge_msgs/lib:/home/ubuntu/GAZEBO_SIM/ssafy_ws/src/install/rosapi_msgs/lib:/home/ubuntu/GAZEBO_SIM/ssafy_ws/src/install/velodyne_gazebo_plugins/lib:/home/ubuntu/GAZEBO_SIM/ssafy_ws/install/velodyne_gazebo_plugins/lib:/usr/lib/x86_64-linux-gnu/gazebo-11/plugins:/opt/ros/humble/opt/rviz_ogre_vendor/lib:/opt/ros/humble/lib/x86_64-linux-gnu:/opt/ros/humble/lib /usr/bin/cmake --build /home/ubuntu/GAZEBO_SIM/ssafy_ws/src/build/rosbridge_server -- -j12 -l12
[0.848s] Invoking command in '/home/ubuntu/GAZEBO_SIM/ssafy_ws/src/build/rosbridge_server': CMAKE_PREFIX_PATH=/home/ubuntu/GAZEBO_SIM/ssafy_ws/src/install/rosapi:/home/ubuntu/GAZEBO_SIM/ssafy_ws/src/install/rosbridge_library:/home/ubuntu/GAZEBO_SIM/ssafy_ws/src/install/rosbridge_test_msgs:/home/ubuntu/GAZEBO_SIM/ssafy_ws/src/install/rosbridge_msgs:/home/ubuntu/GAZEBO_SIM/ssafy_ws/src/install/rosapi_msgs:/home/ubuntu/GAZEBO_SIM/ssafy_ws/src/install/velodyne_simulator:/home/ubuntu/GAZEBO_SIM/ssafy_ws/src/install/velodyne_gazebo_plugins:/home/ubuntu/GAZEBO_SIM/ssafy_ws/src/install/turtlebot3_simulations:/home/ubuntu/GAZEBO_SIM/ssafy_ws/src/install/turtlebot3_gazebo:/home/ubuntu/GAZEBO_SIM/ssafy_ws/src/install/velodyne_description:/home/ubuntu/GAZEBO_SIM/ssafy_ws/src/install/turtlebot3_description:/home/ubuntu/GAZEBO_SIM/ssafy_ws/src/install/rosbridge_suite:/home/ubuntu/GAZEBO_SIM/ssafy_ws/src/install/rosbridge_server:/home/ubuntu/GAZEBO_SIM/ssafy_ws/install/velodyne_simulator:/home/ubuntu/GAZEBO_SIM/ssafy_ws/install/velodyne_gazebo_plugins:/home/ubuntu/GAZEBO_SIM/ssafy_ws/install/turtlebot3_simulations:/home/ubuntu/GAZEBO_SIM/ssafy_ws/install/turtlebot3_gazebo:/home/ubuntu/GAZEBO_SIM/ssafy_ws/install/velodyne_description:/home/ubuntu/GAZEBO_SIM/ssafy_ws/install/turtlebot3_description:/home/ubuntu/GAZEBO_SIM/ssafy_ws/src/install/teleop_twist_keyboard:/home/ubuntu/GAZEBO_SIM/ssafy_ws/install/teleop_twist_keyboard:/opt/ros/humble LD_LIBRARY_PATH=/home/ubuntu/GAZEBO_SIM/ssafy_ws/src/install/rosbridge_test_msgs/lib:/home/ubuntu/GAZEBO_SIM/ssafy_ws/src/install/rosbridge_msgs/lib:/home/ubuntu/GAZEBO_SIM/ssafy_ws/src/install/rosapi_msgs/lib:/home/ubuntu/GAZEBO_SIM/ssafy_ws/src/install/velodyne_gazebo_plugins/lib:/home/ubuntu/GAZEBO_SIM/ssafy_ws/install/velodyne_gazebo_plugins/lib:/usr/lib/x86_64-linux-gnu/gazebo-11/plugins:/opt/ros/humble/opt/rviz_ogre_vendor/lib:/opt/ros/humble/lib/x86_64-linux-gnu:/opt/ros/humble/lib /usr/bin/cmake --install /home/ubuntu/GAZEBO_SIM/ssafy_ws/src/build/rosbridge_server
[0.853s] -- Install configuration: ""
[0.853s] -- Installing: /home/ubuntu/GAZEBO_SIM/ssafy_ws/src/install/rosbridge_server/share/rosbridge_server/environment/pythonpath.sh
[0.853s] -- Installing: /home/ubuntu/GAZEBO_SIM/ssafy_ws/src/install/rosbridge_server/share/rosbridge_server/environment/pythonpath.dsv
[0.853s] -- Installing: /home/ubuntu/GAZEBO_SIM/ssafy_ws/src/install/rosbridge_server/local/lib/python3.10/dist-packages/rosbridge_server-2.0.0-py3.10.egg-info
[0.853s] -- Installing: /home/ubuntu/GAZEBO_SIM/ssafy_ws/src/install/rosbridge_server/local/lib/python3.10/dist-packages/rosbridge_server-2.0.0-py3.10.egg-info/dependency_links.txt
[0.853s] -- Installing: /home/ubuntu/GAZEBO_SIM/ssafy_ws/src/install/rosbridge_server/local/lib/python3.10/dist-packages/rosbridge_server-2.0.0-py3.10.egg-info/PKG-INFO
[0.853s] -- Installing: /home/ubuntu/GAZEBO_SIM/ssafy_ws/src/install/rosbridge_server/local/lib/python3.10/dist-packages/rosbridge_server-2.0.0-py3.10.egg-info/SOURCES.txt
[0.853s] -- Installing: /home/ubuntu/GAZEBO_SIM/ssafy_ws/src/install/rosbridge_server/local/lib/python3.10/dist-packages/rosbridge_server-2.0.0-py3.10.egg-info/top_level.txt
[0.853s] -- Installing: /home/ubuntu/GAZEBO_SIM/ssafy_ws/src/install/rosbridge_server/local/lib/python3.10/dist-packages/rosbridge_server
[0.853s] -- Installing: /home/ubuntu/GAZEBO_SIM/ssafy_ws/src/install/rosbridge_server/local/lib/python3.10/dist-packages/rosbridge_server/__init__.py
[0.853s] -- Installing: /home/ubuntu/GAZEBO_SIM/ssafy_ws/src/install/rosbridge_server/local/lib/python3.10/dist-packages/rosbridge_server/client_manager.py
[0.853s] -- Installing: /home/ubuntu/GAZEBO_SIM/ssafy_ws/src/install/rosbridge_server/local/lib/python3.10/dist-packages/rosbridge_server/websocket_handler.py
[0.877s] Listing '/home/ubuntu/GAZEBO_SIM/ssafy_ws/src/install/rosbridge_server/local/lib/python3.10/dist-packages/rosbridge_server'...
[0.877s] Compiling '/home/ubuntu/GAZEBO_SIM/ssafy_ws/src/install/rosbridge_server/local/lib/python3.10/dist-packages/rosbridge_server/__init__.py'...
[0.877s] Compiling '/home/ubuntu/GAZEBO_SIM/ssafy_ws/src/install/rosbridge_server/local/lib/python3.10/dist-packages/rosbridge_server/client_manager.py'...
[0.877s] Compiling '/home/ubuntu/GAZEBO_SIM/ssafy_ws/src/install/rosbridge_server/local/lib/python3.10/dist-packages/rosbridge_server/websocket_handler.py'...
[0.880s] -- Installing: /home/ubuntu/GAZEBO_SIM/ssafy_ws/src/install/rosbridge_server/share/ament_index/resource_index/package_run_dependencies/rosbridge_server
[0.880s] -- Installing: /home/ubuntu/GAZEBO_SIM/ssafy_ws/src/install/rosbridge_server/share/ament_index/resource_index/parent_prefix_path/rosbridge_server
[0.880s] -- Installing: /home/ubuntu/GAZEBO_SIM/ssafy_ws/src/install/rosbridge_server/share/rosbridge_server/environment/ament_prefix_path.sh
[0.880s] -- Installing: /home/ubuntu/GAZEBO_SIM/ssafy_ws/src/install/rosbridge_server/share/rosbridge_server/environment/ament_prefix_path.dsv
[0.880s] -- Installing: /home/ubuntu/GAZEBO_SIM/ssafy_ws/src/install/rosbridge_server/share/rosbridge_server/environment/path.sh
[0.880s] -- Installing: /home/ubuntu/GAZEBO_SIM/ssafy_ws/src/install/rosbridge_server/share/rosbridge_server/environment/path.dsv
[0.880s] -- Installing: /home/ubuntu/GAZEBO_SIM/ssafy_ws/src/install/rosbridge_server/share/rosbridge_server/local_setup.bash
[0.880s] -- Installing: /home/ubuntu/GAZEBO_SIM/ssafy_ws/src/install/rosbridge_server/share/rosbridge_server/local_setup.sh
[0.880s] -- Installing: /home/ubuntu/GAZEBO_SIM/ssafy_ws/src/install/rosbridge_server/share/rosbridge_server/local_setup.zsh
[0.880s] -- Installing: /home/ubuntu/GAZEBO_SIM/ssafy_ws/src/install/rosbridge_server/share/rosbridge_server/local_setup.dsv
[0.880s] -- Installing: /home/ubuntu/GAZEBO_SIM/ssafy_ws/src/install/rosbridge_server/share/rosbridge_server/package.dsv
[0.881s] -- Installing: /home/ubuntu/GAZEBO_SIM/ssafy_ws/src/install/rosbridge_server/share/ament_index/resource_index/packages/rosbridge_server
[0.881s] -- Installing: /home/ubuntu/GAZEBO_SIM/ssafy_ws/src/install/rosbridge_server/share/rosbridge_server/cmake/rosbridge_serverConfig.cmake
[0.881s] -- Installing: /home/ubuntu/GAZEBO_SIM/ssafy_ws/src/install/rosbridge_server/share/rosbridge_server/cmake/rosbridge_serverConfig-version.cmake
[0.881s] -- Installing: /home/ubuntu/GAZEBO_SIM/ssafy_ws/src/install/rosbridge_server/share/rosbridge_server/package.xml
[0.881s] -- Installing: /home/ubuntu/GAZEBO_SIM/ssafy_ws/src/install/rosbridge_server/lib/rosbridge_server/rosbridge_websocket.py
[0.881s] -- Installing: /home/ubuntu/GAZEBO_SIM/ssafy_ws/src/install/rosbridge_server/lib/rosbridge_server/rosbridge_websocket
[0.881s] -- Installing: /home/ubuntu/GAZEBO_SIM/ssafy_ws/src/install/rosbridge_server/share/rosbridge_server/launch/rosbridge_websocket_launch.xml
[0.883s] Invoked command in '/home/ubuntu/GAZEBO_SIM/ssafy_ws/src/build/rosbridge_server' returned '0': CMAKE_PREFIX_PATH=/home/ubuntu/GAZEBO_SIM/ssafy_ws/src/install/rosapi:/home/ubuntu/GAZEBO_SIM/ssafy_ws/src/install/rosbridge_library:/home/ubuntu/GAZEBO_SIM/ssafy_ws/src/install/rosbridge_test_msgs:/home/ubuntu/GAZEBO_SIM/ssafy_ws/src/install/rosbridge_msgs:/home/ubuntu/GAZEBO_SIM/ssafy_ws/src/install/rosapi_msgs:/home/ubuntu/GAZEBO_SIM/ssafy_ws/src/install/velodyne_simulator:/home/ubuntu/GAZEBO_SIM/ssafy_ws/src/install/velodyne_gazebo_plugins:/home/ubuntu/GAZEBO_SIM/ssafy_ws/src/install/turtlebot3_simulations:/home/ubuntu/GAZEBO_SIM/ssafy_ws/src/install/turtlebot3_gazebo:/home/ubuntu/GAZEBO_SIM/ssafy_ws/src/install/velodyne_description:/home/ubuntu/GAZEBO_SIM/ssafy_ws/src/install/turtlebot3_description:/home/ubuntu/GAZEBO_SIM/ssafy_ws/src/install/rosbridge_suite:/home/ubuntu/GAZEBO_SIM/ssafy_ws/src/install/rosbridge_server:/home/ubuntu/GAZEBO_SIM/ssafy_ws/install/velodyne_simulator:/home/ubuntu/GAZEBO_SIM/ssafy_ws/install/velodyne_gazebo_plugins:/home/ubuntu/GAZEBO_SIM/ssafy_ws/install/turtlebot3_simulations:/home/ubuntu/GAZEBO_SIM/ssafy_ws/install/turtlebot3_gazebo:/home/ubuntu/GAZEBO_SIM/ssafy_ws/install/velodyne_description:/home/ubuntu/GAZEBO_SIM/ssafy_ws/install/turtlebot3_description:/home/ubuntu/GAZEBO_SIM/ssafy_ws/src/install/teleop_twist_keyboard:/home/ubuntu/GAZEBO_SIM/ssafy_ws/install/teleop_twist_keyboard:/opt/ros/humble LD_LIBRARY_PATH=/home/ubuntu/GAZEBO_SIM/ssafy_ws/src/install/rosbridge_test_msgs/lib:/home/ubuntu/GAZEBO_SIM/ssafy_ws/src/install/rosbridge_msgs/lib:/home/ubuntu/GAZEBO_SIM/ssafy_ws/src/install/rosapi_msgs/lib:/home/ubuntu/GAZEBO_SIM/ssafy_ws/src/install/velodyne_gazebo_plugins/lib:/home/ubuntu/GAZEBO_SIM/ssafy_ws/install/velodyne_gazebo_plugins/lib:/usr/lib/x86_64-linux-gnu/gazebo-11/plugins:/opt/ros/humble/opt/rviz_ogre_vendor/lib:/opt/ros/humble/lib/x86_64-linux-gnu:/opt/ros/humble/lib /usr/bin/cmake --install /home/ubuntu/GAZEBO_SIM/ssafy_ws/src/build/rosbridge_server
