[0.037s] Invoking command in '/home/ubuntu/S12P11C101/SIMULATE/GAZEBO_SIM/ssafy_ws/build/robot_custom_interfaces': CMAKE_PREFIX_PATH=${CMAKE_PREFIX_PATH}:/home/ubuntu/S12P11C101/SIMULATE/GAZEBO_SIM/ssafy_ws/install/teleop_twist_keyboard:/opt/ros/humble /usr/bin/cmake --build /home/ubuntu/S12P11C101/SIMULATE/GAZEBO_SIM/ssafy_ws/build/robot_custom_interfaces -- -j12 -l12
[0.116s] [  3%] Built target robot_custom_interfaces__cpp
[0.125s] [ 12%] Built target robot_custom_interfaces__rosidl_generator_c
[0.143s] [ 12%] Built target ament_cmake_python_copy_robot_custom_interfaces
[0.208s] [ 22%] Built target robot_custom_interfaces__rosidl_typesupport_fastrtps_c
[0.210s] [ 32%] Built target robot_custom_interfaces__rosidl_typesupport_cpp
[0.212s] [ 41%] Built target robot_custom_interfaces__rosidl_typesupport_introspection_cpp
[0.212s] [ 51%] Built target robot_custom_interfaces__rosidl_typesupport_fastrtps_cpp
[0.213s] [ 61%] Built target robot_custom_interfaces__rosidl_typesupport_c
[0.229s] [ 70%] Built target robot_custom_interfaces__rosidl_typesupport_introspection_c
[0.268s] [ 70%] Built target robot_custom_interfaces
[0.299s] [ 74%] Built target robot_custom_interfaces__py
[0.348s] [ 80%] Built target robot_custom_interfaces__rosidl_generator_py
[0.414s] [ 87%] Built target robot_custom_interfaces__rosidl_typesupport_introspection_c__pyext
[0.416s] [ 93%] Built target robot_custom_interfaces__rosidl_typesupport_c__pyext
[0.427s] [100%] Built target robot_custom_interfaces__rosidl_typesupport_fastrtps_c__pyext
[0.649s] running egg_info
[0.650s] writing robot_custom_interfaces.egg-info/PKG-INFO
[0.653s] writing dependency_links to robot_custom_interfaces.egg-info/dependency_links.txt
[0.653s] writing top-level names to robot_custom_interfaces.egg-info/top_level.txt
[0.655s] reading manifest file 'robot_custom_interfaces.egg-info/SOURCES.txt'
[0.655s] writing manifest file 'robot_custom_interfaces.egg-info/SOURCES.txt'
[0.694s] [100%] Built target ament_cmake_python_build_robot_custom_interfaces_egg
[0.716s] Invoked command in '/home/ubuntu/S12P11C101/SIMULATE/GAZEBO_SIM/ssafy_ws/build/robot_custom_interfaces' returned '0': CMAKE_PREFIX_PATH=${CMAKE_PREFIX_PATH}:/home/ubuntu/S12P11C101/SIMULATE/GAZEBO_SIM/ssafy_ws/install/teleop_twist_keyboard:/opt/ros/humble /usr/bin/cmake --build /home/ubuntu/S12P11C101/SIMULATE/GAZEBO_SIM/ssafy_ws/build/robot_custom_interfaces -- -j12 -l12
[0.718s] Invoking command in '/home/ubuntu/S12P11C101/SIMULATE/GAZEBO_SIM/ssafy_ws/build/robot_custom_interfaces': CMAKE_PREFIX_PATH=${CMAKE_PREFIX_PATH}:/home/ubuntu/S12P11C101/SIMULATE/GAZEBO_SIM/ssafy_ws/install/teleop_twist_keyboard:/opt/ros/humble /usr/bin/cmake --install /home/ubuntu/S12P11C101/SIMULATE/GAZEBO_SIM/ssafy_ws/build/robot_custom_interfaces
[0.778s] -- Install configuration: ""
[0.782s] -- Up-to-date: /home/ubuntu/S12P11C101/SIMULATE/GAZEBO_SIM/ssafy_ws/install/robot_custom_interfaces/share/ament_index/resource_index/rosidl_interfaces/robot_custom_interfaces
[0.782s] -- Up-to-date: /home/ubuntu/S12P11C101/SIMULATE/GAZEBO_SIM/ssafy_ws/install/robot_custom_interfaces/include/robot_custom_interfaces/robot_custom_interfaces
[0.783s] -- Up-to-date: /home/ubuntu/S12P11C101/SIMULATE/GAZEBO_SIM/ssafy_ws/install/robot_custom_interfaces/include/robot_custom_interfaces/robot_custom_interfaces/msg
[0.787s] -- Up-to-date: /home/ubuntu/S12P11C101/SIMULATE/GAZEBO_SIM/ssafy_ws/install/robot_custom_interfaces/include/robot_custom_interfaces/robot_custom_interfaces/msg/rosidl_generator_c__visibility_control.h
[0.787s] -- Up-to-date: /home/ubuntu/S12P11C101/SIMULATE/GAZEBO_SIM/ssafy_ws/install/robot_custom_interfaces/include/robot_custom_interfaces/robot_custom_interfaces/msg/detail
[0.787s] -- Up-to-date: /home/ubuntu/S12P11C101/SIMULATE/GAZEBO_SIM/ssafy_ws/install/robot_custom_interfaces/include/robot_custom_interfaces/robot_custom_interfaces/msg/detail/status__functions.c
[0.787s] -- Up-to-date: /home/ubuntu/S12P11C101/SIMULATE/GAZEBO_SIM/ssafy_ws/install/robot_custom_interfaces/include/robot_custom_interfaces/robot_custom_interfaces/msg/detail/status__type_support.h
[0.787s] -- Up-to-date: /home/ubuntu/S12P11C101/SIMULATE/GAZEBO_SIM/ssafy_ws/install/robot_custom_interfaces/include/robot_custom_interfaces/robot_custom_interfaces/msg/detail/status__struct.h
[0.788s] -- Up-to-date: /home/ubuntu/S12P11C101/SIMULATE/GAZEBO_SIM/ssafy_ws/install/robot_custom_interfaces/include/robot_custom_interfaces/robot_custom_interfaces/msg/detail/status__functions.h
[0.788s] -- Up-to-date: /home/ubuntu/S12P11C101/SIMULATE/GAZEBO_SIM/ssafy_ws/install/robot_custom_interfaces/include/robot_custom_interfaces/robot_custom_interfaces/msg/status.h
[0.794s] -- Up-to-date: /home/ubuntu/S12P11C101/SIMULATE/GAZEBO_SIM/ssafy_ws/install/robot_custom_interfaces/share/robot_custom_interfaces/environment/library_path.sh
[0.794s] -- Up-to-date: /home/ubuntu/S12P11C101/SIMULATE/GAZEBO_SIM/ssafy_ws/install/robot_custom_interfaces/share/robot_custom_interfaces/environment/library_path.dsv
[0.794s] -- Up-to-date: /home/ubuntu/S12P11C101/SIMULATE/GAZEBO_SIM/ssafy_ws/install/robot_custom_interfaces/lib/librobot_custom_interfaces__rosidl_generator_c.so
[0.794s] -- Up-to-date: /home/ubuntu/S12P11C101/SIMULATE/GAZEBO_SIM/ssafy_ws/install/robot_custom_interfaces/include/robot_custom_interfaces/robot_custom_interfaces
[0.794s] -- Up-to-date: /home/ubuntu/S12P11C101/SIMULATE/GAZEBO_SIM/ssafy_ws/install/robot_custom_interfaces/include/robot_custom_interfaces/robot_custom_interfaces/msg
[0.794s] -- Up-to-date: /home/ubuntu/S12P11C101/SIMULATE/GAZEBO_SIM/ssafy_ws/install/robot_custom_interfaces/include/robot_custom_interfaces/robot_custom_interfaces/msg/detail
[0.794s] -- Up-to-date: /home/ubuntu/S12P11C101/SIMULATE/GAZEBO_SIM/ssafy_ws/install/robot_custom_interfaces/include/robot_custom_interfaces/robot_custom_interfaces/msg/detail/status__rosidl_typesupport_fastrtps_c.h
[0.795s] -- Up-to-date: /home/ubuntu/S12P11C101/SIMULATE/GAZEBO_SIM/ssafy_ws/install/robot_custom_interfaces/include/robot_custom_interfaces/robot_custom_interfaces/msg/rosidl_typesupport_fastrtps_c__visibility_control.h
[0.795s] -- Up-to-date: /home/ubuntu/S12P11C101/SIMULATE/GAZEBO_SIM/ssafy_ws/install/robot_custom_interfaces/lib/librobot_custom_interfaces__rosidl_typesupport_fastrtps_c.so
[0.795s] -- Up-to-date: /home/ubuntu/S12P11C101/SIMULATE/GAZEBO_SIM/ssafy_ws/install/robot_custom_interfaces/include/robot_custom_interfaces/robot_custom_interfaces
[0.795s] -- Up-to-date: /home/ubuntu/S12P11C101/SIMULATE/GAZEBO_SIM/ssafy_ws/install/robot_custom_interfaces/include/robot_custom_interfaces/robot_custom_interfaces/msg
[0.795s] -- Up-to-date: /home/ubuntu/S12P11C101/SIMULATE/GAZEBO_SIM/ssafy_ws/install/robot_custom_interfaces/include/robot_custom_interfaces/robot_custom_interfaces/msg/detail
[0.795s] -- Up-to-date: /home/ubuntu/S12P11C101/SIMULATE/GAZEBO_SIM/ssafy_ws/install/robot_custom_interfaces/include/robot_custom_interfaces/robot_custom_interfaces/msg/detail/status__builder.hpp
[0.795s] -- Up-to-date: /home/ubuntu/S12P11C101/SIMULATE/GAZEBO_SIM/ssafy_ws/install/robot_custom_interfaces/include/robot_custom_interfaces/robot_custom_interfaces/msg/detail/status__traits.hpp
[0.795s] -- Up-to-date: /home/ubuntu/S12P11C101/SIMULATE/GAZEBO_SIM/ssafy_ws/install/robot_custom_interfaces/include/robot_custom_interfaces/robot_custom_interfaces/msg/detail/status__type_support.hpp
[0.795s] -- Up-to-date: /home/ubuntu/S12P11C101/SIMULATE/GAZEBO_SIM/ssafy_ws/install/robot_custom_interfaces/include/robot_custom_interfaces/robot_custom_interfaces/msg/detail/status__struct.hpp
[0.797s] -- Up-to-date: /home/ubuntu/S12P11C101/SIMULATE/GAZEBO_SIM/ssafy_ws/install/robot_custom_interfaces/include/robot_custom_interfaces/robot_custom_interfaces/msg/rosidl_generator_cpp__visibility_control.hpp
[0.797s] -- Up-to-date: /home/ubuntu/S12P11C101/SIMULATE/GAZEBO_SIM/ssafy_ws/install/robot_custom_interfaces/include/robot_custom_interfaces/robot_custom_interfaces/msg/status.hpp
[0.797s] -- Up-to-date: /home/ubuntu/S12P11C101/SIMULATE/GAZEBO_SIM/ssafy_ws/install/robot_custom_interfaces/include/robot_custom_interfaces/robot_custom_interfaces
[0.798s] -- Up-to-date: /home/ubuntu/S12P11C101/SIMULATE/GAZEBO_SIM/ssafy_ws/install/robot_custom_interfaces/include/robot_custom_interfaces/robot_custom_interfaces/msg
[0.798s] -- Up-to-date: /home/ubuntu/S12P11C101/SIMULATE/GAZEBO_SIM/ssafy_ws/install/robot_custom_interfaces/include/robot_custom_interfaces/robot_custom_interfaces/msg/detail
[0.798s] -- Up-to-date: /home/ubuntu/S12P11C101/SIMULATE/GAZEBO_SIM/ssafy_ws/install/robot_custom_interfaces/include/robot_custom_interfaces/robot_custom_interfaces/msg/detail/dds_fastrtps
[0.810s] -- Up-to-date: /home/ubuntu/S12P11C101/SIMULATE/GAZEBO_SIM/ssafy_ws/install/robot_custom_interfaces/include/robot_custom_interfaces/robot_custom_interfaces/msg/detail/status__rosidl_typesupport_fastrtps_cpp.hpp
[0.810s] -- Up-to-date: /home/ubuntu/S12P11C101/SIMULATE/GAZEBO_SIM/ssafy_ws/install/robot_custom_interfaces/include/robot_custom_interfaces/robot_custom_interfaces/msg/rosidl_typesupport_fastrtps_cpp__visibility_control.h
[0.810s] -- Up-to-date: /home/ubuntu/S12P11C101/SIMULATE/GAZEBO_SIM/ssafy_ws/install/robot_custom_interfaces/lib/librobot_custom_interfaces__rosidl_typesupport_fastrtps_cpp.so
[0.827s] -- Up-to-date: /home/ubuntu/S12P11C101/SIMULATE/GAZEBO_SIM/ssafy_ws/install/robot_custom_interfaces/include/robot_custom_interfaces/robot_custom_interfaces
[0.832s] -- Up-to-date: /home/ubuntu/S12P11C101/SIMULATE/GAZEBO_SIM/ssafy_ws/install/robot_custom_interfaces/include/robot_custom_interfaces/robot_custom_interfaces/msg
[0.833s] -- Up-to-date: /home/ubuntu/S12P11C101/SIMULATE/GAZEBO_SIM/ssafy_ws/install/robot_custom_interfaces/include/robot_custom_interfaces/robot_custom_interfaces/msg/detail
[0.834s] -- Up-to-date: /home/ubuntu/S12P11C101/SIMULATE/GAZEBO_SIM/ssafy_ws/install/robot_custom_interfaces/include/robot_custom_interfaces/robot_custom_interfaces/msg/detail/status__type_support.c
[0.834s] -- Up-to-date: /home/ubuntu/S12P11C101/SIMULATE/GAZEBO_SIM/ssafy_ws/install/robot_custom_interfaces/include/robot_custom_interfaces/robot_custom_interfaces/msg/detail/status__rosidl_typesupport_introspection_c.h
[0.834s] -- Up-to-date: /home/ubuntu/S12P11C101/SIMULATE/GAZEBO_SIM/ssafy_ws/install/robot_custom_interfaces/include/robot_custom_interfaces/robot_custom_interfaces/msg/rosidl_typesupport_introspection_c__visibility_control.h
[0.834s] -- Up-to-date: /home/ubuntu/S12P11C101/SIMULATE/GAZEBO_SIM/ssafy_ws/install/robot_custom_interfaces/lib/librobot_custom_interfaces__rosidl_typesupport_introspection_c.so
[0.837s] -- Up-to-date: /home/ubuntu/S12P11C101/SIMULATE/GAZEBO_SIM/ssafy_ws/install/robot_custom_interfaces/lib/librobot_custom_interfaces__rosidl_typesupport_c.so
[0.837s] -- Up-to-date: /home/ubuntu/S12P11C101/SIMULATE/GAZEBO_SIM/ssafy_ws/install/robot_custom_interfaces/include/robot_custom_interfaces/robot_custom_interfaces
[0.837s] -- Up-to-date: /home/ubuntu/S12P11C101/SIMULATE/GAZEBO_SIM/ssafy_ws/install/robot_custom_interfaces/include/robot_custom_interfaces/robot_custom_interfaces/msg
[0.837s] -- Up-to-date: /home/ubuntu/S12P11C101/SIMULATE/GAZEBO_SIM/ssafy_ws/install/robot_custom_interfaces/include/robot_custom_interfaces/robot_custom_interfaces/msg/detail
[0.837s] -- Up-to-date: /home/ubuntu/S12P11C101/SIMULATE/GAZEBO_SIM/ssafy_ws/install/robot_custom_interfaces/include/robot_custom_interfaces/robot_custom_interfaces/msg/detail/status__rosidl_typesupport_introspection_cpp.hpp
[0.837s] -- Up-to-date: /home/ubuntu/S12P11C101/SIMULATE/GAZEBO_SIM/ssafy_ws/install/robot_custom_interfaces/include/robot_custom_interfaces/robot_custom_interfaces/msg/detail/status__type_support.cpp
[0.838s] -- Up-to-date: /home/ubuntu/S12P11C101/SIMULATE/GAZEBO_SIM/ssafy_ws/install/robot_custom_interfaces/lib/librobot_custom_interfaces__rosidl_typesupport_introspection_cpp.so
[0.841s] -- Up-to-date: /home/ubuntu/S12P11C101/SIMULATE/GAZEBO_SIM/ssafy_ws/install/robot_custom_interfaces/lib/librobot_custom_interfaces__rosidl_typesupport_cpp.so
[0.843s] -- Up-to-date: /home/ubuntu/S12P11C101/SIMULATE/GAZEBO_SIM/ssafy_ws/install/robot_custom_interfaces/share/robot_custom_interfaces/environment/pythonpath.sh
[0.845s] -- Up-to-date: /home/ubuntu/S12P11C101/SIMULATE/GAZEBO_SIM/ssafy_ws/install/robot_custom_interfaces/share/robot_custom_interfaces/environment/pythonpath.dsv
[0.845s] -- Up-to-date: /home/ubuntu/S12P11C101/SIMULATE/GAZEBO_SIM/ssafy_ws/install/robot_custom_interfaces/local/lib/python3.10/dist-packages/robot_custom_interfaces-0.0.0-py3.10.egg-info
[0.845s] -- Installing: /home/ubuntu/S12P11C101/SIMULATE/GAZEBO_SIM/ssafy_ws/install/robot_custom_interfaces/local/lib/python3.10/dist-packages/robot_custom_interfaces-0.0.0-py3.10.egg-info/dependency_links.txt
[0.845s] -- Installing: /home/ubuntu/S12P11C101/SIMULATE/GAZEBO_SIM/ssafy_ws/install/robot_custom_interfaces/local/lib/python3.10/dist-packages/robot_custom_interfaces-0.0.0-py3.10.egg-info/PKG-INFO
[0.851s] -- Installing: /home/ubuntu/S12P11C101/SIMULATE/GAZEBO_SIM/ssafy_ws/install/robot_custom_interfaces/local/lib/python3.10/dist-packages/robot_custom_interfaces-0.0.0-py3.10.egg-info/SOURCES.txt
[0.852s] -- Installing: /home/ubuntu/S12P11C101/SIMULATE/GAZEBO_SIM/ssafy_ws/install/robot_custom_interfaces/local/lib/python3.10/dist-packages/robot_custom_interfaces-0.0.0-py3.10.egg-info/top_level.txt
[0.853s] -- Up-to-date: /home/ubuntu/S12P11C101/SIMULATE/GAZEBO_SIM/ssafy_ws/install/robot_custom_interfaces/local/lib/python3.10/dist-packages/robot_custom_interfaces
[0.853s] -- Up-to-date: /home/ubuntu/S12P11C101/SIMULATE/GAZEBO_SIM/ssafy_ws/install/robot_custom_interfaces/local/lib/python3.10/dist-packages/robot_custom_interfaces/_robot_custom_interfaces_s.ep.rosidl_typesupport_introspection_c.c
[0.853s] -- Up-to-date: /home/ubuntu/S12P11C101/SIMULATE/GAZEBO_SIM/ssafy_ws/install/robot_custom_interfaces/local/lib/python3.10/dist-packages/robot_custom_interfaces/robot_custom_interfaces_s__rosidl_typesupport_fastrtps_c.cpython-310-x86_64-linux-gnu.so
[0.853s] -- Up-to-date: /home/ubuntu/S12P11C101/SIMULATE/GAZEBO_SIM/ssafy_ws/install/robot_custom_interfaces/local/lib/python3.10/dist-packages/robot_custom_interfaces/_robot_custom_interfaces_s.ep.rosidl_typesupport_fastrtps_c.c
[0.854s] -- Up-to-date: /home/ubuntu/S12P11C101/SIMULATE/GAZEBO_SIM/ssafy_ws/install/robot_custom_interfaces/local/lib/python3.10/dist-packages/robot_custom_interfaces/msg
[0.855s] -- Up-to-date: /home/ubuntu/S12P11C101/SIMULATE/GAZEBO_SIM/ssafy_ws/install/robot_custom_interfaces/local/lib/python3.10/dist-packages/robot_custom_interfaces/msg/_status.py
[0.855s] -- Up-to-date: /home/ubuntu/S12P11C101/SIMULATE/GAZEBO_SIM/ssafy_ws/install/robot_custom_interfaces/local/lib/python3.10/dist-packages/robot_custom_interfaces/msg/__init__.py
[0.855s] -- Up-to-date: /home/ubuntu/S12P11C101/SIMULATE/GAZEBO_SIM/ssafy_ws/install/robot_custom_interfaces/local/lib/python3.10/dist-packages/robot_custom_interfaces/msg/_status_s.c
[0.855s] -- Up-to-date: /home/ubuntu/S12P11C101/SIMULATE/GAZEBO_SIM/ssafy_ws/install/robot_custom_interfaces/local/lib/python3.10/dist-packages/robot_custom_interfaces/__init__.py
[0.855s] -- Up-to-date: /home/ubuntu/S12P11C101/SIMULATE/GAZEBO_SIM/ssafy_ws/install/robot_custom_interfaces/local/lib/python3.10/dist-packages/robot_custom_interfaces/robot_custom_interfaces_s__rosidl_typesupport_introspection_c.cpython-310-x86_64-linux-gnu.so
[0.855s] -- Up-to-date: /home/ubuntu/S12P11C101/SIMULATE/GAZEBO_SIM/ssafy_ws/install/robot_custom_interfaces/local/lib/python3.10/dist-packages/robot_custom_interfaces/librobot_custom_interfaces__rosidl_generator_py.so
[0.855s] -- Up-to-date: /home/ubuntu/S12P11C101/SIMULATE/GAZEBO_SIM/ssafy_ws/install/robot_custom_interfaces/local/lib/python3.10/dist-packages/robot_custom_interfaces/_robot_custom_interfaces_s.ep.rosidl_typesupport_c.c
[0.855s] -- Up-to-date: /home/ubuntu/S12P11C101/SIMULATE/GAZEBO_SIM/ssafy_ws/install/robot_custom_interfaces/local/lib/python3.10/dist-packages/robot_custom_interfaces/robot_custom_interfaces_s__rosidl_typesupport_c.cpython-310-x86_64-linux-gnu.so
[0.896s] Listing '/home/ubuntu/S12P11C101/SIMULATE/GAZEBO_SIM/ssafy_ws/install/robot_custom_interfaces/local/lib/python3.10/dist-packages/robot_custom_interfaces'...
[0.896s] Listing '/home/ubuntu/S12P11C101/SIMULATE/GAZEBO_SIM/ssafy_ws/install/robot_custom_interfaces/local/lib/python3.10/dist-packages/robot_custom_interfaces/msg'...
[0.898s] -- Up-to-date: /home/ubuntu/S12P11C101/SIMULATE/GAZEBO_SIM/ssafy_ws/install/robot_custom_interfaces/local/lib/python3.10/dist-packages/robot_custom_interfaces/robot_custom_interfaces_s__rosidl_typesupport_fastrtps_c.cpython-310-x86_64-linux-gnu.so
[0.899s] -- Up-to-date: /home/ubuntu/S12P11C101/SIMULATE/GAZEBO_SIM/ssafy_ws/install/robot_custom_interfaces/local/lib/python3.10/dist-packages/robot_custom_interfaces/robot_custom_interfaces_s__rosidl_typesupport_introspection_c.cpython-310-x86_64-linux-gnu.so
[0.899s] -- Up-to-date: /home/ubuntu/S12P11C101/SIMULATE/GAZEBO_SIM/ssafy_ws/install/robot_custom_interfaces/local/lib/python3.10/dist-packages/robot_custom_interfaces/robot_custom_interfaces_s__rosidl_typesupport_c.cpython-310-x86_64-linux-gnu.so
[0.899s] -- Up-to-date: /home/ubuntu/S12P11C101/SIMULATE/GAZEBO_SIM/ssafy_ws/install/robot_custom_interfaces/lib/librobot_custom_interfaces__rosidl_generator_py.so
[0.899s] -- Up-to-date: /home/ubuntu/S12P11C101/SIMULATE/GAZEBO_SIM/ssafy_ws/install/robot_custom_interfaces/share/robot_custom_interfaces/msg/Status.idl
[0.899s] -- Up-to-date: /home/ubuntu/S12P11C101/SIMULATE/GAZEBO_SIM/ssafy_ws/install/robot_custom_interfaces/share/robot_custom_interfaces/msg/Status.msg
[0.899s] -- Up-to-date: /home/ubuntu/S12P11C101/SIMULATE/GAZEBO_SIM/ssafy_ws/install/robot_custom_interfaces/share/ament_index/resource_index/package_run_dependencies/robot_custom_interfaces
[0.899s] -- Up-to-date: /home/ubuntu/S12P11C101/SIMULATE/GAZEBO_SIM/ssafy_ws/install/robot_custom_interfaces/share/ament_index/resource_index/parent_prefix_path/robot_custom_interfaces
[0.899s] -- Up-to-date: /home/ubuntu/S12P11C101/SIMULATE/GAZEBO_SIM/ssafy_ws/install/robot_custom_interfaces/share/robot_custom_interfaces/environment/ament_prefix_path.sh
[0.899s] -- Up-to-date: /home/ubuntu/S12P11C101/SIMULATE/GAZEBO_SIM/ssafy_ws/install/robot_custom_interfaces/share/robot_custom_interfaces/environment/ament_prefix_path.dsv
[0.899s] -- Up-to-date: /home/ubuntu/S12P11C101/SIMULATE/GAZEBO_SIM/ssafy_ws/install/robot_custom_interfaces/share/robot_custom_interfaces/environment/path.sh
[0.899s] -- Up-to-date: /home/ubuntu/S12P11C101/SIMULATE/GAZEBO_SIM/ssafy_ws/install/robot_custom_interfaces/share/robot_custom_interfaces/environment/path.dsv
[0.900s] -- Up-to-date: /home/ubuntu/S12P11C101/SIMULATE/GAZEBO_SIM/ssafy_ws/install/robot_custom_interfaces/share/robot_custom_interfaces/local_setup.bash
[0.900s] -- Up-to-date: /home/ubuntu/S12P11C101/SIMULATE/GAZEBO_SIM/ssafy_ws/install/robot_custom_interfaces/share/robot_custom_interfaces/local_setup.sh
[0.900s] -- Up-to-date: /home/ubuntu/S12P11C101/SIMULATE/GAZEBO_SIM/ssafy_ws/install/robot_custom_interfaces/share/robot_custom_interfaces/local_setup.zsh
[0.900s] -- Up-to-date: /home/ubuntu/S12P11C101/SIMULATE/GAZEBO_SIM/ssafy_ws/install/robot_custom_interfaces/share/robot_custom_interfaces/local_setup.dsv
[0.900s] -- Installing: /home/ubuntu/S12P11C101/SIMULATE/GAZEBO_SIM/ssafy_ws/install/robot_custom_interfaces/share/robot_custom_interfaces/package.dsv
[0.900s] -- Up-to-date: /home/ubuntu/S12P11C101/SIMULATE/GAZEBO_SIM/ssafy_ws/install/robot_custom_interfaces/share/ament_index/resource_index/packages/robot_custom_interfaces
[0.900s] -- Up-to-date: /home/ubuntu/S12P11C101/SIMULATE/GAZEBO_SIM/ssafy_ws/install/robot_custom_interfaces/share/robot_custom_interfaces/cmake/export_robot_custom_interfaces__rosidl_generator_cExport.cmake
[0.900s] -- Up-to-date: /home/ubuntu/S12P11C101/SIMULATE/GAZEBO_SIM/ssafy_ws/install/robot_custom_interfaces/share/robot_custom_interfaces/cmake/export_robot_custom_interfaces__rosidl_generator_cExport-noconfig.cmake
[0.900s] -- Up-to-date: /home/ubuntu/S12P11C101/SIMULATE/GAZEBO_SIM/ssafy_ws/install/robot_custom_interfaces/share/robot_custom_interfaces/cmake/export_robot_custom_interfaces__rosidl_typesupport_fastrtps_cExport.cmake
[0.900s] -- Up-to-date: /home/ubuntu/S12P11C101/SIMULATE/GAZEBO_SIM/ssafy_ws/install/robot_custom_interfaces/share/robot_custom_interfaces/cmake/export_robot_custom_interfaces__rosidl_typesupport_fastrtps_cExport-noconfig.cmake
[0.900s] -- Up-to-date: /home/ubuntu/S12P11C101/SIMULATE/GAZEBO_SIM/ssafy_ws/install/robot_custom_interfaces/share/robot_custom_interfaces/cmake/export_robot_custom_interfaces__rosidl_generator_cppExport.cmake
[0.900s] -- Up-to-date: /home/ubuntu/S12P11C101/SIMULATE/GAZEBO_SIM/ssafy_ws/install/robot_custom_interfaces/share/robot_custom_interfaces/cmake/export_robot_custom_interfaces__rosidl_typesupport_fastrtps_cppExport.cmake
[0.900s] -- Up-to-date: /home/ubuntu/S12P11C101/SIMULATE/GAZEBO_SIM/ssafy_ws/install/robot_custom_interfaces/share/robot_custom_interfaces/cmake/export_robot_custom_interfaces__rosidl_typesupport_fastrtps_cppExport-noconfig.cmake
[0.900s] -- Up-to-date: /home/ubuntu/S12P11C101/SIMULATE/GAZEBO_SIM/ssafy_ws/install/robot_custom_interfaces/share/robot_custom_interfaces/cmake/robot_custom_interfaces__rosidl_typesupport_introspection_cExport.cmake
[0.900s] -- Up-to-date: /home/ubuntu/S12P11C101/SIMULATE/GAZEBO_SIM/ssafy_ws/install/robot_custom_interfaces/share/robot_custom_interfaces/cmake/robot_custom_interfaces__rosidl_typesupport_introspection_cExport-noconfig.cmake
[0.900s] -- Up-to-date: /home/ubuntu/S12P11C101/SIMULATE/GAZEBO_SIM/ssafy_ws/install/robot_custom_interfaces/share/robot_custom_interfaces/cmake/robot_custom_interfaces__rosidl_typesupport_cExport.cmake
[0.901s] -- Up-to-date: /home/ubuntu/S12P11C101/SIMULATE/GAZEBO_SIM/ssafy_ws/install/robot_custom_interfaces/share/robot_custom_interfaces/cmake/robot_custom_interfaces__rosidl_typesupport_cExport-noconfig.cmake
[0.901s] -- Up-to-date: /home/ubuntu/S12P11C101/SIMULATE/GAZEBO_SIM/ssafy_ws/install/robot_custom_interfaces/share/robot_custom_interfaces/cmake/robot_custom_interfaces__rosidl_typesupport_introspection_cppExport.cmake
[0.901s] -- Up-to-date: /home/ubuntu/S12P11C101/SIMULATE/GAZEBO_SIM/ssafy_ws/install/robot_custom_interfaces/share/robot_custom_interfaces/cmake/robot_custom_interfaces__rosidl_typesupport_introspection_cppExport-noconfig.cmake
[0.901s] -- Up-to-date: /home/ubuntu/S12P11C101/SIMULATE/GAZEBO_SIM/ssafy_ws/install/robot_custom_interfaces/share/robot_custom_interfaces/cmake/robot_custom_interfaces__rosidl_typesupport_cppExport.cmake
[0.901s] -- Up-to-date: /home/ubuntu/S12P11C101/SIMULATE/GAZEBO_SIM/ssafy_ws/install/robot_custom_interfaces/share/robot_custom_interfaces/cmake/robot_custom_interfaces__rosidl_typesupport_cppExport-noconfig.cmake
[0.901s] -- Up-to-date: /home/ubuntu/S12P11C101/SIMULATE/GAZEBO_SIM/ssafy_ws/install/robot_custom_interfaces/share/robot_custom_interfaces/cmake/export_robot_custom_interfaces__rosidl_generator_pyExport.cmake
[0.901s] -- Up-to-date: /home/ubuntu/S12P11C101/SIMULATE/GAZEBO_SIM/ssafy_ws/install/robot_custom_interfaces/share/robot_custom_interfaces/cmake/export_robot_custom_interfaces__rosidl_generator_pyExport-noconfig.cmake
[0.901s] -- Up-to-date: /home/ubuntu/S12P11C101/SIMULATE/GAZEBO_SIM/ssafy_ws/install/robot_custom_interfaces/share/robot_custom_interfaces/cmake/rosidl_cmake-extras.cmake
[0.901s] -- Up-to-date: /home/ubuntu/S12P11C101/SIMULATE/GAZEBO_SIM/ssafy_ws/install/robot_custom_interfaces/share/robot_custom_interfaces/cmake/ament_cmake_export_dependencies-extras.cmake
[0.901s] -- Up-to-date: /home/ubuntu/S12P11C101/SIMULATE/GAZEBO_SIM/ssafy_ws/install/robot_custom_interfaces/share/robot_custom_interfaces/cmake/ament_cmake_export_include_directories-extras.cmake
[0.901s] -- Up-to-date: /home/ubuntu/S12P11C101/SIMULATE/GAZEBO_SIM/ssafy_ws/install/robot_custom_interfaces/share/robot_custom_interfaces/cmake/ament_cmake_export_libraries-extras.cmake
[0.901s] -- Up-to-date: /home/ubuntu/S12P11C101/SIMULATE/GAZEBO_SIM/ssafy_ws/install/robot_custom_interfaces/share/robot_custom_interfaces/cmake/ament_cmake_export_targets-extras.cmake
[0.901s] -- Up-to-date: /home/ubuntu/S12P11C101/SIMULATE/GAZEBO_SIM/ssafy_ws/install/robot_custom_interfaces/share/robot_custom_interfaces/cmake/rosidl_cmake_export_typesupport_targets-extras.cmake
[0.902s] -- Up-to-date: /home/ubuntu/S12P11C101/SIMULATE/GAZEBO_SIM/ssafy_ws/install/robot_custom_interfaces/share/robot_custom_interfaces/cmake/rosidl_cmake_export_typesupport_libraries-extras.cmake
[0.902s] -- Up-to-date: /home/ubuntu/S12P11C101/SIMULATE/GAZEBO_SIM/ssafy_ws/install/robot_custom_interfaces/share/robot_custom_interfaces/cmake/robot_custom_interfacesConfig.cmake
[0.902s] -- Up-to-date: /home/ubuntu/S12P11C101/SIMULATE/GAZEBO_SIM/ssafy_ws/install/robot_custom_interfaces/share/robot_custom_interfaces/cmake/robot_custom_interfacesConfig-version.cmake
[0.902s] -- Up-to-date: /home/ubuntu/S12P11C101/SIMULATE/GAZEBO_SIM/ssafy_ws/install/robot_custom_interfaces/share/robot_custom_interfaces/package.xml
[0.932s] Invoked command in '/home/ubuntu/S12P11C101/SIMULATE/GAZEBO_SIM/ssafy_ws/build/robot_custom_interfaces' returned '0': CMAKE_PREFIX_PATH=${CMAKE_PREFIX_PATH}:/home/ubuntu/S12P11C101/SIMULATE/GAZEBO_SIM/ssafy_ws/install/teleop_twist_keyboard:/opt/ros/humble /usr/bin/cmake --install /home/ubuntu/S12P11C101/SIMULATE/GAZEBO_SIM/ssafy_ws/build/robot_custom_interfaces
