[0.036s] Invoking command in '/home/ubuntu/S12P11C101/SIMULATE/GAZEBO_SIM/ssafy_ws/build/robot_custom_interfaces': CMAKE_PREFIX_PATH=${CMAKE_PREFIX_PATH}:/home/ubuntu/S12P11C101/SIMULATE/GAZEBO_SIM/ssafy_ws/install/teleop_twist_keyboard:/home/ubuntu/S12P11C101/SIMULATE/GAZEBO_SIM/ssafy_ws/install/rosbridge_library:/opt/ros/humble /usr/bin/cmake --build /home/ubuntu/S12P11C101/SIMULATE/GAZEBO_SIM/ssafy_ws/build/robot_custom_interfaces -- -j12 -l12
[0.101s] [  3%] Built target robot_custom_interfaces__cpp
[0.123s] [ 12%] Built target robot_custom_interfaces__rosidl_generator_c
[0.139s] [ 12%] Built target ament_cmake_python_copy_robot_custom_interfaces
[0.173s] [ 22%] Built target robot_custom_interfaces__rosidl_typesupport_introspection_cpp
[0.177s] [ 32%] Built target robot_custom_interfaces__rosidl_typesupport_cpp
[0.204s] [ 41%] Built target robot_custom_interfaces__rosidl_typesupport_fastrtps_cpp
[0.210s] [ 51%] Built target robot_custom_interfaces__rosidl_typesupport_introspection_c
[0.212s] [ 61%] Built target robot_custom_interfaces__rosidl_typesupport_fastrtps_c
[0.222s] [ 70%] Built target robot_custom_interfaces__rosidl_typesupport_c
[0.253s] [ 70%] Built target robot_custom_interfaces
[0.276s] [ 74%] Built target robot_custom_interfaces__py
[0.306s] [ 80%] Built target robot_custom_interfaces__rosidl_generator_py
[0.347s] [ 87%] Built target robot_custom_interfaces__rosidl_typesupport_introspection_c__pyext
[0.350s] [ 93%] Built target robot_custom_interfaces__rosidl_typesupport_fastrtps_c__pyext
[0.353s] [100%] Built target robot_custom_interfaces__rosidl_typesupport_c__pyext
[0.571s] running egg_info
[0.573s] writing robot_custom_interfaces.egg-info/PKG-INFO
[0.573s] writing dependency_links to robot_custom_interfaces.egg-info/dependency_links.txt
[0.573s] writing top-level names to robot_custom_interfaces.egg-info/top_level.txt
[0.577s] reading manifest file 'robot_custom_interfaces.egg-info/SOURCES.txt'
[0.577s] writing manifest file 'robot_custom_interfaces.egg-info/SOURCES.txt'
[0.615s] [100%] Built target ament_cmake_python_build_robot_custom_interfaces_egg
[0.645s] Invoked command in '/home/ubuntu/S12P11C101/SIMULATE/GAZEBO_SIM/ssafy_ws/build/robot_custom_interfaces' returned '0': CMAKE_PREFIX_PATH=${CMAKE_PREFIX_PATH}:/home/ubuntu/S12P11C101/SIMULATE/GAZEBO_SIM/ssafy_ws/install/teleop_twist_keyboard:/home/ubuntu/S12P11C101/SIMULATE/GAZEBO_SIM/ssafy_ws/install/rosbridge_library:/opt/ros/humble /usr/bin/cmake --build /home/ubuntu/S12P11C101/SIMULATE/GAZEBO_SIM/ssafy_ws/build/robot_custom_interfaces -- -j12 -l12
[0.648s] Invoking command in '/home/ubuntu/S12P11C101/SIMULATE/GAZEBO_SIM/ssafy_ws/build/robot_custom_interfaces': CMAKE_PREFIX_PATH=${CMAKE_PREFIX_PATH}:/home/ubuntu/S12P11C101/SIMULATE/GAZEBO_SIM/ssafy_ws/install/teleop_twist_keyboard:/home/ubuntu/S12P11C101/SIMULATE/GAZEBO_SIM/ssafy_ws/install/rosbridge_library:/opt/ros/humble /usr/bin/cmake --install /home/ubuntu/S12P11C101/SIMULATE/GAZEBO_SIM/ssafy_ws/build/robot_custom_interfaces
[0.657s] -- Install configuration: ""
[0.658s] -- Up-to-date: /home/ubuntu/S12P11C101/SIMULATE/GAZEBO_SIM/ssafy_ws/install/robot_custom_interfaces/share/ament_index/resource_index/rosidl_interfaces/robot_custom_interfaces
[0.658s] -- Up-to-date: /home/ubuntu/S12P11C101/SIMULATE/GAZEBO_SIM/ssafy_ws/install/robot_custom_interfaces/include/robot_custom_interfaces/robot_custom_interfaces
[0.658s] -- Up-to-date: /home/ubuntu/S12P11C101/SIMULATE/GAZEBO_SIM/ssafy_ws/install/robot_custom_interfaces/include/robot_custom_interfaces/robot_custom_interfaces/msg
[0.658s] -- Up-to-date: /home/ubuntu/S12P11C101/SIMULATE/GAZEBO_SIM/ssafy_ws/install/robot_custom_interfaces/include/robot_custom_interfaces/robot_custom_interfaces/msg/rosidl_generator_c__visibility_control.h
[0.659s] -- Up-to-date: /home/ubuntu/S12P11C101/SIMULATE/GAZEBO_SIM/ssafy_ws/install/robot_custom_interfaces/include/robot_custom_interfaces/robot_custom_interfaces/msg/detail
[0.659s] -- Up-to-date: /home/ubuntu/S12P11C101/SIMULATE/GAZEBO_SIM/ssafy_ws/install/robot_custom_interfaces/include/robot_custom_interfaces/robot_custom_interfaces/msg/detail/status__functions.c
[0.659s] -- Up-to-date: /home/ubuntu/S12P11C101/SIMULATE/GAZEBO_SIM/ssafy_ws/install/robot_custom_interfaces/include/robot_custom_interfaces/robot_custom_interfaces/msg/detail/status__type_support.h
[0.660s] -- Up-to-date: /home/ubuntu/S12P11C101/SIMULATE/GAZEBO_SIM/ssafy_ws/install/robot_custom_interfaces/include/robot_custom_interfaces/robot_custom_interfaces/msg/detail/status__struct.h
[0.660s] -- Up-to-date: /home/ubuntu/S12P11C101/SIMULATE/GAZEBO_SIM/ssafy_ws/install/robot_custom_interfaces/include/robot_custom_interfaces/robot_custom_interfaces/msg/detail/status__functions.h
[0.660s] -- Up-to-date: /home/ubuntu/S12P11C101/SIMULATE/GAZEBO_SIM/ssafy_ws/install/robot_custom_interfaces/include/robot_custom_interfaces/robot_custom_interfaces/msg/status.h
[0.660s] -- Up-to-date: /home/ubuntu/S12P11C101/SIMULATE/GAZEBO_SIM/ssafy_ws/install/robot_custom_interfaces/share/robot_custom_interfaces/environment/library_path.sh
[0.660s] -- Up-to-date: /home/ubuntu/S12P11C101/SIMULATE/GAZEBO_SIM/ssafy_ws/install/robot_custom_interfaces/share/robot_custom_interfaces/environment/library_path.dsv
[0.661s] -- Up-to-date: /home/ubuntu/S12P11C101/SIMULATE/GAZEBO_SIM/ssafy_ws/install/robot_custom_interfaces/lib/librobot_custom_interfaces__rosidl_generator_c.so
[0.661s] -- Up-to-date: /home/ubuntu/S12P11C101/SIMULATE/GAZEBO_SIM/ssafy_ws/install/robot_custom_interfaces/include/robot_custom_interfaces/robot_custom_interfaces
[0.661s] -- Up-to-date: /home/ubuntu/S12P11C101/SIMULATE/GAZEBO_SIM/ssafy_ws/install/robot_custom_interfaces/include/robot_custom_interfaces/robot_custom_interfaces/msg
[0.661s] -- Up-to-date: /home/ubuntu/S12P11C101/SIMULATE/GAZEBO_SIM/ssafy_ws/install/robot_custom_interfaces/include/robot_custom_interfaces/robot_custom_interfaces/msg/detail
[0.661s] -- Up-to-date: /home/ubuntu/S12P11C101/SIMULATE/GAZEBO_SIM/ssafy_ws/install/robot_custom_interfaces/include/robot_custom_interfaces/robot_custom_interfaces/msg/detail/status__rosidl_typesupport_fastrtps_c.h
[0.661s] -- Up-to-date: /home/ubuntu/S12P11C101/SIMULATE/GAZEBO_SIM/ssafy_ws/install/robot_custom_interfaces/include/robot_custom_interfaces/robot_custom_interfaces/msg/rosidl_typesupport_fastrtps_c__visibility_control.h
[0.662s] -- Up-to-date: /home/ubuntu/S12P11C101/SIMULATE/GAZEBO_SIM/ssafy_ws/install/robot_custom_interfaces/lib/librobot_custom_interfaces__rosidl_typesupport_fastrtps_c.so
[0.662s] -- Up-to-date: /home/ubuntu/S12P11C101/SIMULATE/GAZEBO_SIM/ssafy_ws/install/robot_custom_interfaces/include/robot_custom_interfaces/robot_custom_interfaces
[0.662s] -- Up-to-date: /home/ubuntu/S12P11C101/SIMULATE/GAZEBO_SIM/ssafy_ws/install/robot_custom_interfaces/include/robot_custom_interfaces/robot_custom_interfaces/msg
[0.662s] -- Up-to-date: /home/ubuntu/S12P11C101/SIMULATE/GAZEBO_SIM/ssafy_ws/install/robot_custom_interfaces/include/robot_custom_interfaces/robot_custom_interfaces/msg/detail
[0.662s] -- Up-to-date: /home/ubuntu/S12P11C101/SIMULATE/GAZEBO_SIM/ssafy_ws/install/robot_custom_interfaces/include/robot_custom_interfaces/robot_custom_interfaces/msg/detail/status__builder.hpp
[0.662s] -- Up-to-date: /home/ubuntu/S12P11C101/SIMULATE/GAZEBO_SIM/ssafy_ws/install/robot_custom_interfaces/include/robot_custom_interfaces/robot_custom_interfaces/msg/detail/status__traits.hpp
[0.662s] -- Up-to-date: /home/ubuntu/S12P11C101/SIMULATE/GAZEBO_SIM/ssafy_ws/install/robot_custom_interfaces/include/robot_custom_interfaces/robot_custom_interfaces/msg/detail/status__type_support.hpp
[0.662s] -- Up-to-date: /home/ubuntu/S12P11C101/SIMULATE/GAZEBO_SIM/ssafy_ws/install/robot_custom_interfaces/include/robot_custom_interfaces/robot_custom_interfaces/msg/detail/status__struct.hpp
[0.662s] -- Up-to-date: /home/ubuntu/S12P11C101/SIMULATE/GAZEBO_SIM/ssafy_ws/install/robot_custom_interfaces/include/robot_custom_interfaces/robot_custom_interfaces/msg/rosidl_generator_cpp__visibility_control.hpp
[0.662s] -- Up-to-date: /home/ubuntu/S12P11C101/SIMULATE/GAZEBO_SIM/ssafy_ws/install/robot_custom_interfaces/include/robot_custom_interfaces/robot_custom_interfaces/msg/status.hpp
[0.663s] -- Up-to-date: /home/ubuntu/S12P11C101/SIMULATE/GAZEBO_SIM/ssafy_ws/install/robot_custom_interfaces/include/robot_custom_interfaces/robot_custom_interfaces
[0.663s] -- Up-to-date: /home/ubuntu/S12P11C101/SIMULATE/GAZEBO_SIM/ssafy_ws/install/robot_custom_interfaces/include/robot_custom_interfaces/robot_custom_interfaces/msg
[0.663s] -- Up-to-date: /home/ubuntu/S12P11C101/SIMULATE/GAZEBO_SIM/ssafy_ws/install/robot_custom_interfaces/include/robot_custom_interfaces/robot_custom_interfaces/msg/detail
[0.663s] -- Up-to-date: /home/ubuntu/S12P11C101/SIMULATE/GAZEBO_SIM/ssafy_ws/install/robot_custom_interfaces/include/robot_custom_interfaces/robot_custom_interfaces/msg/detail/dds_fastrtps
[0.663s] -- Up-to-date: /home/ubuntu/S12P11C101/SIMULATE/GAZEBO_SIM/ssafy_ws/install/robot_custom_interfaces/include/robot_custom_interfaces/robot_custom_interfaces/msg/detail/status__rosidl_typesupport_fastrtps_cpp.hpp
[0.663s] -- Up-to-date: /home/ubuntu/S12P11C101/SIMULATE/GAZEBO_SIM/ssafy_ws/install/robot_custom_interfaces/include/robot_custom_interfaces/robot_custom_interfaces/msg/rosidl_typesupport_fastrtps_cpp__visibility_control.h
[0.663s] -- Up-to-date: /home/ubuntu/S12P11C101/SIMULATE/GAZEBO_SIM/ssafy_ws/install/robot_custom_interfaces/lib/librobot_custom_interfaces__rosidl_typesupport_fastrtps_cpp.so
[0.663s] -- Up-to-date: /home/ubuntu/S12P11C101/SIMULATE/GAZEBO_SIM/ssafy_ws/install/robot_custom_interfaces/include/robot_custom_interfaces/robot_custom_interfaces
[0.663s] -- Up-to-date: /home/ubuntu/S12P11C101/SIMULATE/GAZEBO_SIM/ssafy_ws/install/robot_custom_interfaces/include/robot_custom_interfaces/robot_custom_interfaces/msg
[0.663s] -- Up-to-date: /home/ubuntu/S12P11C101/SIMULATE/GAZEBO_SIM/ssafy_ws/install/robot_custom_interfaces/include/robot_custom_interfaces/robot_custom_interfaces/msg/detail
[0.664s] -- Up-to-date: /home/ubuntu/S12P11C101/SIMULATE/GAZEBO_SIM/ssafy_ws/install/robot_custom_interfaces/include/robot_custom_interfaces/robot_custom_interfaces/msg/detail/status__type_support.c
[0.664s] -- Up-to-date: /home/ubuntu/S12P11C101/SIMULATE/GAZEBO_SIM/ssafy_ws/install/robot_custom_interfaces/include/robot_custom_interfaces/robot_custom_interfaces/msg/detail/status__rosidl_typesupport_introspection_c.h
[0.664s] -- Up-to-date: /home/ubuntu/S12P11C101/SIMULATE/GAZEBO_SIM/ssafy_ws/install/robot_custom_interfaces/include/robot_custom_interfaces/robot_custom_interfaces/msg/rosidl_typesupport_introspection_c__visibility_control.h
[0.667s] -- Up-to-date: /home/ubuntu/S12P11C101/SIMULATE/GAZEBO_SIM/ssafy_ws/install/robot_custom_interfaces/lib/librobot_custom_interfaces__rosidl_typesupport_introspection_c.so
[0.667s] -- Up-to-date: /home/ubuntu/S12P11C101/SIMULATE/GAZEBO_SIM/ssafy_ws/install/robot_custom_interfaces/lib/librobot_custom_interfaces__rosidl_typesupport_c.so
[0.667s] -- Up-to-date: /home/ubuntu/S12P11C101/SIMULATE/GAZEBO_SIM/ssafy_ws/install/robot_custom_interfaces/include/robot_custom_interfaces/robot_custom_interfaces
[0.667s] -- Up-to-date: /home/ubuntu/S12P11C101/SIMULATE/GAZEBO_SIM/ssafy_ws/install/robot_custom_interfaces/include/robot_custom_interfaces/robot_custom_interfaces/msg
[0.667s] -- Up-to-date: /home/ubuntu/S12P11C101/SIMULATE/GAZEBO_SIM/ssafy_ws/install/robot_custom_interfaces/include/robot_custom_interfaces/robot_custom_interfaces/msg/detail
[0.667s] -- Up-to-date: /home/ubuntu/S12P11C101/SIMULATE/GAZEBO_SIM/ssafy_ws/install/robot_custom_interfaces/include/robot_custom_interfaces/robot_custom_interfaces/msg/detail/status__rosidl_typesupport_introspection_cpp.hpp
[0.668s] -- Up-to-date: /home/ubuntu/S12P11C101/SIMULATE/GAZEBO_SIM/ssafy_ws/install/robot_custom_interfaces/include/robot_custom_interfaces/robot_custom_interfaces/msg/detail/status__type_support.cpp
[0.668s] -- Up-to-date: /home/ubuntu/S12P11C101/SIMULATE/GAZEBO_SIM/ssafy_ws/install/robot_custom_interfaces/lib/librobot_custom_interfaces__rosidl_typesupport_introspection_cpp.so
[0.668s] -- Up-to-date: /home/ubuntu/S12P11C101/SIMULATE/GAZEBO_SIM/ssafy_ws/install/robot_custom_interfaces/lib/librobot_custom_interfaces__rosidl_typesupport_cpp.so
[0.668s] -- Up-to-date: /home/ubuntu/S12P11C101/SIMULATE/GAZEBO_SIM/ssafy_ws/install/robot_custom_interfaces/share/robot_custom_interfaces/environment/pythonpath.sh
[0.668s] -- Up-to-date: /home/ubuntu/S12P11C101/SIMULATE/GAZEBO_SIM/ssafy_ws/install/robot_custom_interfaces/share/robot_custom_interfaces/environment/pythonpath.dsv
[0.668s] -- Up-to-date: /home/ubuntu/S12P11C101/SIMULATE/GAZEBO_SIM/ssafy_ws/install/robot_custom_interfaces/local/lib/python3.10/dist-packages/robot_custom_interfaces-0.0.0-py3.10.egg-info
[0.668s] -- Installing: /home/ubuntu/S12P11C101/SIMULATE/GAZEBO_SIM/ssafy_ws/install/robot_custom_interfaces/local/lib/python3.10/dist-packages/robot_custom_interfaces-0.0.0-py3.10.egg-info/dependency_links.txt
[0.678s] -- Installing: /home/ubuntu/S12P11C101/SIMULATE/GAZEBO_SIM/ssafy_ws/install/robot_custom_interfaces/local/lib/python3.10/dist-packages/robot_custom_interfaces-0.0.0-py3.10.egg-info/PKG-INFO
[0.678s] -- Installing: /home/ubuntu/S12P11C101/SIMULATE/GAZEBO_SIM/ssafy_ws/install/robot_custom_interfaces/local/lib/python3.10/dist-packages/robot_custom_interfaces-0.0.0-py3.10.egg-info/SOURCES.txt
[0.678s] -- Installing: /home/ubuntu/S12P11C101/SIMULATE/GAZEBO_SIM/ssafy_ws/install/robot_custom_interfaces/local/lib/python3.10/dist-packages/robot_custom_interfaces-0.0.0-py3.10.egg-info/top_level.txt
[0.678s] -- Up-to-date: /home/ubuntu/S12P11C101/SIMULATE/GAZEBO_SIM/ssafy_ws/install/robot_custom_interfaces/local/lib/python3.10/dist-packages/robot_custom_interfaces
[0.679s] -- Up-to-date: /home/ubuntu/S12P11C101/SIMULATE/GAZEBO_SIM/ssafy_ws/install/robot_custom_interfaces/local/lib/python3.10/dist-packages/robot_custom_interfaces/_robot_custom_interfaces_s.ep.rosidl_typesupport_introspection_c.c
[0.680s] -- Up-to-date: /home/ubuntu/S12P11C101/SIMULATE/GAZEBO_SIM/ssafy_ws/install/robot_custom_interfaces/local/lib/python3.10/dist-packages/robot_custom_interfaces/robot_custom_interfaces_s__rosidl_typesupport_fastrtps_c.cpython-310-x86_64-linux-gnu.so
[0.681s] -- Up-to-date: /home/ubuntu/S12P11C101/SIMULATE/GAZEBO_SIM/ssafy_ws/install/robot_custom_interfaces/local/lib/python3.10/dist-packages/robot_custom_interfaces/_robot_custom_interfaces_s.ep.rosidl_typesupport_fastrtps_c.c
[0.684s] -- Up-to-date: /home/ubuntu/S12P11C101/SIMULATE/GAZEBO_SIM/ssafy_ws/install/robot_custom_interfaces/local/lib/python3.10/dist-packages/robot_custom_interfaces/msg
[0.684s] -- Up-to-date: /home/ubuntu/S12P11C101/SIMULATE/GAZEBO_SIM/ssafy_ws/install/robot_custom_interfaces/local/lib/python3.10/dist-packages/robot_custom_interfaces/msg/_status.py
[0.684s] -- Up-to-date: /home/ubuntu/S12P11C101/SIMULATE/GAZEBO_SIM/ssafy_ws/install/robot_custom_interfaces/local/lib/python3.10/dist-packages/robot_custom_interfaces/msg/__init__.py
[0.684s] -- Up-to-date: /home/ubuntu/S12P11C101/SIMULATE/GAZEBO_SIM/ssafy_ws/install/robot_custom_interfaces/local/lib/python3.10/dist-packages/robot_custom_interfaces/msg/_status_s.c
[0.685s] -- Up-to-date: /home/ubuntu/S12P11C101/SIMULATE/GAZEBO_SIM/ssafy_ws/install/robot_custom_interfaces/local/lib/python3.10/dist-packages/robot_custom_interfaces/__init__.py
[0.685s] -- Up-to-date: /home/ubuntu/S12P11C101/SIMULATE/GAZEBO_SIM/ssafy_ws/install/robot_custom_interfaces/local/lib/python3.10/dist-packages/robot_custom_interfaces/robot_custom_interfaces_s__rosidl_typesupport_introspection_c.cpython-310-x86_64-linux-gnu.so
[0.685s] -- Up-to-date: /home/ubuntu/S12P11C101/SIMULATE/GAZEBO_SIM/ssafy_ws/install/robot_custom_interfaces/local/lib/python3.10/dist-packages/robot_custom_interfaces/librobot_custom_interfaces__rosidl_generator_py.so
[0.685s] -- Up-to-date: /home/ubuntu/S12P11C101/SIMULATE/GAZEBO_SIM/ssafy_ws/install/robot_custom_interfaces/local/lib/python3.10/dist-packages/robot_custom_interfaces/_robot_custom_interfaces_s.ep.rosidl_typesupport_c.c
[0.685s] -- Up-to-date: /home/ubuntu/S12P11C101/SIMULATE/GAZEBO_SIM/ssafy_ws/install/robot_custom_interfaces/local/lib/python3.10/dist-packages/robot_custom_interfaces/robot_custom_interfaces_s__rosidl_typesupport_c.cpython-310-x86_64-linux-gnu.so
[0.790s] Listing '/home/ubuntu/S12P11C101/SIMULATE/GAZEBO_SIM/ssafy_ws/install/robot_custom_interfaces/local/lib/python3.10/dist-packages/robot_custom_interfaces'...
[0.790s] Listing '/home/ubuntu/S12P11C101/SIMULATE/GAZEBO_SIM/ssafy_ws/install/robot_custom_interfaces/local/lib/python3.10/dist-packages/robot_custom_interfaces/msg'...
[0.791s] -- Up-to-date: /home/ubuntu/S12P11C101/SIMULATE/GAZEBO_SIM/ssafy_ws/install/robot_custom_interfaces/local/lib/python3.10/dist-packages/robot_custom_interfaces/robot_custom_interfaces_s__rosidl_typesupport_fastrtps_c.cpython-310-x86_64-linux-gnu.so
[0.791s] -- Up-to-date: /home/ubuntu/S12P11C101/SIMULATE/GAZEBO_SIM/ssafy_ws/install/robot_custom_interfaces/local/lib/python3.10/dist-packages/robot_custom_interfaces/robot_custom_interfaces_s__rosidl_typesupport_introspection_c.cpython-310-x86_64-linux-gnu.so
[0.791s] -- Up-to-date: /home/ubuntu/S12P11C101/SIMULATE/GAZEBO_SIM/ssafy_ws/install/robot_custom_interfaces/local/lib/python3.10/dist-packages/robot_custom_interfaces/robot_custom_interfaces_s__rosidl_typesupport_c.cpython-310-x86_64-linux-gnu.so
[0.791s] -- Up-to-date: /home/ubuntu/S12P11C101/SIMULATE/GAZEBO_SIM/ssafy_ws/install/robot_custom_interfaces/lib/librobot_custom_interfaces__rosidl_generator_py.so
[0.791s] -- Up-to-date: /home/ubuntu/S12P11C101/SIMULATE/GAZEBO_SIM/ssafy_ws/install/robot_custom_interfaces/share/robot_custom_interfaces/msg/Status.idl
[0.791s] -- Up-to-date: /home/ubuntu/S12P11C101/SIMULATE/GAZEBO_SIM/ssafy_ws/install/robot_custom_interfaces/share/robot_custom_interfaces/msg/Status.msg
[0.791s] -- Up-to-date: /home/ubuntu/S12P11C101/SIMULATE/GAZEBO_SIM/ssafy_ws/install/robot_custom_interfaces/share/ament_index/resource_index/package_run_dependencies/robot_custom_interfaces
[0.791s] -- Up-to-date: /home/ubuntu/S12P11C101/SIMULATE/GAZEBO_SIM/ssafy_ws/install/robot_custom_interfaces/share/ament_index/resource_index/parent_prefix_path/robot_custom_interfaces
[0.791s] -- Up-to-date: /home/ubuntu/S12P11C101/SIMULATE/GAZEBO_SIM/ssafy_ws/install/robot_custom_interfaces/share/robot_custom_interfaces/environment/ament_prefix_path.sh
[0.791s] -- Up-to-date: /home/ubuntu/S12P11C101/SIMULATE/GAZEBO_SIM/ssafy_ws/install/robot_custom_interfaces/share/robot_custom_interfaces/environment/ament_prefix_path.dsv
[0.791s] -- Up-to-date: /home/ubuntu/S12P11C101/SIMULATE/GAZEBO_SIM/ssafy_ws/install/robot_custom_interfaces/share/robot_custom_interfaces/environment/path.sh
[0.791s] -- Up-to-date: /home/ubuntu/S12P11C101/SIMULATE/GAZEBO_SIM/ssafy_ws/install/robot_custom_interfaces/share/robot_custom_interfaces/environment/path.dsv
[0.792s] -- Up-to-date: /home/ubuntu/S12P11C101/SIMULATE/GAZEBO_SIM/ssafy_ws/install/robot_custom_interfaces/share/robot_custom_interfaces/local_setup.bash
[0.792s] -- Up-to-date: /home/ubuntu/S12P11C101/SIMULATE/GAZEBO_SIM/ssafy_ws/install/robot_custom_interfaces/share/robot_custom_interfaces/local_setup.sh
[0.792s] -- Up-to-date: /home/ubuntu/S12P11C101/SIMULATE/GAZEBO_SIM/ssafy_ws/install/robot_custom_interfaces/share/robot_custom_interfaces/local_setup.zsh
[0.792s] -- Up-to-date: /home/ubuntu/S12P11C101/SIMULATE/GAZEBO_SIM/ssafy_ws/install/robot_custom_interfaces/share/robot_custom_interfaces/local_setup.dsv
[0.792s] -- Installing: /home/ubuntu/S12P11C101/SIMULATE/GAZEBO_SIM/ssafy_ws/install/robot_custom_interfaces/share/robot_custom_interfaces/package.dsv
[0.792s] -- Up-to-date: /home/ubuntu/S12P11C101/SIMULATE/GAZEBO_SIM/ssafy_ws/install/robot_custom_interfaces/share/ament_index/resource_index/packages/robot_custom_interfaces
[0.792s] -- Up-to-date: /home/ubuntu/S12P11C101/SIMULATE/GAZEBO_SIM/ssafy_ws/install/robot_custom_interfaces/share/robot_custom_interfaces/cmake/export_robot_custom_interfaces__rosidl_generator_cExport.cmake
[0.792s] -- Up-to-date: /home/ubuntu/S12P11C101/SIMULATE/GAZEBO_SIM/ssafy_ws/install/robot_custom_interfaces/share/robot_custom_interfaces/cmake/export_robot_custom_interfaces__rosidl_generator_cExport-noconfig.cmake
[0.792s] -- Up-to-date: /home/ubuntu/S12P11C101/SIMULATE/GAZEBO_SIM/ssafy_ws/install/robot_custom_interfaces/share/robot_custom_interfaces/cmake/export_robot_custom_interfaces__rosidl_typesupport_fastrtps_cExport.cmake
[0.792s] -- Up-to-date: /home/ubuntu/S12P11C101/SIMULATE/GAZEBO_SIM/ssafy_ws/install/robot_custom_interfaces/share/robot_custom_interfaces/cmake/export_robot_custom_interfaces__rosidl_typesupport_fastrtps_cExport-noconfig.cmake
[0.792s] -- Up-to-date: /home/ubuntu/S12P11C101/SIMULATE/GAZEBO_SIM/ssafy_ws/install/robot_custom_interfaces/share/robot_custom_interfaces/cmake/export_robot_custom_interfaces__rosidl_generator_cppExport.cmake
[0.793s] -- Up-to-date: /home/ubuntu/S12P11C101/SIMULATE/GAZEBO_SIM/ssafy_ws/install/robot_custom_interfaces/share/robot_custom_interfaces/cmake/export_robot_custom_interfaces__rosidl_typesupport_fastrtps_cppExport.cmake
[0.793s] -- Up-to-date: /home/ubuntu/S12P11C101/SIMULATE/GAZEBO_SIM/ssafy_ws/install/robot_custom_interfaces/share/robot_custom_interfaces/cmake/export_robot_custom_interfaces__rosidl_typesupport_fastrtps_cppExport-noconfig.cmake
[0.793s] -- Up-to-date: /home/ubuntu/S12P11C101/SIMULATE/GAZEBO_SIM/ssafy_ws/install/robot_custom_interfaces/share/robot_custom_interfaces/cmake/robot_custom_interfaces__rosidl_typesupport_introspection_cExport.cmake
[0.793s] -- Up-to-date: /home/ubuntu/S12P11C101/SIMULATE/GAZEBO_SIM/ssafy_ws/install/robot_custom_interfaces/share/robot_custom_interfaces/cmake/robot_custom_interfaces__rosidl_typesupport_introspection_cExport-noconfig.cmake
[0.793s] -- Up-to-date: /home/ubuntu/S12P11C101/SIMULATE/GAZEBO_SIM/ssafy_ws/install/robot_custom_interfaces/share/robot_custom_interfaces/cmake/robot_custom_interfaces__rosidl_typesupport_cExport.cmake
[0.793s] -- Up-to-date: /home/ubuntu/S12P11C101/SIMULATE/GAZEBO_SIM/ssafy_ws/install/robot_custom_interfaces/share/robot_custom_interfaces/cmake/robot_custom_interfaces__rosidl_typesupport_cExport-noconfig.cmake
[0.793s] -- Up-to-date: /home/ubuntu/S12P11C101/SIMULATE/GAZEBO_SIM/ssafy_ws/install/robot_custom_interfaces/share/robot_custom_interfaces/cmake/robot_custom_interfaces__rosidl_typesupport_introspection_cppExport.cmake
[0.793s] -- Up-to-date: /home/ubuntu/S12P11C101/SIMULATE/GAZEBO_SIM/ssafy_ws/install/robot_custom_interfaces/share/robot_custom_interfaces/cmake/robot_custom_interfaces__rosidl_typesupport_introspection_cppExport-noconfig.cmake
[0.793s] -- Up-to-date: /home/ubuntu/S12P11C101/SIMULATE/GAZEBO_SIM/ssafy_ws/install/robot_custom_interfaces/share/robot_custom_interfaces/cmake/robot_custom_interfaces__rosidl_typesupport_cppExport.cmake
[0.793s] -- Up-to-date: /home/ubuntu/S12P11C101/SIMULATE/GAZEBO_SIM/ssafy_ws/install/robot_custom_interfaces/share/robot_custom_interfaces/cmake/robot_custom_interfaces__rosidl_typesupport_cppExport-noconfig.cmake
[0.793s] -- Up-to-date: /home/ubuntu/S12P11C101/SIMULATE/GAZEBO_SIM/ssafy_ws/install/robot_custom_interfaces/share/robot_custom_interfaces/cmake/export_robot_custom_interfaces__rosidl_generator_pyExport.cmake
[0.793s] -- Up-to-date: /home/ubuntu/S12P11C101/SIMULATE/GAZEBO_SIM/ssafy_ws/install/robot_custom_interfaces/share/robot_custom_interfaces/cmake/export_robot_custom_interfaces__rosidl_generator_pyExport-noconfig.cmake
[0.793s] -- Up-to-date: /home/ubuntu/S12P11C101/SIMULATE/GAZEBO_SIM/ssafy_ws/install/robot_custom_interfaces/share/robot_custom_interfaces/cmake/rosidl_cmake-extras.cmake
[0.793s] -- Up-to-date: /home/ubuntu/S12P11C101/SIMULATE/GAZEBO_SIM/ssafy_ws/install/robot_custom_interfaces/share/robot_custom_interfaces/cmake/ament_cmake_export_dependencies-extras.cmake
[0.793s] -- Up-to-date: /home/ubuntu/S12P11C101/SIMULATE/GAZEBO_SIM/ssafy_ws/install/robot_custom_interfaces/share/robot_custom_interfaces/cmake/ament_cmake_export_include_directories-extras.cmake
[0.793s] -- Up-to-date: /home/ubuntu/S12P11C101/SIMULATE/GAZEBO_SIM/ssafy_ws/install/robot_custom_interfaces/share/robot_custom_interfaces/cmake/ament_cmake_export_libraries-extras.cmake
[0.793s] -- Up-to-date: /home/ubuntu/S12P11C101/SIMULATE/GAZEBO_SIM/ssafy_ws/install/robot_custom_interfaces/share/robot_custom_interfaces/cmake/ament_cmake_export_targets-extras.cmake
[0.794s] -- Up-to-date: /home/ubuntu/S12P11C101/SIMULATE/GAZEBO_SIM/ssafy_ws/install/robot_custom_interfaces/share/robot_custom_interfaces/cmake/rosidl_cmake_export_typesupport_targets-extras.cmake
[0.794s] -- Up-to-date: /home/ubuntu/S12P11C101/SIMULATE/GAZEBO_SIM/ssafy_ws/install/robot_custom_interfaces/share/robot_custom_interfaces/cmake/rosidl_cmake_export_typesupport_libraries-extras.cmake
[0.794s] -- Up-to-date: /home/ubuntu/S12P11C101/SIMULATE/GAZEBO_SIM/ssafy_ws/install/robot_custom_interfaces/share/robot_custom_interfaces/cmake/robot_custom_interfacesConfig.cmake
[0.794s] -- Up-to-date: /home/ubuntu/S12P11C101/SIMULATE/GAZEBO_SIM/ssafy_ws/install/robot_custom_interfaces/share/robot_custom_interfaces/cmake/robot_custom_interfacesConfig-version.cmake
[0.794s] -- Up-to-date: /home/ubuntu/S12P11C101/SIMULATE/GAZEBO_SIM/ssafy_ws/install/robot_custom_interfaces/share/robot_custom_interfaces/package.xml
[0.799s] Invoked command in '/home/ubuntu/S12P11C101/SIMULATE/GAZEBO_SIM/ssafy_ws/build/robot_custom_interfaces' returned '0': CMAKE_PREFIX_PATH=${CMAKE_PREFIX_PATH}:/home/ubuntu/S12P11C101/SIMULATE/GAZEBO_SIM/ssafy_ws/install/teleop_twist_keyboard:/home/ubuntu/S12P11C101/SIMULATE/GAZEBO_SIM/ssafy_ws/install/rosbridge_library:/opt/ros/humble /usr/bin/cmake --install /home/ubuntu/S12P11C101/SIMULATE/GAZEBO_SIM/ssafy_ws/build/robot_custom_interfaces
