[0.039s] Invoking command in '/home/ubuntu/S12P11C101/SIMULATE/GAZEBO_SIM/ssafy_ws/build/rosbridge_msgs': CMAKE_PREFIX_PATH=${CMAKE_PREFIX_PATH}:/home/ubuntu/S12P11C101/SIMULATE/GAZEBO_SIM/ssafy_ws/install/teleop_twist_keyboard:/opt/ros/humble /usr/bin/cmake --build /home/ubuntu/S12P11C101/SIMULATE/GAZEBO_SIM/ssafy_ws/build/rosbridge_msgs -- -j12 -l12
[0.132s] [  7%] Built target rosbridge_msgs__cpp
[0.132s] [ 12%] Built target rosbridge_msgs__rosidl_generator_c
[0.155s] [ 12%] Built target ament_cmake_python_copy_rosbridge_msgs
[0.209s] [ 28%] Built target rosbridge_msgs__rosidl_typesupport_fastrtps_c
[0.210s] [ 33%] Built target rosbridge_msgs__rosidl_typesupport_introspection_c
[0.218s] [ 43%] Built target rosbridge_msgs__rosidl_typesupport_fastrtps_cpp
[0.220s] [ 53%] Built target rosbridge_msgs__rosidl_typesupport_cpp
[0.233s] [ 64%] Built target rosbridge_msgs__rosidl_typesupport_introspection_cpp
[0.250s] [ 74%] Built target rosbridge_msgs__rosidl_typesupport_c
[0.286s] [ 74%] Built target rosbridge_msgs
[0.320s] [ 76%] Built target rosbridge_msgs__py
[0.356s] [ 84%] Built target rosbridge_msgs__rosidl_generator_py
[0.390s] [ 89%] Built target rosbridge_msgs__rosidl_typesupport_c__pyext
[0.391s] [ 94%] Built target rosbridge_msgs__rosidl_typesupport_fastrtps_c__pyext
[0.413s] [100%] Built target rosbridge_msgs__rosidl_typesupport_introspection_c__pyext
[0.642s] running egg_info
[0.643s] writing rosbridge_msgs.egg-info/PKG-INFO
[0.644s] writing dependency_links to rosbridge_msgs.egg-info/dependency_links.txt
[0.644s] writing top-level names to rosbridge_msgs.egg-info/top_level.txt
[0.649s] reading manifest file 'rosbridge_msgs.egg-info/SOURCES.txt'
[0.649s] writing manifest file 'rosbridge_msgs.egg-info/SOURCES.txt'
[0.763s] [100%] Built target ament_cmake_python_build_rosbridge_msgs_egg
[0.835s] Invoked command in '/home/ubuntu/S12P11C101/SIMULATE/GAZEBO_SIM/ssafy_ws/build/rosbridge_msgs' returned '0': CMAKE_PREFIX_PATH=${CMAKE_PREFIX_PATH}:/home/ubuntu/S12P11C101/SIMULATE/GAZEBO_SIM/ssafy_ws/install/teleop_twist_keyboard:/opt/ros/humble /usr/bin/cmake --build /home/ubuntu/S12P11C101/SIMULATE/GAZEBO_SIM/ssafy_ws/build/rosbridge_msgs -- -j12 -l12
[0.836s] Invoking command in '/home/ubuntu/S12P11C101/SIMULATE/GAZEBO_SIM/ssafy_ws/build/rosbridge_msgs': CMAKE_PREFIX_PATH=${CMAKE_PREFIX_PATH}:/home/ubuntu/S12P11C101/SIMULATE/GAZEBO_SIM/ssafy_ws/install/teleop_twist_keyboard:/opt/ros/humble /usr/bin/cmake --install /home/ubuntu/S12P11C101/SIMULATE/GAZEBO_SIM/ssafy_ws/build/rosbridge_msgs
[0.841s] -- Install configuration: ""
[0.842s] -- Up-to-date: /home/ubuntu/S12P11C101/SIMULATE/GAZEBO_SIM/ssafy_ws/install/rosbridge_msgs/share/ament_index/resource_index/rosidl_interfaces/rosbridge_msgs
[0.842s] -- Up-to-date: /home/ubuntu/S12P11C101/SIMULATE/GAZEBO_SIM/ssafy_ws/install/rosbridge_msgs/include/rosbridge_msgs/rosbridge_msgs
[0.842s] -- Up-to-date: /home/ubuntu/S12P11C101/SIMULATE/GAZEBO_SIM/ssafy_ws/install/rosbridge_msgs/include/rosbridge_msgs/rosbridge_msgs/msg
[0.842s] -- Up-to-date: /home/ubuntu/S12P11C101/SIMULATE/GAZEBO_SIM/ssafy_ws/install/rosbridge_msgs/include/rosbridge_msgs/rosbridge_msgs/msg/connected_client.h
[0.844s] -- Up-to-date: /home/ubuntu/S12P11C101/SIMULATE/GAZEBO_SIM/ssafy_ws/install/rosbridge_msgs/include/rosbridge_msgs/rosbridge_msgs/msg/rosidl_generator_c__visibility_control.h
[0.844s] -- Up-to-date: /home/ubuntu/S12P11C101/SIMULATE/GAZEBO_SIM/ssafy_ws/install/rosbridge_msgs/include/rosbridge_msgs/rosbridge_msgs/msg/detail
[0.844s] -- Up-to-date: /home/ubuntu/S12P11C101/SIMULATE/GAZEBO_SIM/ssafy_ws/install/rosbridge_msgs/include/rosbridge_msgs/rosbridge_msgs/msg/detail/connected_client__functions.h
[0.844s] -- Up-to-date: /home/ubuntu/S12P11C101/SIMULATE/GAZEBO_SIM/ssafy_ws/install/rosbridge_msgs/include/rosbridge_msgs/rosbridge_msgs/msg/detail/connected_clients__functions.c
[0.844s] -- Up-to-date: /home/ubuntu/S12P11C101/SIMULATE/GAZEBO_SIM/ssafy_ws/install/rosbridge_msgs/include/rosbridge_msgs/rosbridge_msgs/msg/detail/connected_clients__struct.h
[0.845s] -- Up-to-date: /home/ubuntu/S12P11C101/SIMULATE/GAZEBO_SIM/ssafy_ws/install/rosbridge_msgs/include/rosbridge_msgs/rosbridge_msgs/msg/detail/connected_clients__functions.h
[0.845s] -- Up-to-date: /home/ubuntu/S12P11C101/SIMULATE/GAZEBO_SIM/ssafy_ws/install/rosbridge_msgs/include/rosbridge_msgs/rosbridge_msgs/msg/detail/connected_client__type_support.h
[0.845s] -- Up-to-date: /home/ubuntu/S12P11C101/SIMULATE/GAZEBO_SIM/ssafy_ws/install/rosbridge_msgs/include/rosbridge_msgs/rosbridge_msgs/msg/detail/connected_clients__type_support.h
[0.845s] -- Up-to-date: /home/ubuntu/S12P11C101/SIMULATE/GAZEBO_SIM/ssafy_ws/install/rosbridge_msgs/include/rosbridge_msgs/rosbridge_msgs/msg/detail/connected_client__functions.c
[0.845s] -- Up-to-date: /home/ubuntu/S12P11C101/SIMULATE/GAZEBO_SIM/ssafy_ws/install/rosbridge_msgs/include/rosbridge_msgs/rosbridge_msgs/msg/detail/connected_client__struct.h
[0.845s] -- Up-to-date: /home/ubuntu/S12P11C101/SIMULATE/GAZEBO_SIM/ssafy_ws/install/rosbridge_msgs/include/rosbridge_msgs/rosbridge_msgs/msg/connected_clients.h
[0.846s] -- Up-to-date: /home/ubuntu/S12P11C101/SIMULATE/GAZEBO_SIM/ssafy_ws/install/rosbridge_msgs/share/rosbridge_msgs/environment/library_path.sh
[0.846s] -- Up-to-date: /home/ubuntu/S12P11C101/SIMULATE/GAZEBO_SIM/ssafy_ws/install/rosbridge_msgs/share/rosbridge_msgs/environment/library_path.dsv
[0.846s] -- Up-to-date: /home/ubuntu/S12P11C101/SIMULATE/GAZEBO_SIM/ssafy_ws/install/rosbridge_msgs/lib/librosbridge_msgs__rosidl_generator_c.so
[0.846s] -- Up-to-date: /home/ubuntu/S12P11C101/SIMULATE/GAZEBO_SIM/ssafy_ws/install/rosbridge_msgs/include/rosbridge_msgs/rosbridge_msgs
[0.846s] -- Up-to-date: /home/ubuntu/S12P11C101/SIMULATE/GAZEBO_SIM/ssafy_ws/install/rosbridge_msgs/include/rosbridge_msgs/rosbridge_msgs/msg
[0.846s] -- Up-to-date: /home/ubuntu/S12P11C101/SIMULATE/GAZEBO_SIM/ssafy_ws/install/rosbridge_msgs/include/rosbridge_msgs/rosbridge_msgs/msg/detail
[0.846s] -- Up-to-date: /home/ubuntu/S12P11C101/SIMULATE/GAZEBO_SIM/ssafy_ws/install/rosbridge_msgs/include/rosbridge_msgs/rosbridge_msgs/msg/detail/connected_client__rosidl_typesupport_fastrtps_c.h
[0.846s] -- Up-to-date: /home/ubuntu/S12P11C101/SIMULATE/GAZEBO_SIM/ssafy_ws/install/rosbridge_msgs/include/rosbridge_msgs/rosbridge_msgs/msg/detail/connected_clients__rosidl_typesupport_fastrtps_c.h
[0.847s] -- Up-to-date: /home/ubuntu/S12P11C101/SIMULATE/GAZEBO_SIM/ssafy_ws/install/rosbridge_msgs/include/rosbridge_msgs/rosbridge_msgs/msg/rosidl_typesupport_fastrtps_c__visibility_control.h
[0.847s] -- Up-to-date: /home/ubuntu/S12P11C101/SIMULATE/GAZEBO_SIM/ssafy_ws/install/rosbridge_msgs/lib/librosbridge_msgs__rosidl_typesupport_fastrtps_c.so
[0.847s] -- Up-to-date: /home/ubuntu/S12P11C101/SIMULATE/GAZEBO_SIM/ssafy_ws/install/rosbridge_msgs/include/rosbridge_msgs/rosbridge_msgs
[0.847s] -- Up-to-date: /home/ubuntu/S12P11C101/SIMULATE/GAZEBO_SIM/ssafy_ws/install/rosbridge_msgs/include/rosbridge_msgs/rosbridge_msgs/msg
[0.847s] -- Up-to-date: /home/ubuntu/S12P11C101/SIMULATE/GAZEBO_SIM/ssafy_ws/install/rosbridge_msgs/include/rosbridge_msgs/rosbridge_msgs/msg/detail
[0.847s] -- Up-to-date: /home/ubuntu/S12P11C101/SIMULATE/GAZEBO_SIM/ssafy_ws/install/rosbridge_msgs/include/rosbridge_msgs/rosbridge_msgs/msg/detail/connected_clients__type_support.hpp
[0.847s] -- Up-to-date: /home/ubuntu/S12P11C101/SIMULATE/GAZEBO_SIM/ssafy_ws/install/rosbridge_msgs/include/rosbridge_msgs/rosbridge_msgs/msg/detail/connected_clients__struct.hpp
[0.848s] -- Up-to-date: /home/ubuntu/S12P11C101/SIMULATE/GAZEBO_SIM/ssafy_ws/install/rosbridge_msgs/include/rosbridge_msgs/rosbridge_msgs/msg/detail/connected_client__builder.hpp
[0.848s] -- Up-to-date: /home/ubuntu/S12P11C101/SIMULATE/GAZEBO_SIM/ssafy_ws/install/rosbridge_msgs/include/rosbridge_msgs/rosbridge_msgs/msg/detail/connected_client__struct.hpp
[0.848s] -- Up-to-date: /home/ubuntu/S12P11C101/SIMULATE/GAZEBO_SIM/ssafy_ws/install/rosbridge_msgs/include/rosbridge_msgs/rosbridge_msgs/msg/detail/connected_client__type_support.hpp
[0.848s] -- Up-to-date: /home/ubuntu/S12P11C101/SIMULATE/GAZEBO_SIM/ssafy_ws/install/rosbridge_msgs/include/rosbridge_msgs/rosbridge_msgs/msg/detail/connected_clients__traits.hpp
[0.848s] -- Up-to-date: /home/ubuntu/S12P11C101/SIMULATE/GAZEBO_SIM/ssafy_ws/install/rosbridge_msgs/include/rosbridge_msgs/rosbridge_msgs/msg/detail/connected_client__traits.hpp
[0.848s] -- Up-to-date: /home/ubuntu/S12P11C101/SIMULATE/GAZEBO_SIM/ssafy_ws/install/rosbridge_msgs/include/rosbridge_msgs/rosbridge_msgs/msg/detail/connected_clients__builder.hpp
[0.848s] -- Up-to-date: /home/ubuntu/S12P11C101/SIMULATE/GAZEBO_SIM/ssafy_ws/install/rosbridge_msgs/include/rosbridge_msgs/rosbridge_msgs/msg/rosidl_generator_cpp__visibility_control.hpp
[0.849s] -- Up-to-date: /home/ubuntu/S12P11C101/SIMULATE/GAZEBO_SIM/ssafy_ws/install/rosbridge_msgs/include/rosbridge_msgs/rosbridge_msgs/msg/connected_client.hpp
[0.849s] -- Up-to-date: /home/ubuntu/S12P11C101/SIMULATE/GAZEBO_SIM/ssafy_ws/install/rosbridge_msgs/include/rosbridge_msgs/rosbridge_msgs/msg/connected_clients.hpp
[0.849s] -- Up-to-date: /home/ubuntu/S12P11C101/SIMULATE/GAZEBO_SIM/ssafy_ws/install/rosbridge_msgs/include/rosbridge_msgs/rosbridge_msgs
[0.849s] -- Up-to-date: /home/ubuntu/S12P11C101/SIMULATE/GAZEBO_SIM/ssafy_ws/install/rosbridge_msgs/include/rosbridge_msgs/rosbridge_msgs/msg
[0.849s] -- Up-to-date: /home/ubuntu/S12P11C101/SIMULATE/GAZEBO_SIM/ssafy_ws/install/rosbridge_msgs/include/rosbridge_msgs/rosbridge_msgs/msg/detail
[0.849s] -- Up-to-date: /home/ubuntu/S12P11C101/SIMULATE/GAZEBO_SIM/ssafy_ws/install/rosbridge_msgs/include/rosbridge_msgs/rosbridge_msgs/msg/detail/connected_clients__rosidl_typesupport_fastrtps_cpp.hpp
[0.850s] -- Up-to-date: /home/ubuntu/S12P11C101/SIMULATE/GAZEBO_SIM/ssafy_ws/install/rosbridge_msgs/include/rosbridge_msgs/rosbridge_msgs/msg/detail/dds_fastrtps
[0.850s] -- Up-to-date: /home/ubuntu/S12P11C101/SIMULATE/GAZEBO_SIM/ssafy_ws/install/rosbridge_msgs/include/rosbridge_msgs/rosbridge_msgs/msg/detail/connected_client__rosidl_typesupport_fastrtps_cpp.hpp
[0.850s] -- Up-to-date: /home/ubuntu/S12P11C101/SIMULATE/GAZEBO_SIM/ssafy_ws/install/rosbridge_msgs/include/rosbridge_msgs/rosbridge_msgs/msg/rosidl_typesupport_fastrtps_cpp__visibility_control.h
[0.850s] -- Up-to-date: /home/ubuntu/S12P11C101/SIMULATE/GAZEBO_SIM/ssafy_ws/install/rosbridge_msgs/lib/librosbridge_msgs__rosidl_typesupport_fastrtps_cpp.so
[0.850s] -- Up-to-date: /home/ubuntu/S12P11C101/SIMULATE/GAZEBO_SIM/ssafy_ws/install/rosbridge_msgs/include/rosbridge_msgs/rosbridge_msgs
[0.851s] -- Up-to-date: /home/ubuntu/S12P11C101/SIMULATE/GAZEBO_SIM/ssafy_ws/install/rosbridge_msgs/include/rosbridge_msgs/rosbridge_msgs/msg
[0.851s] -- Up-to-date: /home/ubuntu/S12P11C101/SIMULATE/GAZEBO_SIM/ssafy_ws/install/rosbridge_msgs/include/rosbridge_msgs/rosbridge_msgs/msg/detail
[0.851s] -- Up-to-date: /home/ubuntu/S12P11C101/SIMULATE/GAZEBO_SIM/ssafy_ws/install/rosbridge_msgs/include/rosbridge_msgs/rosbridge_msgs/msg/detail/connected_clients__rosidl_typesupport_introspection_c.h
[0.851s] -- Up-to-date: /home/ubuntu/S12P11C101/SIMULATE/GAZEBO_SIM/ssafy_ws/install/rosbridge_msgs/include/rosbridge_msgs/rosbridge_msgs/msg/detail/connected_client__rosidl_typesupport_introspection_c.h
[0.851s] -- Up-to-date: /home/ubuntu/S12P11C101/SIMULATE/GAZEBO_SIM/ssafy_ws/install/rosbridge_msgs/include/rosbridge_msgs/rosbridge_msgs/msg/detail/connected_clients__type_support.c
[0.851s] -- Up-to-date: /home/ubuntu/S12P11C101/SIMULATE/GAZEBO_SIM/ssafy_ws/install/rosbridge_msgs/include/rosbridge_msgs/rosbridge_msgs/msg/detail/connected_client__type_support.c
[0.851s] -- Up-to-date: /home/ubuntu/S12P11C101/SIMULATE/GAZEBO_SIM/ssafy_ws/install/rosbridge_msgs/include/rosbridge_msgs/rosbridge_msgs/msg/rosidl_typesupport_introspection_c__visibility_control.h
[0.851s] -- Up-to-date: /home/ubuntu/S12P11C101/SIMULATE/GAZEBO_SIM/ssafy_ws/install/rosbridge_msgs/lib/librosbridge_msgs__rosidl_typesupport_introspection_c.so
[0.851s] -- Up-to-date: /home/ubuntu/S12P11C101/SIMULATE/GAZEBO_SIM/ssafy_ws/install/rosbridge_msgs/lib/librosbridge_msgs__rosidl_typesupport_c.so
[0.852s] -- Up-to-date: /home/ubuntu/S12P11C101/SIMULATE/GAZEBO_SIM/ssafy_ws/install/rosbridge_msgs/include/rosbridge_msgs/rosbridge_msgs
[0.852s] -- Up-to-date: /home/ubuntu/S12P11C101/SIMULATE/GAZEBO_SIM/ssafy_ws/install/rosbridge_msgs/include/rosbridge_msgs/rosbridge_msgs/msg
[0.852s] -- Up-to-date: /home/ubuntu/S12P11C101/SIMULATE/GAZEBO_SIM/ssafy_ws/install/rosbridge_msgs/include/rosbridge_msgs/rosbridge_msgs/msg/detail
[0.852s] -- Up-to-date: /home/ubuntu/S12P11C101/SIMULATE/GAZEBO_SIM/ssafy_ws/install/rosbridge_msgs/include/rosbridge_msgs/rosbridge_msgs/msg/detail/connected_clients__type_support.cpp
[0.852s] -- Up-to-date: /home/ubuntu/S12P11C101/SIMULATE/GAZEBO_SIM/ssafy_ws/install/rosbridge_msgs/include/rosbridge_msgs/rosbridge_msgs/msg/detail/connected_clients__rosidl_typesupport_introspection_cpp.hpp
[0.852s] -- Up-to-date: /home/ubuntu/S12P11C101/SIMULATE/GAZEBO_SIM/ssafy_ws/install/rosbridge_msgs/include/rosbridge_msgs/rosbridge_msgs/msg/detail/connected_client__rosidl_typesupport_introspection_cpp.hpp
[0.852s] -- Up-to-date: /home/ubuntu/S12P11C101/SIMULATE/GAZEBO_SIM/ssafy_ws/install/rosbridge_msgs/include/rosbridge_msgs/rosbridge_msgs/msg/detail/connected_client__type_support.cpp
[0.853s] -- Up-to-date: /home/ubuntu/S12P11C101/SIMULATE/GAZEBO_SIM/ssafy_ws/install/rosbridge_msgs/lib/librosbridge_msgs__rosidl_typesupport_introspection_cpp.so
[0.853s] -- Up-to-date: /home/ubuntu/S12P11C101/SIMULATE/GAZEBO_SIM/ssafy_ws/install/rosbridge_msgs/lib/librosbridge_msgs__rosidl_typesupport_cpp.so
[0.853s] -- Up-to-date: /home/ubuntu/S12P11C101/SIMULATE/GAZEBO_SIM/ssafy_ws/install/rosbridge_msgs/share/rosbridge_msgs/environment/pythonpath.sh
[0.853s] -- Up-to-date: /home/ubuntu/S12P11C101/SIMULATE/GAZEBO_SIM/ssafy_ws/install/rosbridge_msgs/share/rosbridge_msgs/environment/pythonpath.dsv
[0.853s] -- Up-to-date: /home/ubuntu/S12P11C101/SIMULATE/GAZEBO_SIM/ssafy_ws/install/rosbridge_msgs/local/lib/python3.10/dist-packages/rosbridge_msgs-2.0.0-py3.10.egg-info
[0.853s] -- Installing: /home/ubuntu/S12P11C101/SIMULATE/GAZEBO_SIM/ssafy_ws/install/rosbridge_msgs/local/lib/python3.10/dist-packages/rosbridge_msgs-2.0.0-py3.10.egg-info/dependency_links.txt
[0.853s] -- Installing: /home/ubuntu/S12P11C101/SIMULATE/GAZEBO_SIM/ssafy_ws/install/rosbridge_msgs/local/lib/python3.10/dist-packages/rosbridge_msgs-2.0.0-py3.10.egg-info/PKG-INFO
[0.853s] -- Installing: /home/ubuntu/S12P11C101/SIMULATE/GAZEBO_SIM/ssafy_ws/install/rosbridge_msgs/local/lib/python3.10/dist-packages/rosbridge_msgs-2.0.0-py3.10.egg-info/SOURCES.txt
[0.853s] -- Installing: /home/ubuntu/S12P11C101/SIMULATE/GAZEBO_SIM/ssafy_ws/install/rosbridge_msgs/local/lib/python3.10/dist-packages/rosbridge_msgs-2.0.0-py3.10.egg-info/top_level.txt
[0.854s] -- Up-to-date: /home/ubuntu/S12P11C101/SIMULATE/GAZEBO_SIM/ssafy_ws/install/rosbridge_msgs/local/lib/python3.10/dist-packages/rosbridge_msgs
[0.854s] -- Up-to-date: /home/ubuntu/S12P11C101/SIMULATE/GAZEBO_SIM/ssafy_ws/install/rosbridge_msgs/local/lib/python3.10/dist-packages/rosbridge_msgs/msg
[0.854s] -- Up-to-date: /home/ubuntu/S12P11C101/SIMULATE/GAZEBO_SIM/ssafy_ws/install/rosbridge_msgs/local/lib/python3.10/dist-packages/rosbridge_msgs/msg/_connected_client_s.c
[0.854s] -- Up-to-date: /home/ubuntu/S12P11C101/SIMULATE/GAZEBO_SIM/ssafy_ws/install/rosbridge_msgs/local/lib/python3.10/dist-packages/rosbridge_msgs/msg/_connected_client.py
[0.854s] -- Up-to-date: /home/ubuntu/S12P11C101/SIMULATE/GAZEBO_SIM/ssafy_ws/install/rosbridge_msgs/local/lib/python3.10/dist-packages/rosbridge_msgs/msg/_connected_clients_s.c
[0.854s] -- Up-to-date: /home/ubuntu/S12P11C101/SIMULATE/GAZEBO_SIM/ssafy_ws/install/rosbridge_msgs/local/lib/python3.10/dist-packages/rosbridge_msgs/msg/__init__.py
[0.854s] -- Up-to-date: /home/ubuntu/S12P11C101/SIMULATE/GAZEBO_SIM/ssafy_ws/install/rosbridge_msgs/local/lib/python3.10/dist-packages/rosbridge_msgs/msg/_connected_clients.py
[0.854s] -- Up-to-date: /home/ubuntu/S12P11C101/SIMULATE/GAZEBO_SIM/ssafy_ws/install/rosbridge_msgs/local/lib/python3.10/dist-packages/rosbridge_msgs/rosbridge_msgs_s__rosidl_typesupport_c.cpython-310-x86_64-linux-gnu.so
[0.854s] -- Up-to-date: /home/ubuntu/S12P11C101/SIMULATE/GAZEBO_SIM/ssafy_ws/install/rosbridge_msgs/local/lib/python3.10/dist-packages/rosbridge_msgs/__init__.py
[0.855s] -- Up-to-date: /home/ubuntu/S12P11C101/SIMULATE/GAZEBO_SIM/ssafy_ws/install/rosbridge_msgs/local/lib/python3.10/dist-packages/rosbridge_msgs/_rosbridge_msgs_s.ep.rosidl_typesupport_c.c
[0.855s] -- Up-to-date: /home/ubuntu/S12P11C101/SIMULATE/GAZEBO_SIM/ssafy_ws/install/rosbridge_msgs/local/lib/python3.10/dist-packages/rosbridge_msgs/_rosbridge_msgs_s.ep.rosidl_typesupport_fastrtps_c.c
[0.855s] -- Up-to-date: /home/ubuntu/S12P11C101/SIMULATE/GAZEBO_SIM/ssafy_ws/install/rosbridge_msgs/local/lib/python3.10/dist-packages/rosbridge_msgs/librosbridge_msgs__rosidl_generator_py.so
[0.855s] -- Up-to-date: /home/ubuntu/S12P11C101/SIMULATE/GAZEBO_SIM/ssafy_ws/install/rosbridge_msgs/local/lib/python3.10/dist-packages/rosbridge_msgs/rosbridge_msgs_s__rosidl_typesupport_fastrtps_c.cpython-310-x86_64-linux-gnu.so
[0.855s] -- Up-to-date: /home/ubuntu/S12P11C101/SIMULATE/GAZEBO_SIM/ssafy_ws/install/rosbridge_msgs/local/lib/python3.10/dist-packages/rosbridge_msgs/_rosbridge_msgs_s.ep.rosidl_typesupport_introspection_c.c
[0.855s] -- Up-to-date: /home/ubuntu/S12P11C101/SIMULATE/GAZEBO_SIM/ssafy_ws/install/rosbridge_msgs/local/lib/python3.10/dist-packages/rosbridge_msgs/rosbridge_msgs_s__rosidl_typesupport_introspection_c.cpython-310-x86_64-linux-gnu.so
[0.908s] Listing '/home/ubuntu/S12P11C101/SIMULATE/GAZEBO_SIM/ssafy_ws/install/rosbridge_msgs/local/lib/python3.10/dist-packages/rosbridge_msgs'...
[0.908s] Listing '/home/ubuntu/S12P11C101/SIMULATE/GAZEBO_SIM/ssafy_ws/install/rosbridge_msgs/local/lib/python3.10/dist-packages/rosbridge_msgs/msg'...
[0.911s] -- Up-to-date: /home/ubuntu/S12P11C101/SIMULATE/GAZEBO_SIM/ssafy_ws/install/rosbridge_msgs/local/lib/python3.10/dist-packages/rosbridge_msgs/rosbridge_msgs_s__rosidl_typesupport_fastrtps_c.cpython-310-x86_64-linux-gnu.so
[0.912s] -- Up-to-date: /home/ubuntu/S12P11C101/SIMULATE/GAZEBO_SIM/ssafy_ws/install/rosbridge_msgs/local/lib/python3.10/dist-packages/rosbridge_msgs/rosbridge_msgs_s__rosidl_typesupport_introspection_c.cpython-310-x86_64-linux-gnu.so
[0.912s] -- Up-to-date: /home/ubuntu/S12P11C101/SIMULATE/GAZEBO_SIM/ssafy_ws/install/rosbridge_msgs/local/lib/python3.10/dist-packages/rosbridge_msgs/rosbridge_msgs_s__rosidl_typesupport_c.cpython-310-x86_64-linux-gnu.so
[0.912s] -- Up-to-date: /home/ubuntu/S12P11C101/SIMULATE/GAZEBO_SIM/ssafy_ws/install/rosbridge_msgs/lib/librosbridge_msgs__rosidl_generator_py.so
[0.912s] -- Up-to-date: /home/ubuntu/S12P11C101/SIMULATE/GAZEBO_SIM/ssafy_ws/install/rosbridge_msgs/share/rosbridge_msgs/msg/ConnectedClient.idl
[0.912s] -- Up-to-date: /home/ubuntu/S12P11C101/SIMULATE/GAZEBO_SIM/ssafy_ws/install/rosbridge_msgs/share/rosbridge_msgs/msg/ConnectedClients.idl
[0.912s] -- Up-to-date: /home/ubuntu/S12P11C101/SIMULATE/GAZEBO_SIM/ssafy_ws/install/rosbridge_msgs/share/rosbridge_msgs/msg/ConnectedClient.msg
[0.912s] -- Up-to-date: /home/ubuntu/S12P11C101/SIMULATE/GAZEBO_SIM/ssafy_ws/install/rosbridge_msgs/share/rosbridge_msgs/msg/ConnectedClients.msg
[0.912s] -- Up-to-date: /home/ubuntu/S12P11C101/SIMULATE/GAZEBO_SIM/ssafy_ws/install/rosbridge_msgs/share/ament_index/resource_index/package_run_dependencies/rosbridge_msgs
[0.912s] -- Up-to-date: /home/ubuntu/S12P11C101/SIMULATE/GAZEBO_SIM/ssafy_ws/install/rosbridge_msgs/share/ament_index/resource_index/parent_prefix_path/rosbridge_msgs
[0.912s] -- Up-to-date: /home/ubuntu/S12P11C101/SIMULATE/GAZEBO_SIM/ssafy_ws/install/rosbridge_msgs/share/rosbridge_msgs/environment/ament_prefix_path.sh
[0.913s] -- Up-to-date: /home/ubuntu/S12P11C101/SIMULATE/GAZEBO_SIM/ssafy_ws/install/rosbridge_msgs/share/rosbridge_msgs/environment/ament_prefix_path.dsv
[0.913s] -- Up-to-date: /home/ubuntu/S12P11C101/SIMULATE/GAZEBO_SIM/ssafy_ws/install/rosbridge_msgs/share/rosbridge_msgs/environment/path.sh
[0.913s] -- Up-to-date: /home/ubuntu/S12P11C101/SIMULATE/GAZEBO_SIM/ssafy_ws/install/rosbridge_msgs/share/rosbridge_msgs/environment/path.dsv
[0.913s] -- Up-to-date: /home/ubuntu/S12P11C101/SIMULATE/GAZEBO_SIM/ssafy_ws/install/rosbridge_msgs/share/rosbridge_msgs/local_setup.bash
[0.913s] -- Up-to-date: /home/ubuntu/S12P11C101/SIMULATE/GAZEBO_SIM/ssafy_ws/install/rosbridge_msgs/share/rosbridge_msgs/local_setup.sh
[0.913s] -- Up-to-date: /home/ubuntu/S12P11C101/SIMULATE/GAZEBO_SIM/ssafy_ws/install/rosbridge_msgs/share/rosbridge_msgs/local_setup.zsh
[0.913s] -- Up-to-date: /home/ubuntu/S12P11C101/SIMULATE/GAZEBO_SIM/ssafy_ws/install/rosbridge_msgs/share/rosbridge_msgs/local_setup.dsv
[0.913s] -- Installing: /home/ubuntu/S12P11C101/SIMULATE/GAZEBO_SIM/ssafy_ws/install/rosbridge_msgs/share/rosbridge_msgs/package.dsv
[0.913s] -- Up-to-date: /home/ubuntu/S12P11C101/SIMULATE/GAZEBO_SIM/ssafy_ws/install/rosbridge_msgs/share/ament_index/resource_index/packages/rosbridge_msgs
[0.913s] -- Up-to-date: /home/ubuntu/S12P11C101/SIMULATE/GAZEBO_SIM/ssafy_ws/install/rosbridge_msgs/share/rosbridge_msgs/cmake/export_rosbridge_msgs__rosidl_generator_cExport.cmake
[0.913s] -- Up-to-date: /home/ubuntu/S12P11C101/SIMULATE/GAZEBO_SIM/ssafy_ws/install/rosbridge_msgs/share/rosbridge_msgs/cmake/export_rosbridge_msgs__rosidl_generator_cExport-noconfig.cmake
[0.913s] -- Up-to-date: /home/ubuntu/S12P11C101/SIMULATE/GAZEBO_SIM/ssafy_ws/install/rosbridge_msgs/share/rosbridge_msgs/cmake/export_rosbridge_msgs__rosidl_typesupport_fastrtps_cExport.cmake
[0.913s] -- Up-to-date: /home/ubuntu/S12P11C101/SIMULATE/GAZEBO_SIM/ssafy_ws/install/rosbridge_msgs/share/rosbridge_msgs/cmake/export_rosbridge_msgs__rosidl_typesupport_fastrtps_cExport-noconfig.cmake
[0.913s] -- Up-to-date: /home/ubuntu/S12P11C101/SIMULATE/GAZEBO_SIM/ssafy_ws/install/rosbridge_msgs/share/rosbridge_msgs/cmake/export_rosbridge_msgs__rosidl_generator_cppExport.cmake
[0.913s] -- Up-to-date: /home/ubuntu/S12P11C101/SIMULATE/GAZEBO_SIM/ssafy_ws/install/rosbridge_msgs/share/rosbridge_msgs/cmake/export_rosbridge_msgs__rosidl_typesupport_fastrtps_cppExport.cmake
[0.913s] -- Up-to-date: /home/ubuntu/S12P11C101/SIMULATE/GAZEBO_SIM/ssafy_ws/install/rosbridge_msgs/share/rosbridge_msgs/cmake/export_rosbridge_msgs__rosidl_typesupport_fastrtps_cppExport-noconfig.cmake
[0.914s] -- Up-to-date: /home/ubuntu/S12P11C101/SIMULATE/GAZEBO_SIM/ssafy_ws/install/rosbridge_msgs/share/rosbridge_msgs/cmake/rosbridge_msgs__rosidl_typesupport_introspection_cExport.cmake
[0.914s] -- Up-to-date: /home/ubuntu/S12P11C101/SIMULATE/GAZEBO_SIM/ssafy_ws/install/rosbridge_msgs/share/rosbridge_msgs/cmake/rosbridge_msgs__rosidl_typesupport_introspection_cExport-noconfig.cmake
[0.914s] -- Up-to-date: /home/ubuntu/S12P11C101/SIMULATE/GAZEBO_SIM/ssafy_ws/install/rosbridge_msgs/share/rosbridge_msgs/cmake/rosbridge_msgs__rosidl_typesupport_cExport.cmake
[0.914s] -- Up-to-date: /home/ubuntu/S12P11C101/SIMULATE/GAZEBO_SIM/ssafy_ws/install/rosbridge_msgs/share/rosbridge_msgs/cmake/rosbridge_msgs__rosidl_typesupport_cExport-noconfig.cmake
[0.914s] -- Up-to-date: /home/ubuntu/S12P11C101/SIMULATE/GAZEBO_SIM/ssafy_ws/install/rosbridge_msgs/share/rosbridge_msgs/cmake/rosbridge_msgs__rosidl_typesupport_introspection_cppExport.cmake
[0.914s] -- Up-to-date: /home/ubuntu/S12P11C101/SIMULATE/GAZEBO_SIM/ssafy_ws/install/rosbridge_msgs/share/rosbridge_msgs/cmake/rosbridge_msgs__rosidl_typesupport_introspection_cppExport-noconfig.cmake
[0.914s] -- Up-to-date: /home/ubuntu/S12P11C101/SIMULATE/GAZEBO_SIM/ssafy_ws/install/rosbridge_msgs/share/rosbridge_msgs/cmake/rosbridge_msgs__rosidl_typesupport_cppExport.cmake
[0.914s] -- Up-to-date: /home/ubuntu/S12P11C101/SIMULATE/GAZEBO_SIM/ssafy_ws/install/rosbridge_msgs/share/rosbridge_msgs/cmake/rosbridge_msgs__rosidl_typesupport_cppExport-noconfig.cmake
[0.914s] -- Up-to-date: /home/ubuntu/S12P11C101/SIMULATE/GAZEBO_SIM/ssafy_ws/install/rosbridge_msgs/share/rosbridge_msgs/cmake/export_rosbridge_msgs__rosidl_generator_pyExport.cmake
[0.914s] -- Up-to-date: /home/ubuntu/S12P11C101/SIMULATE/GAZEBO_SIM/ssafy_ws/install/rosbridge_msgs/share/rosbridge_msgs/cmake/export_rosbridge_msgs__rosidl_generator_pyExport-noconfig.cmake
[0.914s] -- Up-to-date: /home/ubuntu/S12P11C101/SIMULATE/GAZEBO_SIM/ssafy_ws/install/rosbridge_msgs/share/rosbridge_msgs/cmake/rosidl_cmake-extras.cmake
[0.914s] -- Up-to-date: /home/ubuntu/S12P11C101/SIMULATE/GAZEBO_SIM/ssafy_ws/install/rosbridge_msgs/share/rosbridge_msgs/cmake/ament_cmake_export_dependencies-extras.cmake
[0.914s] -- Up-to-date: /home/ubuntu/S12P11C101/SIMULATE/GAZEBO_SIM/ssafy_ws/install/rosbridge_msgs/share/rosbridge_msgs/cmake/ament_cmake_export_include_directories-extras.cmake
[0.914s] -- Up-to-date: /home/ubuntu/S12P11C101/SIMULATE/GAZEBO_SIM/ssafy_ws/install/rosbridge_msgs/share/rosbridge_msgs/cmake/ament_cmake_export_libraries-extras.cmake
[0.914s] -- Up-to-date: /home/ubuntu/S12P11C101/SIMULATE/GAZEBO_SIM/ssafy_ws/install/rosbridge_msgs/share/rosbridge_msgs/cmake/ament_cmake_export_targets-extras.cmake
[0.914s] -- Up-to-date: /home/ubuntu/S12P11C101/SIMULATE/GAZEBO_SIM/ssafy_ws/install/rosbridge_msgs/share/rosbridge_msgs/cmake/rosidl_cmake_export_typesupport_targets-extras.cmake
[0.915s] -- Up-to-date: /home/ubuntu/S12P11C101/SIMULATE/GAZEBO_SIM/ssafy_ws/install/rosbridge_msgs/share/rosbridge_msgs/cmake/rosidl_cmake_export_typesupport_libraries-extras.cmake
[0.915s] -- Up-to-date: /home/ubuntu/S12P11C101/SIMULATE/GAZEBO_SIM/ssafy_ws/install/rosbridge_msgs/share/rosbridge_msgs/cmake/rosbridge_msgsConfig.cmake
[0.915s] -- Up-to-date: /home/ubuntu/S12P11C101/SIMULATE/GAZEBO_SIM/ssafy_ws/install/rosbridge_msgs/share/rosbridge_msgs/cmake/rosbridge_msgsConfig-version.cmake
[0.915s] -- Up-to-date: /home/ubuntu/S12P11C101/SIMULATE/GAZEBO_SIM/ssafy_ws/install/rosbridge_msgs/share/rosbridge_msgs/package.xml
[0.990s] Invoked command in '/home/ubuntu/S12P11C101/SIMULATE/GAZEBO_SIM/ssafy_ws/build/rosbridge_msgs' returned '0': CMAKE_PREFIX_PATH=${CMAKE_PREFIX_PATH}:/home/ubuntu/S12P11C101/SIMULATE/GAZEBO_SIM/ssafy_ws/install/teleop_twist_keyboard:/opt/ros/humble /usr/bin/cmake --install /home/ubuntu/S12P11C101/SIMULATE/GAZEBO_SIM/ssafy_ws/build/rosbridge_msgs
